[2026-07-12 07:03:18] This is codeql database index-files --include-extension=.yaml --include-extension=.yml --also-match-lgtm-index-filters --size-limit=5m --language yaml -- /home/runner/work/Ansede/Ansede/benchmarks/report/.codeql_dbs/flask
[2026-07-12 07:03:18] Log file was started late.
[2026-07-12 07:03:18] Using index-files script /home/runner/work/Ansede/Ansede/codeql/yaml/tools/index-files.sh.
[2026-07-12 07:03:18] [PROGRESS] database index-files> Scanning for files in /home/runner/work/Ansede/Ansede/benchmarks/report/.repo_cache/flask...
[2026-07-12 07:03:18] Calling plumbing command: codeql resolve files --include-extension=.yaml --include-extension=.yml --also-match-lgtm-index-filters --size-limit=5m /home/runner/work/Ansede/Ansede/benchmarks/report/.repo_cache/flask --format=json
[2026-07-12 07:03:18] [PROGRESS] resolve files> Scanning /home/runner/work/Ansede/Ansede/benchmarks/report/.repo_cache/flask...
[2026-07-12 07:03:18] [PROGRESS] resolve files> Scanning /home/runner/work/Ansede/Ansede/benchmarks/report/.repo_cache/flask/.devcontainer...
[2026-07-12 07:03:18] [PROGRESS] resolve files> Scanning /home/runner/work/Ansede/Ansede/benchmarks/report/.repo_cache/flask/docs...
[2026-07-12 07:03:18] [PROGRESS] resolve files> Scanning /home/runner/work/Ansede/Ansede/benchmarks/report/.repo_cache/flask/docs/deploying...
[2026-07-12 07:03:18] [PROGRESS] resolve files> Scanning /home/runner/work/Ansede/Ansede/benchmarks/report/.repo_cache/flask/docs/_static...
[2026-07-12 07:03:18] [PROGRESS] resolve files> Scanning /home/runner/work/Ansede/Ansede/benchmarks/report/.repo_cache/flask/docs/patterns...
[2026-07-12 07:03:18] [PROGRESS] resolve files> Scanning /home/runner/work/Ansede/Ansede/benchmarks/report/.repo_cache/flask/docs/tutorial...
[2026-07-12 07:03:18] [PROGRESS] resolve files> Scanning /home/runner/work/Ansede/Ansede/benchmarks/report/.repo_cache/flask/src...
[2026-07-12 07:03:18] [PROGRESS] resolve files> Scanning /home/runner/work/Ansede/Ansede/benchmarks/report/.repo_cache/flask/src/flask...
[2026-07-12 07:03:18] [PROGRESS] resolve files> Scanning /home/runner/work/Ansede/Ansede/benchmarks/report/.repo_cache/flask/src/flask/json...
[2026-07-12 07:03:18] [PROGRESS] resolve files> Scanning /home/runner/work/Ansede/Ansede/benchmarks/report/.repo_cache/flask/src/flask/sansio...
[2026-07-12 07:03:18] [PROGRESS] resolve files> Scanning /home/runner/work/Ansede/Ansede/benchmarks/report/.repo_cache/flask/.git...
[2026-07-12 07:03:18] [PROGRESS] resolve files> Scanning /home/runner/work/Ansede/Ansede/benchmarks/report/.repo_cache/flask/.git/logs...
[2026-07-12 07:03:18] [PROGRESS] resolve files> Scanning /home/runner/work/Ansede/Ansede/benchmarks/report/.repo_cache/flask/.git/logs/refs...
[2026-07-12 07:03:18] [PROGRESS] resolve files> Scanning /home/runner/work/Ansede/Ansede/benchmarks/report/.repo_cache/flask/.git/logs/refs/remotes...
[2026-07-12 07:03:18] [PROGRESS] resolve files> Scanning /home/runner/work/Ansede/Ansede/benchmarks/report/.repo_cache/flask/.git/logs/refs/remotes/origin...
[2026-07-12 07:03:18] [PROGRESS] resolve files> Scanning /home/runner/work/Ansede/Ansede/benchmarks/report/.repo_cache/flask/.git/logs/refs/heads...
[2026-07-12 07:03:18] [PROGRESS] resolve files> Scanning /home/runner/work/Ansede/Ansede/benchmarks/report/.repo_cache/flask/.git/info...
[2026-07-12 07:03:18] [PROGRESS] resolve files> Scanning /home/runner/work/Ansede/Ansede/benchmarks/report/.repo_cache/flask/.git/hooks...
[2026-07-12 07:03:18] [PROGRESS] resolve files> Scanning /home/runner/work/Ansede/Ansede/benchmarks/report/.repo_cache/flask/.git/objects...
[2026-07-12 07:03:18] [PROGRESS] resolve files> Scanning /home/runner/work/Ansede/Ansede/benchmarks/report/.repo_cache/flask/.git/objects/info...
[2026-07-12 07:03:18] [PROGRESS] resolve files> Scanning /home/runner/work/Ansede/Ansede/benchmarks/report/.repo_cache/flask/.git/objects/pack...
[2026-07-12 07:03:18] [PROGRESS] resolve files> Scanning /home/runner/work/Ansede/Ansede/benchmarks/report/.repo_cache/flask/.git/refs...
[2026-07-12 07:03:18] [PROGRESS] resolve files> Scanning /home/runner/work/Ansede/Ansede/benchmarks/report/.repo_cache/flask/.git/refs/tags...
[2026-07-12 07:03:18] [PROGRESS] resolve files> Scanning /home/runner/work/Ansede/Ansede/benchmarks/report/.repo_cache/flask/.git/refs/remotes...
[2026-07-12 07:03:18] [PROGRESS] resolve files> Scanning /home/runner/work/Ansede/Ansede/benchmarks/report/.repo_cache/flask/.git/refs/remotes/origin...
[2026-07-12 07:03:18] [PROGRESS] resolve files> Scanning /home/runner/work/Ansede/Ansede/benchmarks/report/.repo_cache/flask/.git/refs/heads...
[2026-07-12 07:03:18] [PROGRESS] resolve files> Scanning /home/runner/work/Ansede/Ansede/benchmarks/report/.repo_cache/flask/tests...
[2026-07-12 07:03:18] [PROGRESS] resolve files> Scanning /home/runner/work/Ansede/Ansede/benchmarks/report/.repo_cache/flask/tests/static...
[2026-07-12 07:03:18] [PROGRESS] resolve files> Scanning /home/runner/work/Ansede/Ansede/benchmarks/report/.repo_cache/flask/tests/type_check...
[2026-07-12 07:03:18] [PROGRESS] resolve files> Scanning /home/runner/work/Ansede/Ansede/benchmarks/report/.repo_cache/flask/tests/templates...
[2026-07-12 07:03:18] [PROGRESS] resolve files> Scanning /home/runner/work/Ansede/Ansede/benchmarks/report/.repo_cache/flask/tests/templates/nested...
[2026-07-12 07:03:18] [PROGRESS] resolve files> Scanning /home/runner/work/Ansede/Ansede/benchmarks/report/.repo_cache/flask/tests/test_apps...
[2026-07-12 07:03:18] [PROGRESS] resolve files> Scanning /home/runner/work/Ansede/Ansede/benchmarks/report/.repo_cache/flask/tests/test_apps/subdomaintestmodule...
[2026-07-12 07:03:18] [PROGRESS] resolve files> Scanning /home/runner/work/Ansede/Ansede/benchmarks/report/.repo_cache/flask/tests/test_apps/subdomaintestmodule/static...
[2026-07-12 07:03:18] [PROGRESS] resolve files> Scanning /home/runner/work/Ansede/Ansede/benchmarks/report/.repo_cache/flask/tests/test_apps/helloworld...
[2026-07-12 07:03:18] [PROGRESS] resolve files> Scanning /home/runner/work/Ansede/Ansede/benchmarks/report/.repo_cache/flask/tests/test_apps/blueprintapp...
[2026-07-12 07:03:18] [PROGRESS] resolve files> Scanning /home/runner/work/Ansede/Ansede/benchmarks/report/.repo_cache/flask/tests/test_apps/blueprintapp/apps...
[2026-07-12 07:03:18] [PROGRESS] resolve files> Scanning /home/runner/work/Ansede/Ansede/benchmarks/report/.repo_cache/flask/tests/test_apps/blueprintapp/apps/frontend...
[2026-07-12 07:03:18] [PROGRESS] resolve files> Scanning /home/runner/work/Ansede/Ansede/benchmarks/report/.repo_cache/flask/tests/test_apps/blueprintapp/apps/frontend/templates...
[2026-07-12 07:03:18] [PROGRESS] resolve files> Scanning /home/runner/work/Ansede/Ansede/benchmarks/report/.repo_cache/flask/tests/test_apps/blueprintapp/apps/frontend/templates/frontend...
[2026-07-12 07:03:18] [PROGRESS] resolve files> Scanning /home/runner/work/Ansede/Ansede/benchmarks/report/.repo_cache/flask/tests/test_apps/blueprintapp/apps/admin...
[2026-07-12 07:03:18] [PROGRESS] resolve files> Scanning /home/runner/work/Ansede/Ansede/benchmarks/report/.repo_cache/flask/tests/test_apps/blueprintapp/apps/admin/static...
[2026-07-12 07:03:18] [PROGRESS] resolve files> Scanning /home/runner/work/Ansede/Ansede/benchmarks/report/.repo_cache/flask/tests/test_apps/blueprintapp/apps/admin/static/css...
[2026-07-12 07:03:18] [PROGRESS] resolve files> Scanning /home/runner/work/Ansede/Ansede/benchmarks/report/.repo_cache/flask/tests/test_apps/blueprintapp/apps/admin/templates...
[2026-07-12 07:03:18] [PROGRESS] resolve files> Scanning /home/runner/work/Ansede/Ansede/benchmarks/report/.repo_cache/flask/tests/test_apps/blueprintapp/apps/admin/templates/admin...
[2026-07-12 07:03:18] [PROGRESS] resolve files> Scanning /home/runner/work/Ansede/Ansede/benchmarks/report/.repo_cache/flask/tests/test_apps/cliapp...
[2026-07-12 07:03:18] [PROGRESS] resolve files> Scanning /home/runner/work/Ansede/Ansede/benchmarks/report/.repo_cache/flask/tests/test_apps/cliapp/inner1...
[2026-07-12 07:03:18] [PROGRESS] resolve files> Scanning /home/runner/work/Ansede/Ansede/benchmarks/report/.repo_cache/flask/tests/test_apps/cliapp/inner1/inner2...
[2026-07-12 07:03:18] [PROGRESS] resolve files> Scanning /home/runner/work/Ansede/Ansede/benchmarks/report/.repo_cache/flask/examples...
[2026-07-12 07:03:18] [PROGRESS] resolve files> Scanning /home/runner/work/Ansede/Ansede/benchmarks/report/.repo_cache/flask/examples/javascript...
[2026-07-12 07:03:18] [PROGRESS] resolve files> Scanning /home/runner/work/Ansede/Ansede/benchmarks/report/.repo_cache/flask/examples/javascript/tests...
[2026-07-12 07:03:18] [PROGRESS] resolve files> Scanning /home/runner/work/Ansede/Ansede/benchmarks/report/.repo_cache/flask/examples/javascript/js_example...
[2026-07-12 07:03:18] [PROGRESS] resolve files> Scanning /home/runner/work/Ansede/Ansede/benchmarks/report/.repo_cache/flask/examples/javascript/js_example/templates...
[2026-07-12 07:03:18] [PROGRESS] resolve files> Scanning /home/runner/work/Ansede/Ansede/benchmarks/report/.repo_cache/flask/examples/celery...
[2026-07-12 07:03:18] [PROGRESS] resolve files> Scanning /home/runner/work/Ansede/Ansede/benchmarks/report/.repo_cache/flask/examples/celery/src...
[2026-07-12 07:03:18] [PROGRESS] resolve files> Scanning /home/runner/work/Ansede/Ansede/benchmarks/report/.repo_cache/flask/examples/celery/src/task_app...
[2026-07-12 07:03:18] [PROGRESS] resolve files> Scanning /home/runner/work/Ansede/Ansede/benchmarks/report/.repo_cache/flask/examples/celery/src/task_app/templates...
[2026-07-12 07:03:18] [PROGRESS] resolve files> Scanning /home/runner/work/Ansede/Ansede/benchmarks/report/.repo_cache/flask/examples/tutorial...
[2026-07-12 07:03:18] [PROGRESS] resolve files> Scanning /home/runner/work/Ansede/Ansede/benchmarks/report/.repo_cache/flask/examples/tutorial/flaskr...
[2026-07-12 07:03:18] [PROGRESS] resolve files> Scanning /home/runner/work/Ansede/Ansede/benchmarks/report/.repo_cache/flask/examples/tutorial/flaskr/static...
[2026-07-12 07:03:18] [PROGRESS] resolve files> Scanning /home/runner/work/Ansede/Ansede/benchmarks/report/.repo_cache/flask/examples/tutorial/flaskr/templates...
[2026-07-12 07:03:18] [PROGRESS] resolve files> Scanning /home/runner/work/Ansede/Ansede/benchmarks/report/.repo_cache/flask/examples/tutorial/flaskr/templates/auth...
[2026-07-12 07:03:18] [PROGRESS] resolve files> Scanning /home/runner/work/Ansede/Ansede/benchmarks/report/.repo_cache/flask/examples/tutorial/flaskr/templates/blog...
[2026-07-12 07:03:18] [PROGRESS] resolve files> Scanning /home/runner/work/Ansede/Ansede/benchmarks/report/.repo_cache/flask/examples/tutorial/tests...
[2026-07-12 07:03:18] [PROGRESS] resolve files> Scanning /home/runner/work/Ansede/Ansede/benchmarks/report/.repo_cache/flask/.github...
[2026-07-12 07:03:18] [PROGRESS] resolve files> Scanning /home/runner/work/Ansede/Ansede/benchmarks/report/.repo_cache/flask/.github/ISSUE_TEMPLATE...
[2026-07-12 07:03:18] [PROGRESS] resolve files> Scanning /home/runner/work/Ansede/Ansede/benchmarks/report/.repo_cache/flask/.github/workflows...
[2026-07-12 07:03:18] Plumbing command codeql resolve files completed:
                      [
                        "/home/runner/work/Ansede/Ansede/benchmarks/report/.repo_cache/flask/.github/ISSUE_TEMPLATE/config.yml",
                        "/home/runner/work/Ansede/Ansede/benchmarks/report/.repo_cache/flask/.github/workflows/lock.yaml",
                        "/home/runner/work/Ansede/Ansede/benchmarks/report/.repo_cache/flask/.github/workflows/pre-commit.yaml",
                        "/home/runner/work/Ansede/Ansede/benchmarks/report/.repo_cache/flask/.github/workflows/publish.yaml",
                        "/home/runner/work/Ansede/Ansede/benchmarks/report/.repo_cache/flask/.github/workflows/tests.yaml",
                        "/home/runner/work/Ansede/Ansede/benchmarks/report/.repo_cache/flask/.github/workflows/zizmor.yaml",
                        "/home/runner/work/Ansede/Ansede/benchmarks/report/.repo_cache/flask/.pre-commit-config.yaml",
                        "/home/runner/work/Ansede/Ansede/benchmarks/report/.repo_cache/flask/.readthedocs.yaml"
                      ]
[2026-07-12 07:03:18] [DETAILS] database index-files> Found 8 files.
[2026-07-12 07:03:18] [PROGRESS] database index-files> /home/runner/work/Ansede/Ansede/benchmarks/report/.codeql_dbs/flask: Indexing files in in /home/runner/work/Ansede/Ansede/benchmarks/report/.repo_cache/flask...
[2026-07-12 07:03:18] Using index-files script /home/runner/work/Ansede/Ansede/codeql/yaml/tools/index-files.sh.
[2026-07-12 07:03:18] [PROGRESS] database index-files> Running command in /home/runner/work/Ansede/Ansede/benchmarks/report/.repo_cache/flask: [/home/runner/work/Ansede/Ansede/codeql/yaml/tools/index-files.sh, /home/runner/work/Ansede/Ansede/benchmarks/report/.codeql_dbs/flask/working/files-to-index7598823572755330381.list]
[2026-07-12 07:03:19] Terminating normally.
