[T 08:01:24 17628] CodeQL CLI version 2.26.0
[T 08:01:24 17628] Initializing tracer.
[T 08:01:24 17628] Initializing tags.
[T 08:01:24 17628] ID set to 00000000000044DC_0000000000000001 (parent root)
[T 08:01:24 17628] Initializing tracer.
[T 08:01:24 17628] Initializing tags.
[T 08:01:24 17628] ID set to 00000000000044DC_0000000000000002 (parent root)
[T 08:01:24 17628] ==== Candidate to intercept: /home/runner/work/Ansede/Ansede/codeql/go/tools/autobuild.sh (canonical: /home/runner/work/Ansede/Ansede/codeql/go/tools/autobuild.sh) ====
[T 08:01:24 17628] Executing the following tracer actions:
[T 08:01:24 17628] Tracer actions:
[T 08:01:24 17628] pre_invocations(0)
[T 08:01:24 17628] post_invocations(0)
[T 08:01:24 17628] trace_languages(1): [go]
[T 08:01:24 17628] Initializing tracer.
[T 08:01:24 17628] Initializing tags.
[T 08:01:24 17628] ID set to 00000000000044DC_0000000000000003 (parent 00000000000044DC_0000000000000002)
[T 08:01:24 17632] Initializing tracer.
[T 08:01:24 17632] Initializing tags.
[T 08:01:24 17632] ID set to 00000000000044E0_0000000000000001 (parent 00000000000044DC_0000000000000003)
[T 08:01:24 17632] ==== Candidate to intercept: /home/runner/work/Ansede/Ansede/codeql/go/tools/linux64/go-autobuilder (canonical: /home/runner/work/Ansede/Ansede/codeql/go/tools/linux64/go-autobuilder) ====
[T 08:01:24 17632] Lua: === Intercepted call to /home/runner/work/Ansede/Ansede/codeql/go/tools/linux64/go-autobuilder ===
[T 08:01:24 17632] Lua: Disabling tracing for language go.
[T 08:01:24 17632] Executing the following tracer actions:
[T 08:01:24 17632] Tracer actions:
[T 08:01:24 17632] pre_invocations(0)
[T 08:01:24 17632] post_invocations(0)
[T 08:01:24 17632] trace_languages(0): []
[T 08:01:24 17632] Disabling tracing for this command.
