[2026-07-12 08:01:30] This is codeql database index-files --working-dir=. --include-extension=.htm --include-extension=.html --include-extension=.xhtm --include-extension=.xhtml --include-extension=.vue --also-match-lgtm-index-filters --size-limit 10m --language html -- /home/runner/work/Ansede/Ansede/benchmarks/report/.codeql_dbs/echo
[2026-07-12 08:01:30] Log file was started late.
[2026-07-12 08:01:30] Using index-files script /home/runner/work/Ansede/Ansede/codeql/html/tools/index-files.sh.
[2026-07-12 08:01:30] [PROGRESS] database index-files> Scanning for files in /home/runner/work/Ansede/Ansede/benchmarks/report/.repo_cache/echo...
[2026-07-12 08:01:30] Calling plumbing command: codeql resolve files --include-extension=.htm --include-extension=.html --include-extension=.xhtm --include-extension=.xhtml --include-extension=.vue --also-match-lgtm-index-filters --size-limit=10m /home/runner/work/Ansede/Ansede/benchmarks/report/.repo_cache/echo --format=json
[2026-07-12 08:01:30] [PROGRESS] resolve files> Scanning /home/runner/work/Ansede/Ansede/benchmarks/report/.repo_cache/echo...
[2026-07-12 08:01:30] [PROGRESS] resolve files> Scanning /home/runner/work/Ansede/Ansede/benchmarks/report/.repo_cache/echo/.git...
[2026-07-12 08:01:30] [PROGRESS] resolve files> Scanning /home/runner/work/Ansede/Ansede/benchmarks/report/.repo_cache/echo/.git/logs...
[2026-07-12 08:01:30] [PROGRESS] resolve files> Scanning /home/runner/work/Ansede/Ansede/benchmarks/report/.repo_cache/echo/.git/logs/refs...
[2026-07-12 08:01:30] [PROGRESS] resolve files> Scanning /home/runner/work/Ansede/Ansede/benchmarks/report/.repo_cache/echo/.git/logs/refs/remotes...
[2026-07-12 08:01:30] [PROGRESS] resolve files> Scanning /home/runner/work/Ansede/Ansede/benchmarks/report/.repo_cache/echo/.git/logs/refs/remotes/origin...
[2026-07-12 08:01:30] [PROGRESS] resolve files> Scanning /home/runner/work/Ansede/Ansede/benchmarks/report/.repo_cache/echo/.git/logs/refs/heads...
[2026-07-12 08:01:30] [PROGRESS] resolve files> Scanning /home/runner/work/Ansede/Ansede/benchmarks/report/.repo_cache/echo/.git/info...
[2026-07-12 08:01:30] [PROGRESS] resolve files> Scanning /home/runner/work/Ansede/Ansede/benchmarks/report/.repo_cache/echo/.git/hooks...
[2026-07-12 08:01:30] [PROGRESS] resolve files> Scanning /home/runner/work/Ansede/Ansede/benchmarks/report/.repo_cache/echo/.git/objects...
[2026-07-12 08:01:30] [PROGRESS] resolve files> Scanning /home/runner/work/Ansede/Ansede/benchmarks/report/.repo_cache/echo/.git/objects/info...
[2026-07-12 08:01:30] [PROGRESS] resolve files> Scanning /home/runner/work/Ansede/Ansede/benchmarks/report/.repo_cache/echo/.git/objects/pack...
[2026-07-12 08:01:30] [PROGRESS] resolve files> Scanning /home/runner/work/Ansede/Ansede/benchmarks/report/.repo_cache/echo/.git/refs...
[2026-07-12 08:01:30] [PROGRESS] resolve files> Scanning /home/runner/work/Ansede/Ansede/benchmarks/report/.repo_cache/echo/.git/refs/tags...
[2026-07-12 08:01:30] [PROGRESS] resolve files> Scanning /home/runner/work/Ansede/Ansede/benchmarks/report/.repo_cache/echo/.git/refs/remotes...
[2026-07-12 08:01:30] [PROGRESS] resolve files> Scanning /home/runner/work/Ansede/Ansede/benchmarks/report/.repo_cache/echo/.git/refs/remotes/origin...
[2026-07-12 08:01:30] [PROGRESS] resolve files> Scanning /home/runner/work/Ansede/Ansede/benchmarks/report/.repo_cache/echo/.git/refs/heads...
[2026-07-12 08:01:30] [PROGRESS] resolve files> Scanning /home/runner/work/Ansede/Ansede/benchmarks/report/.repo_cache/echo/echotest...
[2026-07-12 08:01:30] [PROGRESS] resolve files> Scanning /home/runner/work/Ansede/Ansede/benchmarks/report/.repo_cache/echo/echotest/testdata...
[2026-07-12 08:01:30] [PROGRESS] resolve files> Scanning /home/runner/work/Ansede/Ansede/benchmarks/report/.repo_cache/echo/_fixture...
[2026-07-12 08:01:30] [PROGRESS] resolve files> Scanning /home/runner/work/Ansede/Ansede/benchmarks/report/.repo_cache/echo/_fixture/images...
[2026-07-12 08:01:30] [PROGRESS] resolve files> Scanning /home/runner/work/Ansede/Ansede/benchmarks/report/.repo_cache/echo/_fixture/folder...
[2026-07-12 08:01:30] [PROGRESS] resolve files> Scanning /home/runner/work/Ansede/Ansede/benchmarks/report/.repo_cache/echo/_fixture/dist...
[2026-07-12 08:01:30] [PROGRESS] resolve files> Scanning /home/runner/work/Ansede/Ansede/benchmarks/report/.repo_cache/echo/_fixture/dist/public...
[2026-07-12 08:01:30] [PROGRESS] resolve files> Scanning /home/runner/work/Ansede/Ansede/benchmarks/report/.repo_cache/echo/_fixture/dist/public/assets...
[2026-07-12 08:01:30] [PROGRESS] resolve files> Scanning /home/runner/work/Ansede/Ansede/benchmarks/report/.repo_cache/echo/_fixture/dist/public/assets/subfolder...
[2026-07-12 08:01:30] [PROGRESS] resolve files> Scanning /home/runner/work/Ansede/Ansede/benchmarks/report/.repo_cache/echo/_fixture/dist/public/admin...
[2026-07-12 08:01:30] [PROGRESS] resolve files> Scanning /home/runner/work/Ansede/Ansede/benchmarks/report/.repo_cache/echo/_fixture/certs...
[2026-07-12 08:01:30] [PROGRESS] resolve files> Scanning /home/runner/work/Ansede/Ansede/benchmarks/report/.repo_cache/echo/_fixture/_fixture...
[2026-07-12 08:01:30] [PROGRESS] resolve files> Scanning /home/runner/work/Ansede/Ansede/benchmarks/report/.repo_cache/echo/middleware...
[2026-07-12 08:01:30] [PROGRESS] resolve files> Scanning /home/runner/work/Ansede/Ansede/benchmarks/report/.repo_cache/echo/middleware/testdata...
[2026-07-12 08:01:30] [PROGRESS] resolve files> Scanning /home/runner/work/Ansede/Ansede/benchmarks/report/.repo_cache/echo/middleware/testdata/dist...
[2026-07-12 08:01:30] [PROGRESS] resolve files> Scanning /home/runner/work/Ansede/Ansede/benchmarks/report/.repo_cache/echo/middleware/testdata/dist/public...
[2026-07-12 08:01:30] [PROGRESS] resolve files> Scanning /home/runner/work/Ansede/Ansede/benchmarks/report/.repo_cache/echo/middleware/testdata/dist/public/assets...
[2026-07-12 08:01:30] [PROGRESS] resolve files> Scanning /home/runner/work/Ansede/Ansede/benchmarks/report/.repo_cache/echo/middleware/testdata/dist/public/assets/subfolder...
[2026-07-12 08:01:30] [PROGRESS] resolve files> Scanning /home/runner/work/Ansede/Ansede/benchmarks/report/.repo_cache/echo/middleware/testdata/dist/public/admin...
[2026-07-12 08:01:30] [PROGRESS] resolve files> Scanning /home/runner/work/Ansede/Ansede/benchmarks/report/.repo_cache/echo/.github...
[2026-07-12 08:01:30] [PROGRESS] resolve files> Scanning /home/runner/work/Ansede/Ansede/benchmarks/report/.repo_cache/echo/.github/workflows...
[2026-07-12 08:01:30] Plumbing command codeql resolve files completed:
                      [
                        "/home/runner/work/Ansede/Ansede/benchmarks/report/.repo_cache/echo/_fixture/dist/public/index.html",
                        "/home/runner/work/Ansede/Ansede/benchmarks/report/.repo_cache/echo/_fixture/folder/index.html",
                        "/home/runner/work/Ansede/Ansede/benchmarks/report/.repo_cache/echo/_fixture/index.html",
                        "/home/runner/work/Ansede/Ansede/benchmarks/report/.repo_cache/echo/middleware/testdata/dist/public/index.html"
                      ]
[2026-07-12 08:01:30] [DETAILS] database index-files> Found 4 files.
[2026-07-12 08:01:30] [PROGRESS] database index-files> /home/runner/work/Ansede/Ansede/benchmarks/report/.codeql_dbs/echo: Indexing files in in /home/runner/work/Ansede/Ansede/benchmarks/report/.repo_cache/echo...
[2026-07-12 08:01:30] Using index-files script /home/runner/work/Ansede/Ansede/codeql/html/tools/index-files.sh.
[2026-07-12 08:01:30] [PROGRESS] database index-files> Running command in /home/runner/work/Ansede/Ansede/benchmarks/report/.repo_cache/echo: [/home/runner/work/Ansede/Ansede/codeql/html/tools/index-files.sh, /home/runner/work/Ansede/Ansede/benchmarks/report/.codeql_dbs/echo/working/files-to-index11826424013873566515.list]
[2026-07-12 08:01:30] Terminating normally.
