[2026-07-12 07:48:32] [javac-extractor-10383] Starting extraction for:
                                              sun.java.command=com.semmle.extractor.java.JavaExtractor --jdk-version 17 --javac-args @@@/home/runner/work/Ansede/Ansede/benchmarks/report/.codeql_dbs/gson/log/ext/javac-3.args
                                              user.dir=/home/runner/work/Ansede/Ansede/benchmarks/report/.repo_cache/gson
[2026-07-12 07:48:32] [javac-extractor-10383] Compilation name /home/runner/work/Ansede/Ansede/benchmarks/report/.codeql_dbs/gson/trap/java/diagnostics/diagnostic-3.trap.gz
[2026-07-12 07:48:32] [javac-extractor-10383] [WARN] Appending source destination directory /home/runner/work/Ansede/Ansede/benchmarks/report/.repo_cache/gson/test-jpms/target/generated-test-sources/test-annotations to sourcepath
[2026-07-12 07:48:34] [javac-extractor-10383] Annotation processor class 'lombok.launch.AnnotationProcessorHider$AnnotationProcessor' initialized.
[2026-07-12 07:48:34] [javac-extractor-10383] Annotation processor class 'lombok.launch.AnnotationProcessorHider$ClaimingProcessor' initialized.
[2026-07-12 07:48:34] [javac-extractor-10383] 5 files will be passed to the attrib/flow phase
[2026-07-12 07:48:34] [javac-extractor-10383] Processing file /home/runner/work/Ansede/Ansede/benchmarks/report/.repo_cache/gson/test-jpms/src/test/java/com/google/gson/jpms_test/ExportedPackagesTest.java
[2026-07-12 07:48:34] [javac-extractor-10383] [WARN] Not rewriting trap file for /home/runner/work/Ansede/Ansede/benchmarks/report/.codeql_dbs/gson/trap/java/classes/com/google/gson/Gson.members/Gson.members#52.0-1776970838000-java.trap.gz as /home/runner/work/Ansede/Ansede/benchmarks/report/.codeql_dbs/gson/trap/java/classes/com/google/gson/Gson.members/Gson.members#0.0-1783842439059-java.trap.gz exists
[2026-07-12 07:48:34] [javac-extractor-10383] [WARN] Not rewriting trap file for /home/runner/work/Ansede/Ansede/benchmarks/report/.codeql_dbs/gson/trap/java/classes/com/google/gson/annotations/SerializedName.members/SerializedName.members#52.0-1776970838000-java.trap.gz as /home/runner/work/Ansede/Ansede/benchmarks/report/.codeql_dbs/gson/trap/java/classes/com/google/gson/annotations/SerializedName.members/SerializedName.members#0.0-1783842439061-java.trap.gz exists
[2026-07-12 07:48:34] [javac-extractor-10383] [WARN] Not rewriting trap file for /home/runner/work/Ansede/Ansede/benchmarks/report/.codeql_dbs/gson/trap/java/classes/com/google/gson/reflect/TypeToken.members/TypeToken.members#52.0-1776970838000-java.trap.gz as /home/runner/work/Ansede/Ansede/benchmarks/report/.codeql_dbs/gson/trap/java/classes/com/google/gson/reflect/TypeToken.members/TypeToken.members#0.0-1783842439064-java.trap.gz exists
[2026-07-12 07:48:34] [javac-extractor-10383] [WARN] Not rewriting trap file for /home/runner/work/Ansede/Ansede/benchmarks/report/.codeql_dbs/gson/trap/java/classes/com/google/gson/stream/JsonReader.members/JsonReader.members#52.0-1776970838000-java.trap.gz as /home/runner/work/Ansede/Ansede/benchmarks/report/.codeql_dbs/gson/trap/java/classes/com/google/gson/stream/JsonReader.members/JsonReader.members#0.0-1783842439064-java.trap.gz exists
[2026-07-12 07:48:34] [javac-extractor-10383] Processing module com.google.gson.jpms_test
[2026-07-12 07:48:34] [javac-extractor-10383] Processing module com.google.gson
[2026-07-12 07:48:34] [javac-extractor-10383] Processing JAR file: /home/runner/work/Ansede/Ansede/benchmarks/report/.repo_cache/gson/gson/target/gson-2.14.1-SNAPSHOT.jar
[2026-07-12 07:48:34] [javac-extractor-10383] Processing file /home/runner/work/Ansede/Ansede/benchmarks/report/.repo_cache/gson/test-jpms/src/test/java/com/google/gson/jpms_test/ModuleTest.java
[2026-07-12 07:48:34] [javac-extractor-10383] [WARN] Not rewriting trap file for /home/runner/work/Ansede/Ansede/benchmarks/report/.codeql_dbs/gson/trap/java/classes/com/google/gson/Gson.members/Gson.members#52.0-1776970838000-java.trap.gz as /home/runner/work/Ansede/Ansede/benchmarks/report/.codeql_dbs/gson/trap/java/classes/com/google/gson/Gson.members/Gson.members#0.0-1783842439059-java.trap.gz exists
[2026-07-12 07:48:34] [javac-extractor-10383] Processing file /home/runner/work/Ansede/Ansede/benchmarks/report/.repo_cache/gson/test-jpms/src/test/java/com/google/gson/jpms_test/ReflectionInaccessibleTest.java
[2026-07-12 07:48:34] [javac-extractor-10383] [WARN] Not rewriting trap file for /home/runner/work/Ansede/Ansede/benchmarks/report/.codeql_dbs/gson/trap/java/classes/com/google/gson/Gson.members/Gson.members#52.0-1776970838000-java.trap.gz as /home/runner/work/Ansede/Ansede/benchmarks/report/.codeql_dbs/gson/trap/java/classes/com/google/gson/Gson.members/Gson.members#0.0-1783842439059-java.trap.gz exists
[2026-07-12 07:48:34] [javac-extractor-10383] [WARN] Not rewriting trap file for /home/runner/work/Ansede/Ansede/benchmarks/report/.codeql_dbs/gson/trap/java/classes/com/google/gson/JsonIOException.members/JsonIOException.members#52.0-1776970838000-java.trap.gz as /home/runner/work/Ansede/Ansede/benchmarks/report/.codeql_dbs/gson/trap/java/classes/com/google/gson/JsonIOException.members/JsonIOException.members#0.0-1783842439059-java.trap.gz exists
[2026-07-12 07:48:34] [javac-extractor-10383] Processing file /home/runner/work/Ansede/Ansede/benchmarks/report/.repo_cache/gson/test-jpms/src/test/java/com/google/gson/jpms_test/opened/ReflectionTest.java
[2026-07-12 07:48:34] [javac-extractor-10383] [WARN] Not rewriting trap file for /home/runner/work/Ansede/Ansede/benchmarks/report/.codeql_dbs/gson/trap/java/classes/com/google/gson/Gson.members/Gson.members#52.0-1776970838000-java.trap.gz as /home/runner/work/Ansede/Ansede/benchmarks/report/.codeql_dbs/gson/trap/java/classes/com/google/gson/Gson.members/Gson.members#0.0-1783842439059-java.trap.gz exists
[2026-07-12 07:48:34] [javac-extractor-10383] Javac init time: 1.3s
[2026-07-12 07:48:34] [javac-extractor-10383] Javac attr time: 0.2s
[2026-07-12 07:48:34] [javac-extractor-10383] Extractor time: 0.4s
[2026-07-12 07:48:34] [javac-extractor-10383] Other time: 0.2s
[2026-07-12 07:48:34] [javac-extractor-10383] Total time: 2.1s
