[2026-07-12 07:49:07] [javac-output-10592] warning: [processing] No processor claimed any of these annotations: com.google.errorprone.annotations.CanIgnoreReturnValue
[2026-07-12 07:49:07] [javac-output-10592] /home/runner/work/Ansede/Ansede/benchmarks/report/.repo_cache/gson/extras/src/main/java/com/google/gson/extras/examples/rawcollections/RawCollectionsExample.java:44: warning: [rawtypes] found raw type: Collection
[2026-07-12 07:49:07] [javac-output-10592]     Collection collection = new ArrayList();
[2026-07-12 07:49:07] [javac-output-10592]     ^
[2026-07-12 07:49:07] [javac-output-10592]   missing type arguments for generic class Collection<E>
[2026-07-12 07:49:07] [javac-output-10592]   where E is a type-variable:
[2026-07-12 07:49:07] [javac-output-10592]     E extends Object declared in interface Collection
[2026-07-12 07:49:07] [javac-output-10592] /home/runner/work/Ansede/Ansede/benchmarks/report/.repo_cache/gson/extras/src/main/java/com/google/gson/extras/examples/rawcollections/RawCollectionsExample.java:44: warning: [rawtypes] found raw type: ArrayList
[2026-07-12 07:49:07] [javac-output-10592]     Collection collection = new ArrayList();
[2026-07-12 07:49:07] [javac-output-10592]                                 ^
[2026-07-12 07:49:07] [javac-output-10592]   missing type arguments for generic class ArrayList<E>
[2026-07-12 07:49:07] [javac-output-10592]   where E is a type-variable:
[2026-07-12 07:49:07] [javac-output-10592]     E extends Object declared in class ArrayList
[2026-07-12 07:49:07] [javac-output-10592] /home/runner/work/Ansede/Ansede/benchmarks/report/.repo_cache/gson/extras/src/main/java/com/google/gson/extras/examples/rawcollections/RawCollectionsExample.java:45: warning: [unchecked] unchecked call to add(E) as a member of the raw type Collection
[2026-07-12 07:49:07] [javac-output-10592]     collection.add("hello");
[2026-07-12 07:49:07] [javac-output-10592]                   ^
[2026-07-12 07:49:07] [javac-output-10592]   where E is a type-variable:
[2026-07-12 07:49:07] [javac-output-10592]     E extends Object declared in interface Collection
[2026-07-12 07:49:07] [javac-output-10592] /home/runner/work/Ansede/Ansede/benchmarks/report/.repo_cache/gson/extras/src/main/java/com/google/gson/extras/examples/rawcollections/RawCollectionsExample.java:46: warning: [unchecked] unchecked call to add(E) as a member of the raw type Collection
[2026-07-12 07:49:07] [javac-output-10592]     collection.add(5);
[2026-07-12 07:49:07] [javac-output-10592]                   ^
[2026-07-12 07:49:07] [javac-output-10592]   where E is a type-variable:
[2026-07-12 07:49:07] [javac-output-10592]     E extends Object declared in interface Collection
[2026-07-12 07:49:07] [javac-output-10592] /home/runner/work/Ansede/Ansede/benchmarks/report/.repo_cache/gson/extras/src/main/java/com/google/gson/extras/examples/rawcollections/RawCollectionsExample.java:47: warning: [unchecked] unchecked call to add(E) as a member of the raw type Collection
[2026-07-12 07:49:07] [javac-output-10592]     collection.add(new Event("GREETINGS", "guest"));
[2026-07-12 07:49:07] [javac-output-10592]                   ^
[2026-07-12 07:49:07] [javac-output-10592]   where E is a type-variable:
[2026-07-12 07:49:07] [javac-output-10592]     E extends Object declared in interface Collection
[2026-07-12 07:49:07] [javac-output-10592] /home/runner/work/Ansede/Ansede/benchmarks/report/.repo_cache/gson/extras/src/main/java/com/google/gson/interceptors/Intercept.java:63: warning: [rawtypes] found raw type: JsonPostDeserializer
[2026-07-12 07:49:07] [javac-output-10592]   public Class<? extends JsonPostDeserializer> postDeserialize();
[2026-07-12 07:49:07] [javac-output-10592]                          ^
[2026-07-12 07:49:07] [javac-output-10592]   missing type arguments for generic class JsonPostDeserializer<T>
[2026-07-12 07:49:07] [javac-output-10592]   where T is a type-variable:
[2026-07-12 07:49:07] [javac-output-10592]     T extends Object declared in interface JsonPostDeserializer
[2026-07-12 07:49:07] [javac-output-10592] /home/runner/work/Ansede/Ansede/benchmarks/report/.repo_cache/gson/extras/src/main/java/com/google/gson/interceptors/InterceptorFactory.java:48: warning: [unchecked] unchecked conversion
[2026-07-12 07:49:07] [javac-output-10592]         this.postDeserializer = intercept.postDeserialize().getDeclaredConstructor().newInstance();
[2026-07-12 07:49:07] [javac-output-10592]                                                                                                 ^
[2026-07-12 07:49:07] [javac-output-10592]   required: JsonPostDeserializer<T>
[2026-07-12 07:49:07] [javac-output-10592]   found:    CAP#1
[2026-07-12 07:49:07] [javac-output-10592]   where T is a type-variable:
[2026-07-12 07:49:07] [javac-output-10592]     T extends Object declared in class InterceptorAdapter
[2026-07-12 07:49:07] [javac-output-10592]   where CAP#1 is a fresh type-variable:
[2026-07-12 07:49:07] [javac-output-10592]     CAP#1 extends JsonPostDeserializer from capture of ? extends JsonPostDeserializer
[2026-07-12 07:49:07] [javac-output-10592] /home/runner/work/Ansede/Ansede/benchmarks/report/.repo_cache/gson/extras/src/main/java/com/google/gson/typeadapters/RuntimeTypeAdapterFactory.java:284: warning: [unchecked] unchecked cast
[2026-07-12 07:49:07] [javac-output-10592]         TypeAdapter<R> delegate = (TypeAdapter<R>) labelToDelegate.get(label);
[2026-07-12 07:49:07] [javac-output-10592]                                                                       ^
[2026-07-12 07:49:07] [javac-output-10592]   required: TypeAdapter<R>
[2026-07-12 07:49:07] [javac-output-10592]   found:    TypeAdapter<CAP#1>
[2026-07-12 07:49:07] [javac-output-10592]   where R is a type-variable:
[2026-07-12 07:49:07] [javac-output-10592]     R extends Object declared in method <R>create(Gson,TypeToken<R>)
[2026-07-12 07:49:07] [javac-output-10592]   where CAP#1 is a fresh type-variable:
[2026-07-12 07:49:07] [javac-output-10592]     CAP#1 extends Object from capture of ?
[2026-07-12 07:49:07] [javac-output-10592] /home/runner/work/Ansede/Ansede/benchmarks/report/.repo_cache/gson/extras/src/main/java/com/google/gson/typeadapters/RuntimeTypeAdapterFactory.java:301: warning: [unchecked] unchecked cast
[2026-07-12 07:49:07] [javac-output-10592]         TypeAdapter<R> delegate = (TypeAdapter<R>) subtypeToDelegate.get(srcType);
[2026-07-12 07:49:07] [javac-output-10592]                                                                         ^
[2026-07-12 07:49:07] [javac-output-10592]   required: TypeAdapter<R>
[2026-07-12 07:49:07] [javac-output-10592]   found:    TypeAdapter<CAP#1>
[2026-07-12 07:49:07] [javac-output-10592]   where R is a type-variable:
[2026-07-12 07:49:07] [javac-output-10592]     R extends Object declared in method <R>create(Gson,TypeToken<R>)
[2026-07-12 07:49:07] [javac-output-10592]   where CAP#1 is a fresh type-variable:
[2026-07-12 07:49:07] [javac-output-10592]     CAP#1 extends Object from capture of ?
