[2026-07-12 07:49:13] [javac-extractor-10657] Starting extraction for:
                                              sun.java.command=com.semmle.extractor.java.JavaExtractor --jdk-version 17 --javac-args @@@/home/runner/work/Ansede/Ansede/benchmarks/report/.codeql_dbs/gson/log/ext/javac-9.args
                                              user.dir=/home/runner/work/Ansede/Ansede/benchmarks/report/.repo_cache/gson
[2026-07-12 07:49:13] [javac-extractor-10657] Compilation name /home/runner/work/Ansede/Ansede/benchmarks/report/.codeql_dbs/gson/trap/java/diagnostics/diagnostic-9.trap.gz
[2026-07-12 07:49:13] [javac-extractor-10657] [WARN] Appending source destination directory /home/runner/work/Ansede/Ansede/benchmarks/report/.repo_cache/gson/metrics/target/generated-sources/annotations to sourcepath
[2026-07-12 07:49:15] [javac-extractor-10657] Annotation processor class 'lombok.launch.AnnotationProcessorHider$AnnotationProcessor' initialized.
[2026-07-12 07:49:15] [javac-extractor-10657] Annotation processor class 'lombok.launch.AnnotationProcessorHider$ClaimingProcessor' initialized.
[2026-07-12 07:49:15] [javac-extractor-10657] 6 files will be passed to the attrib/flow phase
[2026-07-12 07:49:15] [javac-extractor-10657] Processing file /home/runner/work/Ansede/Ansede/benchmarks/report/.repo_cache/gson/metrics/src/main/java/com/google/gson/metrics/BagOfPrimitives.java
[2026-07-12 07:49:15] [javac-extractor-10657] Processing JAR file: /home/runner/.m2/repository/com/google/guava/guava/30.1.1-jre/guava-30.1.1-jre.jar
[2026-07-12 07:49:15] [javac-extractor-10657] Processing file /home/runner/work/Ansede/Ansede/benchmarks/report/.repo_cache/gson/metrics/src/main/java/com/google/gson/metrics/BagOfPrimitivesDeserializationBenchmark.java
[2026-07-12 07:49:15] [javac-extractor-10657] [WARN] Not rewriting trap file for /home/runner/work/Ansede/Ansede/benchmarks/report/.codeql_dbs/gson/trap/java/classes/com/google/gson/Gson.members/Gson.members#52.0-1776970838000-java.trap.gz as /home/runner/work/Ansede/Ansede/benchmarks/report/.codeql_dbs/gson/trap/java/classes/com/google/gson/Gson.members/Gson.members#0.0-1783842439059-java.trap.gz exists
[2026-07-12 07:49:15] [javac-extractor-10657] [WARN] Not rewriting trap file for /home/runner/work/Ansede/Ansede/benchmarks/report/.codeql_dbs/gson/trap/java/classes/com/google/gson/stream/JsonReader.members/JsonReader.members#52.0-1776970838000-java.trap.gz as /home/runner/work/Ansede/Ansede/benchmarks/report/.codeql_dbs/gson/trap/java/classes/com/google/gson/stream/JsonReader.members/JsonReader.members#0.0-1783842439064-java.trap.gz exists
[2026-07-12 07:49:15] [javac-extractor-10657] Processing JAR file: /home/runner/.m2/repository/com/google/caliper/caliper-api/1.0-beta-3/caliper-api-1.0-beta-3.jar
[2026-07-12 07:49:15] [javac-extractor-10657] Processing file /home/runner/work/Ansede/Ansede/benchmarks/report/.repo_cache/gson/metrics/src/main/java/com/google/gson/metrics/CollectionsDeserializationBenchmark.java
[2026-07-12 07:49:15] [javac-extractor-10657] [WARN] Not rewriting trap file for /home/runner/work/Ansede/Ansede/benchmarks/report/.codeql_dbs/gson/trap/java/classes/com/google/gson/Gson.members/Gson.members#52.0-1776970838000-java.trap.gz as /home/runner/work/Ansede/Ansede/benchmarks/report/.codeql_dbs/gson/trap/java/classes/com/google/gson/Gson.members/Gson.members#0.0-1783842439059-java.trap.gz exists
[2026-07-12 07:49:15] [javac-extractor-10657] [WARN] Not rewriting trap file for /home/runner/work/Ansede/Ansede/benchmarks/report/.codeql_dbs/gson/trap/java/classes/com/google/gson/reflect/TypeToken.members/TypeToken.members#52.0-1776970838000-java.trap.gz as /home/runner/work/Ansede/Ansede/benchmarks/report/.codeql_dbs/gson/trap/java/classes/com/google/gson/reflect/TypeToken.members/TypeToken.members#0.0-1783842439064-java.trap.gz exists
[2026-07-12 07:49:15] [javac-extractor-10657] [WARN] Not rewriting trap file for /home/runner/work/Ansede/Ansede/benchmarks/report/.codeql_dbs/gson/trap/java/classes/com/google/gson/stream/JsonReader.members/JsonReader.members#52.0-1776970838000-java.trap.gz as /home/runner/work/Ansede/Ansede/benchmarks/report/.codeql_dbs/gson/trap/java/classes/com/google/gson/stream/JsonReader.members/JsonReader.members#0.0-1783842439064-java.trap.gz exists
[2026-07-12 07:49:15] [javac-extractor-10657] Processing file /home/runner/work/Ansede/Ansede/benchmarks/report/.repo_cache/gson/metrics/src/main/java/com/google/gson/metrics/NonUploadingCaliperRunner.java
[2026-07-12 07:49:16] [javac-extractor-10657] [WARN] Not rewriting trap file for /home/runner/work/Ansede/Ansede/benchmarks/report/.codeql_dbs/gson/trap/java/classes/com/google/gson/Gson.members/Gson.members#52.0-1776970838000-java.trap.gz as /home/runner/work/Ansede/Ansede/benchmarks/report/.codeql_dbs/gson/trap/java/classes/com/google/gson/Gson.members/Gson.members#0.0-1783842439059-java.trap.gz exists
[2026-07-12 07:49:16] [javac-extractor-10657] Processing JAR file: /home/runner/.m2/repository/com/google/caliper/caliper/1.0-beta-3/caliper-1.0-beta-3.jar
[2026-07-12 07:49:16] [javac-extractor-10657] Processing JAR file: /home/runner/.m2/repository/com/google/caliper/caliper-runner/1.0-beta-3/caliper-runner-1.0-beta-3.jar
[2026-07-12 07:49:16] [javac-extractor-10657] Processing JAR file: /home/runner/.m2/repository/com/google/dagger/dagger/2.22.1/dagger-2.22.1.jar
[2026-07-12 07:49:16] [javac-extractor-10657] Processing JAR file: /home/runner/.m2/repository/javax/inject/javax.inject/1/javax.inject-1.jar
[2026-07-12 07:49:16] [javac-extractor-10657] No manifest found in jar: /home/runner/.m2/repository/javax/inject/javax.inject/1/javax.inject-1.jar
[2026-07-12 07:49:16] [javac-extractor-10657] Processing JAR file: /home/runner/.m2/repository/com/google/caliper/caliper-util/1.0-beta-3/caliper-util-1.0-beta-3.jar
[2026-07-12 07:49:16] [javac-extractor-10657] Processing JAR file: /home/runner/.m2/repository/com/google/caliper/caliper-core/1.0-beta-3/caliper-core-1.0-beta-3.jar
[2026-07-12 07:49:16] [javac-extractor-10657] Processing JAR file: /home/runner/.m2/repository/com/google/code/findbugs/jsr305/3.0.2/jsr305-3.0.2.jar
[2026-07-12 07:49:16] [javac-extractor-10657] Processing JAR file: /home/runner/.m2/repository/com/google/auto/value/auto-value-annotations/1.8.1/auto-value-annotations-1.8.1.jar
[2026-07-12 07:49:16] [javac-extractor-10657] Processing JAR file: /home/runner/.m2/repository/com/google/dagger/dagger-producers/2.22.1/dagger-producers-2.22.1.jar
[2026-07-12 07:49:16] [javac-extractor-10657] Processing JAR file: /home/runner/.m2/repository/joda-time/joda-time/2.10.10/joda-time-2.10.10.jar
[2026-07-12 07:49:16] [javac-extractor-10657] Processing file /home/runner/work/Ansede/Ansede/benchmarks/report/.repo_cache/gson/metrics/src/main/java/com/google/gson/metrics/ParseBenchmark.java
[2026-07-12 07:49:17] [javac-extractor-10657] [WARN] Not rewriting trap file for /home/runner/work/Ansede/Ansede/benchmarks/report/.codeql_dbs/gson/trap/java/classes/com/google/gson/Gson.members/Gson.members#52.0-1776970838000-java.trap.gz as /home/runner/work/Ansede/Ansede/benchmarks/report/.codeql_dbs/gson/trap/java/classes/com/google/gson/Gson.members/Gson.members#0.0-1783842439059-java.trap.gz exists
[2026-07-12 07:49:17] [javac-extractor-10657] [WARN] Not rewriting trap file for /home/runner/work/Ansede/Ansede/benchmarks/report/.codeql_dbs/gson/trap/java/classes/com/google/gson/GsonBuilder.members/GsonBuilder.members#52.0-1776970838000-java.trap.gz as /home/runner/work/Ansede/Ansede/benchmarks/report/.codeql_dbs/gson/trap/java/classes/com/google/gson/GsonBuilder.members/GsonBuilder.members#0.0-1783842439059-java.trap.gz exists
[2026-07-12 07:49:17] [javac-extractor-10657] [WARN] Not rewriting trap file for /home/runner/work/Ansede/Ansede/benchmarks/report/.codeql_dbs/gson/trap/java/classes/com/google/gson/JsonElement.members/JsonElement.members#52.0-1776970838000-java.trap.gz as /home/runner/work/Ansede/Ansede/benchmarks/report/.codeql_dbs/gson/trap/java/classes/com/google/gson/JsonElement.members/JsonElement.members#0.0-1783842439059-java.trap.gz exists
[2026-07-12 07:49:17] [javac-extractor-10657] [WARN] Not rewriting trap file for /home/runner/work/Ansede/Ansede/benchmarks/report/.codeql_dbs/gson/trap/java/classes/com/google/gson/JsonParser.members/JsonParser.members#52.0-1776970838000-java.trap.gz as /home/runner/work/Ansede/Ansede/benchmarks/report/.codeql_dbs/gson/trap/java/classes/com/google/gson/JsonParser.members/JsonParser.members#0.0-1783842439059-java.trap.gz exists
[2026-07-12 07:49:17] [javac-extractor-10657] [WARN] Not rewriting trap file for /home/runner/work/Ansede/Ansede/benchmarks/report/.codeql_dbs/gson/trap/java/classes/com/google/gson/annotations/SerializedName.members/SerializedName.members#52.0-1776970838000-java.trap.gz as /home/runner/work/Ansede/Ansede/benchmarks/report/.codeql_dbs/gson/trap/java/classes/com/google/gson/annotations/SerializedName.members/SerializedName.members#0.0-1783842439061-java.trap.gz exists
[2026-07-12 07:49:17] [javac-extractor-10657] [WARN] Not rewriting trap file for /home/runner/work/Ansede/Ansede/benchmarks/report/.codeql_dbs/gson/trap/java/classes/com/google/gson/reflect/TypeToken.members/TypeToken.members#52.0-1776970838000-java.trap.gz as /home/runner/work/Ansede/Ansede/benchmarks/report/.codeql_dbs/gson/trap/java/classes/com/google/gson/reflect/TypeToken.members/TypeToken.members#0.0-1783842439064-java.trap.gz exists
[2026-07-12 07:49:17] [javac-extractor-10657] [WARN] Not rewriting trap file for /home/runner/work/Ansede/Ansede/benchmarks/report/.codeql_dbs/gson/trap/java/classes/com/google/gson/stream/JsonReader.members/JsonReader.members#52.0-1776970838000-java.trap.gz as /home/runner/work/Ansede/Ansede/benchmarks/report/.codeql_dbs/gson/trap/java/classes/com/google/gson/stream/JsonReader.members/JsonReader.members#0.0-1783842439064-java.trap.gz exists
[2026-07-12 07:49:17] [javac-extractor-10657] [WARN] Not rewriting trap file for /home/runner/work/Ansede/Ansede/benchmarks/report/.codeql_dbs/gson/trap/java/classes/com/google/gson/stream/JsonToken.members/JsonToken.members#52.0-1776970838000-java.trap.gz as /home/runner/work/Ansede/Ansede/benchmarks/report/.codeql_dbs/gson/trap/java/classes/com/google/gson/stream/JsonToken.members/JsonToken.members#0.0-1783842439064-java.trap.gz exists
[2026-07-12 07:49:18] [javac-extractor-10657] Processing JAR file: /home/runner/.m2/repository/com/fasterxml/jackson/core/jackson-core/2.22.0/jackson-core-2.22.0.jar
[2026-07-12 07:49:18] [javac-extractor-10657] Processing JAR file: /home/runner/.m2/repository/com/fasterxml/jackson/core/jackson-databind/2.22.0/jackson-databind-2.22.0.jar
[2026-07-12 07:49:18] [javac-extractor-10657] Processing JAR file: /home/runner/.m2/repository/com/fasterxml/jackson/core/jackson-annotations/2.22/jackson-annotations-2.22.jar
[2026-07-12 07:49:18] [javac-extractor-10657] Processing file /home/runner/work/Ansede/Ansede/benchmarks/report/.repo_cache/gson/metrics/src/main/java/com/google/gson/metrics/SerializationBenchmark.java
[2026-07-12 07:49:18] [javac-extractor-10657] [WARN] Not rewriting trap file for /home/runner/work/Ansede/Ansede/benchmarks/report/.codeql_dbs/gson/trap/java/classes/com/google/gson/Gson.members/Gson.members#52.0-1776970838000-java.trap.gz as /home/runner/work/Ansede/Ansede/benchmarks/report/.codeql_dbs/gson/trap/java/classes/com/google/gson/Gson.members/Gson.members#0.0-1783842439059-java.trap.gz exists
[2026-07-12 07:49:18] [javac-extractor-10657] [WARN] Not rewriting trap file for /home/runner/work/Ansede/Ansede/benchmarks/report/.codeql_dbs/gson/trap/java/classes/com/google/gson/GsonBuilder.members/GsonBuilder.members#52.0-1776970838000-java.trap.gz as /home/runner/work/Ansede/Ansede/benchmarks/report/.codeql_dbs/gson/trap/java/classes/com/google/gson/GsonBuilder.members/GsonBuilder.members#0.0-1783842439059-java.trap.gz exists
[2026-07-12 07:49:18] [javac-extractor-10657] Javac init time: 1.4s
[2026-07-12 07:49:18] [javac-extractor-10657] Javac attr time: 0.2s
[2026-07-12 07:49:18] [javac-extractor-10657] Extractor time: 2.5s
[2026-07-12 07:49:18] [javac-extractor-10657] Other time: 0.2s
[2026-07-12 07:49:18] [javac-extractor-10657] Total time: 4.2s
