[2026-07-12 07:03:59] This is codeql database index-files --include-extension=.yaml --include-extension=.yml --also-match-lgtm-index-filters --size-limit=5m --language yaml -- /home/runner/work/Ansede/Ansede/benchmarks/report/.codeql_dbs/requests
[2026-07-12 07:03:59] Log file was started late.
[2026-07-12 07:03:59] Using index-files script /home/runner/work/Ansede/Ansede/codeql/yaml/tools/index-files.sh.
[2026-07-12 07:03:59] [PROGRESS] database index-files> Scanning for files in /home/runner/work/Ansede/Ansede/benchmarks/report/.repo_cache/requests...
[2026-07-12 07:03:59] Calling plumbing command: codeql resolve files --include-extension=.yaml --include-extension=.yml --also-match-lgtm-index-filters --size-limit=5m /home/runner/work/Ansede/Ansede/benchmarks/report/.repo_cache/requests --format=json
[2026-07-12 07:03:59] [PROGRESS] resolve files> Scanning /home/runner/work/Ansede/Ansede/benchmarks/report/.repo_cache/requests...
[2026-07-12 07:03:59] [PROGRESS] resolve files> Scanning /home/runner/work/Ansede/Ansede/benchmarks/report/.repo_cache/requests/docs...
[2026-07-12 07:03:59] [PROGRESS] resolve files> Scanning /home/runner/work/Ansede/Ansede/benchmarks/report/.repo_cache/requests/docs/_themes...
[2026-07-12 07:03:59] [PROGRESS] resolve files> Scanning /home/runner/work/Ansede/Ansede/benchmarks/report/.repo_cache/requests/docs/dev...
[2026-07-12 07:03:59] [PROGRESS] resolve files> Scanning /home/runner/work/Ansede/Ansede/benchmarks/report/.repo_cache/requests/docs/_static...
[2026-07-12 07:03:59] [PROGRESS] resolve files> Scanning /home/runner/work/Ansede/Ansede/benchmarks/report/.repo_cache/requests/docs/_templates...
[2026-07-12 07:03:59] [PROGRESS] resolve files> Scanning /home/runner/work/Ansede/Ansede/benchmarks/report/.repo_cache/requests/docs/user...
[2026-07-12 07:03:59] [PROGRESS] resolve files> Scanning /home/runner/work/Ansede/Ansede/benchmarks/report/.repo_cache/requests/docs/community...
[2026-07-12 07:03:59] [PROGRESS] resolve files> Scanning /home/runner/work/Ansede/Ansede/benchmarks/report/.repo_cache/requests/src...
[2026-07-12 07:03:59] [PROGRESS] resolve files> Scanning /home/runner/work/Ansede/Ansede/benchmarks/report/.repo_cache/requests/src/requests...
[2026-07-12 07:03:59] [PROGRESS] resolve files> Scanning /home/runner/work/Ansede/Ansede/benchmarks/report/.repo_cache/requests/.git...
[2026-07-12 07:03:59] [PROGRESS] resolve files> Scanning /home/runner/work/Ansede/Ansede/benchmarks/report/.repo_cache/requests/.git/logs...
[2026-07-12 07:03:59] [PROGRESS] resolve files> Scanning /home/runner/work/Ansede/Ansede/benchmarks/report/.repo_cache/requests/.git/logs/refs...
[2026-07-12 07:03:59] [PROGRESS] resolve files> Scanning /home/runner/work/Ansede/Ansede/benchmarks/report/.repo_cache/requests/.git/logs/refs/remotes...
[2026-07-12 07:03:59] [PROGRESS] resolve files> Scanning /home/runner/work/Ansede/Ansede/benchmarks/report/.repo_cache/requests/.git/logs/refs/remotes/origin...
[2026-07-12 07:03:59] [PROGRESS] resolve files> Scanning /home/runner/work/Ansede/Ansede/benchmarks/report/.repo_cache/requests/.git/logs/refs/heads...
[2026-07-12 07:03:59] [PROGRESS] resolve files> Scanning /home/runner/work/Ansede/Ansede/benchmarks/report/.repo_cache/requests/.git/info...
[2026-07-12 07:03:59] [PROGRESS] resolve files> Scanning /home/runner/work/Ansede/Ansede/benchmarks/report/.repo_cache/requests/.git/hooks...
[2026-07-12 07:03:59] [PROGRESS] resolve files> Scanning /home/runner/work/Ansede/Ansede/benchmarks/report/.repo_cache/requests/.git/objects...
[2026-07-12 07:03:59] [PROGRESS] resolve files> Scanning /home/runner/work/Ansede/Ansede/benchmarks/report/.repo_cache/requests/.git/objects/info...
[2026-07-12 07:03:59] [PROGRESS] resolve files> Scanning /home/runner/work/Ansede/Ansede/benchmarks/report/.repo_cache/requests/.git/objects/pack...
[2026-07-12 07:03:59] [PROGRESS] resolve files> Scanning /home/runner/work/Ansede/Ansede/benchmarks/report/.repo_cache/requests/.git/refs...
[2026-07-12 07:03:59] [PROGRESS] resolve files> Scanning /home/runner/work/Ansede/Ansede/benchmarks/report/.repo_cache/requests/.git/refs/tags...
[2026-07-12 07:03:59] [PROGRESS] resolve files> Scanning /home/runner/work/Ansede/Ansede/benchmarks/report/.repo_cache/requests/.git/refs/remotes...
[2026-07-12 07:03:59] [PROGRESS] resolve files> Scanning /home/runner/work/Ansede/Ansede/benchmarks/report/.repo_cache/requests/.git/refs/remotes/origin...
[2026-07-12 07:03:59] [PROGRESS] resolve files> Scanning /home/runner/work/Ansede/Ansede/benchmarks/report/.repo_cache/requests/.git/refs/heads...
[2026-07-12 07:03:59] [PROGRESS] resolve files> Scanning /home/runner/work/Ansede/Ansede/benchmarks/report/.repo_cache/requests/tests...
[2026-07-12 07:03:59] [PROGRESS] resolve files> Scanning /home/runner/work/Ansede/Ansede/benchmarks/report/.repo_cache/requests/tests/testserver...
[2026-07-12 07:03:59] [PROGRESS] resolve files> Scanning /home/runner/work/Ansede/Ansede/benchmarks/report/.repo_cache/requests/tests/certs...
[2026-07-12 07:03:59] [PROGRESS] resolve files> Scanning /home/runner/work/Ansede/Ansede/benchmarks/report/.repo_cache/requests/tests/certs/valid...
[2026-07-12 07:03:59] [PROGRESS] resolve files> Scanning /home/runner/work/Ansede/Ansede/benchmarks/report/.repo_cache/requests/tests/certs/valid/server...
[2026-07-12 07:03:59] [PROGRESS] resolve files> Scanning /home/runner/work/Ansede/Ansede/benchmarks/report/.repo_cache/requests/tests/certs/mtls...
[2026-07-12 07:03:59] [PROGRESS] resolve files> Scanning /home/runner/work/Ansede/Ansede/benchmarks/report/.repo_cache/requests/tests/certs/mtls/client...
[2026-07-12 07:03:59] [PROGRESS] resolve files> Scanning /home/runner/work/Ansede/Ansede/benchmarks/report/.repo_cache/requests/tests/certs/expired...
[2026-07-12 07:03:59] [PROGRESS] resolve files> Scanning /home/runner/work/Ansede/Ansede/benchmarks/report/.repo_cache/requests/tests/certs/expired/ca...
[2026-07-12 07:03:59] [PROGRESS] resolve files> Scanning /home/runner/work/Ansede/Ansede/benchmarks/report/.repo_cache/requests/tests/certs/expired/server...
[2026-07-12 07:03:59] [PROGRESS] resolve files> Scanning /home/runner/work/Ansede/Ansede/benchmarks/report/.repo_cache/requests/ext...
[2026-07-12 07:03:59] [PROGRESS] resolve files> Scanning /home/runner/work/Ansede/Ansede/benchmarks/report/.repo_cache/requests/.github...
[2026-07-12 07:03:59] [PROGRESS] resolve files> Scanning /home/runner/work/Ansede/Ansede/benchmarks/report/.repo_cache/requests/.github/ISSUE_TEMPLATE...
[2026-07-12 07:03:59] [PROGRESS] resolve files> Scanning /home/runner/work/Ansede/Ansede/benchmarks/report/.repo_cache/requests/.github/workflows...
[2026-07-12 07:04:00] Plumbing command codeql resolve files completed:
                      [
                        "/home/runner/work/Ansede/Ansede/benchmarks/report/.repo_cache/requests/.github/FUNDING.yml",
                        "/home/runner/work/Ansede/Ansede/benchmarks/report/.repo_cache/requests/.github/dependabot.yml",
                        "/home/runner/work/Ansede/Ansede/benchmarks/report/.repo_cache/requests/.github/workflows/close-issues.yml",
                        "/home/runner/work/Ansede/Ansede/benchmarks/report/.repo_cache/requests/.github/workflows/codeql-analysis.yml",
                        "/home/runner/work/Ansede/Ansede/benchmarks/report/.repo_cache/requests/.github/workflows/lint.yml",
                        "/home/runner/work/Ansede/Ansede/benchmarks/report/.repo_cache/requests/.github/workflows/lock-issues.yml",
                        "/home/runner/work/Ansede/Ansede/benchmarks/report/.repo_cache/requests/.github/workflows/publish.yml",
                        "/home/runner/work/Ansede/Ansede/benchmarks/report/.repo_cache/requests/.github/workflows/run-tests.yml",
                        "/home/runner/work/Ansede/Ansede/benchmarks/report/.repo_cache/requests/.github/workflows/typecheck.yml",
                        "/home/runner/work/Ansede/Ansede/benchmarks/report/.repo_cache/requests/.github/workflows/zizmor.yml",
                        "/home/runner/work/Ansede/Ansede/benchmarks/report/.repo_cache/requests/.pre-commit-config.yaml",
                        "/home/runner/work/Ansede/Ansede/benchmarks/report/.repo_cache/requests/.readthedocs.yaml"
                      ]
[2026-07-12 07:04:00] [DETAILS] database index-files> Found 12 files.
[2026-07-12 07:04:00] [PROGRESS] database index-files> /home/runner/work/Ansede/Ansede/benchmarks/report/.codeql_dbs/requests: Indexing files in in /home/runner/work/Ansede/Ansede/benchmarks/report/.repo_cache/requests...
[2026-07-12 07:04:00] Using index-files script /home/runner/work/Ansede/Ansede/codeql/yaml/tools/index-files.sh.
[2026-07-12 07:04:00] [PROGRESS] database index-files> Running command in /home/runner/work/Ansede/Ansede/benchmarks/report/.repo_cache/requests: [/home/runner/work/Ansede/Ansede/codeql/yaml/tools/index-files.sh, /home/runner/work/Ansede/Ansede/benchmarks/report/.codeql_dbs/requests/working/files-to-index4854781704964372966.list]
[2026-07-12 07:04:00] Terminating normally.
