[T 08:02:00 18043] CodeQL CLI version 2.26.0
[T 08:02:00 18043] Initializing tracer.
[T 08:02:00 18043] Initializing tags.
[T 08:02:00 18043] ID set to 000000000000467B_0000000000000001 (parent root)
[T 08:02:00 18043] Initializing tracer.
[T 08:02:00 18043] Initializing tags.
[T 08:02:00 18043] ID set to 000000000000467B_0000000000000002 (parent root)
[T 08:02:00 18043] ==== Candidate to intercept: /home/runner/work/Ansede/Ansede/codeql/go/tools/autobuild.sh (canonical: /home/runner/work/Ansede/Ansede/codeql/go/tools/autobuild.sh) ====
[T 08:02:00 18043] Executing the following tracer actions:
[T 08:02:00 18043] Tracer actions:
[T 08:02:00 18043] pre_invocations(0)
[T 08:02:00 18043] post_invocations(0)
[T 08:02:00 18043] trace_languages(1): [go]
[T 08:02:00 18043] Initializing tracer.
[T 08:02:00 18043] Initializing tags.
[T 08:02:00 18043] ID set to 000000000000467B_0000000000000003 (parent 000000000000467B_0000000000000002)
[T 08:02:00 18047] Initializing tracer.
[T 08:02:00 18047] Initializing tags.
[T 08:02:00 18047] ID set to 000000000000467F_0000000000000001 (parent 000000000000467B_0000000000000003)
[T 08:02:00 18047] ==== Candidate to intercept: /home/runner/work/Ansede/Ansede/codeql/go/tools/linux64/go-autobuilder (canonical: /home/runner/work/Ansede/Ansede/codeql/go/tools/linux64/go-autobuilder) ====
[T 08:02:00 18047] Lua: === Intercepted call to /home/runner/work/Ansede/Ansede/codeql/go/tools/linux64/go-autobuilder ===
[T 08:02:00 18047] Lua: Disabling tracing for language go.
[T 08:02:00 18047] Executing the following tracer actions:
[T 08:02:00 18047] Tracer actions:
[T 08:02:00 18047] pre_invocations(0)
[T 08:02:00 18047] post_invocations(0)
[T 08:02:00 18047] trace_languages(0): []
[T 08:02:00 18047] Disabling tracing for this command.
