[2026-07-12 08:02:09] This is codeql database index-files --working-dir=. --include-extension=.htm --include-extension=.html --include-extension=.xhtm --include-extension=.xhtml --include-extension=.vue --also-match-lgtm-index-filters --size-limit 10m --language html -- /home/runner/work/Ansede/Ansede/benchmarks/report/.codeql_dbs/cobra
[2026-07-12 08:02:09] Log file was started late.
[2026-07-12 08:02:09] Using index-files script /home/runner/work/Ansede/Ansede/codeql/html/tools/index-files.sh.
[2026-07-12 08:02:09] [PROGRESS] database index-files> Scanning for files in /home/runner/work/Ansede/Ansede/benchmarks/report/.repo_cache/cobra...
[2026-07-12 08:02:09] Calling plumbing command: codeql resolve files --include-extension=.htm --include-extension=.html --include-extension=.xhtm --include-extension=.xhtml --include-extension=.vue --also-match-lgtm-index-filters --size-limit=10m /home/runner/work/Ansede/Ansede/benchmarks/report/.repo_cache/cobra --format=json
[2026-07-12 08:02:09] [PROGRESS] resolve files> Scanning /home/runner/work/Ansede/Ansede/benchmarks/report/.repo_cache/cobra...
[2026-07-12 08:02:09] [PROGRESS] resolve files> Scanning /home/runner/work/Ansede/Ansede/benchmarks/report/.repo_cache/cobra/assets...
[2026-07-12 08:02:09] [PROGRESS] resolve files> Scanning /home/runner/work/Ansede/Ansede/benchmarks/report/.repo_cache/cobra/.git...
[2026-07-12 08:02:09] [PROGRESS] resolve files> Scanning /home/runner/work/Ansede/Ansede/benchmarks/report/.repo_cache/cobra/.git/logs...
[2026-07-12 08:02:09] [PROGRESS] resolve files> Scanning /home/runner/work/Ansede/Ansede/benchmarks/report/.repo_cache/cobra/.git/logs/refs...
[2026-07-12 08:02:09] [PROGRESS] resolve files> Scanning /home/runner/work/Ansede/Ansede/benchmarks/report/.repo_cache/cobra/.git/logs/refs/remotes...
[2026-07-12 08:02:09] [PROGRESS] resolve files> Scanning /home/runner/work/Ansede/Ansede/benchmarks/report/.repo_cache/cobra/.git/logs/refs/remotes/origin...
[2026-07-12 08:02:09] [PROGRESS] resolve files> Scanning /home/runner/work/Ansede/Ansede/benchmarks/report/.repo_cache/cobra/.git/logs/refs/heads...
[2026-07-12 08:02:09] [PROGRESS] resolve files> Scanning /home/runner/work/Ansede/Ansede/benchmarks/report/.repo_cache/cobra/.git/info...
[2026-07-12 08:02:09] [PROGRESS] resolve files> Scanning /home/runner/work/Ansede/Ansede/benchmarks/report/.repo_cache/cobra/.git/hooks...
[2026-07-12 08:02:09] [PROGRESS] resolve files> Scanning /home/runner/work/Ansede/Ansede/benchmarks/report/.repo_cache/cobra/.git/objects...
[2026-07-12 08:02:09] [PROGRESS] resolve files> Scanning /home/runner/work/Ansede/Ansede/benchmarks/report/.repo_cache/cobra/.git/objects/info...
[2026-07-12 08:02:09] [PROGRESS] resolve files> Scanning /home/runner/work/Ansede/Ansede/benchmarks/report/.repo_cache/cobra/.git/objects/pack...
[2026-07-12 08:02:09] [PROGRESS] resolve files> Scanning /home/runner/work/Ansede/Ansede/benchmarks/report/.repo_cache/cobra/.git/refs...
[2026-07-12 08:02:09] [PROGRESS] resolve files> Scanning /home/runner/work/Ansede/Ansede/benchmarks/report/.repo_cache/cobra/.git/refs/tags...
[2026-07-12 08:02:09] [PROGRESS] resolve files> Scanning /home/runner/work/Ansede/Ansede/benchmarks/report/.repo_cache/cobra/.git/refs/remotes...
[2026-07-12 08:02:09] [PROGRESS] resolve files> Scanning /home/runner/work/Ansede/Ansede/benchmarks/report/.repo_cache/cobra/.git/refs/remotes/origin...
[2026-07-12 08:02:09] [PROGRESS] resolve files> Scanning /home/runner/work/Ansede/Ansede/benchmarks/report/.repo_cache/cobra/.git/refs/heads...
[2026-07-12 08:02:09] [PROGRESS] resolve files> Scanning /home/runner/work/Ansede/Ansede/benchmarks/report/.repo_cache/cobra/doc...
[2026-07-12 08:02:09] [PROGRESS] resolve files> Scanning /home/runner/work/Ansede/Ansede/benchmarks/report/.repo_cache/cobra/site...
[2026-07-12 08:02:09] [PROGRESS] resolve files> Scanning /home/runner/work/Ansede/Ansede/benchmarks/report/.repo_cache/cobra/site/content...
[2026-07-12 08:02:09] [PROGRESS] resolve files> Scanning /home/runner/work/Ansede/Ansede/benchmarks/report/.repo_cache/cobra/site/content/docgen...
[2026-07-12 08:02:09] [PROGRESS] resolve files> Scanning /home/runner/work/Ansede/Ansede/benchmarks/report/.repo_cache/cobra/site/content/completions...
[2026-07-12 08:02:09] [PROGRESS] resolve files> Scanning /home/runner/work/Ansede/Ansede/benchmarks/report/.repo_cache/cobra/.github...
[2026-07-12 08:02:09] [PROGRESS] resolve files> Scanning /home/runner/work/Ansede/Ansede/benchmarks/report/.repo_cache/cobra/.github/workflows...
[2026-07-12 08:02:09] Plumbing command codeql resolve files completed:
                      [ ]
[2026-07-12 08:02:09] [DETAILS] database index-files> Found 0 files.
[2026-07-12 08:02:09] Terminating normally.
