[2026-07-12 08:00:52] This is codeql database index-files --working-dir=. --include-extension=.htm --include-extension=.html --include-extension=.xhtm --include-extension=.xhtml --include-extension=.vue --also-match-lgtm-index-filters --size-limit 10m --language html -- /home/runner/work/Ansede/Ansede/benchmarks/report/.codeql_dbs/gin
[2026-07-12 08:00:52] Log file was started late.
[2026-07-12 08:00:52] Using index-files script /home/runner/work/Ansede/Ansede/codeql/html/tools/index-files.sh.
[2026-07-12 08:00:52] [PROGRESS] database index-files> Scanning for files in /home/runner/work/Ansede/Ansede/benchmarks/report/.repo_cache/gin...
[2026-07-12 08:00:52] Calling plumbing command: codeql resolve files --include-extension=.htm --include-extension=.html --include-extension=.xhtm --include-extension=.xhtml --include-extension=.vue --also-match-lgtm-index-filters --size-limit=10m /home/runner/work/Ansede/Ansede/benchmarks/report/.repo_cache/gin --format=json
[2026-07-12 08:00:52] [PROGRESS] resolve files> Scanning /home/runner/work/Ansede/Ansede/benchmarks/report/.repo_cache/gin...
[2026-07-12 08:00:52] [PROGRESS] resolve files> Scanning /home/runner/work/Ansede/Ansede/benchmarks/report/.repo_cache/gin/docs...
[2026-07-12 08:00:52] [PROGRESS] resolve files> Scanning /home/runner/work/Ansede/Ansede/benchmarks/report/.repo_cache/gin/ginS...
[2026-07-12 08:00:52] [PROGRESS] resolve files> Scanning /home/runner/work/Ansede/Ansede/benchmarks/report/.repo_cache/gin/render...
[2026-07-12 08:00:52] [PROGRESS] resolve files> Scanning /home/runner/work/Ansede/Ansede/benchmarks/report/.repo_cache/gin/.git...
[2026-07-12 08:00:52] [PROGRESS] resolve files> Scanning /home/runner/work/Ansede/Ansede/benchmarks/report/.repo_cache/gin/.git/logs...
[2026-07-12 08:00:52] [PROGRESS] resolve files> Scanning /home/runner/work/Ansede/Ansede/benchmarks/report/.repo_cache/gin/.git/logs/refs...
[2026-07-12 08:00:52] [PROGRESS] resolve files> Scanning /home/runner/work/Ansede/Ansede/benchmarks/report/.repo_cache/gin/.git/logs/refs/remotes...
[2026-07-12 08:00:52] [PROGRESS] resolve files> Scanning /home/runner/work/Ansede/Ansede/benchmarks/report/.repo_cache/gin/.git/logs/refs/remotes/origin...
[2026-07-12 08:00:52] [PROGRESS] resolve files> Scanning /home/runner/work/Ansede/Ansede/benchmarks/report/.repo_cache/gin/.git/logs/refs/heads...
[2026-07-12 08:00:52] [PROGRESS] resolve files> Scanning /home/runner/work/Ansede/Ansede/benchmarks/report/.repo_cache/gin/.git/info...
[2026-07-12 08:00:52] [PROGRESS] resolve files> Scanning /home/runner/work/Ansede/Ansede/benchmarks/report/.repo_cache/gin/.git/hooks...
[2026-07-12 08:00:52] [PROGRESS] resolve files> Scanning /home/runner/work/Ansede/Ansede/benchmarks/report/.repo_cache/gin/.git/objects...
[2026-07-12 08:00:52] [PROGRESS] resolve files> Scanning /home/runner/work/Ansede/Ansede/benchmarks/report/.repo_cache/gin/.git/objects/info...
[2026-07-12 08:00:52] [PROGRESS] resolve files> Scanning /home/runner/work/Ansede/Ansede/benchmarks/report/.repo_cache/gin/.git/objects/pack...
[2026-07-12 08:00:52] [PROGRESS] resolve files> Scanning /home/runner/work/Ansede/Ansede/benchmarks/report/.repo_cache/gin/.git/refs...
[2026-07-12 08:00:52] [PROGRESS] resolve files> Scanning /home/runner/work/Ansede/Ansede/benchmarks/report/.repo_cache/gin/.git/refs/tags...
[2026-07-12 08:00:52] [PROGRESS] resolve files> Scanning /home/runner/work/Ansede/Ansede/benchmarks/report/.repo_cache/gin/.git/refs/remotes...
[2026-07-12 08:00:52] [PROGRESS] resolve files> Scanning /home/runner/work/Ansede/Ansede/benchmarks/report/.repo_cache/gin/.git/refs/remotes/origin...
[2026-07-12 08:00:52] [PROGRESS] resolve files> Scanning /home/runner/work/Ansede/Ansede/benchmarks/report/.repo_cache/gin/.git/refs/heads...
[2026-07-12 08:00:52] [PROGRESS] resolve files> Scanning /home/runner/work/Ansede/Ansede/benchmarks/report/.repo_cache/gin/codec...
[2026-07-12 08:00:52] [PROGRESS] resolve files> Scanning /home/runner/work/Ansede/Ansede/benchmarks/report/.repo_cache/gin/codec/json...
[2026-07-12 08:00:52] [PROGRESS] resolve files> Scanning /home/runner/work/Ansede/Ansede/benchmarks/report/.repo_cache/gin/internal...
[2026-07-12 08:00:52] [PROGRESS] resolve files> Scanning /home/runner/work/Ansede/Ansede/benchmarks/report/.repo_cache/gin/internal/fs...
[2026-07-12 08:00:52] [PROGRESS] resolve files> Scanning /home/runner/work/Ansede/Ansede/benchmarks/report/.repo_cache/gin/internal/bytesconv...
[2026-07-12 08:00:52] [PROGRESS] resolve files> Scanning /home/runner/work/Ansede/Ansede/benchmarks/report/.repo_cache/gin/testdata...
[2026-07-12 08:00:52] [PROGRESS] resolve files> Scanning /home/runner/work/Ansede/Ansede/benchmarks/report/.repo_cache/gin/testdata/certificate...
[2026-07-12 08:00:52] [PROGRESS] resolve files> Scanning /home/runner/work/Ansede/Ansede/benchmarks/report/.repo_cache/gin/testdata/template...
[2026-07-12 08:00:52] [PROGRESS] resolve files> Scanning /home/runner/work/Ansede/Ansede/benchmarks/report/.repo_cache/gin/testdata/protoexample...
[2026-07-12 08:00:52] [PROGRESS] resolve files> Scanning /home/runner/work/Ansede/Ansede/benchmarks/report/.repo_cache/gin/binding...
[2026-07-12 08:00:52] [PROGRESS] resolve files> Scanning /home/runner/work/Ansede/Ansede/benchmarks/report/.repo_cache/gin/examples...
[2026-07-12 08:00:52] [PROGRESS] resolve files> Scanning /home/runner/work/Ansede/Ansede/benchmarks/report/.repo_cache/gin/.github...
[2026-07-12 08:00:52] [PROGRESS] resolve files> Scanning /home/runner/work/Ansede/Ansede/benchmarks/report/.repo_cache/gin/.github/ISSUE_TEMPLATE...
[2026-07-12 08:00:52] [PROGRESS] resolve files> Scanning /home/runner/work/Ansede/Ansede/benchmarks/report/.repo_cache/gin/.github/workflows...
[2026-07-12 08:00:52] Plumbing command codeql resolve files completed:
                      [ ]
[2026-07-12 08:00:52] [DETAILS] database index-files> Found 0 files.
[2026-07-12 08:00:52] Terminating normally.
