[19439] [001] [INFO]  Running tracing analysis.
[19439] [001] [INFO] EXTRACTION STARTING at 07/12/2026 08:02:55
[19439] [001] [INFO]   Extractor: /home/runner/work/Ansede/Ansede/codeql/csharp/tools/linux64/Semmle.Extraction.CSharp.Driver.dll
[19439] [001] [INFO]   Extractor version: heads/codeql-cli-2.26.0 (e4a7b4ff515d6f23af5a4b8a837652348657e84b)
[19439] [001] [INFO]   Current working directory: /home/runner/work/Ansede/Ansede/benchmarks/report/.repo_cache/CleanArchitecture/src/Clean.Architecture.Core
[19439] [001] [INFO]   Arguments to Roslyn: /noconfig @/tmp/MSBuildTempWI7z2h/tmpc42052557e3b4ba9a5d8c3e7e0901a40.rsp /warnaserror-
[19439] [001] [INFO]   Arguments have been written to /home/runner/work/Ansede/Ansede/benchmarks/report/.codeql_dbs/CleanArchitecture/log/csharp.d985d65d4598926c3aba6fbb1a110390ee021d13bd9bd776b5c47e6a98aa0623.txt
[19439] [001] [INFO]   Models constructed in 00:00:01.2958682
[19439] [001] [INFO]   /home/runner/work/Ansede/Ansede/benchmarks/report/.repo_cache/CleanArchitecture/src/Clean.Architecture.Core/obj/Debug/net10.0/Clean.Architecture.Core.dll (00:00:00.0756205)
[19439] [006] [INFO]   /home/runner/.nuget/packages/ardalis.sharedkernel/5.0.0/lib/net10.0/Ardalis.SharedKernel.dll (00:00:00.1203931)
[19439] [001] [INFO]   /home/runner/.nuget/packages/ardalis.smartenum/8.2.0/lib/net8.0/Ardalis.SmartEnum.dll (00:00:00.0451993)
[19439] [008] [INFO]   /home/runner/.nuget/packages/ardalis.guardclauses/5.0.0/lib/net8.0/Ardalis.GuardClauses.dll (00:00:00.1230127)
[19439] [007] [INFO]   /home/runner/.nuget/packages/ardalis.result/10.1.0/lib/net8.0/Ardalis.Result.dll (00:00:00.1329303)
[19439] [008] [INFO]   /home/runner/work/Ansede/Ansede/benchmarks/report/.codeql_dbs/CleanArchitecture/working/.dotnet/packs/Microsoft.NETCore.App.Ref/10.0.0/ref/net10.0/Microsoft.CSharp.dll (00:00:00.0124373)
[19439] [001] [INFO]   /home/runner/.nuget/packages/mediator.abstractions/3.0.2/lib/net8.0/Mediator.dll (00:00:00.0384545)
[19439] [008] [INFO]   /home/runner/.nuget/packages/microsoft.extensions.logging.abstractions/10.0.7/lib/net10.0/Microsoft.Extensions.Logging.Abstractions.dll (00:00:00.0928427)
[19439] [008] [INFO]   /home/runner/work/Ansede/Ansede/benchmarks/report/.codeql_dbs/CleanArchitecture/working/.dotnet/packs/Microsoft.NETCore.App.Ref/10.0.0/ref/net10.0/Microsoft.VisualBasic.dll (00:00:00.0029895)
[19439] [007] [INFO]   /home/runner/.nuget/packages/microsoft.extensions.dependencyinjection.abstractions/10.0.7/lib/net10.0/Microsoft.Extensions.DependencyInjection.Abstractions.dll (00:00:00.1034558)
[19439] [008] [INFO]   /home/runner/work/Ansede/Ansede/benchmarks/report/.codeql_dbs/CleanArchitecture/working/.dotnet/packs/Microsoft.NETCore.App.Ref/10.0.0/ref/net10.0/Microsoft.Win32.Primitives.dll (00:00:00.0061705)
[19439] [008] [INFO]   /home/runner/work/Ansede/Ansede/benchmarks/report/.codeql_dbs/CleanArchitecture/working/.dotnet/packs/Microsoft.NETCore.App.Ref/10.0.0/ref/net10.0/mscorlib.dll (00:00:00.0019159)
[19439] [008] [INFO]   /home/runner/work/Ansede/Ansede/benchmarks/report/.codeql_dbs/CleanArchitecture/working/.dotnet/packs/Microsoft.NETCore.App.Ref/10.0.0/ref/net10.0/netstandard.dll (00:00:00.0015402)
[19439] [008] [INFO]   /home/runner/work/Ansede/Ansede/benchmarks/report/.codeql_dbs/CleanArchitecture/working/.dotnet/packs/Microsoft.NETCore.App.Ref/10.0.0/ref/net10.0/System.AppContext.dll (00:00:00.0010223)
[19439] [008] [INFO]   /home/runner/work/Ansede/Ansede/benchmarks/report/.codeql_dbs/CleanArchitecture/working/.dotnet/packs/Microsoft.NETCore.App.Ref/10.0.0/ref/net10.0/System.Buffers.dll (00:00:00.0012371)
[19439] [007] [INFO]   /home/runner/work/Ansede/Ansede/benchmarks/report/.codeql_dbs/CleanArchitecture/working/.dotnet/packs/Microsoft.NETCore.App.Ref/10.0.0/ref/net10.0/Microsoft.Win32.Registry.dll (00:00:00.0254176)
[19439] [006] [INFO]   /home/runner/.nuget/packages/ardalis.specification/9.3.1/lib/net9.0/Ardalis.Specification.dll (00:00:00.2065800)
[19439] [008] [INFO]   /home/runner/work/Ansede/Ansede/benchmarks/report/.codeql_dbs/CleanArchitecture/working/.dotnet/packs/Microsoft.NETCore.App.Ref/10.0.0/ref/net10.0/System.Collections.Concurrent.dll (00:00:00.0917997)
[19439] [008] [INFO]   /home/runner/work/Ansede/Ansede/benchmarks/report/.codeql_dbs/CleanArchitecture/working/.dotnet/packs/Microsoft.NETCore.App.Ref/10.0.0/ref/net10.0/System.Collections.NonGeneric.dll (00:00:00.0966173)
[19439] [001] [INFO]   /home/runner/work/Ansede/Ansede/benchmarks/report/.codeql_dbs/CleanArchitecture/working/.dotnet/packs/Microsoft.NETCore.App.Ref/10.0.0/ref/net10.0/Microsoft.VisualBasic.Core.dll (00:00:00.2968536)
[19439] [008] [INFO]   /home/runner/work/Ansede/Ansede/benchmarks/report/.codeql_dbs/CleanArchitecture/working/.dotnet/packs/Microsoft.NETCore.App.Ref/10.0.0/ref/net10.0/System.Collections.Specialized.dll (00:00:00.0370221)
[19439] [008] [INFO]   /home/runner/work/Ansede/Ansede/benchmarks/report/.codeql_dbs/CleanArchitecture/working/.dotnet/packs/Microsoft.NETCore.App.Ref/10.0.0/ref/net10.0/System.ComponentModel.DataAnnotations.dll (00:00:00.0020430)
[19439] [008] [INFO]   /home/runner/work/Ansede/Ansede/benchmarks/report/.codeql_dbs/CleanArchitecture/working/.dotnet/packs/Microsoft.NETCore.App.Ref/10.0.0/ref/net10.0/System.ComponentModel.dll (00:00:00.0294970)
[19439] [008] [INFO]   /home/runner/work/Ansede/Ansede/benchmarks/report/.codeql_dbs/CleanArchitecture/working/.dotnet/packs/Microsoft.NETCore.App.Ref/10.0.0/ref/net10.0/System.ComponentModel.EventBasedAsync.dll (00:00:00.0232224)
[19439] [001] [INFO]   /home/runner/work/Ansede/Ansede/benchmarks/report/.codeql_dbs/CleanArchitecture/working/.dotnet/packs/Microsoft.NETCore.App.Ref/10.0.0/ref/net10.0/System.ComponentModel.Annotations.dll (00:00:00.0851947)
[19439] [008] [INFO]   /home/runner/work/Ansede/Ansede/benchmarks/report/.codeql_dbs/CleanArchitecture/working/.dotnet/packs/Microsoft.NETCore.App.Ref/10.0.0/ref/net10.0/System.ComponentModel.Primitives.dll (00:00:00.0410431)
[19439] [008] [INFO]   /home/runner/work/Ansede/Ansede/benchmarks/report/.codeql_dbs/CleanArchitecture/working/.dotnet/packs/Microsoft.NETCore.App.Ref/10.0.0/ref/net10.0/System.Configuration.dll (00:00:00.0015302)
[19439] [007] [INFO]   /home/runner/work/Ansede/Ansede/benchmarks/report/.codeql_dbs/CleanArchitecture/working/.dotnet/packs/Microsoft.NETCore.App.Ref/10.0.0/ref/net10.0/System.Collections.dll (00:00:00.3945856)
[19439] [007] [INFO]   /home/runner/work/Ansede/Ansede/benchmarks/report/.codeql_dbs/CleanArchitecture/working/.dotnet/packs/Microsoft.NETCore.App.Ref/10.0.0/ref/net10.0/System.Core.dll (00:00:00.0016606)
[19439] [008] [INFO]   /home/runner/work/Ansede/Ansede/benchmarks/report/.codeql_dbs/CleanArchitecture/working/.dotnet/packs/Microsoft.NETCore.App.Ref/10.0.0/ref/net10.0/System.Console.dll (00:00:00.0880220)
[19439] [008] [INFO]   /home/runner/work/Ansede/Ansede/benchmarks/report/.codeql_dbs/CleanArchitecture/working/.dotnet/packs/Microsoft.NETCore.App.Ref/10.0.0/ref/net10.0/System.Data.DataSetExtensions.dll (00:00:00.0010511)
[19439] [008] [INFO]   /home/runner/work/Ansede/Ansede/benchmarks/report/.codeql_dbs/CleanArchitecture/working/.dotnet/packs/Microsoft.NETCore.App.Ref/10.0.0/ref/net10.0/System.Data.dll (00:00:00.0012761)
[19439] [008] [INFO]   /home/runner/work/Ansede/Ansede/benchmarks/report/.codeql_dbs/CleanArchitecture/working/.dotnet/packs/Microsoft.NETCore.App.Ref/10.0.0/ref/net10.0/System.Diagnostics.Contracts.dll (00:00:00.0176793)
[19439] [008] [INFO]   /home/runner/work/Ansede/Ansede/benchmarks/report/.codeql_dbs/CleanArchitecture/working/.dotnet/packs/Microsoft.NETCore.App.Ref/10.0.0/ref/net10.0/System.Diagnostics.Debug.dll (00:00:00.0044773)
[19439] [008] [INFO]   /home/runner/work/Ansede/Ansede/benchmarks/report/.codeql_dbs/CleanArchitecture/working/.dotnet/packs/Microsoft.NETCore.App.Ref/10.0.0/ref/net10.0/System.Diagnostics.DiagnosticSource.dll (00:00:00.2016438)
[19439] [008] [INFO]   /home/runner/work/Ansede/Ansede/benchmarks/report/.codeql_dbs/CleanArchitecture/working/.dotnet/packs/Microsoft.NETCore.App.Ref/10.0.0/ref/net10.0/System.Diagnostics.FileVersionInfo.dll (00:00:00.0265397)
[19439] [008] [INFO]   /home/runner/work/Ansede/Ansede/benchmarks/report/.codeql_dbs/CleanArchitecture/working/.dotnet/packs/Microsoft.NETCore.App.Ref/10.0.0/ref/net10.0/System.Diagnostics.Process.dll (00:00:00.0908482)
[19439] [006] [INFO]   /home/runner/work/Ansede/Ansede/benchmarks/report/.codeql_dbs/CleanArchitecture/working/.dotnet/packs/Microsoft.NETCore.App.Ref/10.0.0/ref/net10.0/System.Collections.Immutable.dll (00:00:00.7192324)
[19439] [008] [INFO]   /home/runner/work/Ansede/Ansede/benchmarks/report/.codeql_dbs/CleanArchitecture/working/.dotnet/packs/Microsoft.NETCore.App.Ref/10.0.0/ref/net10.0/System.Diagnostics.StackTrace.dll (00:00:00.0363594)
[19439] [008] [INFO]   /home/runner/work/Ansede/Ansede/benchmarks/report/.codeql_dbs/CleanArchitecture/working/.dotnet/packs/Microsoft.NETCore.App.Ref/10.0.0/ref/net10.0/System.Diagnostics.Tools.dll (00:00:00.0029427)
[19439] [006] [INFO]   /home/runner/work/Ansede/Ansede/benchmarks/report/.codeql_dbs/CleanArchitecture/working/.dotnet/packs/Microsoft.NETCore.App.Ref/10.0.0/ref/net10.0/System.Diagnostics.TextWriterTraceListener.dll (00:00:00.0252831)
[19439] [001] [INFO]   /home/runner/work/Ansede/Ansede/benchmarks/report/.codeql_dbs/CleanArchitecture/working/.dotnet/packs/Microsoft.NETCore.App.Ref/10.0.0/ref/net10.0/System.ComponentModel.TypeConverter.dll (00:00:00.5298840)
[19439] [001] [INFO]   /home/runner/work/Ansede/Ansede/benchmarks/report/.codeql_dbs/CleanArchitecture/working/.dotnet/packs/Microsoft.NETCore.App.Ref/10.0.0/ref/net10.0/System.dll (00:00:00.0024241)
[19439] [001] [INFO]   /home/runner/work/Ansede/Ansede/benchmarks/report/.codeql_dbs/CleanArchitecture/working/.dotnet/packs/Microsoft.NETCore.App.Ref/10.0.0/ref/net10.0/System.Drawing.dll (00:00:00.0018876)
[19439] [008] [INFO]   /home/runner/work/Ansede/Ansede/benchmarks/report/.codeql_dbs/CleanArchitecture/working/.dotnet/packs/Microsoft.NETCore.App.Ref/10.0.0/ref/net10.0/System.Diagnostics.TraceSource.dll (00:00:00.0700816)
[19439] [008] [INFO]   /home/runner/work/Ansede/Ansede/benchmarks/report/.codeql_dbs/CleanArchitecture/working/.dotnet/packs/Microsoft.NETCore.App.Ref/10.0.0/ref/net10.0/System.Dynamic.Runtime.dll (00:00:00.0016446)
[19439] [006] [INFO]   /home/runner/work/Ansede/Ansede/benchmarks/report/.codeql_dbs/CleanArchitecture/working/.dotnet/packs/Microsoft.NETCore.App.Ref/10.0.0/ref/net10.0/System.Diagnostics.Tracing.dll (00:00:00.0742004)
[19439] [006] [INFO]   /home/runner/work/Ansede/Ansede/benchmarks/report/.codeql_dbs/CleanArchitecture/working/.dotnet/packs/Microsoft.NETCore.App.Ref/10.0.0/ref/net10.0/System.Formats.Tar.dll (00:00:00.0230277)
[19439] [006] [INFO]   /home/runner/work/Ansede/Ansede/benchmarks/report/.codeql_dbs/CleanArchitecture/working/.dotnet/packs/Microsoft.NETCore.App.Ref/10.0.0/ref/net10.0/System.Globalization.Calendars.dll (00:00:00.0021194)
[19439] [001] [INFO]   /home/runner/work/Ansede/Ansede/benchmarks/report/.codeql_dbs/CleanArchitecture/working/.dotnet/packs/Microsoft.NETCore.App.Ref/10.0.0/ref/net10.0/System.Drawing.Primitives.dll (00:00:00.0895711)
[19439] [006] [INFO]   /home/runner/work/Ansede/Ansede/benchmarks/report/.codeql_dbs/CleanArchitecture/working/.dotnet/packs/Microsoft.NETCore.App.Ref/10.0.0/ref/net10.0/System.Globalization.dll (00:00:00.0023432)
[19439] [001] [INFO]   /home/runner/work/Ansede/Ansede/benchmarks/report/.codeql_dbs/CleanArchitecture/working/.dotnet/packs/Microsoft.NETCore.App.Ref/10.0.0/ref/net10.0/System.Globalization.Extensions.dll (00:00:00.0021554)
[19439] [008] [INFO]   /home/runner/work/Ansede/Ansede/benchmarks/report/.codeql_dbs/CleanArchitecture/working/.dotnet/packs/Microsoft.NETCore.App.Ref/10.0.0/ref/net10.0/System.Formats.Asn1.dll (00:00:00.0541361)
[19439] [008] [INFO]   /home/runner/work/Ansede/Ansede/benchmarks/report/.codeql_dbs/CleanArchitecture/working/.dotnet/packs/Microsoft.NETCore.App.Ref/10.0.0/ref/net10.0/System.IO.Compression.FileSystem.dll (00:00:00.0382017)
[19439] [006] [INFO]   /home/runner/work/Ansede/Ansede/benchmarks/report/.codeql_dbs/CleanArchitecture/working/.dotnet/packs/Microsoft.NETCore.App.Ref/10.0.0/ref/net10.0/System.IO.Compression.Brotli.dll (00:00:00.0507450)
[19439] [006] [INFO]   /home/runner/work/Ansede/Ansede/benchmarks/report/.codeql_dbs/CleanArchitecture/working/.dotnet/packs/Microsoft.NETCore.App.Ref/10.0.0/ref/net10.0/System.IO.dll (00:00:00.0017456)
[19439] [008] [INFO]   /home/runner/work/Ansede/Ansede/benchmarks/report/.codeql_dbs/CleanArchitecture/working/.dotnet/packs/Microsoft.NETCore.App.Ref/10.0.0/ref/net10.0/System.IO.Compression.ZipFile.dll (00:00:00.0141490)
[19439] [008] [INFO]   /home/runner/work/Ansede/Ansede/benchmarks/report/.codeql_dbs/CleanArchitecture/working/.dotnet/packs/Microsoft.NETCore.App.Ref/10.0.0/ref/net10.0/System.IO.FileSystem.dll (00:00:00.0017736)
[19439] [006] [INFO]   /home/runner/work/Ansede/Ansede/benchmarks/report/.codeql_dbs/CleanArchitecture/working/.dotnet/packs/Microsoft.NETCore.App.Ref/10.0.0/ref/net10.0/System.IO.FileSystem.AccessControl.dll (00:00:00.0153130)
[19439] [008] [INFO]   /home/runner/work/Ansede/Ansede/benchmarks/report/.codeql_dbs/CleanArchitecture/working/.dotnet/packs/Microsoft.NETCore.App.Ref/10.0.0/ref/net10.0/System.IO.FileSystem.DriveInfo.dll (00:00:00.0055863)
[19439] [001] [INFO]   /home/runner/work/Ansede/Ansede/benchmarks/report/.codeql_dbs/CleanArchitecture/working/.dotnet/packs/Microsoft.NETCore.App.Ref/10.0.0/ref/net10.0/System.IO.Compression.dll (00:00:00.0690835)
[19439] [006] [INFO]   /home/runner/work/Ansede/Ansede/benchmarks/report/.codeql_dbs/CleanArchitecture/working/.dotnet/packs/Microsoft.NETCore.App.Ref/10.0.0/ref/net10.0/System.IO.FileSystem.Primitives.dll (00:00:00.0017753)
[19439] [006] [INFO]   /home/runner/work/Ansede/Ansede/benchmarks/report/.codeql_dbs/CleanArchitecture/working/.dotnet/packs/Microsoft.NETCore.App.Ref/10.0.0/ref/net10.0/System.IO.MemoryMappedFiles.dll (00:00:00.0124046)
[19439] [008] [INFO]   /home/runner/work/Ansede/Ansede/benchmarks/report/.codeql_dbs/CleanArchitecture/working/.dotnet/packs/Microsoft.NETCore.App.Ref/10.0.0/ref/net10.0/System.IO.FileSystem.Watcher.dll (00:00:00.0182695)
[19439] [001] [INFO]   /home/runner/work/Ansede/Ansede/benchmarks/report/.codeql_dbs/CleanArchitecture/working/.dotnet/packs/Microsoft.NETCore.App.Ref/10.0.0/ref/net10.0/System.IO.IsolatedStorage.dll (00:00:00.0246322)
[19439] [008] [INFO]   /home/runner/work/Ansede/Ansede/benchmarks/report/.codeql_dbs/CleanArchitecture/working/.dotnet/packs/Microsoft.NETCore.App.Ref/10.0.0/ref/net10.0/System.IO.Pipes.AccessControl.dll (00:00:00.0083867)
[19439] [006] [INFO]   /home/runner/work/Ansede/Ansede/benchmarks/report/.codeql_dbs/CleanArchitecture/working/.dotnet/packs/Microsoft.NETCore.App.Ref/10.0.0/ref/net10.0/System.IO.Pipelines.dll (00:00:00.0277491)
[19439] [001] [INFO]   /home/runner/work/Ansede/Ansede/benchmarks/report/.codeql_dbs/CleanArchitecture/working/.dotnet/packs/Microsoft.NETCore.App.Ref/10.0.0/ref/net10.0/System.IO.Pipes.dll (00:00:00.0420067)
[19439] [007] [INFO]   /home/runner/work/Ansede/Ansede/benchmarks/report/.codeql_dbs/CleanArchitecture/working/.dotnet/packs/Microsoft.NETCore.App.Ref/10.0.0/ref/net10.0/System.Data.Common.dll (00:00:00.7979052)
[19439] [007] [INFO]   /home/runner/work/Ansede/Ansede/benchmarks/report/.codeql_dbs/CleanArchitecture/working/.dotnet/packs/Microsoft.NETCore.App.Ref/10.0.0/ref/net10.0/System.IO.UnmanagedMemoryStream.dll (00:00:00.0019677)
[19439] [006] [INFO]   /home/runner/work/Ansede/Ansede/benchmarks/report/.codeql_dbs/CleanArchitecture/working/.dotnet/packs/Microsoft.NETCore.App.Ref/10.0.0/ref/net10.0/System.Linq.dll (00:00:00.2716104)
[19439] [001] [INFO]   /home/runner/work/Ansede/Ansede/benchmarks/report/.codeql_dbs/CleanArchitecture/working/.dotnet/packs/Microsoft.NETCore.App.Ref/10.0.0/ref/net10.0/System.Linq.Expressions.dll (00:00:00.3152567)
[19439] [008] [INFO]   /home/runner/work/Ansede/Ansede/benchmarks/report/.codeql_dbs/CleanArchitecture/working/.dotnet/packs/Microsoft.NETCore.App.Ref/10.0.0/ref/net10.0/System.Linq.AsyncEnumerable.dll (00:00:00.3768343)
[19439] [008] [INFO]   /home/runner/work/Ansede/Ansede/benchmarks/report/.codeql_dbs/CleanArchitecture/working/.dotnet/packs/Microsoft.NETCore.App.Ref/10.0.0/ref/net10.0/System.Net.dll (00:00:00.0026538)
[19439] [007] [INFO]   /home/runner/work/Ansede/Ansede/benchmarks/report/.codeql_dbs/CleanArchitecture/working/.dotnet/packs/Microsoft.NETCore.App.Ref/10.0.0/ref/net10.0/System.Linq.Parallel.dll (00:00:00.2220255)
[19439] [007] [INFO]   /home/runner/work/Ansede/Ansede/benchmarks/report/.codeql_dbs/CleanArchitecture/working/.dotnet/packs/Microsoft.NETCore.App.Ref/10.0.0/ref/net10.0/System.Net.Http.Json.dll (00:00:00.0652147)
[19439] [007] [INFO]   /home/runner/work/Ansede/Ansede/benchmarks/report/.codeql_dbs/CleanArchitecture/working/.dotnet/packs/Microsoft.NETCore.App.Ref/10.0.0/ref/net10.0/System.Net.HttpListener.dll (00:00:00.0382039)
[19439] [006] [INFO]   /home/runner/work/Ansede/Ansede/benchmarks/report/.codeql_dbs/CleanArchitecture/working/.dotnet/packs/Microsoft.NETCore.App.Ref/10.0.0/ref/net10.0/System.Linq.Queryable.dll (00:00:00.3144235)
[19439] [006] [INFO]   /home/runner/work/Ansede/Ansede/benchmarks/report/.codeql_dbs/CleanArchitecture/working/.dotnet/packs/Microsoft.NETCore.App.Ref/10.0.0/ref/net10.0/System.Net.NameResolution.dll (00:00:00.0141606)
[19439] [007] [INFO]   /home/runner/work/Ansede/Ansede/benchmarks/report/.codeql_dbs/CleanArchitecture/working/.dotnet/packs/Microsoft.NETCore.App.Ref/10.0.0/ref/net10.0/System.Net.Mail.dll (00:00:00.1410177)
[19439] [007] [INFO]   /home/runner/work/Ansede/Ansede/benchmarks/report/.codeql_dbs/CleanArchitecture/working/.dotnet/packs/Microsoft.NETCore.App.Ref/10.0.0/ref/net10.0/System.Net.Ping.dll (00:00:00.0182109)
[19439] [008] [INFO]   /home/runner/work/Ansede/Ansede/benchmarks/report/.codeql_dbs/CleanArchitecture/working/.dotnet/packs/Microsoft.NETCore.App.Ref/10.0.0/ref/net10.0/System.Net.Http.dll (00:00:00.3354930)
[19439] [006] [INFO]   /home/runner/work/Ansede/Ansede/benchmarks/report/.codeql_dbs/CleanArchitecture/working/.dotnet/packs/Microsoft.NETCore.App.Ref/10.0.0/ref/net10.0/System.Net.NetworkInformation.dll (00:00:00.1286881)
[19439] [008] [INFO]   /home/runner/work/Ansede/Ansede/benchmarks/report/.codeql_dbs/CleanArchitecture/working/.dotnet/packs/Microsoft.NETCore.App.Ref/10.0.0/ref/net10.0/System.Net.Quic.dll (00:00:00.0409381)
[19439] [001] [INFO]   /home/runner/work/Ansede/Ansede/benchmarks/report/.codeql_dbs/CleanArchitecture/working/.dotnet/packs/Microsoft.NETCore.App.Ref/10.0.0/ref/net10.0/System.Memory.dll (00:00:00.4993920)
[19439] [007] [INFO]   /home/runner/work/Ansede/Ansede/benchmarks/report/.codeql_dbs/CleanArchitecture/working/.dotnet/packs/Microsoft.NETCore.App.Ref/10.0.0/ref/net10.0/System.Net.Primitives.dll (00:00:00.1989478)
[19439] [007] [INFO]   /home/runner/work/Ansede/Ansede/benchmarks/report/.codeql_dbs/CleanArchitecture/working/.dotnet/packs/Microsoft.NETCore.App.Ref/10.0.0/ref/net10.0/System.Net.ServicePoint.dll (00:00:00.0027710)
[19439] [001] [INFO]   /home/runner/work/Ansede/Ansede/benchmarks/report/.codeql_dbs/CleanArchitecture/working/.dotnet/packs/Microsoft.NETCore.App.Ref/10.0.0/ref/net10.0/System.Net.ServerSentEvents.dll (00:00:00.0287606)
[19439] [006] [INFO]   /home/runner/work/Ansede/Ansede/benchmarks/report/.codeql_dbs/CleanArchitecture/working/.dotnet/packs/Microsoft.NETCore.App.Ref/10.0.0/ref/net10.0/System.Net.Requests.dll (00:00:00.1994330)
[19439] [008] [INFO]   /home/runner/work/Ansede/Ansede/benchmarks/report/.codeql_dbs/CleanArchitecture/working/.dotnet/packs/Microsoft.NETCore.App.Ref/10.0.0/ref/net10.0/System.Net.Security.dll (00:00:00.1951170)
[19439] [001] [INFO]   /home/runner/work/Ansede/Ansede/benchmarks/report/.codeql_dbs/CleanArchitecture/working/.dotnet/packs/Microsoft.NETCore.App.Ref/10.0.0/ref/net10.0/System.Net.WebClient.dll (00:00:00.0937271)
[19439] [006] [INFO]   /home/runner/work/Ansede/Ansede/benchmarks/report/.codeql_dbs/CleanArchitecture/working/.dotnet/packs/Microsoft.NETCore.App.Ref/10.0.0/ref/net10.0/System.Net.WebHeaderCollection.dll (00:00:00.0322740)
[19439] [008] [INFO]   /home/runner/work/Ansede/Ansede/benchmarks/report/.codeql_dbs/CleanArchitecture/working/.dotnet/packs/Microsoft.NETCore.App.Ref/10.0.0/ref/net10.0/System.Net.WebProxy.dll (00:00:00.0308209)
[19439] [008] [INFO]   /home/runner/work/Ansede/Ansede/benchmarks/report/.codeql_dbs/CleanArchitecture/working/.dotnet/packs/Microsoft.NETCore.App.Ref/10.0.0/ref/net10.0/System.Numerics.dll (00:00:00.0016926)
[19439] [001] [INFO]   /home/runner/work/Ansede/Ansede/benchmarks/report/.codeql_dbs/CleanArchitecture/working/.dotnet/packs/Microsoft.NETCore.App.Ref/10.0.0/ref/net10.0/System.Net.WebSockets.Client.dll (00:00:00.0208495)
[19439] [006] [INFO]   /home/runner/work/Ansede/Ansede/benchmarks/report/.codeql_dbs/CleanArchitecture/working/.dotnet/packs/Microsoft.NETCore.App.Ref/10.0.0/ref/net10.0/System.Net.WebSockets.dll (00:00:00.0304944)
[19439] [006] [INFO]   /home/runner/work/Ansede/Ansede/benchmarks/report/.codeql_dbs/CleanArchitecture/working/.dotnet/packs/Microsoft.NETCore.App.Ref/10.0.0/ref/net10.0/System.Reflection.DispatchProxy.dll (00:00:00.0031994)
[19439] [006] [INFO]   /home/runner/work/Ansede/Ansede/benchmarks/report/.codeql_dbs/CleanArchitecture/working/.dotnet/packs/Microsoft.NETCore.App.Ref/10.0.0/ref/net10.0/System.Reflection.dll (00:00:00.0017628)
[19439] [007] [INFO]   /home/runner/work/Ansede/Ansede/benchmarks/report/.codeql_dbs/CleanArchitecture/working/.dotnet/packs/Microsoft.NETCore.App.Ref/10.0.0/ref/net10.0/System.Net.Sockets.dll (00:00:00.2385905)
[19439] [001] [INFO]   /home/runner/work/Ansede/Ansede/benchmarks/report/.codeql_dbs/CleanArchitecture/working/.dotnet/packs/Microsoft.NETCore.App.Ref/10.0.0/ref/net10.0/System.ObjectModel.dll (00:00:00.1186669)
[19439] [007] [INFO]   /home/runner/work/Ansede/Ansede/benchmarks/report/.codeql_dbs/CleanArchitecture/working/.dotnet/packs/Microsoft.NETCore.App.Ref/10.0.0/ref/net10.0/System.Reflection.Emit.Lightweight.dll (00:00:00.0204092)
[19439] [007] [INFO]   /home/runner/work/Ansede/Ansede/benchmarks/report/.codeql_dbs/CleanArchitecture/working/.dotnet/packs/Microsoft.NETCore.App.Ref/10.0.0/ref/net10.0/System.Reflection.Extensions.dll (00:00:00.0018507)
[19439] [001] [INFO]   /home/runner/work/Ansede/Ansede/benchmarks/report/.codeql_dbs/CleanArchitecture/working/.dotnet/packs/Microsoft.NETCore.App.Ref/10.0.0/ref/net10.0/System.Reflection.Emit.ILGeneration.dll (00:00:00.0315156)
[19439] [001] [INFO]   /home/runner/work/Ansede/Ansede/benchmarks/report/.codeql_dbs/CleanArchitecture/working/.dotnet/packs/Microsoft.NETCore.App.Ref/10.0.0/ref/net10.0/System.Reflection.Primitives.dll (00:00:00.0335392)
[19439] [001] [INFO]   /home/runner/work/Ansede/Ansede/benchmarks/report/.codeql_dbs/CleanArchitecture/working/.dotnet/packs/Microsoft.NETCore.App.Ref/10.0.0/ref/net10.0/System.Reflection.TypeExtensions.dll (00:00:00.0476100)
[19439] [001] [INFO]   /home/runner/work/Ansede/Ansede/benchmarks/report/.codeql_dbs/CleanArchitecture/working/.dotnet/packs/Microsoft.NETCore.App.Ref/10.0.0/ref/net10.0/System.Resources.Reader.dll (00:00:00.0018631)
[19439] [001] [INFO]   /home/runner/work/Ansede/Ansede/benchmarks/report/.codeql_dbs/CleanArchitecture/working/.dotnet/packs/Microsoft.NETCore.App.Ref/10.0.0/ref/net10.0/System.Resources.ResourceManager.dll (00:00:00.0017007)
[19439] [001] [INFO]   /home/runner/work/Ansede/Ansede/benchmarks/report/.codeql_dbs/CleanArchitecture/working/.dotnet/packs/Microsoft.NETCore.App.Ref/10.0.0/ref/net10.0/System.Resources.Writer.dll (00:00:00.0106573)
[19439] [001] [INFO]   /home/runner/work/Ansede/Ansede/benchmarks/report/.codeql_dbs/CleanArchitecture/working/.dotnet/packs/Microsoft.NETCore.App.Ref/10.0.0/ref/net10.0/System.Runtime.CompilerServices.Unsafe.dll (00:00:00.0016710)
[19439] [006] [INFO]   /home/runner/work/Ansede/Ansede/benchmarks/report/.codeql_dbs/CleanArchitecture/working/.dotnet/packs/Microsoft.NETCore.App.Ref/10.0.0/ref/net10.0/System.Reflection.Emit.dll (00:00:00.2571281)
[19439] [001] [INFO]   /home/runner/work/Ansede/Ansede/benchmarks/report/.codeql_dbs/CleanArchitecture/working/.dotnet/packs/Microsoft.NETCore.App.Ref/10.0.0/ref/net10.0/System.Runtime.CompilerServices.VisualC.dll (00:00:00.0042096)
[19439] [001] [INFO]   /home/runner/work/Ansede/Ansede/benchmarks/report/.codeql_dbs/CleanArchitecture/working/.dotnet/packs/Microsoft.NETCore.App.Ref/10.0.0/ref/net10.0/System.Runtime.Extensions.dll (00:00:00.0016919)
[19439] [006] [INFO]   /home/runner/work/Ansede/Ansede/benchmarks/report/.codeql_dbs/CleanArchitecture/working/.dotnet/packs/Microsoft.NETCore.App.Ref/10.0.0/ref/net10.0/System.Runtime.Handles.dll (00:00:00.0018260)
[19439] [008] [INFO]   /home/runner/work/Ansede/Ansede/benchmarks/report/.codeql_dbs/CleanArchitecture/working/.dotnet/packs/Microsoft.NETCore.App.Ref/10.0.0/ref/net10.0/System.Numerics.Vectors.dll (00:00:00.4510988)
[19439] [008] [INFO]   /home/runner/work/Ansede/Ansede/benchmarks/report/.codeql_dbs/CleanArchitecture/working/.dotnet/packs/Microsoft.NETCore.App.Ref/10.0.0/ref/net10.0/System.Runtime.InteropServices.JavaScript.dll (00:00:00.0602686)
[19439] [008] [INFO]   /home/runner/work/Ansede/Ansede/benchmarks/report/.codeql_dbs/CleanArchitecture/working/.dotnet/packs/Microsoft.NETCore.App.Ref/10.0.0/ref/net10.0/System.Runtime.InteropServices.RuntimeInformation.dll (00:00:00.0021134)
[19439] [008] [INFO]   /home/runner/work/Ansede/Ansede/benchmarks/report/.codeql_dbs/CleanArchitecture/working/.dotnet/packs/Microsoft.NETCore.App.Ref/10.0.0/ref/net10.0/System.Runtime.Loader.dll (00:00:00.0512217)
[19439] [007] [INFO]   /home/runner/work/Ansede/Ansede/benchmarks/report/.codeql_dbs/CleanArchitecture/working/.dotnet/packs/Microsoft.NETCore.App.Ref/10.0.0/ref/net10.0/System.Reflection.Metadata.dll (00:00:00.6835926)
[19439] [007] [INFO]   /home/runner/work/Ansede/Ansede/benchmarks/report/.codeql_dbs/CleanArchitecture/working/.dotnet/packs/Microsoft.NETCore.App.Ref/10.0.0/ref/net10.0/System.Runtime.Serialization.dll (00:00:00.0019075)
[19439] [007] [INFO]   /home/runner/work/Ansede/Ansede/benchmarks/report/.codeql_dbs/CleanArchitecture/working/.dotnet/packs/Microsoft.NETCore.App.Ref/10.0.0/ref/net10.0/System.Runtime.Serialization.Json.dll (00:00:00.0258590)
[19439] [007] [INFO]   /home/runner/work/Ansede/Ansede/benchmarks/report/.codeql_dbs/CleanArchitecture/working/.dotnet/packs/Microsoft.NETCore.App.Ref/10.0.0/ref/net10.0/System.Runtime.Serialization.Primitives.dll (00:00:00.0305516)
[19439] [007] [INFO]   /home/runner/work/Ansede/Ansede/benchmarks/report/.codeql_dbs/CleanArchitecture/working/.dotnet/packs/Microsoft.NETCore.App.Ref/10.0.0/ref/net10.0/System.Runtime.Serialization.Formatters.dll (00:00:00.0488497)
[19439] [007] [INFO]   /home/runner/work/Ansede/Ansede/benchmarks/report/.codeql_dbs/CleanArchitecture/working/.dotnet/packs/Microsoft.NETCore.App.Ref/10.0.0/ref/net10.0/System.Security.AccessControl.dll (00:00:00.1114369)
[19439] [007] [INFO]   /home/runner/work/Ansede/Ansede/benchmarks/report/.codeql_dbs/CleanArchitecture/working/.dotnet/packs/Microsoft.NETCore.App.Ref/10.0.0/ref/net10.0/System.Security.Claims.dll (00:00:00.0307181)
[19439] [007] [INFO]   /home/runner/work/Ansede/Ansede/benchmarks/report/.codeql_dbs/CleanArchitecture/working/.dotnet/packs/Microsoft.NETCore.App.Ref/10.0.0/ref/net10.0/System.Security.Cryptography.Algorithms.dll (00:00:00.0018184)
[19439] [001] [INFO]   /home/runner/work/Ansede/Ansede/benchmarks/report/.codeql_dbs/CleanArchitecture/working/.dotnet/packs/Microsoft.NETCore.App.Ref/10.0.0/ref/net10.0/System.Runtime.InteropServices.dll (00:00:00.8149387)
[19439] [007] [INFO]   /home/runner/work/Ansede/Ansede/benchmarks/report/.codeql_dbs/CleanArchitecture/working/.dotnet/packs/Microsoft.NETCore.App.Ref/10.0.0/ref/net10.0/System.Security.Cryptography.Cng.dll (00:00:00.0024116)
[19439] [007] [INFO]   /home/runner/work/Ansede/Ansede/benchmarks/report/.codeql_dbs/CleanArchitecture/working/.dotnet/packs/Microsoft.NETCore.App.Ref/10.0.0/ref/net10.0/System.Security.Cryptography.Csp.dll (00:00:00.0024959)
[19439] [001] [INFO]   /home/runner/work/Ansede/Ansede/benchmarks/report/.codeql_dbs/CleanArchitecture/working/.dotnet/packs/Microsoft.NETCore.App.Ref/10.0.0/ref/net10.0/System.Runtime.Serialization.Xml.dll (00:00:00.2113789)
[19439] [001] [INFO]   /home/runner/work/Ansede/Ansede/benchmarks/report/.codeql_dbs/CleanArchitecture/working/.dotnet/packs/Microsoft.NETCore.App.Ref/10.0.0/ref/net10.0/System.Security.Cryptography.Encoding.dll (00:00:00.0019261)
[19439] [001] [INFO]   /home/runner/work/Ansede/Ansede/benchmarks/report/.codeql_dbs/CleanArchitecture/working/.dotnet/packs/Microsoft.NETCore.App.Ref/10.0.0/ref/net10.0/System.Runtime.Numerics.dll (00:00:00.3375780)
[19439] [001] [INFO]   /home/runner/work/Ansede/Ansede/benchmarks/report/.codeql_dbs/CleanArchitecture/working/.dotnet/packs/Microsoft.NETCore.App.Ref/10.0.0/ref/net10.0/System.Security.Cryptography.OpenSsl.dll (00:00:00.0018603)
[19439] [001] [INFO]   /home/runner/work/Ansede/Ansede/benchmarks/report/.codeql_dbs/CleanArchitecture/working/.dotnet/packs/Microsoft.NETCore.App.Ref/10.0.0/ref/net10.0/System.Security.Cryptography.Primitives.dll (00:00:00.0017479)
[19439] [001] [INFO]   /home/runner/work/Ansede/Ansede/benchmarks/report/.codeql_dbs/CleanArchitecture/working/.dotnet/packs/Microsoft.NETCore.App.Ref/10.0.0/ref/net10.0/System.Security.Cryptography.X509Certificates.dll (00:00:00.0014551)
[19439] [001] [INFO]   /home/runner/work/Ansede/Ansede/benchmarks/report/.codeql_dbs/CleanArchitecture/working/.dotnet/packs/Microsoft.NETCore.App.Ref/10.0.0/ref/net10.0/System.Security.dll (00:00:00.0013665)
[19439] [001] [INFO]   /home/runner/work/Ansede/Ansede/benchmarks/report/.codeql_dbs/CleanArchitecture/working/.dotnet/packs/Microsoft.NETCore.App.Ref/10.0.0/ref/net10.0/System.Security.Principal.dll (00:00:00.0013454)
[19439] [001] [INFO]   /home/runner/work/Ansede/Ansede/benchmarks/report/.codeql_dbs/CleanArchitecture/working/.dotnet/packs/Microsoft.NETCore.App.Ref/10.0.0/ref/net10.0/System.Security.Principal.Windows.dll (00:00:00.0832995)
[19439] [001] [INFO]   /home/runner/work/Ansede/Ansede/benchmarks/report/.codeql_dbs/CleanArchitecture/working/.dotnet/packs/Microsoft.NETCore.App.Ref/10.0.0/ref/net10.0/System.Security.SecureString.dll (00:00:00.0051717)
[19439] [001] [INFO]   /home/runner/work/Ansede/Ansede/benchmarks/report/.codeql_dbs/CleanArchitecture/working/.dotnet/packs/Microsoft.NETCore.App.Ref/10.0.0/ref/net10.0/System.ServiceModel.Web.dll (00:00:00.0013302)
[19439] [001] [INFO]   /home/runner/work/Ansede/Ansede/benchmarks/report/.codeql_dbs/CleanArchitecture/working/.dotnet/packs/Microsoft.NETCore.App.Ref/10.0.0/ref/net10.0/System.ServiceProcess.dll (00:00:00.0028614)
[19439] [001] [INFO]   /home/runner/work/Ansede/Ansede/benchmarks/report/.codeql_dbs/CleanArchitecture/working/.dotnet/packs/Microsoft.NETCore.App.Ref/10.0.0/ref/net10.0/System.Text.Encoding.CodePages.dll (00:00:00.0044928)
[19439] [001] [INFO]   /home/runner/work/Ansede/Ansede/benchmarks/report/.codeql_dbs/CleanArchitecture/working/.dotnet/packs/Microsoft.NETCore.App.Ref/10.0.0/ref/net10.0/System.Text.Encoding.dll (00:00:00.0044761)
[19439] [001] [INFO]   /home/runner/work/Ansede/Ansede/benchmarks/report/.codeql_dbs/CleanArchitecture/working/.dotnet/packs/Microsoft.NETCore.App.Ref/10.0.0/ref/net10.0/System.Text.Encoding.Extensions.dll (00:00:00.0501702)
[19439] [001] [INFO]   /home/runner/work/Ansede/Ansede/benchmarks/report/.codeql_dbs/CleanArchitecture/working/.dotnet/packs/Microsoft.NETCore.App.Ref/10.0.0/ref/net10.0/System.Text.Encodings.Web.dll (00:00:00.0419367)
[19439] [007] [INFO]   /home/runner/work/Ansede/Ansede/benchmarks/report/.codeql_dbs/CleanArchitecture/working/.dotnet/packs/Microsoft.NETCore.App.Ref/10.0.0/ref/net10.0/System.Security.Cryptography.dll (00:00:01.0482745)
[19439] [001] [INFO]   /home/runner/work/Ansede/Ansede/benchmarks/report/.codeql_dbs/CleanArchitecture/working/.dotnet/packs/Microsoft.NETCore.App.Ref/10.0.0/ref/net10.0/System.Text.Json.dll (00:00:00.3275055)
[19439] [001] [INFO]   /home/runner/work/Ansede/Ansede/benchmarks/report/.codeql_dbs/CleanArchitecture/working/.dotnet/packs/Microsoft.NETCore.App.Ref/10.0.0/ref/net10.0/System.Threading.AccessControl.dll (00:00:00.0160695)
[19439] [007] [INFO]   /home/runner/work/Ansede/Ansede/benchmarks/report/.codeql_dbs/CleanArchitecture/working/.dotnet/packs/Microsoft.NETCore.App.Ref/10.0.0/ref/net10.0/System.Text.RegularExpressions.dll (00:00:00.0797591)
[19439] [001] [INFO]   /home/runner/work/Ansede/Ansede/benchmarks/report/.codeql_dbs/CleanArchitecture/working/.dotnet/packs/Microsoft.NETCore.App.Ref/10.0.0/ref/net10.0/System.Threading.Channels.dll (00:00:00.0191052)
[19439] [001] [INFO]   /home/runner/work/Ansede/Ansede/benchmarks/report/.codeql_dbs/CleanArchitecture/working/.dotnet/packs/Microsoft.NETCore.App.Ref/10.0.0/ref/net10.0/System.Threading.Overlapped.dll (00:00:00.0146536)
[19439] [007] [INFO]   /home/runner/work/Ansede/Ansede/benchmarks/report/.codeql_dbs/CleanArchitecture/working/.dotnet/packs/Microsoft.NETCore.App.Ref/10.0.0/ref/net10.0/System.Threading.dll (00:00:00.1264725)
[19439] [007] [INFO]   /home/runner/work/Ansede/Ansede/benchmarks/report/.codeql_dbs/CleanArchitecture/working/.dotnet/packs/Microsoft.NETCore.App.Ref/10.0.0/ref/net10.0/System.Threading.Tasks.dll (00:00:00.0028324)
[19439] [007] [INFO]   /home/runner/work/Ansede/Ansede/benchmarks/report/.codeql_dbs/CleanArchitecture/working/.dotnet/packs/Microsoft.NETCore.App.Ref/10.0.0/ref/net10.0/System.Threading.Tasks.Extensions.dll (00:00:00.0053448)
[19439] [007] [INFO]   /home/runner/work/Ansede/Ansede/benchmarks/report/.codeql_dbs/CleanArchitecture/working/.dotnet/packs/Microsoft.NETCore.App.Ref/10.0.0/ref/net10.0/System.Threading.Tasks.Parallel.dll (00:00:00.0426917)
[19439] [001] [INFO]   /home/runner/work/Ansede/Ansede/benchmarks/report/.codeql_dbs/CleanArchitecture/working/.dotnet/packs/Microsoft.NETCore.App.Ref/10.0.0/ref/net10.0/System.Threading.Tasks.Dataflow.dll (00:00:00.1625863)
[19439] [001] [INFO]   /home/runner/work/Ansede/Ansede/benchmarks/report/.codeql_dbs/CleanArchitecture/working/.dotnet/packs/Microsoft.NETCore.App.Ref/10.0.0/ref/net10.0/System.Threading.ThreadPool.dll (00:00:00.0192918)
[19439] [001] [INFO]   /home/runner/work/Ansede/Ansede/benchmarks/report/.codeql_dbs/CleanArchitecture/working/.dotnet/packs/Microsoft.NETCore.App.Ref/10.0.0/ref/net10.0/System.Threading.Timer.dll (00:00:00.0018830)
[19439] [001] [INFO]   /home/runner/work/Ansede/Ansede/benchmarks/report/.codeql_dbs/CleanArchitecture/working/.dotnet/packs/Microsoft.NETCore.App.Ref/10.0.0/ref/net10.0/System.Transactions.dll (00:00:00.0019911)
[19439] [007] [INFO]   /home/runner/work/Ansede/Ansede/benchmarks/report/.codeql_dbs/CleanArchitecture/working/.dotnet/packs/Microsoft.NETCore.App.Ref/10.0.0/ref/net10.0/System.Threading.Thread.dll (00:00:00.0406000)
[19439] [007] [INFO]   /home/runner/work/Ansede/Ansede/benchmarks/report/.codeql_dbs/CleanArchitecture/working/.dotnet/packs/Microsoft.NETCore.App.Ref/10.0.0/ref/net10.0/System.ValueTuple.dll (00:00:00.0012870)
[19439] [007] [INFO]   /home/runner/work/Ansede/Ansede/benchmarks/report/.codeql_dbs/CleanArchitecture/working/.dotnet/packs/Microsoft.NETCore.App.Ref/10.0.0/ref/net10.0/System.Web.dll (00:00:00.0009635)
[19439] [007] [INFO]   /home/runner/work/Ansede/Ansede/benchmarks/report/.codeql_dbs/CleanArchitecture/working/.dotnet/packs/Microsoft.NETCore.App.Ref/10.0.0/ref/net10.0/System.Web.HttpUtility.dll (00:00:00.0058433)
[19439] [007] [INFO]   /home/runner/work/Ansede/Ansede/benchmarks/report/.codeql_dbs/CleanArchitecture/working/.dotnet/packs/Microsoft.NETCore.App.Ref/10.0.0/ref/net10.0/System.Windows.dll (00:00:00.0011697)
[19439] [007] [INFO]   /home/runner/work/Ansede/Ansede/benchmarks/report/.codeql_dbs/CleanArchitecture/working/.dotnet/packs/Microsoft.NETCore.App.Ref/10.0.0/ref/net10.0/System.Xml.dll (00:00:00.0010870)
[19439] [007] [INFO]   /home/runner/work/Ansede/Ansede/benchmarks/report/.codeql_dbs/CleanArchitecture/working/.dotnet/packs/Microsoft.NETCore.App.Ref/10.0.0/ref/net10.0/System.Xml.Linq.dll (00:00:00.0265424)
[19439] [001] [INFO]   /home/runner/work/Ansede/Ansede/benchmarks/report/.codeql_dbs/CleanArchitecture/working/.dotnet/packs/Microsoft.NETCore.App.Ref/10.0.0/ref/net10.0/System.Transactions.Local.dll (00:00:00.0527214)
[19439] [001] [INFO]   /home/runner/work/Ansede/Ansede/benchmarks/report/.codeql_dbs/CleanArchitecture/working/.dotnet/packs/Microsoft.NETCore.App.Ref/10.0.0/ref/net10.0/System.Xml.Serialization.dll (00:00:00.0012384)
[19439] [001] [INFO]   /home/runner/work/Ansede/Ansede/benchmarks/report/.codeql_dbs/CleanArchitecture/working/.dotnet/packs/Microsoft.NETCore.App.Ref/10.0.0/ref/net10.0/System.Xml.XDocument.dll (00:00:00.0951130)
[19439] [001] [INFO]   /home/runner/work/Ansede/Ansede/benchmarks/report/.codeql_dbs/CleanArchitecture/working/.dotnet/packs/Microsoft.NETCore.App.Ref/10.0.0/ref/net10.0/System.Xml.XmlDocument.dll (00:00:00.0017055)
[19439] [001] [INFO]   /home/runner/work/Ansede/Ansede/benchmarks/report/.codeql_dbs/CleanArchitecture/working/.dotnet/packs/Microsoft.NETCore.App.Ref/10.0.0/ref/net10.0/System.Xml.XmlSerializer.dll (00:00:00.1775768)
[19439] [001] [INFO]   /home/runner/work/Ansede/Ansede/benchmarks/report/.codeql_dbs/CleanArchitecture/working/.dotnet/packs/Microsoft.NETCore.App.Ref/10.0.0/ref/net10.0/System.Xml.XPath.dll (00:00:00.0047888)
[19439] [001] [INFO]   /home/runner/work/Ansede/Ansede/benchmarks/report/.codeql_dbs/CleanArchitecture/working/.dotnet/packs/Microsoft.NETCore.App.Ref/10.0.0/ref/net10.0/System.Xml.XPath.XDocument.dll (00:00:00.0035399)
[19439] [001] [INFO]   /home/runner/.nuget/packages/vogen/8.0.5/lib/net9.0/Vogen.SharedTypes.dll (00:00:00.0187842)
[19439] [001] [INFO]   /home/runner/work/Ansede/Ansede/benchmarks/report/.codeql_dbs/CleanArchitecture/working/.dotnet/packs/Microsoft.NETCore.App.Ref/10.0.0/ref/net10.0/WindowsBase.dll (00:00:00.0017789)
[19439] [001] [INFO]   /home/runner/work/Ansede/Ansede/benchmarks/report/.repo_cache/CleanArchitecture/src/Clean.Architecture.Core/ContributorAggregate/Contributor.cs (00:00:00.1636706)
[19439] [007] [INFO]   /home/runner/work/Ansede/Ansede/benchmarks/report/.codeql_dbs/CleanArchitecture/working/.dotnet/packs/Microsoft.NETCore.App.Ref/10.0.0/ref/net10.0/System.Xml.ReaderWriter.dll (00:00:00.4963610)
[19439] [007] [INFO]   /home/runner/work/Ansede/Ansede/benchmarks/report/.repo_cache/CleanArchitecture/src/Clean.Architecture.Core/ContributorAggregate/ContributorName.cs (00:00:00.0401682)
[19439] [001] [INFO]   /home/runner/work/Ansede/Ansede/benchmarks/report/.repo_cache/CleanArchitecture/src/Clean.Architecture.Core/ContributorAggregate/ContributorId.cs (00:00:00.0566091)
[19439] [007] [INFO]   /home/runner/work/Ansede/Ansede/benchmarks/report/.repo_cache/CleanArchitecture/src/Clean.Architecture.Core/ContributorAggregate/ContributorStatus.cs (00:00:00.0447165)
[19439] [007] [INFO]   /home/runner/work/Ansede/Ansede/benchmarks/report/.repo_cache/CleanArchitecture/src/Clean.Architecture.Core/ContributorAggregate/Events/ContributorNameUpdatedEvent.cs (00:00:00.0024429)
[19439] [007] [INFO]   /home/runner/work/Ansede/Ansede/benchmarks/report/.repo_cache/CleanArchitecture/src/Clean.Architecture.Core/ContributorAggregate/Handlers/ContributorDeletedHandler.cs (00:00:00.0100965)
[19439] [001] [INFO]   /home/runner/work/Ansede/Ansede/benchmarks/report/.repo_cache/CleanArchitecture/src/Clean.Architecture.Core/ContributorAggregate/Events/ContributorDeletedEvent.cs (00:00:00.0672959)
[19439] [007] [INFO]   /home/runner/work/Ansede/Ansede/benchmarks/report/.repo_cache/CleanArchitecture/src/Clean.Architecture.Core/ContributorAggregate/Handlers/ContributorNameUpdatedEmailNotificationHandler.cs (00:00:00.0115259)
[19439] [001] [INFO]   /home/runner/work/Ansede/Ansede/benchmarks/report/.repo_cache/CleanArchitecture/src/Clean.Architecture.Core/ContributorAggregate/PhoneNumber.cs (00:00:00.0141000)
[19439] [001] [INFO]   /home/runner/work/Ansede/Ansede/benchmarks/report/.repo_cache/CleanArchitecture/src/Clean.Architecture.Core/GlobalUsings.cs (00:00:00.0013988)
[19439] [001] [INFO]   /home/runner/work/Ansede/Ansede/benchmarks/report/.repo_cache/CleanArchitecture/src/Clean.Architecture.Core/Interfaces/IDeleteContributorService.cs (00:00:00.0039722)
[19439] [001] [INFO]   /home/runner/work/Ansede/Ansede/benchmarks/report/.repo_cache/CleanArchitecture/src/Clean.Architecture.Core/Interfaces/IEmailSender.cs (00:00:00.0054102)
[19439] [007] [INFO]   /home/runner/work/Ansede/Ansede/benchmarks/report/.repo_cache/CleanArchitecture/src/Clean.Architecture.Core/ContributorAggregate/Specifications/ContributorByIdSpec.cs (00:00:00.0330791)
[19439] [007] [INFO]   /home/runner/work/Ansede/Ansede/benchmarks/report/.repo_cache/CleanArchitecture/src/Clean.Architecture.Core/obj/Debug/net10.0/.NETCoreApp,Version=v10.0.AssemblyAttributes.cs (00:00:00.0027348)
[19439] [007] [INFO]   /home/runner/work/Ansede/Ansede/benchmarks/report/.repo_cache/CleanArchitecture/src/Clean.Architecture.Core/obj/Debug/net10.0/Clean.Architecture.Core.AssemblyInfo.cs (00:00:00.0057281)
[19439] [007] [INFO]   /home/runner/work/Ansede/Ansede/benchmarks/report/.repo_cache/CleanArchitecture/src/Clean.Architecture.Core/obj/Debug/net10.0/Clean.Architecture.Core.GlobalUsings.g.cs (00:00:00.0014819)
[19439] [007] [INFO]   /home/runner/work/Ansede/Ansede/benchmarks/report/.repo_cache/CleanArchitecture/src/Clean.Architecture.Core/obj/Debug/net10.0/generated/Vogen/Vogen.ValueObjectGenerator/SystemTextJsonConverterFactory_g.cs (00:00:00.0801843)
[19439] [007] [INFO]   /home/runner/work/Ansede/Ansede/benchmarks/report/.repo_cache/CleanArchitecture/src/Clean.Architecture.Core/obj/Debug/net10.0/generated/Vogen/Vogen.ValueObjectGenerator/VogenInterfaces_g.cs (00:00:00.0106581)
[19439] [001] [INFO]   /home/runner/work/Ansede/Ansede/benchmarks/report/.repo_cache/CleanArchitecture/src/Clean.Architecture.Core/Services/DeleteContributorService.cs (00:00:00.1142681)
[19439] [001] [INFO]   /home/runner/work/Ansede/Ansede/benchmarks/report/.repo_cache/CleanArchitecture/src/Clean.Architecture.Core/obj/Debug/net10.0/generated/Vogen/Vogen.ValueObjectGenerator/global__Clean.Architecture.Core.ContributorAggregate_ContributorName.g.cs (00:00:00.2896466)
[19439] [007] [INFO]   /home/runner/work/Ansede/Ansede/benchmarks/report/.repo_cache/CleanArchitecture/src/Clean.Architecture.Core/obj/Debug/net10.0/generated/Vogen/Vogen.ValueObjectGenerator/global__Clean.Architecture.Core.ContributorAggregate_ContributorId.g.cs (00:00:00.4531309)
[19439] [008] [INFO]   /home/runner/work/Ansede/Ansede/benchmarks/report/.codeql_dbs/CleanArchitecture/working/.dotnet/packs/Microsoft.NETCore.App.Ref/10.0.0/ref/net10.0/System.Runtime.Intrinsics.dll (00:00:03.7978954)
[19439] [006] [INFO]   /home/runner/work/Ansede/Ansede/benchmarks/report/.codeql_dbs/CleanArchitecture/working/.dotnet/packs/Microsoft.NETCore.App.Ref/10.0.0/ref/net10.0/System.Runtime.dll (00:00:04.4463308)
[19439] [001] [INFO]   Extraction took 00:00:07.0372191
[19439] [001] [INFO]   Peak working set = 521 MB
[19439] [001] [INFO] EXTRACTION SUCCEEDED in 00:00:08.4532310
