[2026-07-12 07:55:31] [javac-extractor-14698] Starting extraction for:
                                              sun.java.command=com.semmle.extractor.java.JavaExtractor --jdk-version 17 --javac-args @@@/home/runner/work/Ansede/Ansede/benchmarks/report/.codeql_dbs/log4j/log/ext/javac-31.args
                                              user.dir=/home/runner/work/Ansede/Ansede/benchmarks/report/.repo_cache/log4j
[2026-07-12 07:55:31] [javac-extractor-14698] Compilation name /home/runner/work/Ansede/Ansede/benchmarks/report/.codeql_dbs/log4j/trap/java/diagnostics/diagnostic-31.trap.gz
[2026-07-12 07:55:31] [javac-extractor-14698] [WARN] Appending source destination directory /home/runner/work/Ansede/Ansede/benchmarks/report/.repo_cache/log4j/log4j-docker/target/generated-sources/annotations to sourcepath
[2026-07-12 07:55:32] [javac-extractor-14698] Annotation processor class 'lombok.launch.AnnotationProcessorHider$AnnotationProcessor' initialized.
[2026-07-12 07:55:32] [javac-extractor-14698] Annotation processor class 'lombok.launch.AnnotationProcessorHider$ClaimingProcessor' initialized.
[2026-07-12 07:55:32] [javac-extractor-14698] 9 files will be passed to the attrib/flow phase
[2026-07-12 07:55:33] [javac-extractor-14698] Processing file /home/runner/work/Ansede/Ansede/benchmarks/report/.repo_cache/log4j/log4j-docker/src/main/java/org/apache/logging/log4j/docker/DockerLookup.java
[2026-07-12 07:55:33] [javac-extractor-14698] [WARN] Not rewriting trap file for /home/runner/work/Ansede/Ansede/benchmarks/report/.codeql_dbs/log4j/trap/java/classes/org/apache/logging/log4j/Logger.members/Logger.members#52.0-1777751696000-java.trap.gz as /home/runner/work/Ansede/Ansede/benchmarks/report/.codeql_dbs/log4j/trap/java/classes/org/apache/logging/log4j/Logger.members/Logger.members#0.0-1783842564837-java.trap.gz exists
[2026-07-12 07:55:33] [javac-extractor-14698] [WARN] Not rewriting trap file for /home/runner/work/Ansede/Ansede/benchmarks/report/.codeql_dbs/log4j/trap/java/classes/org/apache/logging/log4j/core/LogEvent.members/LogEvent.members#52.0-1777751696000-java.trap.gz as /home/runner/work/Ansede/Ansede/benchmarks/report/.codeql_dbs/log4j/trap/java/classes/org/apache/logging/log4j/core/LogEvent.members/LogEvent.members#0.0-1783842564909-java.trap.gz exists
[2026-07-12 07:55:33] [javac-extractor-14698] [WARN] Not rewriting trap file for /home/runner/work/Ansede/Ansede/benchmarks/report/.codeql_dbs/log4j/trap/java/classes/org/apache/logging/log4j/core/config/plugins/Plugin.members/Plugin.members#52.0-1777751696000-java.trap.gz as /home/runner/work/Ansede/Ansede/benchmarks/report/.codeql_dbs/log4j/trap/java/classes/org/apache/logging/log4j/core/config/plugins/Plugin.members/Plugin.members#0.0-1783842564924-java.trap.gz exists
[2026-07-12 07:55:33] [javac-extractor-14698] [WARN] Not rewriting trap file for /home/runner/work/Ansede/Ansede/benchmarks/report/.codeql_dbs/log4j/trap/java/classes/org/apache/logging/log4j/core/lookup/AbstractLookup.members/AbstractLookup.members#52.0-1777751696000-java.trap.gz as /home/runner/work/Ansede/Ansede/benchmarks/report/.codeql_dbs/log4j/trap/java/classes/org/apache/logging/log4j/core/lookup/AbstractLookup.members/AbstractLookup.members#0.0-1783842564936-java.trap.gz exists
[2026-07-12 07:55:33] [javac-extractor-14698] [WARN] Not rewriting trap file for /home/runner/work/Ansede/Ansede/benchmarks/report/.codeql_dbs/log4j/trap/java/classes/org/apache/logging/log4j/core/lookup/StrLookup.members/StrLookup.members#52.0-1777751696000-java.trap.gz as /home/runner/work/Ansede/Ansede/benchmarks/report/.codeql_dbs/log4j/trap/java/classes/org/apache/logging/log4j/core/lookup/StrLookup.members/StrLookup.members#0.0-1783842564936-java.trap.gz exists
[2026-07-12 07:55:33] [javac-extractor-14698] [WARN] Not rewriting trap file for /home/runner/work/Ansede/Ansede/benchmarks/report/.codeql_dbs/log4j/trap/java/classes/org/apache/logging/log4j/core/util/NetUtils.members/NetUtils.members#52.0-1777751696000-java.trap.gz as /home/runner/work/Ansede/Ansede/benchmarks/report/.codeql_dbs/log4j/trap/java/classes/org/apache/logging/log4j/core/util/NetUtils.members/NetUtils.members#0.0-1783842564946-java.trap.gz exists
[2026-07-12 07:55:33] [javac-extractor-14698] [WARN] Not rewriting trap file for /home/runner/work/Ansede/Ansede/benchmarks/report/.codeql_dbs/log4j/trap/java/classes/org/apache/logging/log4j/status/StatusLogger.members/StatusLogger.members#52.0-1777751696000-java.trap.gz as /home/runner/work/Ansede/Ansede/benchmarks/report/.codeql_dbs/log4j/trap/java/classes/org/apache/logging/log4j/status/StatusLogger.members/StatusLogger.members#0.0-1783842564843-java.trap.gz exists
[2026-07-12 07:55:33] [javac-extractor-14698] [WARN] Not rewriting trap file for /home/runner/work/Ansede/Ansede/benchmarks/report/.codeql_dbs/log4j/trap/java/classes/org/apache/logging/log4j/util/PropertiesUtil.members/PropertiesUtil.members#52.0-1777751696000-java.trap.gz as /home/runner/work/Ansede/Ansede/benchmarks/report/.codeql_dbs/log4j/trap/java/classes/org/apache/logging/log4j/util/PropertiesUtil.members/PropertiesUtil.members#0.0-1783842564844-java.trap.gz exists
[2026-07-12 07:55:33] [javac-extractor-14698] Processing file /home/runner/work/Ansede/Ansede/benchmarks/report/.repo_cache/log4j/log4j-docker/src/main/java/org/apache/logging/log4j/docker/model/Container.java
[2026-07-12 07:55:33] [javac-extractor-14698] Processing file /home/runner/work/Ansede/Ansede/benchmarks/report/.repo_cache/log4j/log4j-docker/src/main/java/org/apache/logging/log4j/docker/model/PortDefinition.java
[2026-07-12 07:55:33] [javac-extractor-14698] Processing file /home/runner/work/Ansede/Ansede/benchmarks/report/.repo_cache/log4j/log4j-docker/src/main/java/org/apache/logging/log4j/docker/model/HostConfig.java
[2026-07-12 07:55:33] [javac-extractor-14698] Processing file /home/runner/work/Ansede/Ansede/benchmarks/report/.repo_cache/log4j/log4j-docker/src/main/java/org/apache/logging/log4j/docker/model/NetworkSettings.java
[2026-07-12 07:55:33] [javac-extractor-14698] Processing file /home/runner/work/Ansede/Ansede/benchmarks/report/.repo_cache/log4j/log4j-docker/src/main/java/org/apache/logging/log4j/docker/model/Mount.java
[2026-07-12 07:55:33] [javac-extractor-14698] Processing file /home/runner/work/Ansede/Ansede/benchmarks/report/.repo_cache/log4j/log4j-docker/src/main/java/org/apache/logging/log4j/docker/model/Network.java
[2026-07-12 07:55:33] [javac-extractor-14698] Processing file /home/runner/work/Ansede/Ansede/benchmarks/report/.repo_cache/log4j/log4j-docker/src/main/java/org/apache/logging/log4j/docker/model/IPAMConfig.java
[2026-07-12 07:55:33] [javac-extractor-14698] Javac init time: 1.3s
[2026-07-12 07:55:33] [javac-extractor-14698] Javac attr time: 0.1s
[2026-07-12 07:55:33] [javac-extractor-14698] Extractor time: 0.2s
[2026-07-12 07:55:33] [javac-extractor-14698] Other time: 0.2s
[2026-07-12 07:55:33] [javac-extractor-14698] Total time: 1.9s
