[2026-07-12 07:54:26] [javac-output-14177] warning: [options] source value 8 is obsolete and will be removed in a future release
[2026-07-12 07:54:26] [javac-output-14177] warning: [options] target value 8 is obsolete and will be removed in a future release
[2026-07-12 07:54:26] [javac-output-14177] warning: [options] To suppress warnings about obsolete options, use -Xlint:-options.
[2026-07-12 07:54:27] [javac-output-14177] warning: [processing] No processor claimed any of these annotations: org.junitpioneer.jupiter.WritesSystemProperty,org.junit.jupiter.api.BeforeEach,org.apache.logging.log4j.core.test.junit.LoggerContextSource,org.apache.logging.log4j.test.junit.UsingStatusListener,org.apache.logging.log4j.core.config.plugins.Plugin,org.junit.jupiter.api.Test,org.junit.jupiter.api.AfterAll,org.apache.logging.log4j.test.junit.SetTestProperty,org.junit.jupiter.params.ParameterizedTest,org.junit.jupiter.api.AfterEach,org.apache.logging.log4j.test.junit.UsingThreadContextStack,org.junit.jupiter.api.BeforeAll,org.junit.jupiter.api.io.TempDir,org.junit.jupiter.params.provider.ArgumentsSource,org.apache.logging.log4j.core.test.junit.Named,org.junit.jupiter.params.provider.MethodSource
[2026-07-12 07:54:28] [javac-output-14177] /home/runner/work/Ansede/Ansede/benchmarks/report/.repo_cache/log4j/log4j-1.2-api/src/test/java/org/apache/log4j/LoggerTest.java:102: warning: [dangling-doc-comments] documentation comment is not attached to any declaration
[2026-07-12 07:54:28] [javac-output-14177]     /**
[2026-07-12 07:54:28] [javac-output-14177]     ^
[2026-07-12 07:54:28] [javac-output-14177] /home/runner/work/Ansede/Ansede/benchmarks/report/.repo_cache/log4j/log4j-1.2-api/src/test/java/org/apache/log4j/LoggerTest.java:89: warning: [dangling-doc-comments] documentation comment is not attached to any declaration
[2026-07-12 07:54:28] [javac-output-14177]     /**
[2026-07-12 07:54:28] [javac-output-14177]     ^
[2026-07-12 07:54:28] [javac-output-14177] /home/runner/work/Ansede/Ansede/benchmarks/report/.repo_cache/log4j/log4j-1.2-api/src/test/java/org/apache/log4j/CategoryTest.java:85: warning: [deprecation] exists(String) in Category has been deprecated
[2026-07-12 07:54:28] [javac-output-14177]         assertNull(Category.exists("Does not exist for sure"));
[2026-07-12 07:54:28] [javac-output-14177]                            ^
[2026-07-12 07:54:28] [javac-output-14177] /home/runner/work/Ansede/Ansede/benchmarks/report/.repo_cache/log4j/log4j-1.2-api/src/test/java/org/apache/log4j/CategoryTest.java:108: warning: [deprecation] getFormat() in Message has been deprecated
[2026-07-12 07:54:28] [javac-output-14177]         assertEquals("Hello, World", msg.getFormat());
[2026-07-12 07:54:28] [javac-output-14177]                                         ^
[2026-07-12 07:54:28] [javac-output-14177] /home/runner/work/Ansede/Ansede/benchmarks/report/.repo_cache/log4j/log4j-1.2-api/src/test/java/org/apache/log4j/CategoryTest.java:148: warning: [deprecation] INFO in Priority has been deprecated
[2026-07-12 07:54:28] [javac-output-14177]         category.log(Priority.INFO, "Hello, World");
[2026-07-12 07:54:28] [javac-output-14177]                              ^
[2026-07-12 07:54:28] [javac-output-14177] /home/runner/work/Ansede/Ansede/benchmarks/report/.repo_cache/log4j/log4j-1.2-api/src/test/java/org/apache/log4j/CategoryTest.java:156: warning: [deprecation] getFormat() in Message has been deprecated
[2026-07-12 07:54:28] [javac-output-14177]         assertEquals("Hello, World", msg.getFormat());
[2026-07-12 07:54:28] [javac-output-14177]                                         ^
[2026-07-12 07:54:28] [javac-output-14177] /home/runner/work/Ansede/Ansede/benchmarks/report/.repo_cache/log4j/log4j-1.2-api/src/test/java/org/apache/log4j/CategoryTest.java:334: warning: [unchecked] unchecked cast
[2026-07-12 07:54:28] [javac-output-14177]         final M typedMessage = (M) message;
[2026-07-12 07:54:28] [javac-output-14177]                                    ^
[2026-07-12 07:54:28] [javac-output-14177]   required: M
[2026-07-12 07:54:28] [javac-output-14177]   found:    Message
[2026-07-12 07:54:28] [javac-output-14177]   where M is a type-variable:
[2026-07-12 07:54:28] [javac-output-14177]     M extends Message declared in method <M>testMessageImplementation(Object,Class<M>,Consumer<M>)
[2026-07-12 07:54:28] [javac-output-14177] /home/runner/work/Ansede/Ansede/benchmarks/report/.repo_cache/log4j/log4j-1.2-api/src/test/java/org/apache/log4j/CategoryTest.java:374: warning: [unchecked] unchecked method invocation: method list in class Collections is applied to given types
[2026-07-12 07:54:28] [javac-output-14177]             final List<Appender> rootAppenders = Collections.list(rootLogger.getAllAppenders());
[2026-07-12 07:54:28] [javac-output-14177]                                                                  ^
[2026-07-12 07:54:28] [javac-output-14177]   required: Enumeration<T>
[2026-07-12 07:54:28] [javac-output-14177]   found:    Enumeration
[2026-07-12 07:54:28] [javac-output-14177]   where T is a type-variable:
[2026-07-12 07:54:28] [javac-output-14177]     T extends Object declared in method <T>list(Enumeration<T>)
[2026-07-12 07:54:28] [javac-output-14177] /home/runner/work/Ansede/Ansede/benchmarks/report/.repo_cache/log4j/log4j-1.2-api/src/test/java/org/apache/log4j/CategoryTest.java:374: warning: [unchecked] unchecked conversion
[2026-07-12 07:54:28] [javac-output-14177]             final List<Appender> rootAppenders = Collections.list(rootLogger.getAllAppenders());
[2026-07-12 07:54:28] [javac-output-14177]                                                                                             ^
[2026-07-12 07:54:28] [javac-output-14177]   required: Enumeration<T>
[2026-07-12 07:54:28] [javac-output-14177]   found:    Enumeration
[2026-07-12 07:54:28] [javac-output-14177]   where T is a type-variable:
[2026-07-12 07:54:28] [javac-output-14177]     T extends Object declared in method <T>list(Enumeration<T>)
[2026-07-12 07:54:28] [javac-output-14177] /home/runner/work/Ansede/Ansede/benchmarks/report/.repo_cache/log4j/log4j-1.2-api/src/test/java/org/apache/log4j/CategoryTest.java:374: warning: [unchecked] unchecked conversion
[2026-07-12 07:54:28] [javac-output-14177]             final List<Appender> rootAppenders = Collections.list(rootLogger.getAllAppenders());
[2026-07-12 07:54:28] [javac-output-14177]                                                                  ^
[2026-07-12 07:54:28] [javac-output-14177]   required: List<Appender>
[2026-07-12 07:54:28] [javac-output-14177]   found:    ArrayList
[2026-07-12 07:54:28] [javac-output-14177] /home/runner/work/Ansede/Ansede/benchmarks/report/.repo_cache/log4j/log4j-1.2-api/src/test/java/org/apache/log4j/CategoryTest.java:395: warning: [unchecked] unchecked method invocation: method list in class Collections is applied to given types
[2026-07-12 07:54:28] [javac-output-14177]             final List<Appender> appenders = Collections.list(logger.getAllAppenders());
[2026-07-12 07:54:28] [javac-output-14177]                                                              ^
[2026-07-12 07:54:28] [javac-output-14177]   required: Enumeration<T>
[2026-07-12 07:54:28] [javac-output-14177]   found:    Enumeration
[2026-07-12 07:54:28] [javac-output-14177]   where T is a type-variable:
[2026-07-12 07:54:28] [javac-output-14177]     T extends Object declared in method <T>list(Enumeration<T>)
[2026-07-12 07:54:28] [javac-output-14177] /home/runner/work/Ansede/Ansede/benchmarks/report/.repo_cache/log4j/log4j-1.2-api/src/test/java/org/apache/log4j/CategoryTest.java:395: warning: [unchecked] unchecked conversion
[2026-07-12 07:54:28] [javac-output-14177]             final List<Appender> appenders = Collections.list(logger.getAllAppenders());
[2026-07-12 07:54:28] [javac-output-14177]                                                                                     ^
[2026-07-12 07:54:28] [javac-output-14177]   required: Enumeration<T>
[2026-07-12 07:54:28] [javac-output-14177]   found:    Enumeration
[2026-07-12 07:54:28] [javac-output-14177]   where T is a type-variable:
[2026-07-12 07:54:28] [javac-output-14177]     T extends Object declared in method <T>list(Enumeration<T>)
[2026-07-12 07:54:28] [javac-output-14177] /home/runner/work/Ansede/Ansede/benchmarks/report/.repo_cache/log4j/log4j-1.2-api/src/test/java/org/apache/log4j/CategoryTest.java:395: warning: [unchecked] unchecked conversion
[2026-07-12 07:54:28] [javac-output-14177]             final List<Appender> appenders = Collections.list(logger.getAllAppenders());
[2026-07-12 07:54:28] [javac-output-14177]                                                              ^
[2026-07-12 07:54:28] [javac-output-14177]   required: List<Appender>
[2026-07-12 07:54:28] [javac-output-14177]   found:    ArrayList
[2026-07-12 07:54:28] [javac-output-14177] /home/runner/work/Ansede/Ansede/benchmarks/report/.repo_cache/log4j/log4j-1.2-api/src/test/java/org/apache/log4j/CategoryTest.java:402: warning: [unchecked] unchecked conversion
[2026-07-12 07:54:28] [javac-output-14177]             final Enumeration<Appender> childAppenders = childLogger.getAllAppenders();
[2026-07-12 07:54:28] [javac-output-14177]                                                                                     ^
[2026-07-12 07:54:28] [javac-output-14177]   required: Enumeration<Appender>
[2026-07-12 07:54:28] [javac-output-14177]   found:    Enumeration
[2026-07-12 07:54:28] [javac-output-14177] /home/runner/work/Ansede/Ansede/benchmarks/report/.repo_cache/log4j/log4j-1.2-api/src/test/java/org/apache/log4j/CategoryTest.java:415: warning: [unchecked] getAllAppenders() in Category implements getAllAppenders() in AppenderAttachable
[2026-07-12 07:54:28] [javac-output-14177]     private static class MockCategory extends Logger {
[2026-07-12 07:54:28] [javac-output-14177]                          ^
[2026-07-12 07:54:28] [javac-output-14177]   return type requires unchecked conversion from Enumeration to Enumeration<Appender>
[2026-07-12 07:54:28] [javac-output-14177] /home/runner/work/Ansede/Ansede/benchmarks/report/.repo_cache/log4j/log4j-1.2-api/src/test/java/org/apache/log4j/LogManagerTest.java:35: warning: [unchecked] unchecked cast
[2026-07-12 07:54:28] [javac-output-14177]         return Collections.list((Enumeration<Logger>) LogManager.getCurrentLoggers()).stream()
[2026-07-12 07:54:28] [javac-output-14177]                                                                                   ^
[2026-07-12 07:54:28] [javac-output-14177]   required: Enumeration<Logger>
[2026-07-12 07:54:28] [javac-output-14177]   found:    Enumeration
[2026-07-12 07:54:28] [javac-output-14177] /home/runner/work/Ansede/Ansede/benchmarks/report/.repo_cache/log4j/log4j-1.2-api/src/test/java/org/apache/log4j/LoggerJira3410Test.java:51: warning: [unchecked] unchecked method invocation: constructor <init> in class SortedArrayStringMap is applied to given types
[2026-07-12 07:54:28] [javac-output-14177]             logger.debug(new SortedArrayStringMap((Map) map));
[2026-07-12 07:54:28] [javac-output-14177]                          ^
[2026-07-12 07:54:28] [javac-output-14177]   required: Map<String,?>
[2026-07-12 07:54:28] [javac-output-14177]   found:    Map
[2026-07-12 07:54:28] [javac-output-14177] /home/runner/work/Ansede/Ansede/benchmarks/report/.repo_cache/log4j/log4j-1.2-api/src/test/java/org/apache/log4j/LoggerJira3410Test.java:51: warning: [unchecked] unchecked conversion
[2026-07-12 07:54:28] [javac-output-14177]             logger.debug(new SortedArrayStringMap((Map) map));
[2026-07-12 07:54:28] [javac-output-14177]                                                   ^
[2026-07-12 07:54:28] [javac-output-14177]   required: Map<String,?>
[2026-07-12 07:54:28] [javac-output-14177]   found:    Map
[2026-07-12 07:54:29] [javac-output-14177] /home/runner/work/Ansede/Ansede/benchmarks/report/.repo_cache/log4j/log4j-1.2-api/src/test/java/org/apache/log4j/LoggerTest.java:417: warning: [deprecation] getFormat() in Message has been deprecated
[2026-07-12 07:54:29] [javac-output-14177]         assertEquals("Message 1", event.getMessage().getFormat());
[2026-07-12 07:54:29] [javac-output-14177]                                                     ^
[2026-07-12 07:54:29] [javac-output-14177] /home/runner/work/Ansede/Ansede/benchmarks/report/.repo_cache/log4j/log4j-1.2-api/src/test/java/org/apache/log4j/LoggerTest.java:489: warning: [deprecation] INFO in Priority has been deprecated
[2026-07-12 07:54:29] [javac-output-14177]             root.log(Priority.INFO, "Test msg2", null);
[2026-07-12 07:54:29] [javac-output-14177]                              ^
[2026-07-12 07:54:29] [javac-output-14177] /home/runner/work/Ansede/Ansede/benchmarks/report/.repo_cache/log4j/log4j-1.2-api/src/test/java/org/apache/log4j/LoggerTest.java:490: warning: [deprecation] INFO in Priority has been deprecated
[2026-07-12 07:54:29] [javac-output-14177]             root.log(Priority.INFO, "Test msg3");
[2026-07-12 07:54:29] [javac-output-14177]                              ^
[2026-07-12 07:54:29] [javac-output-14177] /home/runner/work/Ansede/Ansede/benchmarks/report/.repo_cache/log4j/log4j-1.2-api/src/test/java/org/apache/log4j/LoggerTest.java:541: warning: [deprecation] getAllPossiblePriorities() in Priority has been deprecated
[2026-07-12 07:54:29] [javac-output-14177]         for (final Priority level : Level.getAllPossiblePriorities()) {
[2026-07-12 07:54:29] [javac-output-14177]                                          ^
[2026-07-12 07:54:29] [javac-output-14177] /home/runner/work/Ansede/Ansede/benchmarks/report/.repo_cache/log4j/log4j-1.2-api/src/test/java/org/apache/log4j/LoggerTest.java:561: warning: [deprecation] INFO in Priority has been deprecated
[2026-07-12 07:54:29] [javac-output-14177]             logger.log(MyLogger.class.getName(), Priority.INFO, msg, t);
[2026-07-12 07:54:29] [javac-output-14177]                                                          ^
[2026-07-12 07:54:29] [javac-output-14177] /home/runner/work/Ansede/Ansede/benchmarks/report/.repo_cache/log4j/log4j-1.2-api/src/test/java/org/apache/log4j/NDCTest.java:43: warning: [rawtypes] found raw type: Stack
[2026-07-12 07:54:29] [javac-output-14177]         final Stack stackRaw = NDC.cloneStack();
[2026-07-12 07:54:29] [javac-output-14177]               ^
[2026-07-12 07:54:29] [javac-output-14177]   missing type arguments for generic class Stack<E>
[2026-07-12 07:54:29] [javac-output-14177]   where E is a type-variable:
[2026-07-12 07:54:29] [javac-output-14177]     E extends Object declared in class Stack
[2026-07-12 07:54:29] [javac-output-14177] /home/runner/work/Ansede/Ansede/benchmarks/report/.repo_cache/log4j/log4j-1.2-api/src/test/java/org/apache/log4j/PriorityTest.java:95: warning: [deprecation] FATAL in Priority has been deprecated
[2026-07-12 07:54:29] [javac-output-14177]                 Arguments.of(Priority.FATAL, org.apache.logging.log4j.Level.FATAL),
[2026-07-12 07:54:29] [javac-output-14177]                                      ^
[2026-07-12 07:54:29] [javac-output-14177] /home/runner/work/Ansede/Ansede/benchmarks/report/.repo_cache/log4j/log4j-1.2-api/src/test/java/org/apache/log4j/PriorityTest.java:96: warning: [deprecation] ERROR in Priority has been deprecated
[2026-07-12 07:54:29] [javac-output-14177]                 Arguments.of(Priority.ERROR, org.apache.logging.log4j.Level.ERROR),
[2026-07-12 07:54:29] [javac-output-14177]                                      ^
[2026-07-12 07:54:29] [javac-output-14177] /home/runner/work/Ansede/Ansede/benchmarks/report/.repo_cache/log4j/log4j-1.2-api/src/test/java/org/apache/log4j/PriorityTest.java:97: warning: [deprecation] WARN in Priority has been deprecated
[2026-07-12 07:54:29] [javac-output-14177]                 Arguments.of(Priority.WARN, org.apache.logging.log4j.Level.WARN),
[2026-07-12 07:54:29] [javac-output-14177]                                      ^
[2026-07-12 07:54:29] [javac-output-14177] /home/runner/work/Ansede/Ansede/benchmarks/report/.repo_cache/log4j/log4j-1.2-api/src/test/java/org/apache/log4j/PriorityTest.java:98: warning: [deprecation] INFO in Priority has been deprecated
[2026-07-12 07:54:29] [javac-output-14177]                 Arguments.of(Priority.INFO, org.apache.logging.log4j.Level.INFO),
[2026-07-12 07:54:29] [javac-output-14177]                                      ^
[2026-07-12 07:54:29] [javac-output-14177] /home/runner/work/Ansede/Ansede/benchmarks/report/.repo_cache/log4j/log4j-1.2-api/src/test/java/org/apache/log4j/PriorityTest.java:99: warning: [deprecation] DEBUG in Priority has been deprecated
[2026-07-12 07:54:29] [javac-output-14177]                 Arguments.of(Priority.DEBUG, org.apache.logging.log4j.Level.DEBUG));
[2026-07-12 07:54:29] [javac-output-14177]                                      ^
[2026-07-12 07:54:29] [javac-output-14177] /home/runner/work/Ansede/Ansede/benchmarks/report/.repo_cache/log4j/log4j-1.2-api/src/test/java/org/apache/log4j/PriorityTest.java:117: warning: [deprecation] FATAL in Priority has been deprecated
[2026-07-12 07:54:29] [javac-output-14177]         assertFalse(Priority.FATAL instanceof Level);
[2026-07-12 07:54:29] [javac-output-14177]                             ^
[2026-07-12 07:54:29] [javac-output-14177] /home/runner/work/Ansede/Ansede/benchmarks/report/.repo_cache/log4j/log4j-1.2-api/src/test/java/org/apache/log4j/PriorityTest.java:126: warning: [deprecation] ERROR in Priority has been deprecated
[2026-07-12 07:54:29] [javac-output-14177]         assertFalse(Priority.ERROR instanceof Level);
[2026-07-12 07:54:29] [javac-output-14177]                             ^
[2026-07-12 07:54:29] [javac-output-14177] /home/runner/work/Ansede/Ansede/benchmarks/report/.repo_cache/log4j/log4j-1.2-api/src/test/java/org/apache/log4j/PriorityTest.java:135: warning: [deprecation] WARN in Priority has been deprecated
[2026-07-12 07:54:29] [javac-output-14177]         assertFalse(Priority.WARN instanceof Level);
[2026-07-12 07:54:29] [javac-output-14177]                             ^
[2026-07-12 07:54:29] [javac-output-14177] /home/runner/work/Ansede/Ansede/benchmarks/report/.repo_cache/log4j/log4j-1.2-api/src/test/java/org/apache/log4j/PriorityTest.java:144: warning: [deprecation] INFO in Priority has been deprecated
[2026-07-12 07:54:29] [javac-output-14177]         assertFalse(Priority.INFO instanceof Level);
[2026-07-12 07:54:29] [javac-output-14177]                             ^
[2026-07-12 07:54:29] [javac-output-14177] /home/runner/work/Ansede/Ansede/benchmarks/report/.repo_cache/log4j/log4j-1.2-api/src/test/java/org/apache/log4j/PriorityTest.java:153: warning: [deprecation] DEBUG in Priority has been deprecated
[2026-07-12 07:54:29] [javac-output-14177]         assertFalse(Priority.DEBUG instanceof Level);
[2026-07-12 07:54:29] [javac-output-14177]                             ^
[2026-07-12 07:54:29] [javac-output-14177] /home/runner/work/Ansede/Ansede/benchmarks/report/.repo_cache/log4j/log4j-1.2-api/src/test/java/org/apache/log4j/PriorityTest.java:162: warning: [deprecation] DEBUG in Priority has been deprecated
[2026-07-12 07:54:29] [javac-output-14177]         assertNotEquals(null, Priority.DEBUG);
[2026-07-12 07:54:29] [javac-output-14177]                                       ^
[2026-07-12 07:54:29] [javac-output-14177] /home/runner/work/Ansede/Ansede/benchmarks/report/.repo_cache/log4j/log4j-1.2-api/src/test/java/org/apache/log4j/PriorityTest.java:174: warning: [deprecation] DEBUG in Priority has been deprecated
[2026-07-12 07:54:29] [javac-output-14177]         assertEquals(Priority.DEBUG, Level.DEBUG);
[2026-07-12 07:54:29] [javac-output-14177]                              ^
[2026-07-12 07:54:29] [javac-output-14177] /home/runner/work/Ansede/Ansede/benchmarks/report/.repo_cache/log4j/log4j-1.2-api/src/test/java/org/apache/log4j/PriorityTest.java:183: warning: [deprecation] getAllPossiblePriorities() in Priority has been deprecated
[2026-07-12 07:54:29] [javac-output-14177]         final Priority[] priorities = Priority.getAllPossiblePriorities();
[2026-07-12 07:54:29] [javac-output-14177]                                               ^
[2026-07-12 07:54:29] [javac-output-14177] /home/runner/work/Ansede/Ansede/benchmarks/report/.repo_cache/log4j/log4j-1.2-api/src/test/java/org/apache/log4j/PriorityTest.java:193: warning: [deprecation] toPriority(String) in Priority has been deprecated
[2026-07-12 07:54:29] [javac-output-14177]         assertEquals(Level.DEBUG, Priority.toPriority("DEBUG"));
[2026-07-12 07:54:29] [javac-output-14177]                                           ^
[2026-07-12 07:54:29] [javac-output-14177] /home/runner/work/Ansede/Ansede/benchmarks/report/.repo_cache/log4j/log4j-1.2-api/src/test/java/org/apache/log4j/PriorityTest.java:202: warning: [deprecation] toPriority(int) in Priority has been deprecated
[2026-07-12 07:54:29] [javac-output-14177]         assertEquals(Level.DEBUG, Priority.toPriority(Priority.DEBUG_INT));
[2026-07-12 07:54:29] [javac-output-14177]                                           ^
[2026-07-12 07:54:29] [javac-output-14177] /home/runner/work/Ansede/Ansede/benchmarks/report/.repo_cache/log4j/log4j-1.2-api/src/test/java/org/apache/log4j/PriorityTest.java:211: warning: [deprecation] DEBUG in Priority has been deprecated
[2026-07-12 07:54:29] [javac-output-14177]         assertEquals(Priority.DEBUG, Priority.toPriority("foo", Priority.DEBUG));
[2026-07-12 07:54:29] [javac-output-14177]                              ^
[2026-07-12 07:54:29] [javac-output-14177] /home/runner/work/Ansede/Ansede/benchmarks/report/.repo_cache/log4j/log4j-1.2-api/src/test/java/org/apache/log4j/PriorityTest.java:211: warning: [deprecation] DEBUG in Priority has been deprecated
[2026-07-12 07:54:29] [javac-output-14177]         assertEquals(Priority.DEBUG, Priority.toPriority("foo", Priority.DEBUG));
[2026-07-12 07:54:29] [javac-output-14177]                                                                         ^
[2026-07-12 07:54:29] [javac-output-14177] /home/runner/work/Ansede/Ansede/benchmarks/report/.repo_cache/log4j/log4j-1.2-api/src/test/java/org/apache/log4j/PriorityTest.java:211: warning: [deprecation] toPriority(String,Priority) in Priority has been deprecated
[2026-07-12 07:54:29] [javac-output-14177]         assertEquals(Priority.DEBUG, Priority.toPriority("foo", Priority.DEBUG));
[2026-07-12 07:54:29] [javac-output-14177]                                              ^
[2026-07-12 07:54:29] [javac-output-14177] /home/runner/work/Ansede/Ansede/benchmarks/report/.repo_cache/log4j/log4j-1.2-api/src/test/java/org/apache/log4j/PriorityTest.java:220: warning: [deprecation] DEBUG in Priority has been deprecated
[2026-07-12 07:54:29] [javac-output-14177]         assertEquals(Priority.DEBUG, Priority.toPriority(17, Priority.DEBUG));
[2026-07-12 07:54:29] [javac-output-14177]                              ^
[2026-07-12 07:54:29] [javac-output-14177] /home/runner/work/Ansede/Ansede/benchmarks/report/.repo_cache/log4j/log4j-1.2-api/src/test/java/org/apache/log4j/PriorityTest.java:220: warning: [deprecation] DEBUG in Priority has been deprecated
[2026-07-12 07:54:29] [javac-output-14177]         assertEquals(Priority.DEBUG, Priority.toPriority(17, Priority.DEBUG));
[2026-07-12 07:54:29] [javac-output-14177]                                                                      ^
[2026-07-12 07:54:29] [javac-output-14177] /home/runner/work/Ansede/Ansede/benchmarks/report/.repo_cache/log4j/log4j-1.2-api/src/test/java/org/apache/log4j/PriorityTest.java:220: warning: [deprecation] toPriority(int,Priority) in Priority has been deprecated
[2026-07-12 07:54:29] [javac-output-14177]         assertEquals(Priority.DEBUG, Priority.toPriority(17, Priority.DEBUG));
[2026-07-12 07:54:29] [javac-output-14177]                                              ^
[2026-07-12 07:54:29] [javac-output-14177] /home/runner/work/Ansede/Ansede/benchmarks/report/.repo_cache/log4j/log4j-1.2-api/src/test/java/org/apache/log4j/PriorityTest.java:229: warning: [deprecation] toPriority(String) in Priority has been deprecated
[2026-07-12 07:54:29] [javac-output-14177]         final Priority level = Priority.toPriority("\u0131nfo");
[2026-07-12 07:54:29] [javac-output-14177]                                        ^
[2026-07-12 07:54:29] [javac-output-14177] /home/runner/work/Ansede/Ansede/benchmarks/report/.repo_cache/log4j/log4j-1.2-api/src/test/java/org/apache/log4j/PriorityTest.java:243: warning: [deprecation] toPriority(String) in Priority has been deprecated
[2026-07-12 07:54:29] [javac-output-14177]         final Priority level = Priority.toPriority("info");
[2026-07-12 07:54:29] [javac-output-14177]                                        ^
[2026-07-12 07:54:29] [javac-output-14177] /home/runner/work/Ansede/Ansede/benchmarks/report/.repo_cache/log4j/log4j-1.2-api/src/test/java/org/apache/log4j/PropertyConfiguratorTest.java:279: warning: [deprecation] DEFAULT_CONFIGURATION_FILE in LogManager has been deprecated
[2026-07-12 07:54:29] [javac-output-14177]             zos.putNextEntry(new ZipEntry(LogManager.DEFAULT_CONFIGURATION_FILE));
[2026-07-12 07:54:29] [javac-output-14177]                                                     ^
[2026-07-12 07:54:29] [javac-output-14177] /home/runner/work/Ansede/Ansede/benchmarks/report/.repo_cache/log4j/log4j-1.2-api/src/test/java/org/apache/log4j/PropertyConfiguratorTest.java:283: warning: [deprecation] DEFAULT_CONFIGURATION_FILE in LogManager has been deprecated
[2026-07-12 07:54:29] [javac-output-14177]         final URL url = new URL("jar:" + file.toURI().toURL() + "!/" + LogManager.DEFAULT_CONFIGURATION_FILE);
[2026-07-12 07:54:29] [javac-output-14177]                                                                                  ^
[2026-07-12 07:54:29] [javac-output-14177] /home/runner/work/Ansede/Ansede/benchmarks/report/.repo_cache/log4j/log4j-1.2-api/src/test/java/org/apache/log4j/builders/Log4j2ListAppenderBuilder.java:42: warning: [rawtypes] found raw type: AbstractBuilder
[2026-07-12 07:54:29] [javac-output-14177] public class Log4j2ListAppenderBuilder extends AbstractBuilder implements AppenderBuilder {
[2026-07-12 07:54:29] [javac-output-14177]                                                ^
[2026-07-12 07:54:29] [javac-output-14177]   missing type arguments for generic class AbstractBuilder<T>
[2026-07-12 07:54:29] [javac-output-14177]   where T is a type-variable:
[2026-07-12 07:54:29] [javac-output-14177]     T extends Object declared in class AbstractBuilder
[2026-07-12 07:54:29] [javac-output-14177] /home/runner/work/Ansede/Ansede/benchmarks/report/.repo_cache/log4j/log4j-1.2-api/src/test/java/org/apache/log4j/builders/Log4j2ListAppenderBuilder.java:42: warning: [rawtypes] found raw type: AppenderBuilder
[2026-07-12 07:54:29] [javac-output-14177] public class Log4j2ListAppenderBuilder extends AbstractBuilder implements AppenderBuilder {
[2026-07-12 07:54:29] [javac-output-14177]                                                                           ^
[2026-07-12 07:54:29] [javac-output-14177]   missing type arguments for generic class AppenderBuilder<T>
[2026-07-12 07:54:29] [javac-output-14177]   where T is a type-variable:
[2026-07-12 07:54:29] [javac-output-14177]     T extends Appender declared in interface AppenderBuilder
[2026-07-12 07:54:29] [javac-output-14177] /home/runner/work/Ansede/Ansede/benchmarks/report/.repo_cache/log4j/log4j-1.2-api/src/test/java/org/apache/log4j/builders/filter/LevelRangeFilterBuilderTest.java:145: warning: [deprecation] provideArguments(ExtensionContext) in ArgumentsProvider has been deprecated
[2026-07-12 07:54:29] [javac-output-14177]         public Stream<? extends Arguments> provideArguments(final ExtensionContext extensionContext) {
[2026-07-12 07:54:29] [javac-output-14177]                                            ^
[2026-07-12 07:54:29] [javac-output-14177] /home/runner/work/Ansede/Ansede/benchmarks/report/.repo_cache/log4j/log4j-1.2-api/src/test/java/org/apache/log4j/config/PropertiesConfigurationTest.java:121: warning: [deprecation] addPackage(String) in PluginManager has been deprecated
[2026-07-12 07:54:29] [javac-output-14177]         PluginManager.addPackage("org.apache.log4j.builders.filter");
[2026-07-12 07:54:29] [javac-output-14177]                      ^
[2026-07-12 07:54:29] [javac-output-14177] /home/runner/work/Ansede/Ansede/benchmarks/report/.repo_cache/log4j/log4j-1.2-api/src/test/java/org/apache/log4j/config/PropertiesConfigurationTest.java:204: warning: [try] auto-closeable resource loggerContext is never referenced in body of corresponding try statement
[2026-07-12 07:54:29] [javac-output-14177]         try (final LoggerContext loggerContext =
[2026-07-12 07:54:29] [javac-output-14177]                                  ^
[2026-07-12 07:54:30] [javac-output-14177] /home/runner/work/Ansede/Ansede/benchmarks/report/.repo_cache/log4j/log4j-1.2-api/src/test/java/org/apache/log4j/config/PropertiesReconfigurationTest.java:173: warning: [unchecked] unchecked cast
[2026-07-12 07:54:30] [javac-output-14177]         return adapter != null ? (T) adapter.getAppender() : null;
[2026-07-12 07:54:30] [javac-output-14177]                                                         ^
[2026-07-12 07:54:30] [javac-output-14177]   required: T
[2026-07-12 07:54:30] [javac-output-14177]   found:    Appender
[2026-07-12 07:54:30] [javac-output-14177]   where T is a type-variable:
[2026-07-12 07:54:30] [javac-output-14177]     T extends Appender declared in method <T>getAppenderFromContext(String)
[2026-07-12 07:54:30] [javac-output-14177] /home/runner/work/Ansede/Ansede/benchmarks/report/.repo_cache/log4j/log4j-1.2-api/src/test/java/org/apache/log4j/config/PropertiesReconfigurationTest.java:102: warning: [try] auto-closeable resource context is never referenced in body of corresponding try statement
[2026-07-12 07:54:30] [javac-output-14177]         try (final LoggerContext context = TestConfigurator.configure(file.toString())) {
[2026-07-12 07:54:30] [javac-output-14177]                                  ^
[2026-07-12 07:54:30] [javac-output-14177] /home/runner/work/Ansede/Ansede/benchmarks/report/.repo_cache/log4j/log4j-1.2-api/src/test/java/org/apache/log4j/helpers/DateLayoutTest.java:85: warning: [dep-ann] deprecated item is not annotated with @Deprecated
[2026-07-12 07:54:30] [javac-output-14177]     public void testDateFormatOption() {
[2026-07-12 07:54:30] [javac-output-14177]                 ^
[2026-07-12 07:54:30] [javac-output-14177] /home/runner/work/Ansede/Ansede/benchmarks/report/.repo_cache/log4j/log4j-1.2-api/src/test/java/org/apache/log4j/helpers/DateLayoutTest.java:94: warning: [dep-ann] deprecated item is not annotated with @Deprecated
[2026-07-12 07:54:30] [javac-output-14177]     public void testTimeZoneOption() {
[2026-07-12 07:54:30] [javac-output-14177]                 ^
[2026-07-12 07:54:30] [javac-output-14177] /home/runner/work/Ansede/Ansede/benchmarks/report/.repo_cache/log4j/log4j-1.2-api/src/test/java/org/apache/log4j/helpers/DateLayoutTest.java:104: warning: [dep-ann] deprecated item is not annotated with @Deprecated
[2026-07-12 07:54:30] [javac-output-14177]     public void testGetOptionStrings() {
[2026-07-12 07:54:30] [javac-output-14177]                 ^
[2026-07-12 07:54:30] [javac-output-14177] /home/runner/work/Ansede/Ansede/benchmarks/report/.repo_cache/log4j/log4j-1.2-api/src/test/java/org/apache/log4j/helpers/DateLayoutTest.java:114: warning: [dep-ann] deprecated item is not annotated with @Deprecated
[2026-07-12 07:54:30] [javac-output-14177]     public void testSetOptionDateFormat() {
[2026-07-12 07:54:30] [javac-output-14177]                 ^
[2026-07-12 07:54:30] [javac-output-14177] /home/runner/work/Ansede/Ansede/benchmarks/report/.repo_cache/log4j/log4j-1.2-api/src/test/java/org/apache/log4j/helpers/DateLayoutTest.java:125: warning: [dep-ann] deprecated item is not annotated with @Deprecated
[2026-07-12 07:54:30] [javac-output-14177]     public void testSetOptionTimeZone() {
[2026-07-12 07:54:30] [javac-output-14177]                 ^
[2026-07-12 07:54:30] [javac-output-14177] /home/runner/work/Ansede/Ansede/benchmarks/report/.repo_cache/log4j/log4j-1.2-api/src/test/java/org/apache/log4j/helpers/DateLayoutTest.java:229: warning: [dep-ann] deprecated item is not annotated with @Deprecated
[2026-07-12 07:54:30] [javac-output-14177]     public void testISO8601Format() {
[2026-07-12 07:54:30] [javac-output-14177]                 ^
[2026-07-12 07:54:30] [javac-output-14177] /home/runner/work/Ansede/Ansede/benchmarks/report/.repo_cache/log4j/log4j-1.2-api/src/test/java/org/apache/log4j/helpers/DateLayoutTest.java:243: warning: [dep-ann] deprecated item is not annotated with @Deprecated
[2026-07-12 07:54:30] [javac-output-14177]     public void testDateTimeFormat() {
[2026-07-12 07:54:30] [javac-output-14177]                 ^
[2026-07-12 07:54:30] [javac-output-14177] /home/runner/work/Ansede/Ansede/benchmarks/report/.repo_cache/log4j/log4j-1.2-api/src/test/java/org/apache/log4j/helpers/UtilLoggingLevelTest.java:43: warning: [unchecked] unchecked call to <R>map(Function<? super T,? extends R>) as a member of the raw type Stream
[2026-07-12 07:54:30] [javac-output-14177]                 .map(level -> Arguments.of(level.toString() + "#" + UtilLoggingLevel.class.getName(), level));
[2026-07-12 07:54:30] [javac-output-14177]                     ^
[2026-07-12 07:54:30] [javac-output-14177]   where R,T are type-variables:
[2026-07-12 07:54:30] [javac-output-14177]     R extends Object declared in method <R>map(Function<? super T,? extends R>)
[2026-07-12 07:54:30] [javac-output-14177]     T extends Object declared in interface Stream
[2026-07-12 07:54:30] [javac-output-14177] /home/runner/work/Ansede/Ansede/benchmarks/report/.repo_cache/log4j/log4j-1.2-api/src/test/java/org/apache/log4j/helpers/UtilLoggingLevelTest.java:43: warning: [unchecked] unchecked conversion
[2026-07-12 07:54:30] [javac-output-14177]                 .map(level -> Arguments.of(level.toString() + "#" + UtilLoggingLevel.class.getName(), level));
[2026-07-12 07:54:30] [javac-output-14177]                     ^
[2026-07-12 07:54:30] [javac-output-14177]   required: Stream<Arguments>
[2026-07-12 07:54:30] [javac-output-14177]   found:    Stream
