[2026-07-12 07:51:08] [javac-extractor-13703] Starting extraction for:
                                              sun.java.command=com.semmle.extractor.java.JavaExtractor --jdk-version 17 --javac-args @@@/home/runner/work/Ansede/Ansede/benchmarks/report/.codeql_dbs/log4j/log/ext/javac.args
                                              user.dir=/home/runner/work/Ansede/Ansede/benchmarks/report/.repo_cache/log4j
[2026-07-12 07:51:08] [javac-extractor-13703] Compilation name /home/runner/work/Ansede/Ansede/benchmarks/report/.codeql_dbs/log4j/trap/java/diagnostics/diagnostic.trap.gz
[2026-07-12 07:51:08] [javac-extractor-13703] [WARN] Appending source destination directory /home/runner/work/Ansede/Ansede/benchmarks/report/.repo_cache/log4j/log4j-api-java9/target/generated-sources/annotations to sourcepath
[2026-07-12 07:51:09] [javac-extractor-13703] Annotation processor class 'lombok.launch.AnnotationProcessorHider$AnnotationProcessor' initialized.
[2026-07-12 07:51:09] [javac-extractor-13703] Annotation processor class 'lombok.launch.AnnotationProcessorHider$ClaimingProcessor' initialized.
[2026-07-12 07:51:09] [javac-extractor-13703] 16 files will be passed to the attrib/flow phase
[2026-07-12 07:51:10] [javac-extractor-13703] Processing file /home/runner/work/Ansede/Ansede/benchmarks/report/.repo_cache/log4j/log4j-api-java9/src/main/java/org/apache/logging/log4j/Dummy.java
[2026-07-12 07:51:10] [javac-extractor-13703] Processing module java.base
[2026-07-12 07:51:10] [javac-extractor-13703] Processing file /home/runner/work/Ansede/Ansede/benchmarks/report/.repo_cache/log4j/log4j-api-java9/src/main/java/org/apache/logging/log4j/message/Dummy.java
[2026-07-12 07:51:10] [javac-extractor-13703] Processing file /home/runner/work/Ansede/Ansede/benchmarks/report/.repo_cache/log4j/log4j-api-java9/src/main/java/org/apache/logging/log4j/message/ThreadDumpMessage.java
[2026-07-12 07:51:10] [javac-extractor-13703] Processing file /home/runner/work/Ansede/Ansede/benchmarks/report/.repo_cache/log4j/log4j-api-java9/src/main/java/org/apache/logging/log4j/simple/Dummy.java
[2026-07-12 07:51:10] [javac-extractor-13703] Processing file /home/runner/work/Ansede/Ansede/benchmarks/report/.repo_cache/log4j/log4j-api-java9/src/main/java/org/apache/logging/log4j/spi/Provider.java
[2026-07-12 07:51:10] [javac-extractor-13703] Processing file /home/runner/work/Ansede/Ansede/benchmarks/report/.repo_cache/log4j/log4j-api-java9/src/main/java/org/apache/logging/log4j/status/Dummy.java
[2026-07-12 07:51:10] [javac-extractor-13703] Processing file /home/runner/work/Ansede/Ansede/benchmarks/report/.repo_cache/log4j/log4j-api-java9/src/main/java/org/apache/logging/log4j/util/Base64Util.java
[2026-07-12 07:51:10] [javac-extractor-13703] Processing file /home/runner/work/Ansede/Ansede/benchmarks/report/.repo_cache/log4j/log4j-api-java9/src/main/java/org/apache/logging/log4j/util/EnvironmentPropertySource.java
[2026-07-12 07:51:10] [javac-extractor-13703] Processing file /home/runner/work/Ansede/Ansede/benchmarks/report/.repo_cache/log4j/log4j-api-java9/src/main/java/org/apache/logging/log4j/util/PropertySource.java
[2026-07-12 07:51:10] [javac-extractor-13703] Processing file /home/runner/work/Ansede/Ansede/benchmarks/report/.repo_cache/log4j/log4j-api-java9/src/main/java/org/apache/logging/log4j/util/LoaderUtil.java
[2026-07-12 07:51:10] [javac-extractor-13703] Processing file /home/runner/work/Ansede/Ansede/benchmarks/report/.repo_cache/log4j/log4j-api-java9/src/main/java/org/apache/logging/log4j/util/PrivateSecurityManagerStackTraceUtil.java
[2026-07-12 07:51:10] [javac-extractor-13703] Processing file /home/runner/work/Ansede/Ansede/benchmarks/report/.repo_cache/log4j/log4j-api-java9/src/main/java/org/apache/logging/log4j/util/ProcessIdUtil.java
[2026-07-12 07:51:10] [javac-extractor-13703] Processing file /home/runner/work/Ansede/Ansede/benchmarks/report/.repo_cache/log4j/log4j-api-java9/src/main/java/org/apache/logging/log4j/util/StackLocator.java
[2026-07-12 07:51:11] [javac-extractor-13703] Processing file /home/runner/work/Ansede/Ansede/benchmarks/report/.repo_cache/log4j/log4j-api-java9/src/main/java/org/apache/logging/log4j/util/SystemPropertiesPropertySource.java
[2026-07-12 07:51:11] [javac-extractor-13703] Processing file /home/runner/work/Ansede/Ansede/benchmarks/report/.repo_cache/log4j/log4j-api-java9/src/main/java/org/apache/logging/log4j/util/internal/SerializationUtil.java
[2026-07-12 07:51:11] [javac-extractor-13703] Processing file /home/runner/work/Ansede/Ansede/benchmarks/report/.repo_cache/log4j/log4j-api-java9/src/main/java/org/apache/logging/log4j/util/internal/DefaultObjectInputFilter.java
[2026-07-12 07:51:11] [javac-extractor-13703] Javac init time: 1.2s
[2026-07-12 07:51:11] [javac-extractor-13703] Javac attr time: 0.1s
[2026-07-12 07:51:11] [javac-extractor-13703] Extractor time: 1.0s
[2026-07-12 07:51:11] [javac-extractor-13703] Other time: 0.2s
[2026-07-12 07:51:11] [javac-extractor-13703] Total time: 2.5s
