[2026-07-12 07:59:37] [javac-extractor-16381] Starting extraction for:
                                              sun.java.command=com.semmle.extractor.java.JavaExtractor --jdk-version 17 --javac-args @@@/home/runner/work/Ansede/Ansede/benchmarks/report/.codeql_dbs/log4j/log/ext/javac-87.args
                                              user.dir=/home/runner/work/Ansede/Ansede/benchmarks/report/.repo_cache/log4j
[2026-07-12 07:59:37] [javac-extractor-16381] Compilation name /home/runner/work/Ansede/Ansede/benchmarks/report/.codeql_dbs/log4j/trap/java/diagnostics/diagnostic-87.trap.gz
[2026-07-12 07:59:37] [javac-extractor-16381] [WARN] Appending source destination directory /home/runner/work/Ansede/Ansede/benchmarks/report/.repo_cache/log4j/log4j-spring-cloud-config-client/target/generated-sources/annotations to sourcepath
[2026-07-12 07:59:38] [javac-extractor-16381] Annotation processor class 'lombok.launch.AnnotationProcessorHider$AnnotationProcessor' initialized.
[2026-07-12 07:59:38] [javac-extractor-16381] Annotation processor class 'lombok.launch.AnnotationProcessorHider$ClaimingProcessor' initialized.
[2026-07-12 07:59:39] [javac-extractor-16381] 3 files will be passed to the attrib/flow phase
[2026-07-12 07:59:39] [javac-extractor-16381] Processing file /home/runner/work/Ansede/Ansede/benchmarks/report/.repo_cache/log4j/log4j-spring-cloud-config-client/src/main/java/org/apache/logging/log4j/spring/cloud/config/client/Log4j2EventListener.java
[2026-07-12 07:59:39] [javac-extractor-16381] [WARN] Not rewriting trap file for /home/runner/work/Ansede/Ansede/benchmarks/report/.codeql_dbs/log4j/trap/java/classes/org/apache/logging/log4j/LogManager.members/LogManager.members#52.0-1777751696000-java.trap.gz as /home/runner/work/Ansede/Ansede/benchmarks/report/.codeql_dbs/log4j/trap/java/classes/org/apache/logging/log4j/LogManager.members/LogManager.members#0.0-1783842564837-java.trap.gz exists
[2026-07-12 07:59:39] [javac-extractor-16381] [WARN] Not rewriting trap file for /home/runner/work/Ansede/Ansede/benchmarks/report/.codeql_dbs/log4j/trap/java/classes/org/apache/logging/log4j/Logger.members/Logger.members#52.0-1777751696000-java.trap.gz as /home/runner/work/Ansede/Ansede/benchmarks/report/.codeql_dbs/log4j/trap/java/classes/org/apache/logging/log4j/Logger.members/Logger.members#0.0-1783842564837-java.trap.gz exists
[2026-07-12 07:59:39] [javac-extractor-16381] [WARN] Not rewriting trap file for /home/runner/work/Ansede/Ansede/benchmarks/report/.codeql_dbs/log4j/trap/java/classes/org/apache/logging/log4j/core/util/WatchEventService.members/WatchEventService.members#52.0-1777751696000-java.trap.gz as /home/runner/work/Ansede/Ansede/benchmarks/report/.codeql_dbs/log4j/trap/java/classes/org/apache/logging/log4j/core/util/WatchEventService.members/WatchEventService.members#0.0-1783842564947-java.trap.gz exists
[2026-07-12 07:59:39] [javac-extractor-16381] [WARN] Not rewriting trap file for /home/runner/work/Ansede/Ansede/benchmarks/report/.codeql_dbs/log4j/trap/java/classes/org/apache/logging/log4j/core/util/WatchManager.members/WatchManager.members#52.0-1777751696000-java.trap.gz as /home/runner/work/Ansede/Ansede/benchmarks/report/.codeql_dbs/log4j/trap/java/classes/org/apache/logging/log4j/core/util/WatchManager.members/WatchManager.members#0.0-1783842564948-java.trap.gz exists
[2026-07-12 07:59:39] [javac-extractor-16381] Processing JAR file: /home/runner/.m2/repository/org/springframework/cloud/spring-cloud-context/4.3.0/spring-cloud-context-4.3.0.jar
[2026-07-12 07:59:39] [javac-extractor-16381] Processing file /home/runner/work/Ansede/Ansede/benchmarks/report/.repo_cache/log4j/log4j-spring-cloud-config-client/src/main/java/org/apache/logging/log4j/spring/cloud/config/client/WatchEventManager.java
[2026-07-12 07:59:39] [javac-extractor-16381] [WARN] Not rewriting trap file for /home/runner/work/Ansede/Ansede/benchmarks/report/.codeql_dbs/log4j/trap/java/classes/org/apache/logging/log4j/core/util/WatchEventService.members/WatchEventService.members#52.0-1777751696000-java.trap.gz as /home/runner/work/Ansede/Ansede/benchmarks/report/.codeql_dbs/log4j/trap/java/classes/org/apache/logging/log4j/core/util/WatchEventService.members/WatchEventService.members#0.0-1783842564947-java.trap.gz exists
[2026-07-12 07:59:39] [javac-extractor-16381] [WARN] Not rewriting trap file for /home/runner/work/Ansede/Ansede/benchmarks/report/.codeql_dbs/log4j/trap/java/classes/org/apache/logging/log4j/core/util/WatchManager.members/WatchManager.members#52.0-1777751696000-java.trap.gz as /home/runner/work/Ansede/Ansede/benchmarks/report/.codeql_dbs/log4j/trap/java/classes/org/apache/logging/log4j/core/util/WatchManager.members/WatchManager.members#0.0-1783842564948-java.trap.gz exists
[2026-07-12 07:59:39] [javac-extractor-16381] Javac init time: 1.2s
[2026-07-12 07:59:39] [javac-extractor-16381] Javac attr time: 0.1s
[2026-07-12 07:59:39] [javac-extractor-16381] Extractor time: 0.2s
[2026-07-12 07:59:39] [javac-extractor-16381] Other time: 0.2s
[2026-07-12 07:59:39] [javac-extractor-16381] Total time: 1.7s
