[2026-07-12 07:54:36] [javac-extractor-14241] Starting extraction for:
                                              sun.java.command=com.semmle.extractor.java.JavaExtractor --jdk-version 17 --javac-args @@@/home/runner/work/Ansede/Ansede/benchmarks/report/.codeql_dbs/log4j/log/ext/javac-16.args
                                              user.dir=/home/runner/work/Ansede/Ansede/benchmarks/report/.repo_cache/log4j
[2026-07-12 07:54:36] [javac-extractor-14241] Compilation name /home/runner/work/Ansede/Ansede/benchmarks/report/.codeql_dbs/log4j/trap/java/diagnostics/diagnostic-16.trap.gz
[2026-07-12 07:54:36] [javac-extractor-14241] [WARN] Appending source destination directory /home/runner/work/Ansede/Ansede/benchmarks/report/.repo_cache/log4j/log4j-appserver/target/generated-sources/annotations to sourcepath
[2026-07-12 07:54:37] [javac-extractor-14241] Annotation processor class 'lombok.launch.AnnotationProcessorHider$AnnotationProcessor' initialized.
[2026-07-12 07:54:37] [javac-extractor-14241] Annotation processor class 'lombok.launch.AnnotationProcessorHider$ClaimingProcessor' initialized.
[2026-07-12 07:54:37] [javac-extractor-14241] 5 files will be passed to the attrib/flow phase
[2026-07-12 07:54:37] [javac-extractor-14241] Processing file /home/runner/work/Ansede/Ansede/benchmarks/report/.repo_cache/log4j/log4j-appserver/src/main/java/org/apache/logging/log4j/appserver/internal/annotation/SuppressFBWarnings.java
[2026-07-12 07:54:37] [javac-extractor-14241] Processing file /home/runner/work/Ansede/Ansede/benchmarks/report/.repo_cache/log4j/log4j-appserver/src/main/java/org/apache/logging/log4j/appserver/jetty/Log4j2Logger.java
[2026-07-12 07:54:37] [javac-extractor-14241] [WARN] Not rewriting trap file for /home/runner/work/Ansede/Ansede/benchmarks/report/.codeql_dbs/log4j/trap/java/classes/org/apache/logging/log4j/Level.members/Level.members#52.0-1777751696000-java.trap.gz as /home/runner/work/Ansede/Ansede/benchmarks/report/.codeql_dbs/log4j/trap/java/classes/org/apache/logging/log4j/Level.members/Level.members#0.0-1783842564837-java.trap.gz exists
[2026-07-12 07:54:37] [javac-extractor-14241] [WARN] Not rewriting trap file for /home/runner/work/Ansede/Ansede/benchmarks/report/.codeql_dbs/log4j/trap/java/classes/org/apache/logging/log4j/LogManager.members/LogManager.members#52.0-1777751696000-java.trap.gz as /home/runner/work/Ansede/Ansede/benchmarks/report/.codeql_dbs/log4j/trap/java/classes/org/apache/logging/log4j/LogManager.members/LogManager.members#0.0-1783842564837-java.trap.gz exists
[2026-07-12 07:54:37] [javac-extractor-14241] [WARN] Not rewriting trap file for /home/runner/work/Ansede/Ansede/benchmarks/report/.codeql_dbs/log4j/trap/java/classes/org/apache/logging/log4j/spi/ExtendedLogger.members/ExtendedLogger.members#52.0-1777751696000-java.trap.gz as /home/runner/work/Ansede/Ansede/benchmarks/report/.codeql_dbs/log4j/trap/java/classes/org/apache/logging/log4j/spi/ExtendedLogger.members/ExtendedLogger.members#0.0-1783842564842-java.trap.gz exists
[2026-07-12 07:54:37] [javac-extractor-14241] [WARN] Not rewriting trap file for /home/runner/work/Ansede/Ansede/benchmarks/report/.codeql_dbs/log4j/trap/java/classes/org/apache/logging/log4j/spi/LoggerContext.members/LoggerContext.members#52.0-1777751696000-java.trap.gz as /home/runner/work/Ansede/Ansede/benchmarks/report/.codeql_dbs/log4j/trap/java/classes/org/apache/logging/log4j/spi/LoggerContext.members/LoggerContext.members#0.0-1783842564842-java.trap.gz exists
[2026-07-12 07:54:37] [javac-extractor-14241] [WARN] Not rewriting trap file for /home/runner/work/Ansede/Ansede/benchmarks/report/.codeql_dbs/log4j/trap/java/classes/org/apache/logging/log4j/Marker.members/Marker.members#52.0-1777751696000-java.trap.gz as /home/runner/work/Ansede/Ansede/benchmarks/report/.codeql_dbs/log4j/trap/java/classes/org/apache/logging/log4j/Marker.members/Marker.members#0.0-1783842564837-java.trap.gz exists
[2026-07-12 07:54:37] [javac-extractor-14241] [WARN] Not rewriting trap file for /home/runner/work/Ansede/Ansede/benchmarks/report/.codeql_dbs/log4j/trap/java/classes/org/apache/logging/log4j/Logger.members/Logger.members#52.0-1777751696000-java.trap.gz as /home/runner/work/Ansede/Ansede/benchmarks/report/.codeql_dbs/log4j/trap/java/classes/org/apache/logging/log4j/Logger.members/Logger.members#0.0-1783842564837-java.trap.gz exists
[2026-07-12 07:54:37] [javac-extractor-14241] Processing JAR file: /home/runner/.m2/repository/org/eclipse/jetty/jetty-util/9.4.57.v20241219/jetty-util-9.4.57.v20241219.jar
[2026-07-12 07:54:37] [javac-extractor-14241] Processing file /home/runner/work/Ansede/Ansede/benchmarks/report/.repo_cache/log4j/log4j-appserver/src/main/java/org/apache/logging/log4j/appserver/tomcat/TomcatLogger.java
[2026-07-12 07:54:37] [javac-extractor-14241] [WARN] Not rewriting trap file for /home/runner/work/Ansede/Ansede/benchmarks/report/.codeql_dbs/log4j/trap/java/classes/org/apache/logging/log4j/Level.members/Level.members#52.0-1777751696000-java.trap.gz as /home/runner/work/Ansede/Ansede/benchmarks/report/.codeql_dbs/log4j/trap/java/classes/org/apache/logging/log4j/Level.members/Level.members#0.0-1783842564837-java.trap.gz exists
[2026-07-12 07:54:37] [javac-extractor-14241] [WARN] Not rewriting trap file for /home/runner/work/Ansede/Ansede/benchmarks/report/.codeql_dbs/log4j/trap/java/classes/org/apache/logging/log4j/LogManager.members/LogManager.members#52.0-1777751696000-java.trap.gz as /home/runner/work/Ansede/Ansede/benchmarks/report/.codeql_dbs/log4j/trap/java/classes/org/apache/logging/log4j/LogManager.members/LogManager.members#0.0-1783842564837-java.trap.gz exists
[2026-07-12 07:54:37] [javac-extractor-14241] [WARN] Not rewriting trap file for /home/runner/work/Ansede/Ansede/benchmarks/report/.codeql_dbs/log4j/trap/java/classes/org/apache/logging/log4j/spi/ExtendedLogger.members/ExtendedLogger.members#52.0-1777751696000-java.trap.gz as /home/runner/work/Ansede/Ansede/benchmarks/report/.codeql_dbs/log4j/trap/java/classes/org/apache/logging/log4j/spi/ExtendedLogger.members/ExtendedLogger.members#0.0-1783842564842-java.trap.gz exists
[2026-07-12 07:54:37] [javac-extractor-14241] [WARN] Not rewriting trap file for /home/runner/work/Ansede/Ansede/benchmarks/report/.codeql_dbs/log4j/trap/java/classes/org/apache/logging/log4j/spi/LoggerContext.members/LoggerContext.members#52.0-1777751696000-java.trap.gz as /home/runner/work/Ansede/Ansede/benchmarks/report/.codeql_dbs/log4j/trap/java/classes/org/apache/logging/log4j/spi/LoggerContext.members/LoggerContext.members#0.0-1783842564842-java.trap.gz exists
[2026-07-12 07:54:37] [javac-extractor-14241] [WARN] Not rewriting trap file for /home/runner/work/Ansede/Ansede/benchmarks/report/.codeql_dbs/log4j/trap/java/classes/org/apache/logging/log4j/Logger.members/Logger.members#52.0-1777751696000-java.trap.gz as /home/runner/work/Ansede/Ansede/benchmarks/report/.codeql_dbs/log4j/trap/java/classes/org/apache/logging/log4j/Logger.members/Logger.members#0.0-1783842564837-java.trap.gz exists
[2026-07-12 07:54:37] [javac-extractor-14241] [WARN] Not rewriting trap file for /home/runner/work/Ansede/Ansede/benchmarks/report/.codeql_dbs/log4j/trap/java/classes/org/apache/logging/log4j/Marker.members/Marker.members#52.0-1777751696000-java.trap.gz as /home/runner/work/Ansede/Ansede/benchmarks/report/.codeql_dbs/log4j/trap/java/classes/org/apache/logging/log4j/Marker.members/Marker.members#0.0-1783842564837-java.trap.gz exists
[2026-07-12 07:54:37] [javac-extractor-14241] Processing JAR file: /home/runner/.m2/repository/org/apache/tomcat/tomcat-juli/10.0.27/tomcat-juli-10.0.27.jar
[2026-07-12 07:54:37] [javac-extractor-14241] Javac init time: 1.2s
[2026-07-12 07:54:37] [javac-extractor-14241] Javac attr time: 0.1s
[2026-07-12 07:54:37] [javac-extractor-14241] Extractor time: 0.2s
[2026-07-12 07:54:37] [javac-extractor-14241] Other time: 0.2s
[2026-07-12 07:54:37] [javac-extractor-14241] Total time: 1.7s
