[2026-07-12 07:59:51] [javac-output-16492] warning: [options] source value 8 is obsolete and will be removed in a future release
[2026-07-12 07:59:51] [javac-output-16492] warning: [options] target value 8 is obsolete and will be removed in a future release
[2026-07-12 07:59:51] [javac-output-16492] warning: [options] To suppress warnings about obsolete options, use -Xlint:-options.
[2026-07-12 07:59:52] [javac-output-16492] /home/runner/work/Ansede/Ansede/benchmarks/report/.repo_cache/log4j/log4j-web/src/test/java/org/apache/logging/log4j/web/Log4jServletFilterTest.java:39: warning: [deprecation] lenient() in Mock has been deprecated
[2026-07-12 07:59:52] [javac-output-16492]     @Mock(lenient = true) // because filterConfig is not used in testDestroy
[2026-07-12 07:59:52] [javac-output-16492]           ^
[2026-07-12 07:59:52] [javac-output-16492] /home/runner/work/Ansede/Ansede/benchmarks/report/.repo_cache/log4j/log4j-web/src/test/java/org/apache/logging/log4j/web/Log4jServletFilterTest.java:42: warning: [deprecation] lenient() in Mock has been deprecated
[2026-07-12 07:59:52] [javac-output-16492]     @Mock(lenient = true) // because filterConfig is not used in testDestroy
[2026-07-12 07:59:52] [javac-output-16492]           ^
[2026-07-12 07:59:52] [javac-output-16492] /home/runner/work/Ansede/Ansede/benchmarks/report/.repo_cache/log4j/log4j-web/src/test/java/org/apache/logging/log4j/web/Log4jShutdownOnContextDestroyedListenerTest.java:33: warning: [deprecation] lenient() in Mock has been deprecated
[2026-07-12 07:59:52] [javac-output-16492]     @Mock(lenient = true)
[2026-07-12 07:59:52] [javac-output-16492]           ^
[2026-07-12 07:59:52] [javac-output-16492] /home/runner/work/Ansede/Ansede/benchmarks/report/.repo_cache/log4j/log4j-web/src/test/java/org/apache/logging/log4j/web/Log4jShutdownOnContextDestroyedListenerTest.java:36: warning: [deprecation] lenient() in Mock has been deprecated
[2026-07-12 07:59:52] [javac-output-16492]     @Mock(lenient = true)
[2026-07-12 07:59:52] [javac-output-16492]           ^
[2026-07-12 07:59:52] [javac-output-16492] /home/runner/work/Ansede/Ansede/benchmarks/report/.repo_cache/log4j/log4j-web/src/test/java/org/apache/logging/log4j/web/Log4jWebInitializerImplTest.java:55: warning: [deprecation] lenient() in Mock has been deprecated
[2026-07-12 07:59:52] [javac-output-16492]     @Mock(lenient = true)
[2026-07-12 07:59:52] [javac-output-16492]           ^
[2026-07-12 07:59:52] [javac-output-16492] warning: [processing] No processor claimed any of these annotations: org.junit.jupiter.api.Test,org.junit.jupiter.params.provider.ValueSource,org.junit.jupiter.api.BeforeEach,org.junit.jupiter.params.ParameterizedTest,org.junit.jupiter.api.extension.ExtendWith,org.mockito.Mock,org.mockito.Captor
[2026-07-12 07:59:52] [javac-output-16492] /home/runner/work/Ansede/Ansede/benchmarks/report/.repo_cache/log4j/log4j-web/src/test/java/org/apache/logging/log4j/web/Log4jServletFilterTest.java:39: warning: [deprecation] lenient() in Mock has been deprecated
[2026-07-12 07:59:52] [javac-output-16492]     @Mock(lenient = true) // because filterConfig is not used in testDestroy
[2026-07-12 07:59:52] [javac-output-16492]           ^
[2026-07-12 07:59:52] [javac-output-16492] /home/runner/work/Ansede/Ansede/benchmarks/report/.repo_cache/log4j/log4j-web/src/test/java/org/apache/logging/log4j/web/Log4jServletFilterTest.java:42: warning: [deprecation] lenient() in Mock has been deprecated
[2026-07-12 07:59:52] [javac-output-16492]     @Mock(lenient = true) // because filterConfig is not used in testDestroy
[2026-07-12 07:59:52] [javac-output-16492]           ^
[2026-07-12 07:59:52] [javac-output-16492] /home/runner/work/Ansede/Ansede/benchmarks/report/.repo_cache/log4j/log4j-web/src/test/java/org/apache/logging/log4j/web/Log4jShutdownOnContextDestroyedListenerTest.java:33: warning: [deprecation] lenient() in Mock has been deprecated
[2026-07-12 07:59:52] [javac-output-16492]     @Mock(lenient = true)
[2026-07-12 07:59:52] [javac-output-16492]           ^
[2026-07-12 07:59:52] [javac-output-16492] /home/runner/work/Ansede/Ansede/benchmarks/report/.repo_cache/log4j/log4j-web/src/test/java/org/apache/logging/log4j/web/Log4jShutdownOnContextDestroyedListenerTest.java:36: warning: [deprecation] lenient() in Mock has been deprecated
[2026-07-12 07:59:52] [javac-output-16492]     @Mock(lenient = true)
[2026-07-12 07:59:52] [javac-output-16492]           ^
[2026-07-12 07:59:52] [javac-output-16492] /home/runner/work/Ansede/Ansede/benchmarks/report/.repo_cache/log4j/log4j-web/src/test/java/org/apache/logging/log4j/web/Log4jWebInitializerImplTest.java:55: warning: [deprecation] lenient() in Mock has been deprecated
[2026-07-12 07:59:52] [javac-output-16492]     @Mock(lenient = true)
[2026-07-12 07:59:52] [javac-output-16492]           ^
[2026-07-12 07:59:52] [javac-output-16492] /home/runner/work/Ansede/Ansede/benchmarks/report/.repo_cache/log4j/log4j-web/src/test/java/org/apache/logging/log4j/web/Log4jServletFilterTest.java:39: warning: [deprecation] lenient() in Mock has been deprecated
[2026-07-12 07:59:52] [javac-output-16492]     @Mock(lenient = true) // because filterConfig is not used in testDestroy
[2026-07-12 07:59:52] [javac-output-16492]           ^
[2026-07-12 07:59:52] [javac-output-16492] /home/runner/work/Ansede/Ansede/benchmarks/report/.repo_cache/log4j/log4j-web/src/test/java/org/apache/logging/log4j/web/Log4jServletFilterTest.java:42: warning: [deprecation] lenient() in Mock has been deprecated
[2026-07-12 07:59:52] [javac-output-16492]     @Mock(lenient = true) // because filterConfig is not used in testDestroy
[2026-07-12 07:59:52] [javac-output-16492]           ^
[2026-07-12 07:59:52] [javac-output-16492] /home/runner/work/Ansede/Ansede/benchmarks/report/.repo_cache/log4j/log4j-web/src/test/java/org/apache/logging/log4j/web/Log4jShutdownOnContextDestroyedListenerTest.java:33: warning: [deprecation] lenient() in Mock has been deprecated
[2026-07-12 07:59:52] [javac-output-16492]     @Mock(lenient = true)
[2026-07-12 07:59:52] [javac-output-16492]           ^
[2026-07-12 07:59:52] [javac-output-16492] /home/runner/work/Ansede/Ansede/benchmarks/report/.repo_cache/log4j/log4j-web/src/test/java/org/apache/logging/log4j/web/Log4jShutdownOnContextDestroyedListenerTest.java:36: warning: [deprecation] lenient() in Mock has been deprecated
[2026-07-12 07:59:52] [javac-output-16492]     @Mock(lenient = true)
[2026-07-12 07:59:52] [javac-output-16492]           ^
[2026-07-12 07:59:52] [javac-output-16492] /home/runner/work/Ansede/Ansede/benchmarks/report/.repo_cache/log4j/log4j-web/src/test/java/org/apache/logging/log4j/web/Log4jWebInitializerImplTest.java:55: warning: [deprecation] lenient() in Mock has been deprecated
[2026-07-12 07:59:52] [javac-output-16492]     @Mock(lenient = true)
[2026-07-12 07:59:52] [javac-output-16492]           ^
[2026-07-12 07:59:52] [javac-output-16492] /home/runner/work/Ansede/Ansede/benchmarks/report/.repo_cache/log4j/log4j-web/src/test/java/org/apache/logging/log4j/web/Log4jServletFilterTest.java:39: warning: [deprecation] lenient() in Mock has been deprecated
[2026-07-12 07:59:52] [javac-output-16492]     @Mock(lenient = true) // because filterConfig is not used in testDestroy
[2026-07-12 07:59:52] [javac-output-16492]           ^
[2026-07-12 07:59:52] [javac-output-16492] /home/runner/work/Ansede/Ansede/benchmarks/report/.repo_cache/log4j/log4j-web/src/test/java/org/apache/logging/log4j/web/Log4jServletFilterTest.java:42: warning: [deprecation] lenient() in Mock has been deprecated
[2026-07-12 07:59:52] [javac-output-16492]     @Mock(lenient = true) // because filterConfig is not used in testDestroy
[2026-07-12 07:59:52] [javac-output-16492]           ^
[2026-07-12 07:59:52] [javac-output-16492] /home/runner/work/Ansede/Ansede/benchmarks/report/.repo_cache/log4j/log4j-web/src/test/java/org/apache/logging/log4j/web/Log4jShutdownOnContextDestroyedListenerTest.java:33: warning: [deprecation] lenient() in Mock has been deprecated
[2026-07-12 07:59:52] [javac-output-16492]     @Mock(lenient = true)
[2026-07-12 07:59:52] [javac-output-16492]           ^
[2026-07-12 07:59:52] [javac-output-16492] /home/runner/work/Ansede/Ansede/benchmarks/report/.repo_cache/log4j/log4j-web/src/test/java/org/apache/logging/log4j/web/Log4jShutdownOnContextDestroyedListenerTest.java:36: warning: [deprecation] lenient() in Mock has been deprecated
[2026-07-12 07:59:52] [javac-output-16492]     @Mock(lenient = true)
[2026-07-12 07:59:52] [javac-output-16492]           ^
[2026-07-12 07:59:52] [javac-output-16492] /home/runner/work/Ansede/Ansede/benchmarks/report/.repo_cache/log4j/log4j-web/src/test/java/org/apache/logging/log4j/web/Log4jWebInitializerImplTest.java:55: warning: [deprecation] lenient() in Mock has been deprecated
[2026-07-12 07:59:52] [javac-output-16492]     @Mock(lenient = true)
[2026-07-12 07:59:52] [javac-output-16492]           ^
[2026-07-12 07:59:52] [javac-output-16492] /home/runner/work/Ansede/Ansede/benchmarks/report/.repo_cache/log4j/log4j-web/src/test/java/org/apache/logging/log4j/web/Log4jServletFilterTest.java:39: warning: [deprecation] lenient() in Mock has been deprecated
[2026-07-12 07:59:52] [javac-output-16492]     @Mock(lenient = true) // because filterConfig is not used in testDestroy
[2026-07-12 07:59:52] [javac-output-16492]           ^
[2026-07-12 07:59:52] [javac-output-16492] /home/runner/work/Ansede/Ansede/benchmarks/report/.repo_cache/log4j/log4j-web/src/test/java/org/apache/logging/log4j/web/Log4jServletFilterTest.java:42: warning: [deprecation] lenient() in Mock has been deprecated
[2026-07-12 07:59:52] [javac-output-16492]     @Mock(lenient = true) // because filterConfig is not used in testDestroy
[2026-07-12 07:59:52] [javac-output-16492]           ^
[2026-07-12 07:59:52] [javac-output-16492] /home/runner/work/Ansede/Ansede/benchmarks/report/.repo_cache/log4j/log4j-web/src/test/java/org/apache/logging/log4j/web/Log4jShutdownOnContextDestroyedListenerTest.java:33: warning: [deprecation] lenient() in Mock has been deprecated
[2026-07-12 07:59:52] [javac-output-16492]     @Mock(lenient = true)
[2026-07-12 07:59:52] [javac-output-16492]           ^
[2026-07-12 07:59:52] [javac-output-16492] /home/runner/work/Ansede/Ansede/benchmarks/report/.repo_cache/log4j/log4j-web/src/test/java/org/apache/logging/log4j/web/Log4jShutdownOnContextDestroyedListenerTest.java:36: warning: [deprecation] lenient() in Mock has been deprecated
[2026-07-12 07:59:52] [javac-output-16492]     @Mock(lenient = true)
[2026-07-12 07:59:52] [javac-output-16492]           ^
[2026-07-12 07:59:52] [javac-output-16492] /home/runner/work/Ansede/Ansede/benchmarks/report/.repo_cache/log4j/log4j-web/src/test/java/org/apache/logging/log4j/web/Log4jWebInitializerImplTest.java:55: warning: [deprecation] lenient() in Mock has been deprecated
[2026-07-12 07:59:52] [javac-output-16492]     @Mock(lenient = true)
[2026-07-12 07:59:52] [javac-output-16492]           ^
[2026-07-12 07:59:53] [javac-output-16492] /home/runner/.m2/repository/org/springframework/spring-core/5.3.39/spring-core-5.3.39.jar(/org/springframework/lang/Nullable.class): warning: [classfile] Cannot find annotation method 'when()' in type 'Nonnull'
[2026-07-12 07:59:53] [javac-output-16492] warning: unknown enum constant When.MAYBE
