[2026-07-12 07:59:40] [javac-extractor-16407] Starting extraction for:
                                              sun.java.command=com.semmle.extractor.java.JavaExtractor --jdk-version 17 --javac-args @@@/home/runner/work/Ansede/Ansede/benchmarks/report/.codeql_dbs/log4j/log/ext/javac-88.args
                                              user.dir=/home/runner/work/Ansede/Ansede/benchmarks/report/.repo_cache/log4j
[2026-07-12 07:59:40] [javac-extractor-16407] Compilation name /home/runner/work/Ansede/Ansede/benchmarks/report/.codeql_dbs/log4j/trap/java/diagnostics/diagnostic-88.trap.gz
[2026-07-12 07:59:40] [javac-extractor-16407] [WARN] Appending source destination directory /home/runner/work/Ansede/Ansede/benchmarks/report/.repo_cache/log4j/log4j-spring-cloud-config-client/target/generated-test-sources/test-annotations to sourcepath
[2026-07-12 07:59:41] [javac-extractor-16407] Annotation processor class 'lombok.launch.AnnotationProcessorHider$AnnotationProcessor' initialized.
[2026-07-12 07:59:41] [javac-extractor-16407] Annotation processor class 'lombok.launch.AnnotationProcessorHider$ClaimingProcessor' initialized.
[2026-07-12 07:59:41] [javac-extractor-16407] 2 files will be passed to the attrib/flow phase
[2026-07-12 07:59:42] [javac-extractor-16407] Processing file /home/runner/work/Ansede/Ansede/benchmarks/report/.repo_cache/log4j/log4j-spring-cloud-config-client/src/test/java/org/apache/logging/log4j/spring/cloud/config/client/Log4j2EventListenerTest.java
[2026-07-12 07:59:42] [javac-extractor-16407] [WARN] Not rewriting trap file for /home/runner/work/Ansede/Ansede/benchmarks/report/.codeql_dbs/log4j/trap/java/classes/org/apache/logging/log4j/core/config/ConfigurationListener.members/ConfigurationListener.members#52.0-1777751696000-java.trap.gz as /home/runner/work/Ansede/Ansede/benchmarks/report/.codeql_dbs/log4j/trap/java/classes/org/apache/logging/log4j/core/config/ConfigurationListener.members/ConfigurationListener.members#0.0-1783842564919-java.trap.gz exists
[2026-07-12 07:59:42] [javac-extractor-16407] [WARN] Not rewriting trap file for /home/runner/work/Ansede/Ansede/benchmarks/report/.codeql_dbs/log4j/trap/java/classes/org/apache/logging/log4j/core/config/Reconfigurable.members/Reconfigurable.members#52.0-1777751696000-java.trap.gz as /home/runner/work/Ansede/Ansede/benchmarks/report/.codeql_dbs/log4j/trap/java/classes/org/apache/logging/log4j/core/config/Reconfigurable.members/Reconfigurable.members#0.0-1783842564920-java.trap.gz exists
[2026-07-12 07:59:42] [javac-extractor-16407] [WARN] Not rewriting trap file for /home/runner/work/Ansede/Ansede/benchmarks/report/.codeql_dbs/log4j/trap/java/classes/org/apache/logging/log4j/core/test/junit/LoggerContextRule.members/LoggerContextRule.members#52.0-1777751696000-java.trap.gz as /home/runner/work/Ansede/Ansede/benchmarks/report/.codeql_dbs/log4j/trap/java/classes/org/apache/logging/log4j/core/test/junit/LoggerContextRule.members/LoggerContextRule.members#0.0-1783842564855-java.trap.gz exists
[2026-07-12 07:59:42] [javac-extractor-16407] [WARN] Not rewriting trap file for /home/runner/work/Ansede/Ansede/benchmarks/report/.codeql_dbs/log4j/trap/java/classes/org/apache/logging/log4j/core/util/Source.members/Source.members#52.0-1777751696000-java.trap.gz as /home/runner/work/Ansede/Ansede/benchmarks/report/.codeql_dbs/log4j/trap/java/classes/org/apache/logging/log4j/core/util/Source.members/Source.members#0.0-1783842564947-java.trap.gz exists
[2026-07-12 07:59:42] [javac-extractor-16407] [WARN] Not rewriting trap file for /home/runner/work/Ansede/Ansede/benchmarks/report/.codeql_dbs/log4j/trap/java/classes/org/apache/logging/log4j/core/util/Watcher.members/Watcher.members#52.0-1777751696000-java.trap.gz as /home/runner/work/Ansede/Ansede/benchmarks/report/.codeql_dbs/log4j/trap/java/classes/org/apache/logging/log4j/core/util/Watcher.members/Watcher.members#0.0-1783842564948-java.trap.gz exists
[2026-07-12 07:59:42] [javac-extractor-16407] [WARN] Not rewriting trap file for /home/runner/work/Ansede/Ansede/benchmarks/report/.codeql_dbs/log4j/trap/java/classes/org/apache/logging/log4j/core/util/WatchManager.members/WatchManager.members#52.0-1777751696000-java.trap.gz as /home/runner/work/Ansede/Ansede/benchmarks/report/.codeql_dbs/log4j/trap/java/classes/org/apache/logging/log4j/core/util/WatchManager.members/WatchManager.members#0.0-1783842564948-java.trap.gz exists
[2026-07-12 07:59:42] [javac-extractor-16407] [WARN] Not rewriting trap file for /home/runner/work/Ansede/Ansede/benchmarks/report/.codeql_dbs/log4j/trap/java/classes/org/apache/logging/log4j/core/config/Configuration.members/Configuration.members#52.0-1777751696000-java.trap.gz as /home/runner/work/Ansede/Ansede/benchmarks/report/.codeql_dbs/log4j/trap/java/classes/org/apache/logging/log4j/core/config/Configuration.members/Configuration.members#0.0-1783842564919-java.trap.gz exists
[2026-07-12 07:59:42] [javac-extractor-16407] [WARN] Not rewriting trap file for /home/runner/work/Ansede/Ansede/benchmarks/report/.codeql_dbs/log4j/trap/java/classes/org/apache/logging/log4j/core/LoggerContext.members/LoggerContext.members#52.0-1777751696000-java.trap.gz as /home/runner/work/Ansede/Ansede/benchmarks/report/.codeql_dbs/log4j/trap/java/classes/org/apache/logging/log4j/core/LoggerContext.members/LoggerContext.members#0.0-1783842564909-java.trap.gz exists
[2026-07-12 07:59:42] [javac-extractor-16407] Processing file /home/runner/work/Ansede/Ansede/benchmarks/report/.repo_cache/log4j/log4j-spring-cloud-config-client/src/test/java/org/apache/logging/log4j/spring/cloud/config/client/SpringConfiguration.java
[2026-07-12 07:59:42] [javac-extractor-16407] Javac init time: 1.3s
[2026-07-12 07:59:42] [javac-extractor-16407] Javac attr time: 0.1s
[2026-07-12 07:59:42] [javac-extractor-16407] Extractor time: 0.1s
[2026-07-12 07:59:42] [javac-extractor-16407] Other time: 0.2s
[2026-07-12 07:59:42] [javac-extractor-16407] Total time: 1.8s
