[2026-07-12 07:51:12] [javac-extractor-13730] Starting extraction for:
                                              sun.java.command=com.semmle.extractor.java.JavaExtractor --jdk-version 17 --javac-args @@@/home/runner/work/Ansede/Ansede/benchmarks/report/.codeql_dbs/log4j/log/ext/javac-1.args
                                              user.dir=/home/runner/work/Ansede/Ansede/benchmarks/report/.repo_cache/log4j
[2026-07-12 07:51:12] [javac-extractor-13730] Compilation name /home/runner/work/Ansede/Ansede/benchmarks/report/.codeql_dbs/log4j/trap/java/diagnostics/diagnostic-1.trap.gz
[2026-07-12 07:51:12] [javac-extractor-13730] [WARN] Appending source destination directory /home/runner/work/Ansede/Ansede/benchmarks/report/.repo_cache/log4j/log4j-api-java9/target/generated-test-sources/test-annotations to sourcepath
[2026-07-12 07:51:13] [javac-extractor-13730] Annotation processor class 'lombok.launch.AnnotationProcessorHider$AnnotationProcessor' initialized.
[2026-07-12 07:51:13] [javac-extractor-13730] Annotation processor class 'lombok.launch.AnnotationProcessorHider$ClaimingProcessor' initialized.
[2026-07-12 07:51:13] [javac-extractor-13730] 2 files will be passed to the attrib/flow phase
[2026-07-12 07:51:13] [javac-extractor-13730] Processing file /home/runner/work/Ansede/Ansede/benchmarks/report/.repo_cache/log4j/log4j-api-java9/src/test/java/org/apache/logging/log4j/util/java9/ProcessIdUtilTest.java
[2026-07-12 07:51:13] [javac-extractor-13730] [WARN] Not rewriting trap file for /home/runner/work/Ansede/Ansede/benchmarks/report/.codeql_dbs/log4j/trap/java/classes/org/apache/logging/log4j/util/ProcessIdUtil.members/ProcessIdUtil.members#53.0-1783842668277-java.trap.gz as /home/runner/work/Ansede/Ansede/benchmarks/report/.codeql_dbs/log4j/trap/java/classes/org/apache/logging/log4j/util/ProcessIdUtil.members/ProcessIdUtil.members#0.0-1783842564825-java.trap.gz exists
[2026-07-12 07:51:13] [javac-extractor-13730] Processing JAR file: /home/runner/.m2/repository/org/junit/jupiter/junit-jupiter-api/5.13.4/junit-jupiter-api-5.13.4.jar
[2026-07-12 07:51:13] [javac-extractor-13730] Processing JAR file: /home/runner/.m2/repository/org/apiguardian/apiguardian-api/1.1.2/apiguardian-api-1.1.2.jar
[2026-07-12 07:51:13] [javac-extractor-13730] Processing JAR file: /home/runner/.m2/repository/org/opentest4j/opentest4j/1.3.0/opentest4j-1.3.0.jar
[2026-07-12 07:51:13] [javac-extractor-13730] Processing JAR file: /home/runner/.m2/repository/org/junit/platform/junit-platform-commons/1.13.4/junit-platform-commons-1.13.4.jar
[2026-07-12 07:51:14] [javac-extractor-13730] Processing file /home/runner/work/Ansede/Ansede/benchmarks/report/.repo_cache/log4j/log4j-api-java9/src/test/java/org/apache/logging/log4j/util/java9/StackLocatorTest.java
[2026-07-12 07:51:14] [javac-extractor-13730] [WARN] Not rewriting trap file for /home/runner/work/Ansede/Ansede/benchmarks/report/.codeql_dbs/log4j/trap/java/classes/org/apache/logging/log4j/util/StackLocator.members/StackLocator.members#53.0-1783842668285-java.trap.gz as /home/runner/work/Ansede/Ansede/benchmarks/report/.codeql_dbs/log4j/trap/java/classes/org/apache/logging/log4j/util/StackLocator.members/StackLocator.members#0.0-1783842564825-java.trap.gz exists
[2026-07-12 07:51:14] [javac-extractor-13730] Javac init time: 1.2s
[2026-07-12 07:51:14] [javac-extractor-13730] Javac attr time: 0.1s
[2026-07-12 07:51:14] [javac-extractor-13730] Extractor time: 0.3s
[2026-07-12 07:51:14] [javac-extractor-13730] Other time: 0.2s
[2026-07-12 07:51:14] [javac-extractor-13730] Total time: 1.8s
