[2026-07-12 07:58:04] [javac-extractor-15877] Starting extraction for:
                                              sun.java.command=com.semmle.extractor.java.JavaExtractor --jdk-version 17 --javac-args @@@/home/runner/work/Ansede/Ansede/benchmarks/report/.codeql_dbs/log4j/log/ext/javac-71.args
                                              user.dir=/home/runner/work/Ansede/Ansede/benchmarks/report/.repo_cache/log4j
[2026-07-12 07:58:04] [javac-extractor-15877] Compilation name /home/runner/work/Ansede/Ansede/benchmarks/report/.codeql_dbs/log4j/trap/java/diagnostics/diagnostic-71.trap.gz
[2026-07-12 07:58:04] [javac-extractor-15877] [WARN] Appending source destination directory /home/runner/work/Ansede/Ansede/benchmarks/report/.repo_cache/log4j/log4j-mongodb/target/generated-sources/annotations to sourcepath
[2026-07-12 07:58:05] [javac-extractor-15877] Annotation processor class 'lombok.launch.AnnotationProcessorHider$AnnotationProcessor' initialized.
[2026-07-12 07:58:05] [javac-extractor-15877] Annotation processor class 'lombok.launch.AnnotationProcessorHider$ClaimingProcessor' initialized.
[2026-07-12 07:58:05] [javac-extractor-15877] 2 files will be passed to the attrib/flow phase
[2026-07-12 07:58:05] [javac-extractor-15877] Processing file /home/runner/work/Ansede/Ansede/benchmarks/report/.repo_cache/log4j/log4j-mongodb/src/main/java/org/apache/logging/log4j/mongodb/MongoDbProvider.java
[2026-07-12 07:58:05] [javac-extractor-15877] [WARN] Not rewriting trap file for /home/runner/work/Ansede/Ansede/benchmarks/report/.codeql_dbs/log4j/trap/java/classes/org/apache/logging/log4j/core/Core.members/Core.members#52.0-1777751696000-java.trap.gz as /home/runner/work/Ansede/Ansede/benchmarks/report/.codeql_dbs/log4j/trap/java/classes/org/apache/logging/log4j/core/Core.members/Core.members#0.0-1783842564909-java.trap.gz exists
[2026-07-12 07:58:05] [javac-extractor-15877] [WARN] Not rewriting trap file for /home/runner/work/Ansede/Ansede/benchmarks/report/.codeql_dbs/log4j/trap/java/classes/org/apache/logging/log4j/core/appender/nosql/NoSqlProvider.members/NoSqlProvider.members#52.0-1777751696000-java.trap.gz as /home/runner/work/Ansede/Ansede/benchmarks/report/.codeql_dbs/log4j/trap/java/classes/org/apache/logging/log4j/core/appender/nosql/NoSqlProvider.members/NoSqlProvider.members#0.0-1783842564914-java.trap.gz exists
[2026-07-12 07:58:05] [javac-extractor-15877] [WARN] Not rewriting trap file for /home/runner/work/Ansede/Ansede/benchmarks/report/.codeql_dbs/log4j/trap/java/classes/org/apache/logging/log4j/core/config/plugins/Plugin.members/Plugin.members#52.0-1777751696000-java.trap.gz as /home/runner/work/Ansede/Ansede/benchmarks/report/.codeql_dbs/log4j/trap/java/classes/org/apache/logging/log4j/core/config/plugins/Plugin.members/Plugin.members#0.0-1783842564924-java.trap.gz exists
[2026-07-12 07:58:05] [javac-extractor-15877] [WARN] Not rewriting trap file for /home/runner/work/Ansede/Ansede/benchmarks/report/.codeql_dbs/log4j/trap/java/classes/org/apache/logging/log4j/core/config/plugins/PluginBuilderFactory.members/PluginBuilderFactory.members#52.0-1777751696000-java.trap.gz as /home/runner/work/Ansede/Ansede/benchmarks/report/.codeql_dbs/log4j/trap/java/classes/org/apache/logging/log4j/core/config/plugins/PluginBuilderFactory.members/PluginBuilderFactory.members#0.0-1783842564924-java.trap.gz exists
[2026-07-12 07:58:05] [javac-extractor-15877] [WARN] Not rewriting trap file for /home/runner/work/Ansede/Ansede/benchmarks/report/.codeql_dbs/log4j/trap/java/classes/org/apache/logging/log4j/mongodb4/MongoDb4Connection.members/MongoDb4Connection.members#52.0-1777751696000-java.trap.gz as /home/runner/work/Ansede/Ansede/benchmarks/report/.codeql_dbs/log4j/trap/java/classes/org/apache/logging/log4j/mongodb4/MongoDb4Connection.members/MongoDb4Connection.members#0.0-1783842564979-java.trap.gz exists
[2026-07-12 07:58:05] [javac-extractor-15877] [WARN] Not rewriting trap file for /home/runner/work/Ansede/Ansede/benchmarks/report/.codeql_dbs/log4j/trap/java/classes/org/apache/logging/log4j/mongodb4/MongoDb4Provider.members/MongoDb4Provider.members#52.0-1777751696000-java.trap.gz as /home/runner/work/Ansede/Ansede/benchmarks/report/.codeql_dbs/log4j/trap/java/classes/org/apache/logging/log4j/mongodb4/MongoDb4Provider.members/MongoDb4Provider.members#0.0-1783842564979-java.trap.gz exists
[2026-07-12 07:58:05] [javac-extractor-15877] [WARN] Not rewriting trap file for /home/runner/work/Ansede/Ansede/benchmarks/report/.codeql_dbs/log4j/trap/java/classes/org/apache/logging/log4j/mongodb4/MongoDb4Provider$Builder.members/MongoDb4Provider$Builder.members#52.0-1777751696000-java.trap.gz as /home/runner/work/Ansede/Ansede/benchmarks/report/.codeql_dbs/log4j/trap/java/classes/org/apache/logging/log4j/mongodb4/MongoDb4Provider$Builder.members/MongoDb4Provider$Builder.members#0.0-1783842564979-java.trap.gz exists
[2026-07-12 07:58:05] [javac-extractor-15877] [WARN] Not rewriting trap file for /home/runner/work/Ansede/Ansede/benchmarks/report/.codeql_dbs/log4j/trap/java/classes/org/apache/logging/log4j/core/filter/AbstractFilterable$Builder.members/AbstractFilterable$Builder.members#52.0-1777751696000-java.trap.gz as /home/runner/work/Ansede/Ansede/benchmarks/report/.codeql_dbs/log4j/trap/java/classes/org/apache/logging/log4j/core/filter/AbstractFilterable$Builder.members/AbstractFilterable$Builder.members#0.0-1783842564929-java.trap.gz exists
[2026-07-12 07:58:05] [javac-extractor-15877] [WARN] Not rewriting trap file for /home/runner/work/Ansede/Ansede/benchmarks/report/.codeql_dbs/log4j/trap/java/classes/org/apache/logging/log4j/core/filter/AbstractFilterable.members/AbstractFilterable.members#52.0-1777751696000-java.trap.gz as /home/runner/work/Ansede/Ansede/benchmarks/report/.codeql_dbs/log4j/trap/java/classes/org/apache/logging/log4j/core/filter/AbstractFilterable.members/AbstractFilterable.members#0.0-1783842564929-java.trap.gz exists
[2026-07-12 07:58:05] [javac-extractor-15877] [WARN] Not rewriting trap file for /home/runner/work/Ansede/Ansede/benchmarks/report/.codeql_dbs/log4j/trap/java/classes/org/apache/logging/log4j/core/util/Builder.members/Builder.members#52.0-1777751696000-java.trap.gz as /home/runner/work/Ansede/Ansede/benchmarks/report/.codeql_dbs/log4j/trap/java/classes/org/apache/logging/log4j/core/util/Builder.members/Builder.members#0.0-1783842564945-java.trap.gz exists
[2026-07-12 07:58:05] [javac-extractor-15877] [WARN] Not rewriting trap file for /home/runner/work/Ansede/Ansede/benchmarks/report/.codeql_dbs/log4j/trap/java/classes/org/apache/logging/log4j/core/Filter.members/Filter.members#52.0-1777751696000-java.trap.gz as /home/runner/work/Ansede/Ansede/benchmarks/report/.codeql_dbs/log4j/trap/java/classes/org/apache/logging/log4j/core/Filter.members/Filter.members#0.0-1783842564909-java.trap.gz exists
[2026-07-12 07:58:05] [javac-extractor-15877] [WARN] Not rewriting trap file for /home/runner/work/Ansede/Ansede/benchmarks/report/.codeql_dbs/log4j/trap/java/classes/org/apache/logging/log4j/core/config/Property.members/Property.members#52.0-1777751696000-java.trap.gz as /home/runner/work/Ansede/Ansede/benchmarks/report/.codeql_dbs/log4j/trap/java/classes/org/apache/logging/log4j/core/config/Property.members/Property.members#0.0-1783842564920-java.trap.gz exists
[2026-07-12 07:58:05] [javac-extractor-15877] [WARN] Not rewriting trap file for /home/runner/work/Ansede/Ansede/benchmarks/report/.codeql_dbs/log4j/trap/java/classes/org/apache/logging/log4j/core/appender/nosql/NoSqlConnection.members/NoSqlConnection.members#52.0-1777751696000-java.trap.gz as /home/runner/work/Ansede/Ansede/benchmarks/report/.codeql_dbs/log4j/trap/java/classes/org/apache/logging/log4j/core/appender/nosql/NoSqlConnection.members/NoSqlConnection.members#0.0-1783842564914-java.trap.gz exists
[2026-07-12 07:58:05] [javac-extractor-15877] Processing JAR file: /home/runner/work/Ansede/Ansede/benchmarks/report/.repo_cache/log4j/log4j-mongodb4/target/log4j-mongodb4-2.27.0-SNAPSHOT.jar
[2026-07-12 07:58:05] [javac-extractor-15877] Javac init time: 1.1s
[2026-07-12 07:58:05] [javac-extractor-15877] Javac attr time: 0.0s
[2026-07-12 07:58:05] [javac-extractor-15877] Extractor time: 0.1s
[2026-07-12 07:58:05] [javac-extractor-15877] Other time: 0.2s
[2026-07-12 07:58:05] [javac-extractor-15877] Total time: 1.4s
