[2026-07-12 07:58:19] [javac-extractor-16021] Starting extraction for:
                                              sun.java.command=com.semmle.extractor.java.JavaExtractor --jdk-version 17 --javac-args @@@/home/runner/work/Ansede/Ansede/benchmarks/report/.codeql_dbs/log4j/log/ext/javac-76.args
                                              user.dir=/home/runner/work/Ansede/Ansede/benchmarks/report/.repo_cache/log4j
[2026-07-12 07:58:19] [javac-extractor-16021] Compilation name /home/runner/work/Ansede/Ansede/benchmarks/report/.codeql_dbs/log4j/trap/java/diagnostics/diagnostic-76.trap.gz
[2026-07-12 07:58:19] [javac-extractor-16021] [WARN] Appending source destination directory /home/runner/work/Ansede/Ansede/benchmarks/report/.repo_cache/log4j/log4j-to-jul/target/generated-test-sources/test-annotations to sourcepath
[2026-07-12 07:58:20] [javac-extractor-16021] Annotation processor class 'lombok.launch.AnnotationProcessorHider$AnnotationProcessor' initialized.
[2026-07-12 07:58:21] [javac-extractor-16021] Annotation processor class 'lombok.launch.AnnotationProcessorHider$ClaimingProcessor' initialized.
[2026-07-12 07:58:21] [javac-extractor-16021] 2 files will be passed to the attrib/flow phase
[2026-07-12 07:58:21] [javac-extractor-16021] Processing file /home/runner/work/Ansede/Ansede/benchmarks/report/.repo_cache/log4j/log4j-to-jul/src/test/java/org/apache/logging/log4j/tojul/JULLoggerTest.java
[2026-07-12 07:58:21] [javac-extractor-16021] [WARN] Not rewriting trap file for /home/runner/work/Ansede/Ansede/benchmarks/report/.codeql_dbs/log4j/trap/java/classes/org/apache/logging/log4j/Level.members/Level.members#52.0-1777751696000-java.trap.gz as /home/runner/work/Ansede/Ansede/benchmarks/report/.codeql_dbs/log4j/trap/java/classes/org/apache/logging/log4j/Level.members/Level.members#0.0-1783842564837-java.trap.gz exists
[2026-07-12 07:58:21] [javac-extractor-16021] [WARN] Not rewriting trap file for /home/runner/work/Ansede/Ansede/benchmarks/report/.codeql_dbs/log4j/trap/java/classes/org/apache/logging/log4j/tojul/JULLogger.members/JULLogger.members#52.0-1783843095748-java.trap.gz as /home/runner/work/Ansede/Ansede/benchmarks/report/.codeql_dbs/log4j/trap/java/classes/org/apache/logging/log4j/tojul/JULLogger.members/JULLogger.members#0.0-1783842564997-java.trap.gz exists
[2026-07-12 07:58:21] [javac-extractor-16021] Processing file /home/runner/work/Ansede/Ansede/benchmarks/report/.repo_cache/log4j/log4j-to-jul/src/test/java/org/apache/logging/log4j/tojul/LoggerTest.java
[2026-07-12 07:58:21] [javac-extractor-16021] [WARN] Not rewriting trap file for /home/runner/work/Ansede/Ansede/benchmarks/report/.codeql_dbs/log4j/trap/java/classes/org/apache/logging/log4j/LogManager.members/LogManager.members#52.0-1777751696000-java.trap.gz as /home/runner/work/Ansede/Ansede/benchmarks/report/.codeql_dbs/log4j/trap/java/classes/org/apache/logging/log4j/LogManager.members/LogManager.members#0.0-1783842564837-java.trap.gz exists
[2026-07-12 07:58:21] [javac-extractor-16021] [WARN] Not rewriting trap file for /home/runner/work/Ansede/Ansede/benchmarks/report/.codeql_dbs/log4j/trap/java/classes/org/apache/logging/log4j/Logger.members/Logger.members#52.0-1777751696000-java.trap.gz as /home/runner/work/Ansede/Ansede/benchmarks/report/.codeql_dbs/log4j/trap/java/classes/org/apache/logging/log4j/Logger.members/Logger.members#0.0-1783842564837-java.trap.gz exists
[2026-07-12 07:58:21] [javac-extractor-16021] [WARN] Not rewriting trap file for /home/runner/work/Ansede/Ansede/benchmarks/report/.codeql_dbs/log4j/trap/java/classes/org/apache/logging/log4j/tojul/JULLogger.members/JULLogger.members#52.0-1783843095748-java.trap.gz as /home/runner/work/Ansede/Ansede/benchmarks/report/.codeql_dbs/log4j/trap/java/classes/org/apache/logging/log4j/tojul/JULLogger.members/JULLogger.members#0.0-1783842564997-java.trap.gz exists
[2026-07-12 07:58:21] [javac-extractor-16021] [WARN] Not rewriting trap file for /home/runner/work/Ansede/Ansede/benchmarks/report/.codeql_dbs/log4j/trap/java/classes/org/apache/logging/log4j/LogBuilder.members/LogBuilder.members#52.0-1777751696000-java.trap.gz as /home/runner/work/Ansede/Ansede/benchmarks/report/.codeql_dbs/log4j/trap/java/classes/org/apache/logging/log4j/LogBuilder.members/LogBuilder.members#0.0-1783842564837-java.trap.gz exists
[2026-07-12 07:58:21] [javac-extractor-16021] [WARN] Not rewriting trap file for /home/runner/work/Ansede/Ansede/benchmarks/report/.codeql_dbs/log4j/trap/java/classes/com/google/common/annotations/GwtCompatible.members/GwtCompatible.members#52.0-318211200000-java.trap.gz as the trap-old exists
[2026-07-12 07:58:21] [javac-extractor-16021] Processing JAR file: /home/runner/.m2/repository/com/google/guava/guava-testlib/33.4.8-jre/guava-testlib-33.4.8-jre.jar
[2026-07-12 07:58:21] [javac-extractor-16021] Javac init time: 1.3s
[2026-07-12 07:58:21] [javac-extractor-16021] Javac attr time: 0.4s
[2026-07-12 07:58:21] [javac-extractor-16021] Extractor time: 0.5s
[2026-07-12 07:58:21] [javac-extractor-16021] Other time: 0.2s
[2026-07-12 07:58:21] [javac-extractor-16021] Total time: 2.4s
