[2026-07-12 07:52:38] [javac-output-13928] warning: [options] source value 8 is obsolete and will be removed in a future release
[2026-07-12 07:52:38] [javac-output-13928] warning: [options] target value 8 is obsolete and will be removed in a future release
[2026-07-12 07:52:38] [javac-output-13928] warning: [options] To suppress warnings about obsolete options, use -Xlint:-options.
[2026-07-12 07:52:39] [javac-output-13928] /home/runner/work/Ansede/Ansede/benchmarks/report/.repo_cache/log4j/log4j-api-test/src/main/java/org/apache/logging/log4j/test/junit/StatusListenerExtension.java:32: warning: [deprecation] CloseableResource in Store has been deprecated
[2026-07-12 07:52:39] [javac-output-13928] import org.junit.jupiter.api.extension.ExtensionContext.Store.CloseableResource;
[2026-07-12 07:52:39] [javac-output-13928]                                                              ^
[2026-07-12 07:52:39] [javac-output-13928] /home/runner/work/Ansede/Ansede/benchmarks/report/.repo_cache/log4j/log4j-api-test/src/main/java/org/apache/logging/log4j/test/junit/StatusListenerExtension.java:112: warning: [deprecation] CloseableResource in Store has been deprecated
[2026-07-12 07:52:39] [javac-output-13928]     private static class ListStatusListenerHolder implements CloseableResource {
[2026-07-12 07:52:39] [javac-output-13928]                                                              ^
[2026-07-12 07:52:39] [javac-output-13928] /home/runner/work/Ansede/Ansede/benchmarks/report/.repo_cache/log4j/log4j-api-test/src/main/java/org/apache/logging/log4j/test/junit/TempLoggingDirectory.java:36: warning: [deprecation] CloseableResource in Store has been deprecated
[2026-07-12 07:52:39] [javac-output-13928] import org.junit.jupiter.api.extension.ExtensionContext.Store.CloseableResource;
[2026-07-12 07:52:39] [javac-output-13928]                                                              ^
[2026-07-12 07:52:39] [javac-output-13928] /home/runner/work/Ansede/Ansede/benchmarks/report/.repo_cache/log4j/log4j-api-test/src/main/java/org/apache/logging/log4j/test/junit/TempLoggingDirectory.java:176: warning: [deprecation] CloseableResource in Store has been deprecated
[2026-07-12 07:52:39] [javac-output-13928]     private static class PathHolder implements CloseableResource {
[2026-07-12 07:52:39] [javac-output-13928]                                                ^
[2026-07-12 07:52:39] [javac-output-13928] /home/runner/work/Ansede/Ansede/benchmarks/report/.repo_cache/log4j/log4j-api-test/src/main/java/org/apache/logging/log4j/test/junit/ThreadContextInitializer.java:24: warning: [deprecation] CloseableResource in Store has been deprecated
[2026-07-12 07:52:39] [javac-output-13928] import org.junit.jupiter.api.extension.ExtensionContext.Store.CloseableResource;
[2026-07-12 07:52:39] [javac-output-13928]                                                              ^
[2026-07-12 07:52:39] [javac-output-13928] /home/runner/work/Ansede/Ansede/benchmarks/report/.repo_cache/log4j/log4j-api-test/src/main/java/org/apache/logging/log4j/test/junit/ThreadContextMapExtension.java:25: warning: [deprecation] CloseableResource in Store has been deprecated
[2026-07-12 07:52:39] [javac-output-13928]     private static final class ThreadContextMapStore implements ExtensionContext.Store.CloseableResource {
[2026-07-12 07:52:39] [javac-output-13928]                                                                                       ^
[2026-07-12 07:52:39] [javac-output-13928] warning: [processing] No processor claimed any of these annotations: org.junitpioneer.jupiter.ReadsSystemProperty,org.osgi.annotation.bundle.Export,org.junitpioneer.jupiter.ReadsEnvironmentVariable,org.junit.runner.RunWith,org.junit.Test,org.junit.jupiter.api.parallel.ResourceLock,org.osgi.annotation.versioning.Version,org.osgi.annotation.versioning.ProviderType,org.junit.jupiter.api.extension.ExtendWith,org.junit.jupiter.api.parallel.Execution,org.apache.logging.log4j.test.internal.annotation.SuppressFBWarnings
[2026-07-12 07:52:39] [javac-output-13928] /home/runner/work/Ansede/Ansede/benchmarks/report/.repo_cache/log4j/log4j-api-test/src/main/java/org/apache/logging/log4j/test/junit/StatusListenerExtension.java:32: warning: [deprecation] CloseableResource in Store has been deprecated
[2026-07-12 07:52:39] [javac-output-13928] import org.junit.jupiter.api.extension.ExtensionContext.Store.CloseableResource;
[2026-07-12 07:52:39] [javac-output-13928]                                                              ^
[2026-07-12 07:52:39] [javac-output-13928] /home/runner/work/Ansede/Ansede/benchmarks/report/.repo_cache/log4j/log4j-api-test/src/main/java/org/apache/logging/log4j/test/junit/StatusListenerExtension.java:112: warning: [deprecation] CloseableResource in Store has been deprecated
[2026-07-12 07:52:39] [javac-output-13928]     private static class ListStatusListenerHolder implements CloseableResource {
[2026-07-12 07:52:39] [javac-output-13928]                                                              ^
[2026-07-12 07:52:39] [javac-output-13928] /home/runner/work/Ansede/Ansede/benchmarks/report/.repo_cache/log4j/log4j-api-test/src/main/java/org/apache/logging/log4j/test/junit/TempLoggingDirectory.java:36: warning: [deprecation] CloseableResource in Store has been deprecated
[2026-07-12 07:52:39] [javac-output-13928] import org.junit.jupiter.api.extension.ExtensionContext.Store.CloseableResource;
[2026-07-12 07:52:39] [javac-output-13928]                                                              ^
[2026-07-12 07:52:39] [javac-output-13928] /home/runner/work/Ansede/Ansede/benchmarks/report/.repo_cache/log4j/log4j-api-test/src/main/java/org/apache/logging/log4j/test/junit/TempLoggingDirectory.java:176: warning: [deprecation] CloseableResource in Store has been deprecated
[2026-07-12 07:52:39] [javac-output-13928]     private static class PathHolder implements CloseableResource {
[2026-07-12 07:52:39] [javac-output-13928]                                                ^
[2026-07-12 07:52:39] [javac-output-13928] /home/runner/work/Ansede/Ansede/benchmarks/report/.repo_cache/log4j/log4j-api-test/src/main/java/org/apache/logging/log4j/test/junit/ThreadContextInitializer.java:24: warning: [deprecation] CloseableResource in Store has been deprecated
[2026-07-12 07:52:39] [javac-output-13928] import org.junit.jupiter.api.extension.ExtensionContext.Store.CloseableResource;
[2026-07-12 07:52:39] [javac-output-13928]                                                              ^
[2026-07-12 07:52:39] [javac-output-13928] /home/runner/work/Ansede/Ansede/benchmarks/report/.repo_cache/log4j/log4j-api-test/src/main/java/org/apache/logging/log4j/test/junit/ThreadContextMapExtension.java:25: warning: [deprecation] CloseableResource in Store has been deprecated
[2026-07-12 07:52:39] [javac-output-13928]     private static final class ThreadContextMapStore implements ExtensionContext.Store.CloseableResource {
[2026-07-12 07:52:39] [javac-output-13928]                                                                                       ^
[2026-07-12 07:52:39] [javac-output-13928] /home/runner/work/Ansede/Ansede/benchmarks/report/.repo_cache/log4j/log4j-api-test/src/main/java/org/apache/logging/log4j/test/junit/StatusListenerExtension.java:32: warning: [deprecation] CloseableResource in Store has been deprecated
[2026-07-12 07:52:39] [javac-output-13928] import org.junit.jupiter.api.extension.ExtensionContext.Store.CloseableResource;
[2026-07-12 07:52:39] [javac-output-13928]                                                              ^
[2026-07-12 07:52:39] [javac-output-13928] /home/runner/work/Ansede/Ansede/benchmarks/report/.repo_cache/log4j/log4j-api-test/src/main/java/org/apache/logging/log4j/test/junit/StatusListenerExtension.java:112: warning: [deprecation] CloseableResource in Store has been deprecated
[2026-07-12 07:52:39] [javac-output-13928]     private static class ListStatusListenerHolder implements CloseableResource {
[2026-07-12 07:52:39] [javac-output-13928]                                                              ^
[2026-07-12 07:52:39] [javac-output-13928] /home/runner/work/Ansede/Ansede/benchmarks/report/.repo_cache/log4j/log4j-api-test/src/main/java/org/apache/logging/log4j/test/junit/TempLoggingDirectory.java:36: warning: [deprecation] CloseableResource in Store has been deprecated
[2026-07-12 07:52:39] [javac-output-13928] import org.junit.jupiter.api.extension.ExtensionContext.Store.CloseableResource;
[2026-07-12 07:52:39] [javac-output-13928]                                                              ^
[2026-07-12 07:52:39] [javac-output-13928] /home/runner/work/Ansede/Ansede/benchmarks/report/.repo_cache/log4j/log4j-api-test/src/main/java/org/apache/logging/log4j/test/junit/TempLoggingDirectory.java:176: warning: [deprecation] CloseableResource in Store has been deprecated
[2026-07-12 07:52:39] [javac-output-13928]     private static class PathHolder implements CloseableResource {
[2026-07-12 07:52:39] [javac-output-13928]                                                ^
[2026-07-12 07:52:39] [javac-output-13928] /home/runner/work/Ansede/Ansede/benchmarks/report/.repo_cache/log4j/log4j-api-test/src/main/java/org/apache/logging/log4j/test/junit/ThreadContextInitializer.java:24: warning: [deprecation] CloseableResource in Store has been deprecated
[2026-07-12 07:52:39] [javac-output-13928] import org.junit.jupiter.api.extension.ExtensionContext.Store.CloseableResource;
[2026-07-12 07:52:39] [javac-output-13928]                                                              ^
[2026-07-12 07:52:39] [javac-output-13928] /home/runner/work/Ansede/Ansede/benchmarks/report/.repo_cache/log4j/log4j-api-test/src/main/java/org/apache/logging/log4j/test/junit/ThreadContextMapExtension.java:25: warning: [deprecation] CloseableResource in Store has been deprecated
[2026-07-12 07:52:39] [javac-output-13928]     private static final class ThreadContextMapStore implements ExtensionContext.Store.CloseableResource {
[2026-07-12 07:52:39] [javac-output-13928]                                                                                       ^
[2026-07-12 07:52:40] [javac-output-13928] /home/runner/work/Ansede/Ansede/benchmarks/report/.repo_cache/log4j/log4j-api-test/src/main/java/org/apache/logging/log4j/test/junit/StatusListenerExtension.java:32: warning: [deprecation] CloseableResource in Store has been deprecated
[2026-07-12 07:52:40] [javac-output-13928] import org.junit.jupiter.api.extension.ExtensionContext.Store.CloseableResource;
[2026-07-12 07:52:40] [javac-output-13928]                                                              ^
[2026-07-12 07:52:40] [javac-output-13928] /home/runner/work/Ansede/Ansede/benchmarks/report/.repo_cache/log4j/log4j-api-test/src/main/java/org/apache/logging/log4j/test/junit/StatusListenerExtension.java:112: warning: [deprecation] CloseableResource in Store has been deprecated
[2026-07-12 07:52:40] [javac-output-13928]     private static class ListStatusListenerHolder implements CloseableResource {
[2026-07-12 07:52:40] [javac-output-13928]                                                              ^
[2026-07-12 07:52:40] [javac-output-13928] /home/runner/work/Ansede/Ansede/benchmarks/report/.repo_cache/log4j/log4j-api-test/src/main/java/org/apache/logging/log4j/test/junit/TempLoggingDirectory.java:36: warning: [deprecation] CloseableResource in Store has been deprecated
[2026-07-12 07:52:40] [javac-output-13928] import org.junit.jupiter.api.extension.ExtensionContext.Store.CloseableResource;
[2026-07-12 07:52:40] [javac-output-13928]                                                              ^
[2026-07-12 07:52:40] [javac-output-13928] /home/runner/work/Ansede/Ansede/benchmarks/report/.repo_cache/log4j/log4j-api-test/src/main/java/org/apache/logging/log4j/test/junit/TempLoggingDirectory.java:176: warning: [deprecation] CloseableResource in Store has been deprecated
[2026-07-12 07:52:40] [javac-output-13928]     private static class PathHolder implements CloseableResource {
[2026-07-12 07:52:40] [javac-output-13928]                                                ^
[2026-07-12 07:52:40] [javac-output-13928] /home/runner/work/Ansede/Ansede/benchmarks/report/.repo_cache/log4j/log4j-api-test/src/main/java/org/apache/logging/log4j/test/junit/ThreadContextInitializer.java:24: warning: [deprecation] CloseableResource in Store has been deprecated
[2026-07-12 07:52:40] [javac-output-13928] import org.junit.jupiter.api.extension.ExtensionContext.Store.CloseableResource;
[2026-07-12 07:52:40] [javac-output-13928]                                                              ^
[2026-07-12 07:52:40] [javac-output-13928] /home/runner/work/Ansede/Ansede/benchmarks/report/.repo_cache/log4j/log4j-api-test/src/main/java/org/apache/logging/log4j/test/junit/ThreadContextMapExtension.java:25: warning: [deprecation] CloseableResource in Store has been deprecated
[2026-07-12 07:52:40] [javac-output-13928]     private static final class ThreadContextMapStore implements ExtensionContext.Store.CloseableResource {
[2026-07-12 07:52:40] [javac-output-13928]                                                                                       ^
[2026-07-12 07:52:40] [javac-output-13928] /home/runner/work/Ansede/Ansede/benchmarks/report/.repo_cache/log4j/log4j-api-test/src/main/java/org/apache/logging/log4j/test/junit/StatusListenerExtension.java:32: warning: [deprecation] CloseableResource in Store has been deprecated
[2026-07-12 07:52:40] [javac-output-13928] import org.junit.jupiter.api.extension.ExtensionContext.Store.CloseableResource;
[2026-07-12 07:52:40] [javac-output-13928]                                                              ^
[2026-07-12 07:52:40] [javac-output-13928] /home/runner/work/Ansede/Ansede/benchmarks/report/.repo_cache/log4j/log4j-api-test/src/main/java/org/apache/logging/log4j/test/junit/StatusListenerExtension.java:112: warning: [deprecation] CloseableResource in Store has been deprecated
[2026-07-12 07:52:40] [javac-output-13928]     private static class ListStatusListenerHolder implements CloseableResource {
[2026-07-12 07:52:40] [javac-output-13928]                                                              ^
[2026-07-12 07:52:40] [javac-output-13928] /home/runner/work/Ansede/Ansede/benchmarks/report/.repo_cache/log4j/log4j-api-test/src/main/java/org/apache/logging/log4j/test/junit/TempLoggingDirectory.java:36: warning: [deprecation] CloseableResource in Store has been deprecated
[2026-07-12 07:52:40] [javac-output-13928] import org.junit.jupiter.api.extension.ExtensionContext.Store.CloseableResource;
[2026-07-12 07:52:40] [javac-output-13928]                                                              ^
[2026-07-12 07:52:40] [javac-output-13928] /home/runner/work/Ansede/Ansede/benchmarks/report/.repo_cache/log4j/log4j-api-test/src/main/java/org/apache/logging/log4j/test/junit/TempLoggingDirectory.java:176: warning: [deprecation] CloseableResource in Store has been deprecated
[2026-07-12 07:52:40] [javac-output-13928]     private static class PathHolder implements CloseableResource {
[2026-07-12 07:52:40] [javac-output-13928]                                                ^
[2026-07-12 07:52:40] [javac-output-13928] /home/runner/work/Ansede/Ansede/benchmarks/report/.repo_cache/log4j/log4j-api-test/src/main/java/org/apache/logging/log4j/test/junit/ThreadContextInitializer.java:24: warning: [deprecation] CloseableResource in Store has been deprecated
[2026-07-12 07:52:40] [javac-output-13928] import org.junit.jupiter.api.extension.ExtensionContext.Store.CloseableResource;
[2026-07-12 07:52:40] [javac-output-13928]                                                              ^
[2026-07-12 07:52:40] [javac-output-13928] /home/runner/work/Ansede/Ansede/benchmarks/report/.repo_cache/log4j/log4j-api-test/src/main/java/org/apache/logging/log4j/test/junit/ThreadContextMapExtension.java:25: warning: [deprecation] CloseableResource in Store has been deprecated
[2026-07-12 07:52:40] [javac-output-13928]     private static final class ThreadContextMapStore implements ExtensionContext.Store.CloseableResource {
[2026-07-12 07:52:40] [javac-output-13928]                                                                                       ^
[2026-07-12 07:52:40] [javac-output-13928] /home/runner/work/Ansede/Ansede/benchmarks/report/.repo_cache/log4j/log4j-api-test/src/main/java/org/apache/logging/log4j/test/TestLogger.java:49: warning: [serial] non-transient instance field of a serializable class declared with a non-serializable type
[2026-07-12 07:52:40] [javac-output-13928]     private final List<String> list = new ArrayList<>();
[2026-07-12 07:52:40] [javac-output-13928]                                ^
[2026-07-12 07:52:41] [javac-output-13928] /home/runner/work/Ansede/Ansede/benchmarks/report/.repo_cache/log4j/log4j-api-test/src/main/java/org/apache/logging/log4j/test/junit/SerialUtil.java:92: warning: [unchecked] unchecked cast
[2026-07-12 07:52:41] [javac-output-13928]             return (T) ois.readObject();
[2026-07-12 07:52:41] [javac-output-13928]                                      ^
[2026-07-12 07:52:41] [javac-output-13928]   required: T
[2026-07-12 07:52:41] [javac-output-13928]   found:    Object
[2026-07-12 07:52:41] [javac-output-13928]   where T is a type-variable:
[2026-07-12 07:52:41] [javac-output-13928]     T extends Object declared in method <T>deserialize(byte[],Collection<String>)
[2026-07-12 07:52:41] [javac-output-13928] /home/runner/work/Ansede/Ansede/benchmarks/report/.repo_cache/log4j/log4j-api-test/src/main/java/org/apache/logging/log4j/test/junit/StatusLoggerLevelExtension.java:37: warning: [deprecation] setLevel(Level) in StatusLogger has been deprecated
[2026-07-12 07:52:41] [javac-output-13928]         logger.setLevel(Level.valueOf(annotation.value()));
[2026-07-12 07:52:41] [javac-output-13928]               ^
[2026-07-12 07:52:41] [javac-output-13928] /home/runner/work/Ansede/Ansede/benchmarks/report/.repo_cache/log4j/log4j-api-test/src/main/java/org/apache/logging/log4j/test/junit/StatusLoggerLevelExtension.java:42: warning: [deprecation] setLevel(Level) in StatusLogger has been deprecated
[2026-07-12 07:52:41] [javac-output-13928]         StatusLogger.getLogger().setLevel(getStore(context).get(KEY, Level.class));
[2026-07-12 07:52:41] [javac-output-13928]                                 ^
[2026-07-12 07:52:41] [javac-output-13928] /home/runner/work/Ansede/Ansede/benchmarks/report/.repo_cache/log4j/log4j-api-test/src/main/java/org/apache/logging/log4j/test/junit/StatusLoggerRule.java:44: warning: [deprecation] setLevel(Level) in StatusLogger has been deprecated
[2026-07-12 07:52:41] [javac-output-13928]         statusLogger.setLevel(level);
[2026-07-12 07:52:41] [javac-output-13928]                     ^
[2026-07-12 07:52:41] [javac-output-13928] /home/runner/work/Ansede/Ansede/benchmarks/report/.repo_cache/log4j/log4j-api-test/src/main/java/org/apache/logging/log4j/test/junit/StatusLoggerRule.java:49: warning: [deprecation] setLevel(Level) in StatusLogger has been deprecated
[2026-07-12 07:52:41] [javac-output-13928]         statusLogger.setLevel(oldLevel);
[2026-07-12 07:52:41] [javac-output-13928]                     ^
[2026-07-12 07:52:42] [javac-output-13928] /home/runner/work/Ansede/Ansede/benchmarks/report/.repo_cache/log4j/log4j-api-test/src/main/java/org/apache/logging/log4j/test/junit/ThreadContextInitializer.java:50: warning: [deprecation] CloseableResource in Store has been deprecated
[2026-07-12 07:52:42] [javac-output-13928]                 new CloseableResource() {
[2026-07-12 07:52:42] [javac-output-13928]                     ^
