[2026-07-12 07:58:09] [javac-output-15930] warning: [options] source value 8 is obsolete and will be removed in a future release
[2026-07-12 07:58:09] [javac-output-15930] warning: [options] target value 8 is obsolete and will be removed in a future release
[2026-07-12 07:58:09] [javac-output-15930] warning: [options] To suppress warnings about obsolete options, use -Xlint:-options.
[2026-07-12 07:58:10] [javac-output-15930] /home/runner/work/Ansede/Ansede/benchmarks/report/.repo_cache/log4j/log4j-mongodb/src/test/java/org/apache/logging/log4j/mongodb/MongoDbResolver.java:27: warning: [deprecation] CloseableResource in Store has been deprecated
[2026-07-12 07:58:10] [javac-output-15930] import org.junit.jupiter.api.extension.ExtensionContext.Store.CloseableResource;
[2026-07-12 07:58:10] [javac-output-15930]                                                              ^
[2026-07-12 07:58:10] [javac-output-15930] /home/runner/work/Ansede/Ansede/benchmarks/report/.repo_cache/log4j/log4j-mongodb/src/test/java/org/apache/logging/log4j/mongodb/MongoDbResolver.java:51: warning: [deprecation] CloseableResource in Store has been deprecated
[2026-07-12 07:58:10] [javac-output-15930]     private static final class MongoClientHolder implements CloseableResource, Supplier<MongoClient> {
[2026-07-12 07:58:10] [javac-output-15930]                                                             ^
[2026-07-12 07:58:10] [javac-output-15930] warning: [processing] No processor claimed any of these annotations: org.junit.jupiter.api.Test,org.junit.jupiter.api.extension.Extensions,org.apache.logging.log4j.mongodb.UsingMongoDb,org.apache.logging.log4j.core.test.junit.LoggerContextSource,org.apache.logging.log4j.test.junit.UsingStatusListener
[2026-07-12 07:58:10] [javac-output-15930] /home/runner/work/Ansede/Ansede/benchmarks/report/.repo_cache/log4j/log4j-mongodb/src/test/java/org/apache/logging/log4j/mongodb/MongoDbResolver.java:27: warning: [deprecation] CloseableResource in Store has been deprecated
[2026-07-12 07:58:10] [javac-output-15930] import org.junit.jupiter.api.extension.ExtensionContext.Store.CloseableResource;
[2026-07-12 07:58:10] [javac-output-15930]                                                              ^
[2026-07-12 07:58:10] [javac-output-15930] /home/runner/work/Ansede/Ansede/benchmarks/report/.repo_cache/log4j/log4j-mongodb/src/test/java/org/apache/logging/log4j/mongodb/MongoDbResolver.java:51: warning: [deprecation] CloseableResource in Store has been deprecated
[2026-07-12 07:58:10] [javac-output-15930]     private static final class MongoClientHolder implements CloseableResource, Supplier<MongoClient> {
[2026-07-12 07:58:10] [javac-output-15930]                                                             ^
[2026-07-12 07:58:10] [javac-output-15930] /home/runner/work/Ansede/Ansede/benchmarks/report/.repo_cache/log4j/log4j-mongodb/src/test/java/org/apache/logging/log4j/mongodb/MongoDbResolver.java:27: warning: [deprecation] CloseableResource in Store has been deprecated
[2026-07-12 07:58:10] [javac-output-15930] import org.junit.jupiter.api.extension.ExtensionContext.Store.CloseableResource;
[2026-07-12 07:58:10] [javac-output-15930]                                                              ^
[2026-07-12 07:58:10] [javac-output-15930] /home/runner/work/Ansede/Ansede/benchmarks/report/.repo_cache/log4j/log4j-mongodb/src/test/java/org/apache/logging/log4j/mongodb/MongoDbResolver.java:51: warning: [deprecation] CloseableResource in Store has been deprecated
[2026-07-12 07:58:10] [javac-output-15930]     private static final class MongoClientHolder implements CloseableResource, Supplier<MongoClient> {
[2026-07-12 07:58:10] [javac-output-15930]                                                             ^
[2026-07-12 07:58:10] [javac-output-15930] /home/runner/work/Ansede/Ansede/benchmarks/report/.repo_cache/log4j/log4j-mongodb/src/test/java/org/apache/logging/log4j/mongodb/MongoDbResolver.java:27: warning: [deprecation] CloseableResource in Store has been deprecated
[2026-07-12 07:58:10] [javac-output-15930] import org.junit.jupiter.api.extension.ExtensionContext.Store.CloseableResource;
[2026-07-12 07:58:10] [javac-output-15930]                                                              ^
[2026-07-12 07:58:10] [javac-output-15930] /home/runner/work/Ansede/Ansede/benchmarks/report/.repo_cache/log4j/log4j-mongodb/src/test/java/org/apache/logging/log4j/mongodb/MongoDbResolver.java:51: warning: [deprecation] CloseableResource in Store has been deprecated
[2026-07-12 07:58:10] [javac-output-15930]     private static final class MongoClientHolder implements CloseableResource, Supplier<MongoClient> {
[2026-07-12 07:58:10] [javac-output-15930]                                                             ^
[2026-07-12 07:58:10] [javac-output-15930] /home/runner/work/Ansede/Ansede/benchmarks/report/.repo_cache/log4j/log4j-mongodb/src/test/java/org/apache/logging/log4j/mongodb/MongoDbResolver.java:27: warning: [deprecation] CloseableResource in Store has been deprecated
[2026-07-12 07:58:10] [javac-output-15930] import org.junit.jupiter.api.extension.ExtensionContext.Store.CloseableResource;
[2026-07-12 07:58:10] [javac-output-15930]                                                              ^
[2026-07-12 07:58:10] [javac-output-15930] /home/runner/work/Ansede/Ansede/benchmarks/report/.repo_cache/log4j/log4j-mongodb/src/test/java/org/apache/logging/log4j/mongodb/MongoDbResolver.java:51: warning: [deprecation] CloseableResource in Store has been deprecated
[2026-07-12 07:58:10] [javac-output-15930]     private static final class MongoClientHolder implements CloseableResource, Supplier<MongoClient> {
[2026-07-12 07:58:10] [javac-output-15930]                                                             ^
[2026-07-12 07:58:10] [javac-output-15930] /home/runner/.m2/repository/org/mongodb/mongodb-driver-core/5.6.1/mongodb-driver-core-5.6.1.jar(/com/mongodb/lang/Nullable.class): warning: [classfile] Cannot find annotation method 'when()' in type 'Nonnull'
[2026-07-12 07:58:10] [javac-output-15930] warning: unknown enum constant When.MAYBE
