[2026-07-12 07:55:03] [javac-extractor-14449] Starting extraction for:
                                              sun.java.command=com.semmle.extractor.java.JavaExtractor --jdk-version 17 --javac-args @@@/home/runner/work/Ansede/Ansede/benchmarks/report/.codeql_dbs/log4j/log/ext/javac-23.args
                                              user.dir=/home/runner/work/Ansede/Ansede/benchmarks/report/.repo_cache/log4j
[2026-07-12 07:55:04] [javac-extractor-14449] Compilation name /home/runner/work/Ansede/Ansede/benchmarks/report/.codeql_dbs/log4j/trap/java/diagnostics/diagnostic-23.trap.gz
[2026-07-12 07:55:04] [javac-extractor-14449] [WARN] Appending source destination directory /home/runner/work/Ansede/Ansede/benchmarks/report/.repo_cache/log4j/log4j-cassandra/target/generated-test-sources/test-annotations to sourcepath
[2026-07-12 07:55:05] [javac-extractor-14449] Annotation processor class 'lombok.launch.AnnotationProcessorHider$AnnotationProcessor' initialized.
[2026-07-12 07:55:05] [javac-extractor-14449] Annotation processor class 'lombok.launch.AnnotationProcessorHider$ClaimingProcessor' initialized.
[2026-07-12 07:55:05] [javac-extractor-14449] 2 files will be passed to the attrib/flow phase
[2026-07-12 07:55:05] [javac-extractor-14449] Processing file /home/runner/work/Ansede/Ansede/benchmarks/report/.repo_cache/log4j/log4j-cassandra/src/test/java/org/apache/logging/log4j/cassandra/CassandraAppenderIT.java
[2026-07-12 07:55:05] [javac-extractor-14449] [WARN] Not rewriting trap file for /home/runner/work/Ansede/Ansede/benchmarks/report/.codeql_dbs/log4j/trap/java/classes/org/apache/logging/log4j/Logger.members/Logger.members#52.0-1777751696000-java.trap.gz as /home/runner/work/Ansede/Ansede/benchmarks/report/.codeql_dbs/log4j/trap/java/classes/org/apache/logging/log4j/Logger.members/Logger.members#0.0-1783842564837-java.trap.gz exists
[2026-07-12 07:55:05] [javac-extractor-14449] [WARN] Not rewriting trap file for /home/runner/work/Ansede/Ansede/benchmarks/report/.codeql_dbs/log4j/trap/java/classes/org/apache/logging/log4j/MarkerManager.members/MarkerManager.members#52.0-1777751696000-java.trap.gz as /home/runner/work/Ansede/Ansede/benchmarks/report/.codeql_dbs/log4j/trap/java/classes/org/apache/logging/log4j/MarkerManager.members/MarkerManager.members#0.0-1783842564837-java.trap.gz exists
[2026-07-12 07:55:05] [javac-extractor-14449] [WARN] Not rewriting trap file for /home/runner/work/Ansede/Ansede/benchmarks/report/.codeql_dbs/log4j/trap/java/classes/org/apache/logging/log4j/ThreadContext.members/ThreadContext.members#52.0-1777751696000-java.trap.gz as /home/runner/work/Ansede/Ansede/benchmarks/report/.codeql_dbs/log4j/trap/java/classes/org/apache/logging/log4j/ThreadContext.members/ThreadContext.members#0.0-1783842564837-java.trap.gz exists
[2026-07-12 07:55:05] [javac-extractor-14449] [WARN] Not rewriting trap file for /home/runner/work/Ansede/Ansede/benchmarks/report/.codeql_dbs/log4j/trap/java/classes/org/apache/logging/log4j/core/test/categories/Appenders.members/Appenders.members#52.0-1777751696000-java.trap.gz as /home/runner/work/Ansede/Ansede/benchmarks/report/.codeql_dbs/log4j/trap/java/classes/org/apache/logging/log4j/core/test/categories/Appenders.members/Appenders.members#0.0-1783842564854-java.trap.gz exists
[2026-07-12 07:55:05] [javac-extractor-14449] [WARN] Not rewriting trap file for /home/runner/work/Ansede/Ansede/benchmarks/report/.codeql_dbs/log4j/trap/java/classes/org/apache/logging/log4j/core/test/junit/LoggerContextRule.members/LoggerContextRule.members#52.0-1777751696000-java.trap.gz as /home/runner/work/Ansede/Ansede/benchmarks/report/.codeql_dbs/log4j/trap/java/classes/org/apache/logging/log4j/core/test/junit/LoggerContextRule.members/LoggerContextRule.members#0.0-1783842564855-java.trap.gz exists
[2026-07-12 07:55:05] [javac-extractor-14449] [WARN] Not rewriting trap file for /home/runner/work/Ansede/Ansede/benchmarks/report/.codeql_dbs/log4j/trap/java/classes/org/apache/logging/log4j/core/test/categories/Appenders$Cassandra.members/Appenders$Cassandra.members#52.0-1777751696000-java.trap.gz as /home/runner/work/Ansede/Ansede/benchmarks/report/.codeql_dbs/log4j/trap/java/classes/org/apache/logging/log4j/core/test/categories/Appenders$Cassandra.members/Appenders$Cassandra.members#0.0-1783842564854-java.trap.gz exists
[2026-07-12 07:55:05] [javac-extractor-14449] [WARN] Not rewriting trap file for /home/runner/work/Ansede/Ansede/benchmarks/report/.codeql_dbs/log4j/trap/java/classes/org/apache/logging/log4j/core/Logger.members/Logger.members#52.0-1777751696000-java.trap.gz as /home/runner/work/Ansede/Ansede/benchmarks/report/.codeql_dbs/log4j/trap/java/classes/org/apache/logging/log4j/core/Logger.members/Logger.members#0.0-1783842564909-java.trap.gz exists
[2026-07-12 07:55:05] [javac-extractor-14449] [WARN] Not rewriting trap file for /home/runner/work/Ansede/Ansede/benchmarks/report/.codeql_dbs/log4j/trap/java/classes/org/apache/logging/log4j/Marker.members/Marker.members#52.0-1777751696000-java.trap.gz as /home/runner/work/Ansede/Ansede/benchmarks/report/.codeql_dbs/log4j/trap/java/classes/org/apache/logging/log4j/Marker.members/Marker.members#0.0-1783842564837-java.trap.gz exists
[2026-07-12 07:55:05] [javac-extractor-14449] Processing file /home/runner/work/Ansede/Ansede/benchmarks/report/.repo_cache/log4j/log4j-cassandra/src/test/java/org/apache/logging/log4j/cassandra/CassandraRule.java
[2026-07-12 07:55:06] [javac-extractor-14449] [WARN] Not rewriting trap file for /home/runner/work/Ansede/Ansede/benchmarks/report/.codeql_dbs/log4j/trap/java/classes/org/apache/logging/log4j/LoggingException.members/LoggingException.members#52.0-1777751696000-java.trap.gz as /home/runner/work/Ansede/Ansede/benchmarks/report/.codeql_dbs/log4j/trap/java/classes/org/apache/logging/log4j/LoggingException.members/LoggingException.members#0.0-1783842564837-java.trap.gz exists
[2026-07-12 07:55:06] [javac-extractor-14449] [WARN] Not rewriting trap file for /home/runner/work/Ansede/Ansede/benchmarks/report/.codeql_dbs/log4j/trap/java/classes/org/apache/logging/log4j/core/util/Cancellable.members/Cancellable.members#52.0-1777751696000-java.trap.gz as /home/runner/work/Ansede/Ansede/benchmarks/report/.codeql_dbs/log4j/trap/java/classes/org/apache/logging/log4j/core/util/Cancellable.members/Cancellable.members#0.0-1783842564945-java.trap.gz exists
[2026-07-12 07:55:06] [javac-extractor-14449] [WARN] Not rewriting trap file for /home/runner/work/Ansede/Ansede/benchmarks/report/.codeql_dbs/log4j/trap/java/classes/org/apache/logging/log4j/core/util/Closer.members/Closer.members#52.0-1777751696000-java.trap.gz as /home/runner/work/Ansede/Ansede/benchmarks/report/.codeql_dbs/log4j/trap/java/classes/org/apache/logging/log4j/core/util/Closer.members/Closer.members#0.0-1783842564945-java.trap.gz exists
[2026-07-12 07:55:06] [javac-extractor-14449] [WARN] Not rewriting trap file for /home/runner/work/Ansede/Ansede/benchmarks/report/.codeql_dbs/log4j/trap/java/classes/org/apache/logging/log4j/core/util/Log4jThreadFactory.members/Log4jThreadFactory.members#52.0-1777751696000-java.trap.gz as /home/runner/work/Ansede/Ansede/benchmarks/report/.codeql_dbs/log4j/trap/java/classes/org/apache/logging/log4j/core/util/Log4jThreadFactory.members/Log4jThreadFactory.members#0.0-1783842564946-java.trap.gz exists
[2026-07-12 07:55:06] [javac-extractor-14449] [WARN] Not rewriting trap file for /home/runner/work/Ansede/Ansede/benchmarks/report/.codeql_dbs/log4j/trap/java/classes/org/apache/logging/log4j/util/PropertiesUtil.members/PropertiesUtil.members#52.0-1777751696000-java.trap.gz as /home/runner/work/Ansede/Ansede/benchmarks/report/.codeql_dbs/log4j/trap/java/classes/org/apache/logging/log4j/util/PropertiesUtil.members/PropertiesUtil.members#0.0-1783842564844-java.trap.gz exists
[2026-07-12 07:55:06] [javac-extractor-14449] [WARN] Not rewriting trap file for /home/runner/work/Ansede/Ansede/benchmarks/report/.codeql_dbs/log4j/trap/java/classes/org/slf4j/Logger.members/Logger.members#49.0-1489685792000-java.trap.gz as /home/runner/work/Ansede/Ansede/benchmarks/report/.codeql_dbs/log4j/trap/java/classes/org/slf4j/Logger.members/Logger.members#52.0-1740501360000-java.trap.gz exists
[2026-07-12 07:55:06] [javac-extractor-14449] Processing JAR file: /home/runner/.m2/repository/org/apache/cassandra/cassandra-all/3.11.19/cassandra-all-3.11.19.jar
[2026-07-12 07:55:06] [javac-extractor-14449] Javac init time: 1.4s
[2026-07-12 07:55:06] [javac-extractor-14449] Javac attr time: 0.2s
[2026-07-12 07:55:06] [javac-extractor-14449] Extractor time: 0.4s
[2026-07-12 07:55:06] [javac-extractor-14449] Other time: 0.2s
[2026-07-12 07:55:06] [javac-extractor-14449] Total time: 2.2s
