[2026-07-12 07:56:24] [javac-output-15162] warning: [options] source value 8 is obsolete and will be removed in a future release
[2026-07-12 07:56:24] [javac-output-15162] warning: [options] target value 8 is obsolete and will be removed in a future release
[2026-07-12 07:56:24] [javac-output-15162] warning: [options] To suppress warnings about obsolete options, use -Xlint:-options.
[2026-07-12 07:56:25] [javac-output-15162] /home/runner/work/Ansede/Ansede/benchmarks/report/.repo_cache/log4j/log4j-jpa/src/main/java/org/apache/logging/log4j/core/appender/db/jpa/BasicLogEventEntity.java:36: warning: [deprecation] ThrowableProxy in org.apache.logging.log4j.core.impl has been deprecated
[2026-07-12 07:56:25] [javac-output-15162] import org.apache.logging.log4j.core.impl.ThrowableProxy;
[2026-07-12 07:56:25] [javac-output-15162]                                          ^
[2026-07-12 07:56:25] [javac-output-15162] /home/runner/work/Ansede/Ansede/benchmarks/report/.repo_cache/log4j/log4j-jpa/src/main/java/org/apache/logging/log4j/core/appender/db/jpa/BasicLogEventEntity.java:229: warning: [deprecation] ThrowableProxy in org.apache.logging.log4j.core.impl has been deprecated
[2026-07-12 07:56:25] [javac-output-15162]     public ThrowableProxy getThrownProxy() {
[2026-07-12 07:56:25] [javac-output-15162]            ^
[2026-07-12 07:56:25] [javac-output-15162] warning: [processing] No processor claimed any of these annotations: org.apache.logging.log4j.core.config.plugins.PluginAttribute,org.osgi.annotation.bundle.Export,javax.persistence.MappedSuperclass,javax.persistence.Converter,org.apache.logging.log4j.core.config.plugins.Plugin,org.apache.logging.log4j.core.config.plugins.PluginFactory,javax.persistence.Basic,org.osgi.annotation.versioning.Version,org.apache.logging.log4j.core.config.plugins.PluginElement,javax.persistence.Inheritance,javax.persistence.Transient,aQute.bnd.annotation.jpms.Open,javax.persistence.Convert
[2026-07-12 07:56:25] [javac-output-15162] /home/runner/work/Ansede/Ansede/benchmarks/report/.repo_cache/log4j/log4j-jpa/src/main/java/org/apache/logging/log4j/core/appender/db/jpa/BasicLogEventEntity.java:36: warning: [deprecation] ThrowableProxy in org.apache.logging.log4j.core.impl has been deprecated
[2026-07-12 07:56:25] [javac-output-15162] import org.apache.logging.log4j.core.impl.ThrowableProxy;
[2026-07-12 07:56:25] [javac-output-15162]                                          ^
[2026-07-12 07:56:25] [javac-output-15162] /home/runner/work/Ansede/Ansede/benchmarks/report/.repo_cache/log4j/log4j-jpa/src/main/java/org/apache/logging/log4j/core/appender/db/jpa/BasicLogEventEntity.java:229: warning: [deprecation] ThrowableProxy in org.apache.logging.log4j.core.impl has been deprecated
[2026-07-12 07:56:25] [javac-output-15162]     public ThrowableProxy getThrownProxy() {
[2026-07-12 07:56:25] [javac-output-15162]            ^
[2026-07-12 07:56:25] [javac-output-15162] /home/runner/work/Ansede/Ansede/benchmarks/report/.repo_cache/log4j/log4j-jpa/src/main/java/org/apache/logging/log4j/core/appender/db/jpa/BasicLogEventEntity.java:36: warning: [deprecation] ThrowableProxy in org.apache.logging.log4j.core.impl has been deprecated
[2026-07-12 07:56:25] [javac-output-15162] import org.apache.logging.log4j.core.impl.ThrowableProxy;
[2026-07-12 07:56:25] [javac-output-15162]                                          ^
[2026-07-12 07:56:25] [javac-output-15162] /home/runner/work/Ansede/Ansede/benchmarks/report/.repo_cache/log4j/log4j-jpa/src/main/java/org/apache/logging/log4j/core/appender/db/jpa/BasicLogEventEntity.java:229: warning: [deprecation] ThrowableProxy in org.apache.logging.log4j.core.impl has been deprecated
[2026-07-12 07:56:25] [javac-output-15162]     public ThrowableProxy getThrownProxy() {
[2026-07-12 07:56:25] [javac-output-15162]            ^
[2026-07-12 07:56:25] [javac-output-15162] /home/runner/work/Ansede/Ansede/benchmarks/report/.repo_cache/log4j/log4j-jpa/src/main/java/org/apache/logging/log4j/core/appender/db/jpa/BasicLogEventEntity.java:36: warning: [deprecation] ThrowableProxy in org.apache.logging.log4j.core.impl has been deprecated
[2026-07-12 07:56:25] [javac-output-15162] import org.apache.logging.log4j.core.impl.ThrowableProxy;
[2026-07-12 07:56:25] [javac-output-15162]                                          ^
[2026-07-12 07:56:25] [javac-output-15162] /home/runner/work/Ansede/Ansede/benchmarks/report/.repo_cache/log4j/log4j-jpa/src/main/java/org/apache/logging/log4j/core/appender/db/jpa/BasicLogEventEntity.java:229: warning: [deprecation] ThrowableProxy in org.apache.logging.log4j.core.impl has been deprecated
[2026-07-12 07:56:25] [javac-output-15162]     public ThrowableProxy getThrownProxy() {
[2026-07-12 07:56:25] [javac-output-15162]            ^
[2026-07-12 07:56:25] [javac-output-15162] /home/runner/work/Ansede/Ansede/benchmarks/report/.repo_cache/log4j/log4j-jpa/src/main/java/org/apache/logging/log4j/core/appender/db/jpa/BasicLogEventEntity.java:36: warning: [deprecation] ThrowableProxy in org.apache.logging.log4j.core.impl has been deprecated
[2026-07-12 07:56:25] [javac-output-15162] import org.apache.logging.log4j.core.impl.ThrowableProxy;
[2026-07-12 07:56:25] [javac-output-15162]                                          ^
[2026-07-12 07:56:25] [javac-output-15162] /home/runner/work/Ansede/Ansede/benchmarks/report/.repo_cache/log4j/log4j-jpa/src/main/java/org/apache/logging/log4j/core/appender/db/jpa/BasicLogEventEntity.java:229: warning: [deprecation] ThrowableProxy in org.apache.logging.log4j.core.impl has been deprecated
[2026-07-12 07:56:25] [javac-output-15162]     public ThrowableProxy getThrownProxy() {
[2026-07-12 07:56:25] [javac-output-15162]            ^
[2026-07-12 07:56:25] [javac-output-15162] /home/runner/work/Ansede/Ansede/benchmarks/report/.repo_cache/log4j/log4j-jpa/src/main/java/org/apache/logging/log4j/core/appender/db/jpa/BasicLogEventEntity.java:229: warning: [deprecation] getThrownProxy() in LogEvent has been deprecated
[2026-07-12 07:56:25] [javac-output-15162]     public ThrowableProxy getThrownProxy() {
[2026-07-12 07:56:25] [javac-output-15162]                           ^
[2026-07-12 07:56:25] [javac-output-15162] /home/runner/work/Ansede/Ansede/benchmarks/report/.repo_cache/log4j/log4j-jpa/src/main/java/org/apache/logging/log4j/core/appender/db/jpa/BasicLogEventEntity.java:243: warning: [deprecation] getContextMap() in LogEvent has been deprecated
[2026-07-12 07:56:25] [javac-output-15162]     public Map<String, String> getContextMap() {
[2026-07-12 07:56:25] [javac-output-15162]                                ^
[2026-07-12 07:56:25] [javac-output-15162] /home/runner/work/Ansede/Ansede/benchmarks/report/.repo_cache/log4j/log4j-jpa/src/main/java/org/apache/logging/log4j/core/appender/db/jpa/BasicLogEventEntity.java:230: warning: [deprecation] getThrownProxy() in LogEvent has been deprecated
[2026-07-12 07:56:25] [javac-output-15162]         return this.getWrappedEvent().getThrownProxy();
[2026-07-12 07:56:25] [javac-output-15162]                                      ^
[2026-07-12 07:56:25] [javac-output-15162] /home/runner/work/Ansede/Ansede/benchmarks/report/.repo_cache/log4j/log4j-jpa/src/main/java/org/apache/logging/log4j/core/appender/db/jpa/BasicLogEventEntity.java:244: warning: [deprecation] getContextMap() in LogEvent has been deprecated
[2026-07-12 07:56:25] [javac-output-15162]         return this.getWrappedEvent().getContextMap();
[2026-07-12 07:56:25] [javac-output-15162]                                      ^
[2026-07-12 07:56:25] [javac-output-15162] /home/runner/work/Ansede/Ansede/benchmarks/report/.repo_cache/log4j/log4j-jpa/src/main/java/org/apache/logging/log4j/core/appender/db/jpa/JpaDatabaseManager.java:50: warning: [deprecation] AbstractDatabaseManager(String,int) in AbstractDatabaseManager has been deprecated
[2026-07-12 07:56:25] [javac-output-15162]         super(name, bufferSize);
[2026-07-12 07:56:25] [javac-output-15162]         ^
[2026-07-12 07:56:25] [javac-output-15162] /home/runner/work/Ansede/Ansede/benchmarks/report/.repo_cache/log4j/log4j-jpa/src/main/java/org/apache/logging/log4j/core/appender/db/jpa/JpaDatabaseManager.java:178: warning: [deprecation] AbstractFactoryData(int,Layout<? extends Serializable>) in AbstractFactoryData has been deprecated
[2026-07-12 07:56:25] [javac-output-15162]             super(bufferSize, null);
[2026-07-12 07:56:25] [javac-output-15162]             ^
[2026-07-12 07:56:26] [javac-output-15162] /home/runner/work/Ansede/Ansede/benchmarks/report/.repo_cache/log4j/log4j-jpa/src/main/java/org/apache/logging/log4j/core/appender/db/jpa/converter/ContextDataJsonAttributeConverter.java:70: warning: [deprecation] fields() in ObjectNode has been deprecated
[2026-07-12 07:56:26] [javac-output-15162]             final Iterator<Map.Entry<String, JsonNode>> entries = root.fields();
[2026-07-12 07:56:26] [javac-output-15162]                                                                       ^
[2026-07-12 07:56:26] [javac-output-15162] /home/runner/work/Ansede/Ansede/benchmarks/report/.repo_cache/log4j/log4j-jpa/src/main/java/org/apache/logging/log4j/core/appender/db/jpa/converter/ContextStackJsonAttributeConverter.java:66: warning: [deprecation] DefaultThreadContextStack(boolean) in DefaultThreadContextStack has been deprecated
[2026-07-12 07:56:26] [javac-output-15162]         final DefaultThreadContextStack result = new DefaultThreadContextStack(true);
[2026-07-12 07:56:26] [javac-output-15162]                                                  ^
[2026-07-12 07:56:26] [javac-output-15162] /home/runner/work/Ansede/Ansede/benchmarks/report/.repo_cache/log4j/log4j-jpa/src/main/java/org/apache/logging/log4j/core/appender/db/jpa/converter/ThrowableAttributeConverter.java:130: warning: [unchecked] unchecked cast
[2026-07-12 07:56:26] [javac-output-15162]             final Class<Throwable> throwableClass = (Class<Throwable>) LoaderUtil.loadClass(throwableClassName);
[2026-07-12 07:56:26] [javac-output-15162]                                                                                            ^
[2026-07-12 07:56:26] [javac-output-15162]   required: Class<Throwable>
[2026-07-12 07:56:26] [javac-output-15162]   found:    Class<CAP#1>
[2026-07-12 07:56:26] [javac-output-15162]   where CAP#1 is a fresh type-variable:
[2026-07-12 07:56:26] [javac-output-15162]     CAP#1 extends Object from capture of ?
[2026-07-12 07:56:26] [javac-output-15162] /home/runner/work/Ansede/Ansede/benchmarks/report/.repo_cache/log4j/log4j-jpa/src/main/java/org/apache/logging/log4j/core/appender/db/jpa/converter/ThrowableAttributeConverter.java:189: warning: [unchecked] unchecked cast
[2026-07-12 07:56:26] [javac-output-15162]             final Constructor<Throwable>[] constructors = (Constructor<Throwable>[]) throwableClass.getConstructors();
[2026-07-12 07:56:26] [javac-output-15162]                                                                                                                    ^
[2026-07-12 07:56:26] [javac-output-15162]   required: Constructor<Throwable>[]
[2026-07-12 07:56:26] [javac-output-15162]   found:    Constructor<?>[]
[2026-07-12 07:56:26] [javac-output-15162] /home/runner/work/Ansede/Ansede/benchmarks/report/.repo_cache/log4j/log4j-jpa/src/main/java/org/apache/logging/log4j/core/appender/db/jpa/converter/ThrowableAttributeConverter.java:210: warning: [unchecked] unchecked cast
[2026-07-12 07:56:26] [javac-output-15162]             final Constructor<Throwable>[] constructors = (Constructor<Throwable>[]) throwableClass.getConstructors();
[2026-07-12 07:56:26] [javac-output-15162]                                                                                                                    ^
[2026-07-12 07:56:26] [javac-output-15162]   required: Constructor<Throwable>[]
[2026-07-12 07:56:26] [javac-output-15162]   found:    Constructor<?>[]
