[2026-07-12 07:56:31] [javac-output-15219] warning: [options] source value 8 is obsolete and will be removed in a future release
[2026-07-12 07:56:31] [javac-output-15219] warning: [options] target value 8 is obsolete and will be removed in a future release
[2026-07-12 07:56:31] [javac-output-15219] warning: [options] To suppress warnings about obsolete options, use -Xlint:-options.
[2026-07-12 07:56:32] [javac-output-15219] /home/runner/work/Ansede/Ansede/benchmarks/report/.repo_cache/log4j/log4j-jpa/src/test/java/org/apache/logging/log4j/core/appender/db/jpa/TestBaseEntity.java:40: warning: [deprecation] ThrowableProxy in org.apache.logging.log4j.core.impl has been deprecated
[2026-07-12 07:56:32] [javac-output-15219] import org.apache.logging.log4j.core.impl.ThrowableProxy;
[2026-07-12 07:56:32] [javac-output-15219]                                          ^
[2026-07-12 07:56:32] [javac-output-15219] /home/runner/work/Ansede/Ansede/benchmarks/report/.repo_cache/log4j/log4j-jpa/src/test/java/org/apache/logging/log4j/core/appender/db/jpa/TestBaseEntity.java:158: warning: [deprecation] ThrowableProxy in org.apache.logging.log4j.core.impl has been deprecated
[2026-07-12 07:56:32] [javac-output-15219]     public ThrowableProxy getThrownProxy() {
[2026-07-12 07:56:32] [javac-output-15219]            ^
[2026-07-12 07:56:32] [javac-output-15219] /home/runner/work/Ansede/Ansede/benchmarks/report/.repo_cache/log4j/log4j-jpa/src/test/java/org/apache/logging/log4j/core/appender/db/jpa/LogEventEntityTest.java:26: warning: [deprecation] ThrowableProxy in org.apache.logging.log4j.core.impl has been deprecated
[2026-07-12 07:56:32] [javac-output-15219] import org.apache.logging.log4j.core.impl.ThrowableProxy;
[2026-07-12 07:56:32] [javac-output-15219]                                          ^
[2026-07-12 07:56:32] [javac-output-15219] warning: [processing] No processor claimed any of these annotations: javax.persistence.Entity,org.junit.jupiter.api.BeforeEach,org.junit.jupiter.api.Test,javax.persistence.Basic,javax.persistence.Column,org.apache.logging.log4j.test.junit.UsingThreadContextStack,javax.persistence.Table,javax.persistence.GeneratedValue,javax.persistence.Temporal,javax.persistence.Transient,org.junit.jupiter.api.Tag,javax.persistence.Convert,javax.persistence.Id
[2026-07-12 07:56:32] [javac-output-15219] /home/runner/work/Ansede/Ansede/benchmarks/report/.repo_cache/log4j/log4j-jpa/src/test/java/org/apache/logging/log4j/core/appender/db/jpa/TestBaseEntity.java:40: warning: [deprecation] ThrowableProxy in org.apache.logging.log4j.core.impl has been deprecated
[2026-07-12 07:56:32] [javac-output-15219] import org.apache.logging.log4j.core.impl.ThrowableProxy;
[2026-07-12 07:56:32] [javac-output-15219]                                          ^
[2026-07-12 07:56:32] [javac-output-15219] /home/runner/work/Ansede/Ansede/benchmarks/report/.repo_cache/log4j/log4j-jpa/src/test/java/org/apache/logging/log4j/core/appender/db/jpa/TestBaseEntity.java:158: warning: [deprecation] ThrowableProxy in org.apache.logging.log4j.core.impl has been deprecated
[2026-07-12 07:56:32] [javac-output-15219]     public ThrowableProxy getThrownProxy() {
[2026-07-12 07:56:32] [javac-output-15219]            ^
[2026-07-12 07:56:32] [javac-output-15219] /home/runner/work/Ansede/Ansede/benchmarks/report/.repo_cache/log4j/log4j-jpa/src/test/java/org/apache/logging/log4j/core/appender/db/jpa/LogEventEntityTest.java:26: warning: [deprecation] ThrowableProxy in org.apache.logging.log4j.core.impl has been deprecated
[2026-07-12 07:56:32] [javac-output-15219] import org.apache.logging.log4j.core.impl.ThrowableProxy;
[2026-07-12 07:56:32] [javac-output-15219]                                          ^
[2026-07-12 07:56:32] [javac-output-15219] /home/runner/work/Ansede/Ansede/benchmarks/report/.repo_cache/log4j/log4j-jpa/src/test/java/org/apache/logging/log4j/core/appender/db/jpa/TestBaseEntity.java:40: warning: [deprecation] ThrowableProxy in org.apache.logging.log4j.core.impl has been deprecated
[2026-07-12 07:56:32] [javac-output-15219] import org.apache.logging.log4j.core.impl.ThrowableProxy;
[2026-07-12 07:56:32] [javac-output-15219]                                          ^
[2026-07-12 07:56:32] [javac-output-15219] /home/runner/work/Ansede/Ansede/benchmarks/report/.repo_cache/log4j/log4j-jpa/src/test/java/org/apache/logging/log4j/core/appender/db/jpa/TestBaseEntity.java:158: warning: [deprecation] ThrowableProxy in org.apache.logging.log4j.core.impl has been deprecated
[2026-07-12 07:56:32] [javac-output-15219]     public ThrowableProxy getThrownProxy() {
[2026-07-12 07:56:32] [javac-output-15219]            ^
[2026-07-12 07:56:32] [javac-output-15219] /home/runner/work/Ansede/Ansede/benchmarks/report/.repo_cache/log4j/log4j-jpa/src/test/java/org/apache/logging/log4j/core/appender/db/jpa/LogEventEntityTest.java:26: warning: [deprecation] ThrowableProxy in org.apache.logging.log4j.core.impl has been deprecated
[2026-07-12 07:56:32] [javac-output-15219] import org.apache.logging.log4j.core.impl.ThrowableProxy;
[2026-07-12 07:56:32] [javac-output-15219]                                          ^
[2026-07-12 07:56:32] [javac-output-15219] /home/runner/work/Ansede/Ansede/benchmarks/report/.repo_cache/log4j/log4j-jpa/src/test/java/org/apache/logging/log4j/core/appender/db/jpa/TestBaseEntity.java:40: warning: [deprecation] ThrowableProxy in org.apache.logging.log4j.core.impl has been deprecated
[2026-07-12 07:56:32] [javac-output-15219] import org.apache.logging.log4j.core.impl.ThrowableProxy;
[2026-07-12 07:56:32] [javac-output-15219]                                          ^
[2026-07-12 07:56:32] [javac-output-15219] /home/runner/work/Ansede/Ansede/benchmarks/report/.repo_cache/log4j/log4j-jpa/src/test/java/org/apache/logging/log4j/core/appender/db/jpa/TestBaseEntity.java:158: warning: [deprecation] ThrowableProxy in org.apache.logging.log4j.core.impl has been deprecated
[2026-07-12 07:56:32] [javac-output-15219]     public ThrowableProxy getThrownProxy() {
[2026-07-12 07:56:32] [javac-output-15219]            ^
[2026-07-12 07:56:32] [javac-output-15219] /home/runner/work/Ansede/Ansede/benchmarks/report/.repo_cache/log4j/log4j-jpa/src/test/java/org/apache/logging/log4j/core/appender/db/jpa/LogEventEntityTest.java:26: warning: [deprecation] ThrowableProxy in org.apache.logging.log4j.core.impl has been deprecated
[2026-07-12 07:56:32] [javac-output-15219] import org.apache.logging.log4j.core.impl.ThrowableProxy;
[2026-07-12 07:56:32] [javac-output-15219]                                          ^
[2026-07-12 07:56:32] [javac-output-15219] /home/runner/work/Ansede/Ansede/benchmarks/report/.repo_cache/log4j/log4j-jpa/src/test/java/org/apache/logging/log4j/core/appender/db/jpa/TestBaseEntity.java:40: warning: [deprecation] ThrowableProxy in org.apache.logging.log4j.core.impl has been deprecated
[2026-07-12 07:56:32] [javac-output-15219] import org.apache.logging.log4j.core.impl.ThrowableProxy;
[2026-07-12 07:56:32] [javac-output-15219]                                          ^
[2026-07-12 07:56:32] [javac-output-15219] /home/runner/work/Ansede/Ansede/benchmarks/report/.repo_cache/log4j/log4j-jpa/src/test/java/org/apache/logging/log4j/core/appender/db/jpa/TestBaseEntity.java:158: warning: [deprecation] ThrowableProxy in org.apache.logging.log4j.core.impl has been deprecated
[2026-07-12 07:56:32] [javac-output-15219]     public ThrowableProxy getThrownProxy() {
[2026-07-12 07:56:32] [javac-output-15219]            ^
[2026-07-12 07:56:32] [javac-output-15219] /home/runner/work/Ansede/Ansede/benchmarks/report/.repo_cache/log4j/log4j-jpa/src/test/java/org/apache/logging/log4j/core/appender/db/jpa/LogEventEntityTest.java:26: warning: [deprecation] ThrowableProxy in org.apache.logging.log4j.core.impl has been deprecated
[2026-07-12 07:56:32] [javac-output-15219] import org.apache.logging.log4j.core.impl.ThrowableProxy;
[2026-07-12 07:56:32] [javac-output-15219]                                          ^
[2026-07-12 07:56:32] [javac-output-15219] /home/runner/work/Ansede/Ansede/benchmarks/report/.repo_cache/log4j/log4j-jpa/src/test/java/org/apache/logging/log4j/core/appender/db/jpa/TestBaseEntity.java:158: warning: [deprecation] getThrownProxy() in LogEvent has been deprecated
[2026-07-12 07:56:32] [javac-output-15219]     public ThrowableProxy getThrownProxy() {
[2026-07-12 07:56:32] [javac-output-15219]                           ^
[2026-07-12 07:56:32] [javac-output-15219] /home/runner/work/Ansede/Ansede/benchmarks/report/.repo_cache/log4j/log4j-jpa/src/test/java/org/apache/logging/log4j/core/appender/db/jpa/TestBaseEntity.java:165: warning: [deprecation] getContextMap() in LogEvent has been deprecated
[2026-07-12 07:56:32] [javac-output-15219]     public Map<String, String> getContextMap() {
[2026-07-12 07:56:32] [javac-output-15219]                                ^
[2026-07-12 07:56:32] [javac-output-15219] /home/runner/work/Ansede/Ansede/benchmarks/report/.repo_cache/log4j/log4j-jpa/src/test/java/org/apache/logging/log4j/core/appender/db/jpa/TestBaseEntity.java:159: warning: [deprecation] getThrownProxy() in LogEvent has been deprecated
[2026-07-12 07:56:32] [javac-output-15219]         return this.getWrappedEvent().getThrownProxy();
[2026-07-12 07:56:32] [javac-output-15219]                                      ^
[2026-07-12 07:56:32] [javac-output-15219] /home/runner/work/Ansede/Ansede/benchmarks/report/.repo_cache/log4j/log4j-jpa/src/test/java/org/apache/logging/log4j/core/appender/db/jpa/TestBaseEntity.java:166: warning: [deprecation] getContextMap() in LogEvent has been deprecated
[2026-07-12 07:56:32] [javac-output-15219]         return this.getWrappedEvent().getContextMap();
[2026-07-12 07:56:32] [javac-output-15219]                                      ^
[2026-07-12 07:56:32] [javac-output-15219] /home/runner/work/Ansede/Ansede/benchmarks/report/.repo_cache/log4j/log4j-jpa/src/test/java/org/apache/logging/log4j/core/appender/db/jpa/LogEventEntityTest.java:111: warning: [deprecation] ThrowableProxy in org.apache.logging.log4j.core.impl has been deprecated
[2026-07-12 07:56:32] [javac-output-15219]             public ThrowableProxy getThrownProxy() {
[2026-07-12 07:56:32] [javac-output-15219]                    ^
[2026-07-12 07:56:32] [javac-output-15219] /home/runner/work/Ansede/Ansede/benchmarks/report/.repo_cache/log4j/log4j-jpa/src/test/java/org/apache/logging/log4j/core/appender/db/jpa/LogEventEntityTest.java:111: warning: [deprecation] getThrownProxy() in LogEvent has been deprecated
[2026-07-12 07:56:32] [javac-output-15219]             public ThrowableProxy getThrownProxy() {
[2026-07-12 07:56:32] [javac-output-15219]                                   ^
[2026-07-12 07:56:32] [javac-output-15219] /home/runner/work/Ansede/Ansede/benchmarks/report/.repo_cache/log4j/log4j-jpa/src/test/java/org/apache/logging/log4j/core/appender/db/jpa/LogEventEntityTest.java:41: warning: [deprecation] getContextMap() in LogEvent has been deprecated
[2026-07-12 07:56:32] [javac-output-15219]             public Map<String, String> getContextMap() {
[2026-07-12 07:56:32] [javac-output-15219]                                        ^
