[2026-07-12 07:59:22] [javac-extractor-16239] Starting extraction for:
                                              sun.java.command=com.semmle.extractor.java.JavaExtractor --jdk-version 17 --javac-args @@@/home/runner/work/Ansede/Ansede/benchmarks/report/.codeql_dbs/log4j/log/ext/javac-82.args
                                              user.dir=/home/runner/work/Ansede/Ansede/benchmarks/report/.repo_cache/log4j
[2026-07-12 07:59:22] [javac-extractor-16239] Compilation name /home/runner/work/Ansede/Ansede/benchmarks/report/.codeql_dbs/log4j/trap/java/diagnostics/diagnostic-82.trap.gz
[2026-07-12 07:59:22] [javac-extractor-16239] [WARN] Appending source destination directory /home/runner/work/Ansede/Ansede/benchmarks/report/.repo_cache/log4j/log4j-slf4j2-impl-fuzz-test/target/generated-sources/annotations to sourcepath
[2026-07-12 07:59:23] [javac-extractor-16239] Annotation processor class 'lombok.launch.AnnotationProcessorHider$AnnotationProcessor' initialized.
[2026-07-12 07:59:23] [javac-extractor-16239] Annotation processor class 'lombok.launch.AnnotationProcessorHider$ClaimingProcessor' initialized.
[2026-07-12 07:59:23] [javac-extractor-16239] 3 files will be passed to the attrib/flow phase
[2026-07-12 07:59:24] [javac-extractor-16239] Processing file /home/runner/work/Ansede/Ansede/benchmarks/report/.repo_cache/log4j/log4j-slf4j2-impl-fuzz-test/src/main/java/org/apache/logging/slf4j/fuzz/Slf4jLoggerFacade.java
[2026-07-12 07:59:24] [javac-extractor-16239] [WARN] Not rewriting trap file for /home/runner/work/Ansede/Ansede/benchmarks/report/.codeql_dbs/log4j/trap/java/classes/org/apache/logging/log4j/fuzz/FuzzingUtil$LoggerFacade.members/FuzzingUtil$LoggerFacade.members#52.0-1777751696000-java.trap.gz as /home/runner/work/Ansede/Ansede/benchmarks/report/.codeql_dbs/log4j/trap/java/classes/org/apache/logging/log4j/fuzz/FuzzingUtil$LoggerFacade.members/FuzzingUtil$LoggerFacade.members#0.0-1783842564953-java.trap.gz exists
[2026-07-12 07:59:24] [javac-extractor-16239] Processing file /home/runner/work/Ansede/Ansede/benchmarks/report/.repo_cache/log4j/log4j-slf4j2-impl-fuzz-test/src/main/java/org/apache/logging/slf4j/fuzz/Slf4jToLog4jBridgeWithJsonTemplateLayoutFuzzer.java
[2026-07-12 07:59:24] [javac-extractor-16239] [WARN] Not rewriting trap file for /home/runner/work/Ansede/Ansede/benchmarks/report/.codeql_dbs/log4j/trap/java/classes/org/apache/logging/log4j/fuzz/FuzzingUtil.members/FuzzingUtil.members#52.0-1777751696000-java.trap.gz as /home/runner/work/Ansede/Ansede/benchmarks/report/.codeql_dbs/log4j/trap/java/classes/org/apache/logging/log4j/fuzz/FuzzingUtil.members/FuzzingUtil.members#0.0-1783842564953-java.trap.gz exists
[2026-07-12 07:59:24] [javac-extractor-16239] [WARN] Not rewriting trap file for /home/runner/work/Ansede/Ansede/benchmarks/report/.codeql_dbs/log4j/trap/java/classes/org/apache/logging/log4j/core/config/ConfigurationFactory.members/ConfigurationFactory.members#52.0-1777751696000-java.trap.gz as /home/runner/work/Ansede/Ansede/benchmarks/report/.codeql_dbs/log4j/trap/java/classes/org/apache/logging/log4j/core/config/ConfigurationFactory.members/ConfigurationFactory.members#0.0-1783842564919-java.trap.gz exists
[2026-07-12 07:59:24] [javac-extractor-16239] [WARN] Not rewriting trap file for /home/runner/work/Ansede/Ansede/benchmarks/report/.codeql_dbs/log4j/trap/java/classes/org/apache/logging/log4j/fuzz/FuzzingUtil$LoggerFacade.members/FuzzingUtil$LoggerFacade.members#52.0-1777751696000-java.trap.gz as /home/runner/work/Ansede/Ansede/benchmarks/report/.codeql_dbs/log4j/trap/java/classes/org/apache/logging/log4j/fuzz/FuzzingUtil$LoggerFacade.members/FuzzingUtil$LoggerFacade.members#0.0-1783842564953-java.trap.gz exists
[2026-07-12 07:59:24] [javac-extractor-16239] Processing file /home/runner/work/Ansede/Ansede/benchmarks/report/.repo_cache/log4j/log4j-slf4j2-impl-fuzz-test/src/main/java/org/apache/logging/slf4j/fuzz/Slf4jToLog4jBridgeWithPatternLayoutFuzzer.java
[2026-07-12 07:59:24] [javac-extractor-16239] [WARN] Not rewriting trap file for /home/runner/work/Ansede/Ansede/benchmarks/report/.codeql_dbs/log4j/trap/java/classes/org/apache/logging/log4j/fuzz/FuzzingUtil.members/FuzzingUtil.members#52.0-1777751696000-java.trap.gz as /home/runner/work/Ansede/Ansede/benchmarks/report/.codeql_dbs/log4j/trap/java/classes/org/apache/logging/log4j/fuzz/FuzzingUtil.members/FuzzingUtil.members#0.0-1783842564953-java.trap.gz exists
[2026-07-12 07:59:24] [javac-extractor-16239] [WARN] Not rewriting trap file for /home/runner/work/Ansede/Ansede/benchmarks/report/.codeql_dbs/log4j/trap/java/classes/org/apache/logging/log4j/core/config/ConfigurationFactory.members/ConfigurationFactory.members#52.0-1777751696000-java.trap.gz as /home/runner/work/Ansede/Ansede/benchmarks/report/.codeql_dbs/log4j/trap/java/classes/org/apache/logging/log4j/core/config/ConfigurationFactory.members/ConfigurationFactory.members#0.0-1783842564919-java.trap.gz exists
[2026-07-12 07:59:24] [javac-extractor-16239] [WARN] Not rewriting trap file for /home/runner/work/Ansede/Ansede/benchmarks/report/.codeql_dbs/log4j/trap/java/classes/org/apache/logging/log4j/fuzz/FuzzingUtil$LoggerFacade.members/FuzzingUtil$LoggerFacade.members#52.0-1777751696000-java.trap.gz as /home/runner/work/Ansede/Ansede/benchmarks/report/.codeql_dbs/log4j/trap/java/classes/org/apache/logging/log4j/fuzz/FuzzingUtil$LoggerFacade.members/FuzzingUtil$LoggerFacade.members#0.0-1783842564953-java.trap.gz exists
[2026-07-12 07:59:24] [javac-extractor-16239] Javac init time: 1.2s
[2026-07-12 07:59:24] [javac-extractor-16239] Javac attr time: 0.1s
[2026-07-12 07:59:24] [javac-extractor-16239] Extractor time: 0.2s
[2026-07-12 07:59:24] [javac-extractor-16239] Other time: 0.2s
[2026-07-12 07:59:24] [javac-extractor-16239] Total time: 1.6s
