[2026-07-12 07:56:40] [javac-extractor-15307] Starting extraction for:
                                              sun.java.command=com.semmle.extractor.java.JavaExtractor --jdk-version 17 --javac-args @@@/home/runner/work/Ansede/Ansede/benchmarks/report/.codeql_dbs/log4j/log/ext/javac-52.args
                                              user.dir=/home/runner/work/Ansede/Ansede/benchmarks/report/.repo_cache/log4j
[2026-07-12 07:56:40] [javac-extractor-15307] Compilation name /home/runner/work/Ansede/Ansede/benchmarks/report/.codeql_dbs/log4j/trap/java/diagnostics/diagnostic-52.trap.gz
[2026-07-12 07:56:40] [javac-extractor-15307] [WARN] Appending source destination directory /home/runner/work/Ansede/Ansede/benchmarks/report/.repo_cache/log4j/log4j-jpl/target/generated-test-sources/test-annotations to sourcepath
[2026-07-12 07:56:42] [javac-extractor-15307] Annotation processor class 'lombok.launch.AnnotationProcessorHider$AnnotationProcessor' initialized.
[2026-07-12 07:56:42] [javac-extractor-15307] Annotation processor class 'lombok.launch.AnnotationProcessorHider$ClaimingProcessor' initialized.
[2026-07-12 07:56:42] [javac-extractor-15307] 1 files will be passed to the attrib/flow phase
[2026-07-12 07:56:42] [javac-extractor-15307] Processing file /home/runner/work/Ansede/Ansede/benchmarks/report/.repo_cache/log4j/log4j-jpl/src/test/java/org/apache/logging/log4j/jpl/Log4jSystemLoggerTest.java
[2026-07-12 07:56:42] [javac-extractor-15307] [WARN] Not rewriting trap file for /home/runner/work/Ansede/Ansede/benchmarks/report/.codeql_dbs/log4j/trap/java/classes/org/apache/logging/log4j/Level.members/Level.members#52.0-1777751696000-java.trap.gz as /home/runner/work/Ansede/Ansede/benchmarks/report/.codeql_dbs/log4j/trap/java/classes/org/apache/logging/log4j/Level.members/Level.members#0.0-1783842564837-java.trap.gz exists
[2026-07-12 07:56:42] [javac-extractor-15307] [WARN] Not rewriting trap file for /home/runner/work/Ansede/Ansede/benchmarks/report/.codeql_dbs/log4j/trap/java/classes/org/apache/logging/log4j/core/LogEvent.members/LogEvent.members#52.0-1777751696000-java.trap.gz as /home/runner/work/Ansede/Ansede/benchmarks/report/.codeql_dbs/log4j/trap/java/classes/org/apache/logging/log4j/core/LogEvent.members/LogEvent.members#0.0-1783842564909-java.trap.gz exists
[2026-07-12 07:56:42] [javac-extractor-15307] [WARN] Not rewriting trap file for /home/runner/work/Ansede/Ansede/benchmarks/report/.codeql_dbs/log4j/trap/java/classes/org/apache/logging/log4j/core/impl/Log4jLogEvent.members/Log4jLogEvent.members#52.0-1777751696000-java.trap.gz as /home/runner/work/Ansede/Ansede/benchmarks/report/.codeql_dbs/log4j/trap/java/classes/org/apache/logging/log4j/core/impl/Log4jLogEvent.members/Log4jLogEvent.members#0.0-1783842564930-java.trap.gz exists
[2026-07-12 07:56:42] [javac-extractor-15307] [WARN] Not rewriting trap file for /home/runner/work/Ansede/Ansede/benchmarks/report/.codeql_dbs/log4j/trap/java/classes/org/apache/logging/log4j/core/test/appender/ListAppender.members/ListAppender.members#52.0-1777751696000-java.trap.gz as /home/runner/work/Ansede/Ansede/benchmarks/report/.codeql_dbs/log4j/trap/java/classes/org/apache/logging/log4j/core/test/appender/ListAppender.members/ListAppender.members#0.0-1783842564853-java.trap.gz exists
[2026-07-12 07:56:42] [javac-extractor-15307] [WARN] Not rewriting trap file for /home/runner/work/Ansede/Ansede/benchmarks/report/.codeql_dbs/log4j/trap/java/classes/org/apache/logging/log4j/jpl/Log4jSystemLogger.members/Log4jSystemLogger.members#55.0-1783842997631-java.trap.gz as /home/runner/work/Ansede/Ansede/benchmarks/report/.codeql_dbs/log4j/trap/java/classes/org/apache/logging/log4j/jpl/Log4jSystemLogger.members/Log4jSystemLogger.members#0.0-1783842564965-java.trap.gz exists
[2026-07-12 07:56:42] [javac-extractor-15307] [WARN] Not rewriting trap file for /home/runner/work/Ansede/Ansede/benchmarks/report/.codeql_dbs/log4j/trap/java/classes/org/apache/logging/log4j/message/Message.members/Message.members#52.0-1777751696000-java.trap.gz as /home/runner/work/Ansede/Ansede/benchmarks/report/.codeql_dbs/log4j/trap/java/classes/org/apache/logging/log4j/message/Message.members/Message.members#0.0-1783842564839-java.trap.gz exists
[2026-07-12 07:56:42] [javac-extractor-15307] Javac init time: 1.3s
[2026-07-12 07:56:42] [javac-extractor-15307] Javac attr time: 0.2s
[2026-07-12 07:56:42] [javac-extractor-15307] Extractor time: 0.2s
[2026-07-12 07:56:42] [javac-extractor-15307] Other time: 0.2s
[2026-07-12 07:56:42] [javac-extractor-15307] Total time: 1.8s
