[2026-07-12 07:51:40] [javac-extractor-13816] Starting extraction for:
                                              sun.java.command=com.semmle.extractor.java.JavaExtractor --jdk-version 17 --javac-args @@@/home/runner/work/Ansede/Ansede/benchmarks/report/.codeql_dbs/log4j/log/ext/javac-3.args
                                              user.dir=/home/runner/work/Ansede/Ansede/benchmarks/report/.repo_cache/log4j
[2026-07-12 07:51:40] [javac-extractor-13816] Compilation name /home/runner/work/Ansede/Ansede/benchmarks/report/.codeql_dbs/log4j/trap/java/diagnostics/diagnostic-3.trap.gz
[2026-07-12 07:51:40] [javac-extractor-13816] [WARN] Appending source destination directory /home/runner/work/Ansede/Ansede/benchmarks/report/.repo_cache/log4j/log4j-core-java9/target/generated-sources/annotations to sourcepath
[2026-07-12 07:51:41] [javac-extractor-13816] Annotation processor class 'lombok.launch.AnnotationProcessorHider$AnnotationProcessor' initialized.
[2026-07-12 07:51:41] [javac-extractor-13816] Annotation processor class 'lombok.launch.AnnotationProcessorHider$ClaimingProcessor' initialized.
[2026-07-12 07:51:41] [javac-extractor-13816] 10 files will be passed to the attrib/flow phase
[2026-07-12 07:51:41] [javac-extractor-13816] Processing file /home/runner/work/Ansede/Ansede/benchmarks/report/.repo_cache/log4j/log4j-core-java9/src/main/java/org/apache/logging/log4j/core/impl/ExtendedClassInfo.java
[2026-07-12 07:51:41] [javac-extractor-13816] Processing file /home/runner/work/Ansede/Ansede/benchmarks/report/.repo_cache/log4j/log4j-core-java9/src/main/java/org/apache/logging/log4j/core/pattern/TextRenderer.java
[2026-07-12 07:51:41] [javac-extractor-13816] Processing file /home/runner/work/Ansede/Ansede/benchmarks/report/.repo_cache/log4j/log4j-core-java9/src/main/java/org/apache/logging/log4j/core/impl/ExtendedStackTraceElement.java
[2026-07-12 07:51:41] [javac-extractor-13816] [WARN] Not rewriting trap file for /home/runner/work/Ansede/Ansede/benchmarks/report/.codeql_dbs/log4j/trap/java/classes/org/apache/logging/log4j/util/Strings.members/Strings.members#52.0-1777751696000-java.trap.gz as /home/runner/work/Ansede/Ansede/benchmarks/report/.codeql_dbs/log4j/trap/java/classes/org/apache/logging/log4j/util/Strings.members/Strings.members#0.0-1783842564844-java.trap.gz exists
[2026-07-12 07:51:41] [javac-extractor-13816] Processing file /home/runner/work/Ansede/Ansede/benchmarks/report/.repo_cache/log4j/log4j-core-java9/src/main/java/org/apache/logging/log4j/core/jackson/ExtendedStackTraceElementMixIn.java
[2026-07-12 07:51:41] [javac-extractor-13816] Processing JAR file: /home/runner/.m2/repository/com/fasterxml/jackson/core/jackson-annotations/2.19.2/jackson-annotations-2.19.2.jar
[2026-07-12 07:51:41] [javac-extractor-13816] Processing JAR file: /home/runner/.m2/repository/com/fasterxml/jackson/dataformat/jackson-dataformat-xml/2.19.2/jackson-dataformat-xml-2.19.2.jar
[2026-07-12 07:51:41] [javac-extractor-13816] Processing file /home/runner/work/Ansede/Ansede/benchmarks/report/.repo_cache/log4j/log4j-core-java9/src/main/java/org/apache/logging/log4j/core/jackson/Log4jStackTraceElementDeserializer.java
[2026-07-12 07:51:42] [javac-extractor-13816] Processing JAR file: /home/runner/.m2/repository/com/fasterxml/jackson/core/jackson-databind/2.19.2/jackson-databind-2.19.2.jar
[2026-07-12 07:51:42] [javac-extractor-13816] Processing JAR file: /home/runner/.m2/repository/com/fasterxml/jackson/core/jackson-core/2.19.2/jackson-core-2.19.2.jar
[2026-07-12 07:51:42] [javac-extractor-13816] Processing file /home/runner/work/Ansede/Ansede/benchmarks/report/.repo_cache/log4j/log4j-core-java9/src/main/java/org/apache/logging/log4j/core/jackson/StackTraceElementConstants.java
[2026-07-12 07:51:42] [javac-extractor-13816] Processing file /home/runner/work/Ansede/Ansede/benchmarks/report/.repo_cache/log4j/log4j-core-java9/src/main/java/org/apache/logging/log4j/core/jackson/StackTraceElementMixIn.java
[2026-07-12 07:51:43] [javac-extractor-13816] Processing file /home/runner/work/Ansede/Ansede/benchmarks/report/.repo_cache/log4j/log4j-core-java9/src/main/java/org/apache/logging/log4j/core/pattern/PlainTextRenderer.java
[2026-07-12 07:51:43] [javac-extractor-13816] Processing file /home/runner/work/Ansede/Ansede/benchmarks/report/.repo_cache/log4j/log4j-core-java9/src/main/java/org/apache/logging/log4j/core/util/Integers.java
[2026-07-12 07:51:43] [javac-extractor-13816] Processing file /home/runner/work/Ansede/Ansede/benchmarks/report/.repo_cache/log4j/log4j-core-java9/src/main/java/org/apache/logging/log4j/core/util/internal/UnsafeUtil.java
[2026-07-12 07:51:43] [javac-extractor-13816] [WARN] Not rewriting trap file for /home/runner/work/Ansede/Ansede/benchmarks/report/.codeql_dbs/log4j/trap/java/classes/org/apache/logging/log4j/Logger.members/Logger.members#52.0-1777751696000-java.trap.gz as /home/runner/work/Ansede/Ansede/benchmarks/report/.codeql_dbs/log4j/trap/java/classes/org/apache/logging/log4j/Logger.members/Logger.members#0.0-1783842564837-java.trap.gz exists
[2026-07-12 07:51:43] [javac-extractor-13816] [WARN] Not rewriting trap file for /home/runner/work/Ansede/Ansede/benchmarks/report/.codeql_dbs/log4j/trap/java/classes/org/apache/logging/log4j/status/StatusLogger.members/StatusLogger.members#52.0-1777751696000-java.trap.gz as /home/runner/work/Ansede/Ansede/benchmarks/report/.codeql_dbs/log4j/trap/java/classes/org/apache/logging/log4j/status/StatusLogger.members/StatusLogger.members#0.0-1783842564843-java.trap.gz exists
[2026-07-12 07:51:43] [javac-extractor-13816] Processing module jdk.unsupported
[2026-07-12 07:51:43] [javac-extractor-13816] Javac init time: 1.3s
[2026-07-12 07:51:43] [javac-extractor-13816] Javac attr time: 0.1s
[2026-07-12 07:51:43] [javac-extractor-13816] Extractor time: 1.4s
[2026-07-12 07:51:43] [javac-extractor-13816] Other time: 0.2s
[2026-07-12 07:51:43] [javac-extractor-13816] Total time: 3.1s
