[2026-07-12 07:54:43] [javac-output-14299] warning: [options] source value 8 is obsolete and will be removed in a future release
[2026-07-12 07:54:43] [javac-output-14299] warning: [options] target value 8 is obsolete and will be removed in a future release
[2026-07-12 07:54:43] [javac-output-14299] warning: [options] To suppress warnings about obsolete options, use -Xlint:-options.
[2026-07-12 07:54:44] [javac-output-14299] /home/runner/work/Ansede/Ansede/benchmarks/report/.repo_cache/log4j/log4j-to-slf4j/src/test/java/org/apache/logging/slf4j/LoggerContextResolver.java:111: warning: [deprecation] CloseableResource in Store has been deprecated
[2026-07-12 07:54:44] [javac-output-14299]     static final class LoggerContextHolder implements Store.CloseableResource {
[2026-07-12 07:54:44] [javac-output-14299]                                                            ^
[2026-07-12 07:54:44] [javac-output-14299] warning: [processing] No processor claimed any of these annotations: org.junit.jupiter.params.provider.ValueSource,org.junit.jupiter.api.BeforeEach,org.apache.logging.slf4j.LoggerContextSource,org.apache.logging.log4j.test.junit.UsingStatusListener,org.junitpioneer.jupiter.Issue,org.junit.jupiter.api.Test,org.junit.jupiter.params.ParameterizedTest,org.junit.jupiter.api.extension.Extensions,org.junit.jupiter.api.BeforeAll,org.junit.jupiter.api.Tag,org.junit.jupiter.params.provider.MethodSource
[2026-07-12 07:54:44] [javac-output-14299] /home/runner/work/Ansede/Ansede/benchmarks/report/.repo_cache/log4j/log4j-to-slf4j/src/test/java/org/apache/logging/slf4j/LoggerContextResolver.java:111: warning: [deprecation] CloseableResource in Store has been deprecated
[2026-07-12 07:54:44] [javac-output-14299]     static final class LoggerContextHolder implements Store.CloseableResource {
[2026-07-12 07:54:44] [javac-output-14299]                                                            ^
[2026-07-12 07:54:44] [javac-output-14299] /home/runner/work/Ansede/Ansede/benchmarks/report/.repo_cache/log4j/log4j-to-slf4j/src/test/java/org/apache/logging/slf4j/LoggerContextResolver.java:111: warning: [deprecation] CloseableResource in Store has been deprecated
[2026-07-12 07:54:44] [javac-output-14299]     static final class LoggerContextHolder implements Store.CloseableResource {
[2026-07-12 07:54:44] [javac-output-14299]                                                            ^
[2026-07-12 07:54:44] [javac-output-14299] /home/runner/work/Ansede/Ansede/benchmarks/report/.repo_cache/log4j/log4j-to-slf4j/src/test/java/org/apache/logging/slf4j/LoggerContextResolver.java:111: warning: [deprecation] CloseableResource in Store has been deprecated
[2026-07-12 07:54:44] [javac-output-14299]     static final class LoggerContextHolder implements Store.CloseableResource {
[2026-07-12 07:54:44] [javac-output-14299]                                                            ^
[2026-07-12 07:54:44] [javac-output-14299] /home/runner/work/Ansede/Ansede/benchmarks/report/.repo_cache/log4j/log4j-to-slf4j/src/test/java/org/apache/logging/slf4j/LoggerContextResolver.java:111: warning: [deprecation] CloseableResource in Store has been deprecated
[2026-07-12 07:54:44] [javac-output-14299]     static final class LoggerContextHolder implements Store.CloseableResource {
[2026-07-12 07:54:44] [javac-output-14299]                                                            ^
[2026-07-12 07:54:45] [javac-output-14299] /home/runner/work/Ansede/Ansede/benchmarks/report/.repo_cache/log4j/log4j-to-slf4j/src/test/java/org/apache/logging/slf4j/LogBuilderTest.java:92: warning: [try] auto-closeable resource c is never referenced in body of corresponding try statement
[2026-07-12 07:54:45] [javac-output-14299]         try (final Instance c = CloseableThreadContext.put("callerId", "Log4j2")) {
[2026-07-12 07:54:45] [javac-output-14299]                             ^
[2026-07-12 07:54:46] [javac-output-14299] /home/runner/work/Ansede/Ansede/benchmarks/report/.repo_cache/log4j/log4j-to-slf4j/src/test/java/org/apache/logging/slf4j/SLF4JLoggerTest.java:92: warning: [deprecation] entry() in Logger has been deprecated
[2026-07-12 07:54:46] [javac-output-14299]         logger.entry();
[2026-07-12 07:54:46] [javac-output-14299]               ^
[2026-07-12 07:54:46] [javac-output-14299] /home/runner/work/Ansede/Ansede/benchmarks/report/.repo_cache/log4j/log4j-to-slf4j/src/test/java/org/apache/logging/slf4j/SLF4JLoggerTest.java:93: warning: [deprecation] exit() in Logger has been deprecated
[2026-07-12 07:54:46] [javac-output-14299]         logger.exit();
[2026-07-12 07:54:46] [javac-output-14299]               ^
[2026-07-12 07:54:46] [javac-output-14299] /home/runner/work/Ansede/Ansede/benchmarks/report/.repo_cache/log4j/log4j-to-slf4j/src/test/java/org/apache/logging/slf4j/SLF4JLoggerTest.java:99: warning: [deprecation] entry(Object...) in Logger has been deprecated
[2026-07-12 07:54:46] [javac-output-14299]         logger.entry(OBJ);
[2026-07-12 07:54:46] [javac-output-14299]               ^
[2026-07-12 07:54:46] [javac-output-14299] /home/runner/work/Ansede/Ansede/benchmarks/report/.repo_cache/log4j/log4j-to-slf4j/src/test/java/org/apache/logging/slf4j/SLF4JLoggerTest.java:100: warning: [deprecation] <R>exit(R) in Logger has been deprecated
[2026-07-12 07:54:46] [javac-output-14299]         logger.exit(0);
[2026-07-12 07:54:46] [javac-output-14299]               ^
[2026-07-12 07:54:46] [javac-output-14299]   where R is a type-variable:
[2026-07-12 07:54:46] [javac-output-14299]     R extends Object declared in method <R>exit(R)
[2026-07-12 07:54:46] [javac-output-14299] /home/runner/work/Ansede/Ansede/benchmarks/report/.repo_cache/log4j/log4j-to-slf4j/src/test/java/org/apache/logging/slf4j/SLF4JLoggerTest.java:106: warning: [deprecation] entry(Object...) in Logger has been deprecated
[2026-07-12 07:54:46] [javac-output-14299]         logger.entry(OBJ);
[2026-07-12 07:54:46] [javac-output-14299]               ^
[2026-07-12 07:54:46] [javac-output-14299] /home/runner/work/Ansede/Ansede/benchmarks/report/.repo_cache/log4j/log4j-to-slf4j/src/test/java/org/apache/logging/slf4j/TestUtil.java:37: warning: [unchecked] unchecked cast
[2026-07-12 07:54:46] [javac-output-14299]         final AppenderAttachable<ILoggingEvent> attachable = (AppenderAttachable<ILoggingEvent>) logger;
[2026-07-12 07:54:46] [javac-output-14299]                                                                                                  ^
[2026-07-12 07:54:46] [javac-output-14299]   required: AppenderAttachable<ILoggingEvent>
[2026-07-12 07:54:46] [javac-output-14299]   found:    Logger
