[2026-07-12 07:10:53] This is codeql database index-files --include-extension=.yaml --include-extension=.yml --also-match-lgtm-index-filters --size-limit=5m --language yaml -- /home/runner/work/Ansede/Ansede/benchmarks/report/.codeql_dbs/fastapi
[2026-07-12 07:10:53] Log file was started late.
[2026-07-12 07:10:53] Using index-files script /home/runner/work/Ansede/Ansede/codeql/yaml/tools/index-files.sh.
[2026-07-12 07:10:53] [PROGRESS] database index-files> Scanning for files in /home/runner/work/Ansede/Ansede/benchmarks/report/.repo_cache/fastapi...
[2026-07-12 07:10:53] Calling plumbing command: codeql resolve files --include-extension=.yaml --include-extension=.yml --also-match-lgtm-index-filters --size-limit=5m /home/runner/work/Ansede/Ansede/benchmarks/report/.repo_cache/fastapi --format=json
[2026-07-12 07:10:53] [PROGRESS] resolve files> Scanning /home/runner/work/Ansede/Ansede/benchmarks/report/.repo_cache/fastapi...
[2026-07-12 07:10:53] [PROGRESS] resolve files> Scanning /home/runner/work/Ansede/Ansede/benchmarks/report/.repo_cache/fastapi/scripts...
[2026-07-12 07:10:53] [PROGRESS] resolve files> Scanning /home/runner/work/Ansede/Ansede/benchmarks/report/.repo_cache/fastapi/scripts/tests...
[2026-07-12 07:10:53] [PROGRESS] resolve files> Scanning /home/runner/work/Ansede/Ansede/benchmarks/report/.repo_cache/fastapi/scripts/tests/test_translation_fixer...
[2026-07-12 07:10:53] [PROGRESS] resolve files> Scanning /home/runner/work/Ansede/Ansede/benchmarks/report/.repo_cache/fastapi/scripts/tests/test_translation_fixer/test_code_includes...
[2026-07-12 07:10:53] [PROGRESS] resolve files> Scanning /home/runner/work/Ansede/Ansede/benchmarks/report/.repo_cache/fastapi/scripts/tests/test_translation_fixer/test_code_includes/data...
[2026-07-12 07:10:53] [PROGRESS] resolve files> Scanning /home/runner/work/Ansede/Ansede/benchmarks/report/.repo_cache/fastapi/scripts/tests/test_translation_fixer/test_complex_doc...
[2026-07-12 07:10:53] [PROGRESS] resolve files> Scanning /home/runner/work/Ansede/Ansede/benchmarks/report/.repo_cache/fastapi/scripts/tests/test_translation_fixer/test_complex_doc/data...
[2026-07-12 07:10:53] [PROGRESS] resolve files> Scanning /home/runner/work/Ansede/Ansede/benchmarks/report/.repo_cache/fastapi/scripts/tests/test_translation_fixer/test_header_permalinks...
[2026-07-12 07:10:53] [PROGRESS] resolve files> Scanning /home/runner/work/Ansede/Ansede/benchmarks/report/.repo_cache/fastapi/scripts/tests/test_translation_fixer/test_header_permalinks/data...
[2026-07-12 07:10:53] [PROGRESS] resolve files> Scanning /home/runner/work/Ansede/Ansede/benchmarks/report/.repo_cache/fastapi/scripts/tests/test_translation_fixer/test_html_links...
[2026-07-12 07:10:53] [PROGRESS] resolve files> Scanning /home/runner/work/Ansede/Ansede/benchmarks/report/.repo_cache/fastapi/scripts/tests/test_translation_fixer/test_html_links/data...
[2026-07-12 07:10:53] [PROGRESS] resolve files> Scanning /home/runner/work/Ansede/Ansede/benchmarks/report/.repo_cache/fastapi/scripts/tests/test_translation_fixer/test_markdown_links...
[2026-07-12 07:10:53] [PROGRESS] resolve files> Scanning /home/runner/work/Ansede/Ansede/benchmarks/report/.repo_cache/fastapi/scripts/tests/test_translation_fixer/test_markdown_links/data...
[2026-07-12 07:10:53] [PROGRESS] resolve files> Scanning /home/runner/work/Ansede/Ansede/benchmarks/report/.repo_cache/fastapi/scripts/tests/test_translation_fixer/test_code_blocks...
[2026-07-12 07:10:53] [PROGRESS] resolve files> Scanning /home/runner/work/Ansede/Ansede/benchmarks/report/.repo_cache/fastapi/scripts/tests/test_translation_fixer/test_code_blocks/data...
[2026-07-12 07:10:53] [PROGRESS] resolve files> Scanning /home/runner/work/Ansede/Ansede/benchmarks/report/.repo_cache/fastapi/scripts/playwright...
[2026-07-12 07:10:53] [PROGRESS] resolve files> Scanning /home/runner/work/Ansede/Ansede/benchmarks/report/.repo_cache/fastapi/scripts/playwright/separate_openapi_schemas...
[2026-07-12 07:10:53] [PROGRESS] resolve files> Scanning /home/runner/work/Ansede/Ansede/benchmarks/report/.repo_cache/fastapi/scripts/playwright/sql_databases...
[2026-07-12 07:10:53] [PROGRESS] resolve files> Scanning /home/runner/work/Ansede/Ansede/benchmarks/report/.repo_cache/fastapi/scripts/playwright/query_param_models...
[2026-07-12 07:10:53] [PROGRESS] resolve files> Scanning /home/runner/work/Ansede/Ansede/benchmarks/report/.repo_cache/fastapi/scripts/playwright/header_param_models...
[2026-07-12 07:10:53] [PROGRESS] resolve files> Scanning /home/runner/work/Ansede/Ansede/benchmarks/report/.repo_cache/fastapi/scripts/playwright/cookie_param_models...
[2026-07-12 07:10:53] [PROGRESS] resolve files> Scanning /home/runner/work/Ansede/Ansede/benchmarks/report/.repo_cache/fastapi/scripts/playwright/request_form_models...
[2026-07-12 07:10:53] [PROGRESS] resolve files> Scanning /home/runner/work/Ansede/Ansede/benchmarks/report/.repo_cache/fastapi/scripts/playwright/json_base64_bytes...
[2026-07-12 07:10:53] [PROGRESS] resolve files> Scanning /home/runner/work/Ansede/Ansede/benchmarks/report/.repo_cache/fastapi/docs...
[2026-07-12 07:10:53] [PROGRESS] resolve files> Scanning /home/runner/work/Ansede/Ansede/benchmarks/report/.repo_cache/fastapi/docs/zh...
[2026-07-12 07:10:53] [PROGRESS] resolve files> Scanning /home/runner/work/Ansede/Ansede/benchmarks/report/.repo_cache/fastapi/docs/zh/docs...
[2026-07-12 07:10:53] [PROGRESS] resolve files> Scanning /home/runner/work/Ansede/Ansede/benchmarks/report/.repo_cache/fastapi/docs/zh/docs/resources...
[2026-07-12 07:10:53] [PROGRESS] resolve files> Scanning /home/runner/work/Ansede/Ansede/benchmarks/report/.repo_cache/fastapi/docs/zh/docs/advanced...
[2026-07-12 07:10:53] [PROGRESS] resolve files> Scanning /home/runner/work/Ansede/Ansede/benchmarks/report/.repo_cache/fastapi/docs/zh/docs/advanced/security...
[2026-07-12 07:10:53] [PROGRESS] resolve files> Scanning /home/runner/work/Ansede/Ansede/benchmarks/report/.repo_cache/fastapi/docs/zh/docs/about...
[2026-07-12 07:10:53] [PROGRESS] resolve files> Scanning /home/runner/work/Ansede/Ansede/benchmarks/report/.repo_cache/fastapi/docs/zh/docs/how-to...
[2026-07-12 07:10:53] [PROGRESS] resolve files> Scanning /home/runner/work/Ansede/Ansede/benchmarks/report/.repo_cache/fastapi/docs/zh/docs/deployment...
[2026-07-12 07:10:53] [PROGRESS] resolve files> Scanning /home/runner/work/Ansede/Ansede/benchmarks/report/.repo_cache/fastapi/docs/zh/docs/learn...
[2026-07-12 07:10:53] [PROGRESS] resolve files> Scanning /home/runner/work/Ansede/Ansede/benchmarks/report/.repo_cache/fastapi/docs/zh/docs/tutorial...
[2026-07-12 07:10:53] [PROGRESS] resolve files> Scanning /home/runner/work/Ansede/Ansede/benchmarks/report/.repo_cache/fastapi/docs/zh/docs/tutorial/dependencies...
[2026-07-12 07:10:53] [PROGRESS] resolve files> Scanning /home/runner/work/Ansede/Ansede/benchmarks/report/.repo_cache/fastapi/docs/zh/docs/tutorial/security...
[2026-07-12 07:10:53] [PROGRESS] resolve files> Scanning /home/runner/work/Ansede/Ansede/benchmarks/report/.repo_cache/fastapi/docs/ko...
[2026-07-12 07:10:53] [PROGRESS] resolve files> Scanning /home/runner/work/Ansede/Ansede/benchmarks/report/.repo_cache/fastapi/docs/ko/docs...
[2026-07-12 07:10:53] [PROGRESS] resolve files> Scanning /home/runner/work/Ansede/Ansede/benchmarks/report/.repo_cache/fastapi/docs/ko/docs/resources...
[2026-07-12 07:10:53] [PROGRESS] resolve files> Scanning /home/runner/work/Ansede/Ansede/benchmarks/report/.repo_cache/fastapi/docs/ko/docs/advanced...
[2026-07-12 07:10:53] [PROGRESS] resolve files> Scanning /home/runner/work/Ansede/Ansede/benchmarks/report/.repo_cache/fastapi/docs/ko/docs/advanced/security...
[2026-07-12 07:10:53] [PROGRESS] resolve files> Scanning /home/runner/work/Ansede/Ansede/benchmarks/report/.repo_cache/fastapi/docs/ko/docs/about...
[2026-07-12 07:10:53] [PROGRESS] resolve files> Scanning /home/runner/work/Ansede/Ansede/benchmarks/report/.repo_cache/fastapi/docs/ko/docs/how-to...
[2026-07-12 07:10:53] [PROGRESS] resolve files> Scanning /home/runner/work/Ansede/Ansede/benchmarks/report/.repo_cache/fastapi/docs/ko/docs/deployment...
[2026-07-12 07:10:53] [PROGRESS] resolve files> Scanning /home/runner/work/Ansede/Ansede/benchmarks/report/.repo_cache/fastapi/docs/ko/docs/learn...
[2026-07-12 07:10:53] [PROGRESS] resolve files> Scanning /home/runner/work/Ansede/Ansede/benchmarks/report/.repo_cache/fastapi/docs/ko/docs/tutorial...
[2026-07-12 07:10:53] [PROGRESS] resolve files> Scanning /home/runner/work/Ansede/Ansede/benchmarks/report/.repo_cache/fastapi/docs/ko/docs/tutorial/dependencies...
[2026-07-12 07:10:53] [PROGRESS] resolve files> Scanning /home/runner/work/Ansede/Ansede/benchmarks/report/.repo_cache/fastapi/docs/ko/docs/tutorial/security...
[2026-07-12 07:10:53] [PROGRESS] resolve files> Scanning /home/runner/work/Ansede/Ansede/benchmarks/report/.repo_cache/fastapi/docs/pt...
[2026-07-12 07:10:53] [PROGRESS] resolve files> Scanning /home/runner/work/Ansede/Ansede/benchmarks/report/.repo_cache/fastapi/docs/pt/docs...
[2026-07-12 07:10:53] [PROGRESS] resolve files> Scanning /home/runner/work/Ansede/Ansede/benchmarks/report/.repo_cache/fastapi/docs/pt/docs/resources...
[2026-07-12 07:10:53] [PROGRESS] resolve files> Scanning /home/runner/work/Ansede/Ansede/benchmarks/report/.repo_cache/fastapi/docs/pt/docs/advanced...
[2026-07-12 07:10:53] [PROGRESS] resolve files> Scanning /home/runner/work/Ansede/Ansede/benchmarks/report/.repo_cache/fastapi/docs/pt/docs/advanced/security...
[2026-07-12 07:10:53] [PROGRESS] resolve files> Scanning /home/runner/work/Ansede/Ansede/benchmarks/report/.repo_cache/fastapi/docs/pt/docs/about...
[2026-07-12 07:10:53] [PROGRESS] resolve files> Scanning /home/runner/work/Ansede/Ansede/benchmarks/report/.repo_cache/fastapi/docs/pt/docs/how-to...
[2026-07-12 07:10:53] [PROGRESS] resolve files> Scanning /home/runner/work/Ansede/Ansede/benchmarks/report/.repo_cache/fastapi/docs/pt/docs/deployment...
[2026-07-12 07:10:53] [PROGRESS] resolve files> Scanning /home/runner/work/Ansede/Ansede/benchmarks/report/.repo_cache/fastapi/docs/pt/docs/learn...
[2026-07-12 07:10:53] [PROGRESS] resolve files> Scanning /home/runner/work/Ansede/Ansede/benchmarks/report/.repo_cache/fastapi/docs/pt/docs/tutorial...
[2026-07-12 07:10:53] [PROGRESS] resolve files> Scanning /home/runner/work/Ansede/Ansede/benchmarks/report/.repo_cache/fastapi/docs/pt/docs/tutorial/dependencies...
[2026-07-12 07:10:53] [PROGRESS] resolve files> Scanning /home/runner/work/Ansede/Ansede/benchmarks/report/.repo_cache/fastapi/docs/pt/docs/tutorial/security...
[2026-07-12 07:10:53] [PROGRESS] resolve files> Scanning /home/runner/work/Ansede/Ansede/benchmarks/report/.repo_cache/fastapi/docs/tr...
[2026-07-12 07:10:53] [PROGRESS] resolve files> Scanning /home/runner/work/Ansede/Ansede/benchmarks/report/.repo_cache/fastapi/docs/tr/docs...
[2026-07-12 07:10:53] [PROGRESS] resolve files> Scanning /home/runner/work/Ansede/Ansede/benchmarks/report/.repo_cache/fastapi/docs/tr/docs/resources...
[2026-07-12 07:10:53] [PROGRESS] resolve files> Scanning /home/runner/work/Ansede/Ansede/benchmarks/report/.repo_cache/fastapi/docs/tr/docs/advanced...
[2026-07-12 07:10:53] [PROGRESS] resolve files> Scanning /home/runner/work/Ansede/Ansede/benchmarks/report/.repo_cache/fastapi/docs/tr/docs/advanced/security...
[2026-07-12 07:10:53] [PROGRESS] resolve files> Scanning /home/runner/work/Ansede/Ansede/benchmarks/report/.repo_cache/fastapi/docs/tr/docs/about...
[2026-07-12 07:10:53] [PROGRESS] resolve files> Scanning /home/runner/work/Ansede/Ansede/benchmarks/report/.repo_cache/fastapi/docs/tr/docs/how-to...
[2026-07-12 07:10:53] [PROGRESS] resolve files> Scanning /home/runner/work/Ansede/Ansede/benchmarks/report/.repo_cache/fastapi/docs/tr/docs/deployment...
[2026-07-12 07:10:53] [PROGRESS] resolve files> Scanning /home/runner/work/Ansede/Ansede/benchmarks/report/.repo_cache/fastapi/docs/tr/docs/learn...
[2026-07-12 07:10:53] [PROGRESS] resolve files> Scanning /home/runner/work/Ansede/Ansede/benchmarks/report/.repo_cache/fastapi/docs/tr/docs/tutorial...
[2026-07-12 07:10:53] [PROGRESS] resolve files> Scanning /home/runner/work/Ansede/Ansede/benchmarks/report/.repo_cache/fastapi/docs/tr/docs/tutorial/dependencies...
[2026-07-12 07:10:53] [PROGRESS] resolve files> Scanning /home/runner/work/Ansede/Ansede/benchmarks/report/.repo_cache/fastapi/docs/tr/docs/tutorial/security...
[2026-07-12 07:10:53] [PROGRESS] resolve files> Scanning /home/runner/work/Ansede/Ansede/benchmarks/report/.repo_cache/fastapi/docs/uk...
[2026-07-12 07:10:53] [PROGRESS] resolve files> Scanning /home/runner/work/Ansede/Ansede/benchmarks/report/.repo_cache/fastapi/docs/uk/docs...
[2026-07-12 07:10:53] [PROGRESS] resolve files> Scanning /home/runner/work/Ansede/Ansede/benchmarks/report/.repo_cache/fastapi/docs/uk/docs/resources...
[2026-07-12 07:10:53] [PROGRESS] resolve files> Scanning /home/runner/work/Ansede/Ansede/benchmarks/report/.repo_cache/fastapi/docs/uk/docs/advanced...
[2026-07-12 07:10:53] [PROGRESS] resolve files> Scanning /home/runner/work/Ansede/Ansede/benchmarks/report/.repo_cache/fastapi/docs/uk/docs/advanced/security...
[2026-07-12 07:10:53] [PROGRESS] resolve files> Scanning /home/runner/work/Ansede/Ansede/benchmarks/report/.repo_cache/fastapi/docs/uk/docs/about...
[2026-07-12 07:10:53] [PROGRESS] resolve files> Scanning /home/runner/work/Ansede/Ansede/benchmarks/report/.repo_cache/fastapi/docs/uk/docs/how-to...
[2026-07-12 07:10:53] [PROGRESS] resolve files> Scanning /home/runner/work/Ansede/Ansede/benchmarks/report/.repo_cache/fastapi/docs/uk/docs/deployment...
[2026-07-12 07:10:53] [PROGRESS] resolve files> Scanning /home/runner/work/Ansede/Ansede/benchmarks/report/.repo_cache/fastapi/docs/uk/docs/learn...
[2026-07-12 07:10:53] [PROGRESS] resolve files> Scanning /home/runner/work/Ansede/Ansede/benchmarks/report/.repo_cache/fastapi/docs/uk/docs/tutorial...
[2026-07-12 07:10:53] [PROGRESS] resolve files> Scanning /home/runner/work/Ansede/Ansede/benchmarks/report/.repo_cache/fastapi/docs/uk/docs/tutorial/dependencies...
[2026-07-12 07:10:53] [PROGRESS] resolve files> Scanning /home/runner/work/Ansede/Ansede/benchmarks/report/.repo_cache/fastapi/docs/uk/docs/tutorial/security...
[2026-07-12 07:10:53] [PROGRESS] resolve files> Scanning /home/runner/work/Ansede/Ansede/benchmarks/report/.repo_cache/fastapi/docs/zh-hant...
[2026-07-12 07:10:53] [PROGRESS] resolve files> Scanning /home/runner/work/Ansede/Ansede/benchmarks/report/.repo_cache/fastapi/docs/zh-hant/docs...
[2026-07-12 07:10:53] [PROGRESS] resolve files> Scanning /home/runner/work/Ansede/Ansede/benchmarks/report/.repo_cache/fastapi/docs/zh-hant/docs/resources...
[2026-07-12 07:10:53] [PROGRESS] resolve files> Scanning /home/runner/work/Ansede/Ansede/benchmarks/report/.repo_cache/fastapi/docs/zh-hant/docs/advanced...
[2026-07-12 07:10:53] [PROGRESS] resolve files> Scanning /home/runner/work/Ansede/Ansede/benchmarks/report/.repo_cache/fastapi/docs/zh-hant/docs/advanced/security...
[2026-07-12 07:10:53] [PROGRESS] resolve files> Scanning /home/runner/work/Ansede/Ansede/benchmarks/report/.repo_cache/fastapi/docs/zh-hant/docs/about...
[2026-07-12 07:10:53] [PROGRESS] resolve files> Scanning /home/runner/work/Ansede/Ansede/benchmarks/report/.repo_cache/fastapi/docs/zh-hant/docs/how-to...
[2026-07-12 07:10:53] [PROGRESS] resolve files> Scanning /home/runner/work/Ansede/Ansede/benchmarks/report/.repo_cache/fastapi/docs/zh-hant/docs/deployment...
[2026-07-12 07:10:53] [PROGRESS] resolve files> Scanning /home/runner/work/Ansede/Ansede/benchmarks/report/.repo_cache/fastapi/docs/zh-hant/docs/learn...
[2026-07-12 07:10:53] [PROGRESS] resolve files> Scanning /home/runner/work/Ansede/Ansede/benchmarks/report/.repo_cache/fastapi/docs/zh-hant/docs/tutorial...
[2026-07-12 07:10:53] [PROGRESS] resolve files> Scanning /home/runner/work/Ansede/Ansede/benchmarks/report/.repo_cache/fastapi/docs/zh-hant/docs/tutorial/dependencies...
[2026-07-12 07:10:53] [PROGRESS] resolve files> Scanning /home/runner/work/Ansede/Ansede/benchmarks/report/.repo_cache/fastapi/docs/zh-hant/docs/tutorial/security...
[2026-07-12 07:10:53] [PROGRESS] resolve files> Scanning /home/runner/work/Ansede/Ansede/benchmarks/report/.repo_cache/fastapi/docs/ru...
[2026-07-12 07:10:53] [PROGRESS] resolve files> Scanning /home/runner/work/Ansede/Ansede/benchmarks/report/.repo_cache/fastapi/docs/ru/docs...
[2026-07-12 07:10:53] [PROGRESS] resolve files> Scanning /home/runner/work/Ansede/Ansede/benchmarks/report/.repo_cache/fastapi/docs/ru/docs/resources...
[2026-07-12 07:10:53] [PROGRESS] resolve files> Scanning /home/runner/work/Ansede/Ansede/benchmarks/report/.repo_cache/fastapi/docs/ru/docs/advanced...
[2026-07-12 07:10:53] [PROGRESS] resolve files> Scanning /home/runner/work/Ansede/Ansede/benchmarks/report/.repo_cache/fastapi/docs/ru/docs/advanced/security...
[2026-07-12 07:10:53] [PROGRESS] resolve files> Scanning /home/runner/work/Ansede/Ansede/benchmarks/report/.repo_cache/fastapi/docs/ru/docs/about...
[2026-07-12 07:10:53] [PROGRESS] resolve files> Scanning /home/runner/work/Ansede/Ansede/benchmarks/report/.repo_cache/fastapi/docs/ru/docs/how-to...
[2026-07-12 07:10:53] [PROGRESS] resolve files> Scanning /home/runner/work/Ansede/Ansede/benchmarks/report/.repo_cache/fastapi/docs/ru/docs/deployment...
[2026-07-12 07:10:53] [PROGRESS] resolve files> Scanning /home/runner/work/Ansede/Ansede/benchmarks/report/.repo_cache/fastapi/docs/ru/docs/learn...
[2026-07-12 07:10:53] [PROGRESS] resolve files> Scanning /home/runner/work/Ansede/Ansede/benchmarks/report/.repo_cache/fastapi/docs/ru/docs/tutorial...
[2026-07-12 07:10:53] [PROGRESS] resolve files> Scanning /home/runner/work/Ansede/Ansede/benchmarks/report/.repo_cache/fastapi/docs/ru/docs/tutorial/dependencies...
[2026-07-12 07:10:53] [PROGRESS] resolve files> Scanning /home/runner/work/Ansede/Ansede/benchmarks/report/.repo_cache/fastapi/docs/ru/docs/tutorial/security...
[2026-07-12 07:10:53] [PROGRESS] resolve files> Scanning /home/runner/work/Ansede/Ansede/benchmarks/report/.repo_cache/fastapi/docs/de...
[2026-07-12 07:10:53] [PROGRESS] resolve files> Scanning /home/runner/work/Ansede/Ansede/benchmarks/report/.repo_cache/fastapi/docs/de/docs...
[2026-07-12 07:10:53] [PROGRESS] resolve files> Scanning /home/runner/work/Ansede/Ansede/benchmarks/report/.repo_cache/fastapi/docs/de/docs/resources...
[2026-07-12 07:10:53] [PROGRESS] resolve files> Scanning /home/runner/work/Ansede/Ansede/benchmarks/report/.repo_cache/fastapi/docs/de/docs/advanced...
[2026-07-12 07:10:53] [PROGRESS] resolve files> Scanning /home/runner/work/Ansede/Ansede/benchmarks/report/.repo_cache/fastapi/docs/de/docs/advanced/security...
[2026-07-12 07:10:53] [PROGRESS] resolve files> Scanning /home/runner/work/Ansede/Ansede/benchmarks/report/.repo_cache/fastapi/docs/de/docs/about...
[2026-07-12 07:10:53] [PROGRESS] resolve files> Scanning /home/runner/work/Ansede/Ansede/benchmarks/report/.repo_cache/fastapi/docs/de/docs/how-to...
[2026-07-12 07:10:53] [PROGRESS] resolve files> Scanning /home/runner/work/Ansede/Ansede/benchmarks/report/.repo_cache/fastapi/docs/de/docs/deployment...
[2026-07-12 07:10:53] [PROGRESS] resolve files> Scanning /home/runner/work/Ansede/Ansede/benchmarks/report/.repo_cache/fastapi/docs/de/docs/learn...
[2026-07-12 07:10:53] [PROGRESS] resolve files> Scanning /home/runner/work/Ansede/Ansede/benchmarks/report/.repo_cache/fastapi/docs/de/docs/tutorial...
[2026-07-12 07:10:53] [PROGRESS] resolve files> Scanning /home/runner/work/Ansede/Ansede/benchmarks/report/.repo_cache/fastapi/docs/de/docs/tutorial/dependencies...
[2026-07-12 07:10:53] [PROGRESS] resolve files> Scanning /home/runner/work/Ansede/Ansede/benchmarks/report/.repo_cache/fastapi/docs/de/docs/tutorial/security...
[2026-07-12 07:10:53] [PROGRESS] resolve files> Scanning /home/runner/work/Ansede/Ansede/benchmarks/report/.repo_cache/fastapi/docs/es...
[2026-07-12 07:10:53] [PROGRESS] resolve files> Scanning /home/runner/work/Ansede/Ansede/benchmarks/report/.repo_cache/fastapi/docs/es/docs...
[2026-07-12 07:10:53] [PROGRESS] resolve files> Scanning /home/runner/work/Ansede/Ansede/benchmarks/report/.repo_cache/fastapi/docs/es/docs/resources...
[2026-07-12 07:10:53] [PROGRESS] resolve files> Scanning /home/runner/work/Ansede/Ansede/benchmarks/report/.repo_cache/fastapi/docs/es/docs/advanced...
[2026-07-12 07:10:53] [PROGRESS] resolve files> Scanning /home/runner/work/Ansede/Ansede/benchmarks/report/.repo_cache/fastapi/docs/es/docs/advanced/security...
[2026-07-12 07:10:53] [PROGRESS] resolve files> Scanning /home/runner/work/Ansede/Ansede/benchmarks/report/.repo_cache/fastapi/docs/es/docs/about...
[2026-07-12 07:10:53] [PROGRESS] resolve files> Scanning /home/runner/work/Ansede/Ansede/benchmarks/report/.repo_cache/fastapi/docs/es/docs/how-to...
[2026-07-12 07:10:53] [PROGRESS] resolve files> Scanning /home/runner/work/Ansede/Ansede/benchmarks/report/.repo_cache/fastapi/docs/es/docs/deployment...
[2026-07-12 07:10:53] [PROGRESS] resolve files> Scanning /home/runner/work/Ansede/Ansede/benchmarks/report/.repo_cache/fastapi/docs/es/docs/learn...
[2026-07-12 07:10:53] [PROGRESS] resolve files> Scanning /home/runner/work/Ansede/Ansede/benchmarks/report/.repo_cache/fastapi/docs/es/docs/tutorial...
[2026-07-12 07:10:53] [PROGRESS] resolve files> Scanning /home/runner/work/Ansede/Ansede/benchmarks/report/.repo_cache/fastapi/docs/es/docs/tutorial/dependencies...
[2026-07-12 07:10:53] [PROGRESS] resolve files> Scanning /home/runner/work/Ansede/Ansede/benchmarks/report/.repo_cache/fastapi/docs/es/docs/tutorial/security...
[2026-07-12 07:10:53] [PROGRESS] resolve files> Scanning /home/runner/work/Ansede/Ansede/benchmarks/report/.repo_cache/fastapi/docs/hi...
[2026-07-12 07:10:53] [PROGRESS] resolve files> Scanning /home/runner/work/Ansede/Ansede/benchmarks/report/.repo_cache/fastapi/docs/hi/docs...
[2026-07-12 07:10:53] [PROGRESS] resolve files> Scanning /home/runner/work/Ansede/Ansede/benchmarks/report/.repo_cache/fastapi/docs/en...
[2026-07-12 07:10:53] [PROGRESS] resolve files> Scanning /home/runner/work/Ansede/Ansede/benchmarks/report/.repo_cache/fastapi/docs/en/docs...
[2026-07-12 07:10:53] [PROGRESS] resolve files> Scanning /home/runner/work/Ansede/Ansede/benchmarks/report/.repo_cache/fastapi/docs/en/docs/resources...
[2026-07-12 07:10:53] [PROGRESS] resolve files> Scanning /home/runner/work/Ansede/Ansede/benchmarks/report/.repo_cache/fastapi/docs/en/docs/img...
[2026-07-12 07:10:53] [PROGRESS] resolve files> Scanning /home/runner/work/Ansede/Ansede/benchmarks/report/.repo_cache/fastapi/docs/en/docs/img/async...
[2026-07-12 07:10:53] [PROGRESS] resolve files> Scanning /home/runner/work/Ansede/Ansede/benchmarks/report/.repo_cache/fastapi/docs/en/docs/img/async/parallel-burgers...
[2026-07-12 07:10:53] [PROGRESS] resolve files> Scanning /home/runner/work/Ansede/Ansede/benchmarks/report/.repo_cache/fastapi/docs/en/docs/img/async/concurrent-burgers...
[2026-07-12 07:10:53] [PROGRESS] resolve files> Scanning /home/runner/work/Ansede/Ansede/benchmarks/report/.repo_cache/fastapi/docs/en/docs/img/logo-margin...
[2026-07-12 07:10:53] [PROGRESS] resolve files> Scanning /home/runner/work/Ansede/Ansede/benchmarks/report/.repo_cache/fastapi/docs/en/docs/img/index...
[2026-07-12 07:10:53] [PROGRESS] resolve files> Scanning /home/runner/work/Ansede/Ansede/benchmarks/report/.repo_cache/fastapi/docs/en/docs/img/deployment...
[2026-07-12 07:10:53] [PROGRESS] resolve files> Scanning /home/runner/work/Ansede/Ansede/benchmarks/report/.repo_cache/fastapi/docs/en/docs/img/deployment/concepts...
[2026-07-12 07:10:53] [PROGRESS] resolve files> Scanning /home/runner/work/Ansede/Ansede/benchmarks/report/.repo_cache/fastapi/docs/en/docs/img/deployment/deta...
[2026-07-12 07:10:53] [PROGRESS] resolve files> Scanning /home/runner/work/Ansede/Ansede/benchmarks/report/.repo_cache/fastapi/docs/en/docs/img/deployment/https...
[2026-07-12 07:10:53] [PROGRESS] resolve files> Scanning /home/runner/work/Ansede/Ansede/benchmarks/report/.repo_cache/fastapi/docs/en/docs/img/sponsors...
[2026-07-12 07:10:53] [PROGRESS] resolve files> Scanning /home/runner/work/Ansede/Ansede/benchmarks/report/.repo_cache/fastapi/docs/en/docs/img/logos...
[2026-07-12 07:10:53] [PROGRESS] resolve files> Scanning /home/runner/work/Ansede/Ansede/benchmarks/report/.repo_cache/fastapi/docs/en/docs/img/tutorial...
[2026-07-12 07:10:53] [PROGRESS] resolve files> Scanning /home/runner/work/Ansede/Ansede/benchmarks/report/.repo_cache/fastapi/docs/en/docs/img/tutorial/header-param-models...
[2026-07-12 07:10:53] [PROGRESS] resolve files> Scanning /home/runner/work/Ansede/Ansede/benchmarks/report/.repo_cache/fastapi/docs/en/docs/img/tutorial/cookie-param-models...
[2026-07-12 07:10:53] [PROGRESS] resolve files> Scanning /home/runner/work/Ansede/Ansede/benchmarks/report/.repo_cache/fastapi/docs/en/docs/img/tutorial/separate-openapi-schemas...
[2026-07-12 07:10:53] [PROGRESS] resolve files> Scanning /home/runner/work/Ansede/Ansede/benchmarks/report/.repo_cache/fastapi/docs/en/docs/img/tutorial/query-params-str-validations...
[2026-07-12 07:10:53] [PROGRESS] resolve files> Scanning /home/runner/work/Ansede/Ansede/benchmarks/report/.repo_cache/fastapi/docs/en/docs/img/tutorial/path-params...
[2026-07-12 07:10:53] [PROGRESS] resolve files> Scanning /home/runner/work/Ansede/Ansede/benchmarks/report/.repo_cache/fastapi/docs/en/docs/img/tutorial/custom-response...
[2026-07-12 07:10:53] [PROGRESS] resolve files> Scanning /home/runner/work/Ansede/Ansede/benchmarks/report/.repo_cache/fastapi/docs/en/docs/img/tutorial/dependencies...
[2026-07-12 07:10:53] [PROGRESS] resolve files> Scanning /home/runner/work/Ansede/Ansede/benchmarks/report/.repo_cache/fastapi/docs/en/docs/img/tutorial/dataclasses...
[2026-07-12 07:10:53] [PROGRESS] resolve files> Scanning /home/runner/work/Ansede/Ansede/benchmarks/report/.repo_cache/fastapi/docs/en/docs/img/tutorial/json-base64-bytes...
[2026-07-12 07:10:53] [PROGRESS] resolve files> Scanning /home/runner/work/Ansede/Ansede/benchmarks/report/.repo_cache/fastapi/docs/en/docs/img/tutorial/metadata...
[2026-07-12 07:10:53] [PROGRESS] resolve files> Scanning /home/runner/work/Ansede/Ansede/benchmarks/report/.repo_cache/fastapi/docs/en/docs/img/tutorial/generate-clients...
[2026-07-12 07:10:53] [PROGRESS] resolve files> Scanning /home/runner/work/Ansede/Ansede/benchmarks/report/.repo_cache/fastapi/docs/en/docs/img/tutorial/behind-a-proxy...
[2026-07-12 07:10:53] [PROGRESS] resolve files> Scanning /home/runner/work/Ansede/Ansede/benchmarks/report/.repo_cache/fastapi/docs/en/docs/img/tutorial/body-fields...
[2026-07-12 07:10:53] [PROGRESS] resolve files> Scanning /home/runner/work/Ansede/Ansede/benchmarks/report/.repo_cache/fastapi/docs/en/docs/img/tutorial/debugging...
[2026-07-12 07:10:53] [PROGRESS] resolve files> Scanning /home/runner/work/Ansede/Ansede/benchmarks/report/.repo_cache/fastapi/docs/en/docs/img/tutorial/bigger-applications...
[2026-07-12 07:10:53] [PROGRESS] resolve files> Scanning /home/runner/work/Ansede/Ansede/benchmarks/report/.repo_cache/fastapi/docs/en/docs/img/tutorial/body-nested-models...
[2026-07-12 07:10:53] [PROGRESS] resolve files> Scanning /home/runner/work/Ansede/Ansede/benchmarks/report/.repo_cache/fastapi/docs/en/docs/img/tutorial/response-model...
[2026-07-12 07:10:53] [PROGRESS] resolve files> Scanning /home/runner/work/Ansede/Ansede/benchmarks/report/.repo_cache/fastapi/docs/en/docs/img/tutorial/extending-openapi...
[2026-07-12 07:10:53] [PROGRESS] resolve files> Scanning /home/runner/work/Ansede/Ansede/benchmarks/report/.repo_cache/fastapi/docs/en/docs/img/tutorial/path-operation-configuration...
[2026-07-12 07:10:53] [PROGRESS] resolve files> Scanning /home/runner/work/Ansede/Ansede/benchmarks/report/.repo_cache/fastapi/docs/en/docs/img/tutorial/openapi-callbacks...
[2026-07-12 07:10:53] [PROGRESS] resolve files> Scanning /home/runner/work/Ansede/Ansede/benchmarks/report/.repo_cache/fastapi/docs/en/docs/img/tutorial/async-sql-databases...
[2026-07-12 07:10:53] [PROGRESS] resolve files> Scanning /home/runner/work/Ansede/Ansede/benchmarks/report/.repo_cache/fastapi/docs/en/docs/img/tutorial/request-form-models...
[2026-07-12 07:10:53] [PROGRESS] resolve files> Scanning /home/runner/work/Ansede/Ansede/benchmarks/report/.repo_cache/fastapi/docs/en/docs/img/tutorial/openapi-webhooks...
[2026-07-12 07:10:53] [PROGRESS] resolve files> Scanning /home/runner/work/Ansede/Ansede/benchmarks/report/.repo_cache/fastapi/docs/en/docs/img/tutorial/websockets...
[2026-07-12 07:10:53] [PROGRESS] resolve files> Scanning /home/runner/work/Ansede/Ansede/benchmarks/report/.repo_cache/fastapi/docs/en/docs/img/tutorial/security...
[2026-07-12 07:10:53] [PROGRESS] resolve files> Scanning /home/runner/work/Ansede/Ansede/benchmarks/report/.repo_cache/fastapi/docs/en/docs/img/tutorial/body...
[2026-07-12 07:10:53] [PROGRESS] resolve files> Scanning /home/runner/work/Ansede/Ansede/benchmarks/report/.repo_cache/fastapi/docs/en/docs/img/tutorial/sub-applications...
[2026-07-12 07:10:53] [PROGRESS] resolve files> Scanning /home/runner/work/Ansede/Ansede/benchmarks/report/.repo_cache/fastapi/docs/en/docs/img/tutorial/sql-databases...
[2026-07-12 07:10:53] [PROGRESS] resolve files> Scanning /home/runner/work/Ansede/Ansede/benchmarks/report/.repo_cache/fastapi/docs/en/docs/img/tutorial/query-param-models...
[2026-07-12 07:10:53] [PROGRESS] resolve files> Scanning /home/runner/work/Ansede/Ansede/benchmarks/report/.repo_cache/fastapi/docs/en/docs/img/tutorial/additional-responses...
[2026-07-12 07:10:53] [PROGRESS] resolve files> Scanning /home/runner/work/Ansede/Ansede/benchmarks/report/.repo_cache/fastapi/docs/en/docs/img/tutorial/response-status-code...
[2026-07-12 07:10:53] [PROGRESS] resolve files> Scanning /home/runner/work/Ansede/Ansede/benchmarks/report/.repo_cache/fastapi/docs/en/docs/img/tutorial/path-operation-advanced-configuration...
[2026-07-12 07:10:53] [PROGRESS] resolve files> Scanning /home/runner/work/Ansede/Ansede/benchmarks/report/.repo_cache/fastapi/docs/en/docs/img/tutorial/graphql...
[2026-07-12 07:10:53] [PROGRESS] resolve files> Scanning /home/runner/work/Ansede/Ansede/benchmarks/report/.repo_cache/fastapi/docs/en/docs/img/python-types...
[2026-07-12 07:10:53] [PROGRESS] resolve files> Scanning /home/runner/work/Ansede/Ansede/benchmarks/report/.repo_cache/fastapi/docs/en/docs/advanced...
[2026-07-12 07:10:53] [PROGRESS] resolve files> Scanning /home/runner/work/Ansede/Ansede/benchmarks/report/.repo_cache/fastapi/docs/en/docs/advanced/security...
[2026-07-12 07:10:53] [PROGRESS] resolve files> Scanning /home/runner/work/Ansede/Ansede/benchmarks/report/.repo_cache/fastapi/docs/en/docs/css...
[2026-07-12 07:10:53] [PROGRESS] resolve files> Scanning /home/runner/work/Ansede/Ansede/benchmarks/report/.repo_cache/fastapi/docs/en/docs/about...
[2026-07-12 07:10:53] [PROGRESS] resolve files> Scanning /home/runner/work/Ansede/Ansede/benchmarks/report/.repo_cache/fastapi/docs/en/docs/how-to...
[2026-07-12 07:10:53] [PROGRESS] resolve files> Scanning /home/runner/work/Ansede/Ansede/benchmarks/report/.repo_cache/fastapi/docs/en/docs/deployment...
[2026-07-12 07:10:53] [PROGRESS] resolve files> Scanning /home/runner/work/Ansede/Ansede/benchmarks/report/.repo_cache/fastapi/docs/en/docs/js...
[2026-07-12 07:10:53] [PROGRESS] resolve files> Scanning /home/runner/work/Ansede/Ansede/benchmarks/report/.repo_cache/fastapi/docs/en/docs/learn...
[2026-07-12 07:10:53] [PROGRESS] resolve files> Scanning /home/runner/work/Ansede/Ansede/benchmarks/report/.repo_cache/fastapi/docs/en/docs/tutorial...
[2026-07-12 07:10:53] [PROGRESS] resolve files> Scanning /home/runner/work/Ansede/Ansede/benchmarks/report/.repo_cache/fastapi/docs/en/docs/tutorial/dependencies...
[2026-07-12 07:10:53] [PROGRESS] resolve files> Scanning /home/runner/work/Ansede/Ansede/benchmarks/report/.repo_cache/fastapi/docs/en/docs/tutorial/security...
[2026-07-12 07:10:53] [PROGRESS] resolve files> Scanning /home/runner/work/Ansede/Ansede/benchmarks/report/.repo_cache/fastapi/docs/en/docs/reference...
[2026-07-12 07:10:53] [PROGRESS] resolve files> Scanning /home/runner/work/Ansede/Ansede/benchmarks/report/.repo_cache/fastapi/docs/en/docs/reference/openapi...
[2026-07-12 07:10:53] [PROGRESS] resolve files> Scanning /home/runner/work/Ansede/Ansede/benchmarks/report/.repo_cache/fastapi/docs/en/docs/reference/security...
[2026-07-12 07:10:53] [PROGRESS] resolve files> Scanning /home/runner/work/Ansede/Ansede/benchmarks/report/.repo_cache/fastapi/docs/en/overrides...
[2026-07-12 07:10:53] [PROGRESS] resolve files> Scanning /home/runner/work/Ansede/Ansede/benchmarks/report/.repo_cache/fastapi/docs/en/overrides/partials...
[2026-07-12 07:10:53] [PROGRESS] resolve files> Scanning /home/runner/work/Ansede/Ansede/benchmarks/report/.repo_cache/fastapi/docs/en/data...
[2026-07-12 07:10:53] [PROGRESS] resolve files> Scanning /home/runner/work/Ansede/Ansede/benchmarks/report/.repo_cache/fastapi/docs/ja...
[2026-07-12 07:10:53] [PROGRESS] resolve files> Scanning /home/runner/work/Ansede/Ansede/benchmarks/report/.repo_cache/fastapi/docs/ja/docs...
[2026-07-12 07:10:53] [PROGRESS] resolve files> Scanning /home/runner/work/Ansede/Ansede/benchmarks/report/.repo_cache/fastapi/docs/ja/docs/resources...
[2026-07-12 07:10:53] [PROGRESS] resolve files> Scanning /home/runner/work/Ansede/Ansede/benchmarks/report/.repo_cache/fastapi/docs/ja/docs/advanced...
[2026-07-12 07:10:53] [PROGRESS] resolve files> Scanning /home/runner/work/Ansede/Ansede/benchmarks/report/.repo_cache/fastapi/docs/ja/docs/advanced/security...
[2026-07-12 07:10:53] [PROGRESS] resolve files> Scanning /home/runner/work/Ansede/Ansede/benchmarks/report/.repo_cache/fastapi/docs/ja/docs/about...
[2026-07-12 07:10:53] [PROGRESS] resolve files> Scanning /home/runner/work/Ansede/Ansede/benchmarks/report/.repo_cache/fastapi/docs/ja/docs/how-to...
[2026-07-12 07:10:53] [PROGRESS] resolve files> Scanning /home/runner/work/Ansede/Ansede/benchmarks/report/.repo_cache/fastapi/docs/ja/docs/deployment...
[2026-07-12 07:10:53] [PROGRESS] resolve files> Scanning /home/runner/work/Ansede/Ansede/benchmarks/report/.repo_cache/fastapi/docs/ja/docs/learn...
[2026-07-12 07:10:53] [PROGRESS] resolve files> Scanning /home/runner/work/Ansede/Ansede/benchmarks/report/.repo_cache/fastapi/docs/ja/docs/tutorial...
[2026-07-12 07:10:53] [PROGRESS] resolve files> Scanning /home/runner/work/Ansede/Ansede/benchmarks/report/.repo_cache/fastapi/docs/ja/docs/tutorial/dependencies...
[2026-07-12 07:10:53] [PROGRESS] resolve files> Scanning /home/runner/work/Ansede/Ansede/benchmarks/report/.repo_cache/fastapi/docs/ja/docs/tutorial/security...
[2026-07-12 07:10:53] [PROGRESS] resolve files> Scanning /home/runner/work/Ansede/Ansede/benchmarks/report/.repo_cache/fastapi/docs/fr...
[2026-07-12 07:10:53] [PROGRESS] resolve files> Scanning /home/runner/work/Ansede/Ansede/benchmarks/report/.repo_cache/fastapi/docs/fr/docs...
[2026-07-12 07:10:53] [PROGRESS] resolve files> Scanning /home/runner/work/Ansede/Ansede/benchmarks/report/.repo_cache/fastapi/docs/fr/docs/resources...
[2026-07-12 07:10:53] [PROGRESS] resolve files> Scanning /home/runner/work/Ansede/Ansede/benchmarks/report/.repo_cache/fastapi/docs/fr/docs/advanced...
[2026-07-12 07:10:53] [PROGRESS] resolve files> Scanning /home/runner/work/Ansede/Ansede/benchmarks/report/.repo_cache/fastapi/docs/fr/docs/advanced/security...
[2026-07-12 07:10:53] [PROGRESS] resolve files> Scanning /home/runner/work/Ansede/Ansede/benchmarks/report/.repo_cache/fastapi/docs/fr/docs/about...
[2026-07-12 07:10:53] [PROGRESS] resolve files> Scanning /home/runner/work/Ansede/Ansede/benchmarks/report/.repo_cache/fastapi/docs/fr/docs/how-to...
[2026-07-12 07:10:53] [PROGRESS] resolve files> Scanning /home/runner/work/Ansede/Ansede/benchmarks/report/.repo_cache/fastapi/docs/fr/docs/deployment...
[2026-07-12 07:10:53] [PROGRESS] resolve files> Scanning /home/runner/work/Ansede/Ansede/benchmarks/report/.repo_cache/fastapi/docs/fr/docs/learn...
[2026-07-12 07:10:53] [PROGRESS] resolve files> Scanning /home/runner/work/Ansede/Ansede/benchmarks/report/.repo_cache/fastapi/docs/fr/docs/tutorial...
[2026-07-12 07:10:53] [PROGRESS] resolve files> Scanning /home/runner/work/Ansede/Ansede/benchmarks/report/.repo_cache/fastapi/docs/fr/docs/tutorial/dependencies...
[2026-07-12 07:10:53] [PROGRESS] resolve files> Scanning /home/runner/work/Ansede/Ansede/benchmarks/report/.repo_cache/fastapi/docs/fr/docs/tutorial/security...
[2026-07-12 07:10:53] [PROGRESS] resolve files> Scanning /home/runner/work/Ansede/Ansede/benchmarks/report/.repo_cache/fastapi/docs_src...
[2026-07-12 07:10:53] [PROGRESS] resolve files> Scanning /home/runner/work/Ansede/Ansede/benchmarks/report/.repo_cache/fastapi/docs_src/extra_data_types...
[2026-07-12 07:10:53] [PROGRESS] resolve files> Scanning /home/runner/work/Ansede/Ansede/benchmarks/report/.repo_cache/fastapi/docs_src/graphql_...
[2026-07-12 07:10:53] [PROGRESS] resolve files> Scanning /home/runner/work/Ansede/Ansede/benchmarks/report/.repo_cache/fastapi/docs_src/query_params...
[2026-07-12 07:10:53] [PROGRESS] resolve files> Scanning /home/runner/work/Ansede/Ansede/benchmarks/report/.repo_cache/fastapi/docs_src/encoder...
[2026-07-12 07:10:53] [PROGRESS] resolve files> Scanning /home/runner/work/Ansede/Ansede/benchmarks/report/.repo_cache/fastapi/docs_src/custom_docs_ui...
[2026-07-12 07:10:53] [PROGRESS] resolve files> Scanning /home/runner/work/Ansede/Ansede/benchmarks/report/.repo_cache/fastapi/docs_src/custom_request_and_route...
[2026-07-12 07:10:53] [PROGRESS] resolve files> Scanning /home/runner/work/Ansede/Ansede/benchmarks/report/.repo_cache/fastapi/docs_src/header_params...
[2026-07-12 07:10:53] [PROGRESS] resolve files> Scanning /home/runner/work/Ansede/Ansede/benchmarks/report/.repo_cache/fastapi/docs_src/path_operation_advanced_configuration...
[2026-07-12 07:10:53] [PROGRESS] resolve files> Scanning /home/runner/work/Ansede/Ansede/benchmarks/report/.repo_cache/fastapi/docs_src/settings...
[2026-07-12 07:10:53] [PROGRESS] resolve files> Scanning /home/runner/work/Ansede/Ansede/benchmarks/report/.repo_cache/fastapi/docs_src/settings/app03_an_py310...
[2026-07-12 07:10:53] [PROGRESS] resolve files> Scanning /home/runner/work/Ansede/Ansede/benchmarks/report/.repo_cache/fastapi/docs_src/settings/app03_py310...
[2026-07-12 07:10:53] [PROGRESS] resolve files> Scanning /home/runner/work/Ansede/Ansede/benchmarks/report/.repo_cache/fastapi/docs_src/settings/app02_py310...
[2026-07-12 07:10:53] [PROGRESS] resolve files> Scanning /home/runner/work/Ansede/Ansede/benchmarks/report/.repo_cache/fastapi/docs_src/settings/app01_py310...
[2026-07-12 07:10:53] [PROGRESS] resolve files> Scanning /home/runner/work/Ansede/Ansede/benchmarks/report/.repo_cache/fastapi/docs_src/settings/app02_an_py310...
[2026-07-12 07:10:53] [PROGRESS] resolve files> Scanning /home/runner/work/Ansede/Ansede/benchmarks/report/.repo_cache/fastapi/docs_src/first_steps...
[2026-07-12 07:10:53] [PROGRESS] resolve files> Scanning /home/runner/work/Ansede/Ansede/benchmarks/report/.repo_cache/fastapi/docs_src/python_types...
[2026-07-12 07:10:53] [PROGRESS] resolve files> Scanning /home/runner/work/Ansede/Ansede/benchmarks/report/.repo_cache/fastapi/docs_src/separate_openapi_schemas...
[2026-07-12 07:10:53] [PROGRESS] resolve files> Scanning /home/runner/work/Ansede/Ansede/benchmarks/report/.repo_cache/fastapi/docs_src/request_files...
[2026-07-12 07:10:53] [PROGRESS] resolve files> Scanning /home/runner/work/Ansede/Ansede/benchmarks/report/.repo_cache/fastapi/docs_src/strict_content_type...
[2026-07-12 07:10:53] [PROGRESS] resolve files> Scanning /home/runner/work/Ansede/Ansede/benchmarks/report/.repo_cache/fastapi/docs_src/sql_databases...
[2026-07-12 07:10:53] [PROGRESS] resolve files> Scanning /home/runner/work/Ansede/Ansede/benchmarks/report/.repo_cache/fastapi/docs_src/schema_extra_example...
[2026-07-12 07:10:53] [PROGRESS] resolve files> Scanning /home/runner/work/Ansede/Ansede/benchmarks/report/.repo_cache/fastapi/docs_src/conditional_openapi...
[2026-07-12 07:10:53] [PROGRESS] resolve files> Scanning /home/runner/work/Ansede/Ansede/benchmarks/report/.repo_cache/fastapi/docs_src/dependencies...
[2026-07-12 07:10:53] [PROGRESS] resolve files> Scanning /home/runner/work/Ansede/Ansede/benchmarks/report/.repo_cache/fastapi/docs_src/async_tests...
[2026-07-12 07:10:53] [PROGRESS] resolve files> Scanning /home/runner/work/Ansede/Ansede/benchmarks/report/.repo_cache/fastapi/docs_src/async_tests/app_a_py310...
[2026-07-12 07:10:53] [PROGRESS] resolve files> Scanning /home/runner/work/Ansede/Ansede/benchmarks/report/.repo_cache/fastapi/docs_src/query_param_models...
[2026-07-12 07:10:53] [PROGRESS] resolve files> Scanning /home/runner/work/Ansede/Ansede/benchmarks/report/.repo_cache/fastapi/docs_src/extra_models...
[2026-07-12 07:10:53] [PROGRESS] resolve files> Scanning /home/runner/work/Ansede/Ansede/benchmarks/report/.repo_cache/fastapi/docs_src/using_request_directly...
[2026-07-12 07:10:53] [PROGRESS] resolve files> Scanning /home/runner/work/Ansede/Ansede/benchmarks/report/.repo_cache/fastapi/docs_src/header_param_models...
[2026-07-12 07:10:53] [PROGRESS] resolve files> Scanning /home/runner/work/Ansede/Ansede/benchmarks/report/.repo_cache/fastapi/docs_src/additional_responses...
[2026-07-12 07:10:53] [PROGRESS] resolve files> Scanning /home/runner/work/Ansede/Ansede/benchmarks/report/.repo_cache/fastapi/docs_src/dataclasses_...
[2026-07-12 07:10:53] [PROGRESS] resolve files> Scanning /home/runner/work/Ansede/Ansede/benchmarks/report/.repo_cache/fastapi/docs_src/custom_response...
[2026-07-12 07:10:53] [PROGRESS] resolve files> Scanning /home/runner/work/Ansede/Ansede/benchmarks/report/.repo_cache/fastapi/docs_src/body_updates...
[2026-07-12 07:10:53] [PROGRESS] resolve files> Scanning /home/runner/work/Ansede/Ansede/benchmarks/report/.repo_cache/fastapi/docs_src/cookie_param_models...
[2026-07-12 07:10:53] [PROGRESS] resolve files> Scanning /home/runner/work/Ansede/Ansede/benchmarks/report/.repo_cache/fastapi/docs_src/cookie_params...
[2026-07-12 07:10:53] [PROGRESS] resolve files> Scanning /home/runner/work/Ansede/Ansede/benchmarks/report/.repo_cache/fastapi/docs_src/frontend...
[2026-07-12 07:10:53] [PROGRESS] resolve files> Scanning /home/runner/work/Ansede/Ansede/benchmarks/report/.repo_cache/fastapi/docs_src/static_files...
[2026-07-12 07:10:53] [PROGRESS] resolve files> Scanning /home/runner/work/Ansede/Ansede/benchmarks/report/.repo_cache/fastapi/docs_src/path_params...
[2026-07-12 07:10:53] [PROGRESS] resolve files> Scanning /home/runner/work/Ansede/Ansede/benchmarks/report/.repo_cache/fastapi/docs_src/request_forms...
[2026-07-12 07:10:53] [PROGRESS] resolve files> Scanning /home/runner/work/Ansede/Ansede/benchmarks/report/.repo_cache/fastapi/docs_src/metadata...
[2026-07-12 07:10:53] [PROGRESS] resolve files> Scanning /home/runner/work/Ansede/Ansede/benchmarks/report/.repo_cache/fastapi/docs_src/background_tasks...
[2026-07-12 07:10:53] [PROGRESS] resolve files> Scanning /home/runner/work/Ansede/Ansede/benchmarks/report/.repo_cache/fastapi/docs_src/stream_data...
[2026-07-12 07:10:53] [PROGRESS] resolve files> Scanning /home/runner/work/Ansede/Ansede/benchmarks/report/.repo_cache/fastapi/docs_src/path_operation_configuration...
[2026-07-12 07:10:53] [PROGRESS] resolve files> Scanning /home/runner/work/Ansede/Ansede/benchmarks/report/.repo_cache/fastapi/docs_src/response_status_code...
[2026-07-12 07:10:53] [PROGRESS] resolve files> Scanning /home/runner/work/Ansede/Ansede/benchmarks/report/.repo_cache/fastapi/docs_src/pydantic_v1_in_v2...
[2026-07-12 07:10:53] [PROGRESS] resolve files> Scanning /home/runner/work/Ansede/Ansede/benchmarks/report/.repo_cache/fastapi/docs_src/cors...
[2026-07-12 07:10:53] [PROGRESS] resolve files> Scanning /home/runner/work/Ansede/Ansede/benchmarks/report/.repo_cache/fastapi/docs_src/generate_clients...
[2026-07-12 07:10:53] [PROGRESS] resolve files> Scanning /home/runner/work/Ansede/Ansede/benchmarks/report/.repo_cache/fastapi/docs_src/handling_errors...
[2026-07-12 07:10:53] [PROGRESS] resolve files> Scanning /home/runner/work/Ansede/Ansede/benchmarks/report/.repo_cache/fastapi/docs_src/wsgi...
[2026-07-12 07:10:53] [PROGRESS] resolve files> Scanning /home/runner/work/Ansede/Ansede/benchmarks/report/.repo_cache/fastapi/docs_src/request_form_models...
[2026-07-12 07:10:53] [PROGRESS] resolve files> Scanning /home/runner/work/Ansede/Ansede/benchmarks/report/.repo_cache/fastapi/docs_src/response_model...
[2026-07-12 07:10:53] [PROGRESS] resolve files> Scanning /home/runner/work/Ansede/Ansede/benchmarks/report/.repo_cache/fastapi/docs_src/debugging...
[2026-07-12 07:10:53] [PROGRESS] resolve files> Scanning /home/runner/work/Ansede/Ansede/benchmarks/report/.repo_cache/fastapi/docs_src/path_params_numeric_validations...
[2026-07-12 07:10:53] [PROGRESS] resolve files> Scanning /home/runner/work/Ansede/Ansede/benchmarks/report/.repo_cache/fastapi/docs_src/bigger_applications...
[2026-07-12 07:10:53] [PROGRESS] resolve files> Scanning /home/runner/work/Ansede/Ansede/benchmarks/report/.repo_cache/fastapi/docs_src/bigger_applications/app_an_py310...
[2026-07-12 07:10:53] [PROGRESS] resolve files> Scanning /home/runner/work/Ansede/Ansede/benchmarks/report/.repo_cache/fastapi/docs_src/bigger_applications/app_an_py310/internal...
[2026-07-12 07:10:53] [PROGRESS] resolve files> Scanning /home/runner/work/Ansede/Ansede/benchmarks/report/.repo_cache/fastapi/docs_src/bigger_applications/app_an_py310/routers...
[2026-07-12 07:10:53] [PROGRESS] resolve files> Scanning /home/runner/work/Ansede/Ansede/benchmarks/report/.repo_cache/fastapi/docs_src/openapi_webhooks...
[2026-07-12 07:10:53] [PROGRESS] resolve files> Scanning /home/runner/work/Ansede/Ansede/benchmarks/report/.repo_cache/fastapi/docs_src/templates...
[2026-07-12 07:10:53] [PROGRESS] resolve files> Scanning /home/runner/work/Ansede/Ansede/benchmarks/report/.repo_cache/fastapi/docs_src/templates/static...
[2026-07-12 07:10:53] [PROGRESS] resolve files> Scanning /home/runner/work/Ansede/Ansede/benchmarks/report/.repo_cache/fastapi/docs_src/templates/templates...
[2026-07-12 07:10:53] [PROGRESS] resolve files> Scanning /home/runner/work/Ansede/Ansede/benchmarks/report/.repo_cache/fastapi/docs_src/authentication_error_status_code...
[2026-07-12 07:10:53] [PROGRESS] resolve files> Scanning /home/runner/work/Ansede/Ansede/benchmarks/report/.repo_cache/fastapi/docs_src/stream_json_lines...
[2026-07-12 07:10:53] [PROGRESS] resolve files> Scanning /home/runner/work/Ansede/Ansede/benchmarks/report/.repo_cache/fastapi/docs_src/response_change_status_code...
[2026-07-12 07:10:53] [PROGRESS] resolve files> Scanning /home/runner/work/Ansede/Ansede/benchmarks/report/.repo_cache/fastapi/docs_src/dependency_testing...
[2026-07-12 07:10:53] [PROGRESS] resolve files> Scanning /home/runner/work/Ansede/Ansede/benchmarks/report/.repo_cache/fastapi/docs_src/advanced_middleware...
[2026-07-12 07:10:53] [PROGRESS] resolve files> Scanning /home/runner/work/Ansede/Ansede/benchmarks/report/.repo_cache/fastapi/docs_src/app_testing...
[2026-07-12 07:10:53] [PROGRESS] resolve files> Scanning /home/runner/work/Ansede/Ansede/benchmarks/report/.repo_cache/fastapi/docs_src/app_testing/app_a_py310...
[2026-07-12 07:10:53] [PROGRESS] resolve files> Scanning /home/runner/work/Ansede/Ansede/benchmarks/report/.repo_cache/fastapi/docs_src/app_testing/app_b_an_py310...
[2026-07-12 07:10:53] [PROGRESS] resolve files> Scanning /home/runner/work/Ansede/Ansede/benchmarks/report/.repo_cache/fastapi/docs_src/app_testing/app_b_py310...
[2026-07-12 07:10:53] [PROGRESS] resolve files> Scanning /home/runner/work/Ansede/Ansede/benchmarks/report/.repo_cache/fastapi/docs_src/response_headers...
[2026-07-12 07:10:53] [PROGRESS] resolve files> Scanning /home/runner/work/Ansede/Ansede/benchmarks/report/.repo_cache/fastapi/docs_src/extending_openapi...
[2026-07-12 07:10:53] [PROGRESS] resolve files> Scanning /home/runner/work/Ansede/Ansede/benchmarks/report/.repo_cache/fastapi/docs_src/middleware...
[2026-07-12 07:10:53] [PROGRESS] resolve files> Scanning /home/runner/work/Ansede/Ansede/benchmarks/report/.repo_cache/fastapi/docs_src/body_fields...
[2026-07-12 07:10:53] [PROGRESS] resolve files> Scanning /home/runner/work/Ansede/Ansede/benchmarks/report/.repo_cache/fastapi/docs_src/sub_applications...
[2026-07-12 07:10:53] [PROGRESS] resolve files> Scanning /home/runner/work/Ansede/Ansede/benchmarks/report/.repo_cache/fastapi/docs_src/response_directly...
[2026-07-12 07:10:53] [PROGRESS] resolve files> Scanning /home/runner/work/Ansede/Ansede/benchmarks/report/.repo_cache/fastapi/docs_src/events...
[2026-07-12 07:10:53] [PROGRESS] resolve files> Scanning /home/runner/work/Ansede/Ansede/benchmarks/report/.repo_cache/fastapi/docs_src/behind_a_proxy...
[2026-07-12 07:10:53] [PROGRESS] resolve files> Scanning /home/runner/work/Ansede/Ansede/benchmarks/report/.repo_cache/fastapi/docs_src/response_cookies...
[2026-07-12 07:10:53] [PROGRESS] resolve files> Scanning /home/runner/work/Ansede/Ansede/benchmarks/report/.repo_cache/fastapi/docs_src/server_sent_events...
[2026-07-12 07:10:53] [PROGRESS] resolve files> Scanning /home/runner/work/Ansede/Ansede/benchmarks/report/.repo_cache/fastapi/docs_src/openapi_callbacks...
[2026-07-12 07:10:53] [PROGRESS] resolve files> Scanning /home/runner/work/Ansede/Ansede/benchmarks/report/.repo_cache/fastapi/docs_src/security...
[2026-07-12 07:10:53] [PROGRESS] resolve files> Scanning /home/runner/work/Ansede/Ansede/benchmarks/report/.repo_cache/fastapi/docs_src/body...
[2026-07-12 07:10:53] [PROGRESS] resolve files> Scanning /home/runner/work/Ansede/Ansede/benchmarks/report/.repo_cache/fastapi/docs_src/query_params_str_validations...
[2026-07-12 07:10:53] [PROGRESS] resolve files> Scanning /home/runner/work/Ansede/Ansede/benchmarks/report/.repo_cache/fastapi/docs_src/json_base64_bytes...
[2026-07-12 07:10:53] [PROGRESS] resolve files> Scanning /home/runner/work/Ansede/Ansede/benchmarks/report/.repo_cache/fastapi/docs_src/request_forms_and_files...
[2026-07-12 07:10:53] [PROGRESS] resolve files> Scanning /home/runner/work/Ansede/Ansede/benchmarks/report/.repo_cache/fastapi/docs_src/configure_swagger_ui...
[2026-07-12 07:10:53] [PROGRESS] resolve files> Scanning /home/runner/work/Ansede/Ansede/benchmarks/report/.repo_cache/fastapi/docs_src/websockets_...
[2026-07-12 07:10:53] [PROGRESS] resolve files> Scanning /home/runner/work/Ansede/Ansede/benchmarks/report/.repo_cache/fastapi/docs_src/additional_status_codes...
[2026-07-12 07:10:53] [PROGRESS] resolve files> Scanning /home/runner/work/Ansede/Ansede/benchmarks/report/.repo_cache/fastapi/docs_src/body_nested_models...
[2026-07-12 07:10:53] [PROGRESS] resolve files> Scanning /home/runner/work/Ansede/Ansede/benchmarks/report/.repo_cache/fastapi/docs_src/body_multiple_params...
[2026-07-12 07:10:53] [PROGRESS] resolve files> Scanning /home/runner/work/Ansede/Ansede/benchmarks/report/.repo_cache/fastapi/.git...
[2026-07-12 07:10:53] [PROGRESS] resolve files> Scanning /home/runner/work/Ansede/Ansede/benchmarks/report/.repo_cache/fastapi/.git/logs...
[2026-07-12 07:10:53] [PROGRESS] resolve files> Scanning /home/runner/work/Ansede/Ansede/benchmarks/report/.repo_cache/fastapi/.git/logs/refs...
[2026-07-12 07:10:53] [PROGRESS] resolve files> Scanning /home/runner/work/Ansede/Ansede/benchmarks/report/.repo_cache/fastapi/.git/logs/refs/remotes...
[2026-07-12 07:10:53] [PROGRESS] resolve files> Scanning /home/runner/work/Ansede/Ansede/benchmarks/report/.repo_cache/fastapi/.git/logs/refs/remotes/origin...
[2026-07-12 07:10:53] [PROGRESS] resolve files> Scanning /home/runner/work/Ansede/Ansede/benchmarks/report/.repo_cache/fastapi/.git/logs/refs/heads...
[2026-07-12 07:10:53] [PROGRESS] resolve files> Scanning /home/runner/work/Ansede/Ansede/benchmarks/report/.repo_cache/fastapi/.git/info...
[2026-07-12 07:10:53] [PROGRESS] resolve files> Scanning /home/runner/work/Ansede/Ansede/benchmarks/report/.repo_cache/fastapi/.git/hooks...
[2026-07-12 07:10:53] [PROGRESS] resolve files> Scanning /home/runner/work/Ansede/Ansede/benchmarks/report/.repo_cache/fastapi/.git/objects...
[2026-07-12 07:10:53] [PROGRESS] resolve files> Scanning /home/runner/work/Ansede/Ansede/benchmarks/report/.repo_cache/fastapi/.git/objects/info...
[2026-07-12 07:10:53] [PROGRESS] resolve files> Scanning /home/runner/work/Ansede/Ansede/benchmarks/report/.repo_cache/fastapi/.git/objects/pack...
[2026-07-12 07:10:53] [PROGRESS] resolve files> Scanning /home/runner/work/Ansede/Ansede/benchmarks/report/.repo_cache/fastapi/.git/refs...
[2026-07-12 07:10:53] [PROGRESS] resolve files> Scanning /home/runner/work/Ansede/Ansede/benchmarks/report/.repo_cache/fastapi/.git/refs/tags...
[2026-07-12 07:10:53] [PROGRESS] resolve files> Scanning /home/runner/work/Ansede/Ansede/benchmarks/report/.repo_cache/fastapi/.git/refs/remotes...
[2026-07-12 07:10:53] [PROGRESS] resolve files> Scanning /home/runner/work/Ansede/Ansede/benchmarks/report/.repo_cache/fastapi/.git/refs/remotes/origin...
[2026-07-12 07:10:53] [PROGRESS] resolve files> Scanning /home/runner/work/Ansede/Ansede/benchmarks/report/.repo_cache/fastapi/.git/refs/heads...
[2026-07-12 07:10:53] [PROGRESS] resolve files> Scanning /home/runner/work/Ansede/Ansede/benchmarks/report/.repo_cache/fastapi/fastapi...
[2026-07-12 07:10:53] [PROGRESS] resolve files> Scanning /home/runner/work/Ansede/Ansede/benchmarks/report/.repo_cache/fastapi/fastapi/_compat...
[2026-07-12 07:10:53] [PROGRESS] resolve files> Scanning /home/runner/work/Ansede/Ansede/benchmarks/report/.repo_cache/fastapi/fastapi/dependencies...
[2026-07-12 07:10:53] [PROGRESS] resolve files> Scanning /home/runner/work/Ansede/Ansede/benchmarks/report/.repo_cache/fastapi/fastapi/.agents...
[2026-07-12 07:10:53] [PROGRESS] resolve files> Scanning /home/runner/work/Ansede/Ansede/benchmarks/report/.repo_cache/fastapi/fastapi/.agents/skills...
[2026-07-12 07:10:53] [PROGRESS] resolve files> Scanning /home/runner/work/Ansede/Ansede/benchmarks/report/.repo_cache/fastapi/fastapi/.agents/skills/fastapi...
[2026-07-12 07:10:53] [PROGRESS] resolve files> Scanning /home/runner/work/Ansede/Ansede/benchmarks/report/.repo_cache/fastapi/fastapi/.agents/skills/fastapi/references...
[2026-07-12 07:10:53] [PROGRESS] resolve files> Scanning /home/runner/work/Ansede/Ansede/benchmarks/report/.repo_cache/fastapi/fastapi/middleware...
[2026-07-12 07:10:53] [PROGRESS] resolve files> Scanning /home/runner/work/Ansede/Ansede/benchmarks/report/.repo_cache/fastapi/fastapi/openapi...
[2026-07-12 07:10:53] [PROGRESS] resolve files> Scanning /home/runner/work/Ansede/Ansede/benchmarks/report/.repo_cache/fastapi/fastapi/security...
[2026-07-12 07:10:53] [PROGRESS] resolve files> Scanning /home/runner/work/Ansede/Ansede/benchmarks/report/.repo_cache/fastapi/tests...
[2026-07-12 07:10:53] [PROGRESS] resolve files> Scanning /home/runner/work/Ansede/Ansede/benchmarks/report/.repo_cache/fastapi/tests/test_modules_same_name_body...
[2026-07-12 07:10:53] [PROGRESS] resolve files> Scanning /home/runner/work/Ansede/Ansede/benchmarks/report/.repo_cache/fastapi/tests/test_modules_same_name_body/app...
[2026-07-12 07:10:53] [PROGRESS] resolve files> Scanning /home/runner/work/Ansede/Ansede/benchmarks/report/.repo_cache/fastapi/tests/test_tutorial...
[2026-07-12 07:10:53] [PROGRESS] resolve files> Scanning /home/runner/work/Ansede/Ansede/benchmarks/report/.repo_cache/fastapi/tests/test_tutorial/test_request_forms...
[2026-07-12 07:10:53] [PROGRESS] resolve files> Scanning /home/runner/work/Ansede/Ansede/benchmarks/report/.repo_cache/fastapi/tests/test_tutorial/test_response_status_code...
[2026-07-12 07:10:53] [PROGRESS] resolve files> Scanning /home/runner/work/Ansede/Ansede/benchmarks/report/.repo_cache/fastapi/tests/test_tutorial/test_generate_clients...
[2026-07-12 07:10:53] [PROGRESS] resolve files> Scanning /home/runner/work/Ansede/Ansede/benchmarks/report/.repo_cache/fastapi/tests/test_tutorial/test_path_params...
[2026-07-12 07:10:53] [PROGRESS] resolve files> Scanning /home/runner/work/Ansede/Ansede/benchmarks/report/.repo_cache/fastapi/tests/test_tutorial/test_graphql...
[2026-07-12 07:10:53] [PROGRESS] resolve files> Scanning /home/runner/work/Ansede/Ansede/benchmarks/report/.repo_cache/fastapi/tests/test_tutorial/test_encoder...
[2026-07-12 07:10:53] [PROGRESS] resolve files> Scanning /home/runner/work/Ansede/Ansede/benchmarks/report/.repo_cache/fastapi/tests/test_tutorial/test_handling_errors...
[2026-07-12 07:10:53] [PROGRESS] resolve files> Scanning /home/runner/work/Ansede/Ansede/benchmarks/report/.repo_cache/fastapi/tests/test_tutorial/test_custom_request_and_route...
[2026-07-12 07:10:53] [PROGRESS] resolve files> Scanning /home/runner/work/Ansede/Ansede/benchmarks/report/.repo_cache/fastapi/tests/test_tutorial/test_first_steps...
[2026-07-12 07:10:53] [PROGRESS] resolve files> Scanning /home/runner/work/Ansede/Ansede/benchmarks/report/.repo_cache/fastapi/tests/test_tutorial/test_response_directly...
[2026-07-12 07:10:53] [PROGRESS] resolve files> Scanning /home/runner/work/Ansede/Ansede/benchmarks/report/.repo_cache/fastapi/tests/test_tutorial/test_cors...
[2026-07-12 07:10:53] [PROGRESS] resolve files> Scanning /home/runner/work/Ansede/Ansede/benchmarks/report/.repo_cache/fastapi/tests/test_tutorial/test_using_request_directly...
[2026-07-12 07:10:53] [PROGRESS] resolve files> Scanning /home/runner/work/Ansede/Ansede/benchmarks/report/.repo_cache/fastapi/tests/test_tutorial/test_metadata...
[2026-07-12 07:10:53] [PROGRESS] resolve files> Scanning /home/runner/work/Ansede/Ansede/benchmarks/report/.repo_cache/fastapi/tests/test_tutorial/test_security...
[2026-07-12 07:10:53] [PROGRESS] resolve files> Scanning /home/runner/work/Ansede/Ansede/benchmarks/report/.repo_cache/fastapi/tests/test_tutorial/test_request_forms_and_files...
[2026-07-12 07:10:53] [PROGRESS] resolve files> Scanning /home/runner/work/Ansede/Ansede/benchmarks/report/.repo_cache/fastapi/tests/test_tutorial/test_testing_dependencies...
[2026-07-12 07:10:53] [PROGRESS] resolve files> Scanning /home/runner/work/Ansede/Ansede/benchmarks/report/.repo_cache/fastapi/tests/test_tutorial/test_wsgi...
[2026-07-12 07:10:53] [PROGRESS] resolve files> Scanning /home/runner/work/Ansede/Ansede/benchmarks/report/.repo_cache/fastapi/tests/test_tutorial/test_extra_models...
[2026-07-12 07:10:53] [PROGRESS] resolve files> Scanning /home/runner/work/Ansede/Ansede/benchmarks/report/.repo_cache/fastapi/tests/test_tutorial/test_body_fields...
[2026-07-12 07:10:53] [PROGRESS] resolve files> Scanning /home/runner/work/Ansede/Ansede/benchmarks/report/.repo_cache/fastapi/tests/test_tutorial/test_additional_status_codes...
[2026-07-12 07:10:53] [PROGRESS] resolve files> Scanning /home/runner/work/Ansede/Ansede/benchmarks/report/.repo_cache/fastapi/tests/test_tutorial/test_custom_response...
[2026-07-12 07:10:53] [PROGRESS] resolve files> Scanning /home/runner/work/Ansede/Ansede/benchmarks/report/.repo_cache/fastapi/tests/test_tutorial/test_server_sent_events...
[2026-07-12 07:10:53] [PROGRESS] resolve files> Scanning /home/runner/work/Ansede/Ansede/benchmarks/report/.repo_cache/fastapi/tests/test_tutorial/test_body_updates...
[2026-07-12 07:10:53] [PROGRESS] resolve files> Scanning /home/runner/work/Ansede/Ansede/benchmarks/report/.repo_cache/fastapi/tests/test_tutorial/test_strict_content_type...
[2026-07-12 07:10:53] [PROGRESS] resolve files> Scanning /home/runner/work/Ansede/Ansede/benchmarks/report/.repo_cache/fastapi/tests/test_tutorial/test_templates...
[2026-07-12 07:10:53] [PROGRESS] resolve files> Scanning /home/runner/work/Ansede/Ansede/benchmarks/report/.repo_cache/fastapi/tests/test_tutorial/test_extending_openapi...
[2026-07-12 07:10:53] [PROGRESS] resolve files> Scanning /home/runner/work/Ansede/Ansede/benchmarks/report/.repo_cache/fastapi/tests/test_tutorial/test_path_operation_configurations...
[2026-07-12 07:10:53] [PROGRESS] resolve files> Scanning /home/runner/work/Ansede/Ansede/benchmarks/report/.repo_cache/fastapi/tests/test_tutorial/test_behind_a_proxy...
[2026-07-12 07:10:53] [PROGRESS] resolve files> Scanning /home/runner/work/Ansede/Ansede/benchmarks/report/.repo_cache/fastapi/tests/test_tutorial/test_openapi_callbacks...
[2026-07-12 07:10:53] [PROGRESS] resolve files> Scanning /home/runner/work/Ansede/Ansede/benchmarks/report/.repo_cache/fastapi/tests/test_tutorial/test_extra_data_types...
[2026-07-12 07:10:53] [PROGRESS] resolve files> Scanning /home/runner/work/Ansede/Ansede/benchmarks/report/.repo_cache/fastapi/tests/test_tutorial/test_response_headers...
[2026-07-12 07:10:53] [PROGRESS] resolve files> Scanning /home/runner/work/Ansede/Ansede/benchmarks/report/.repo_cache/fastapi/tests/test_tutorial/test_json_base64_bytes...
[2026-07-12 07:10:53] [PROGRESS] resolve files> Scanning /home/runner/work/Ansede/Ansede/benchmarks/report/.repo_cache/fastapi/tests/test_tutorial/test_bigger_applications...
[2026-07-12 07:10:53] [PROGRESS] resolve files> Scanning /home/runner/work/Ansede/Ansede/benchmarks/report/.repo_cache/fastapi/tests/test_tutorial/test_middleware...
[2026-07-12 07:10:53] [PROGRESS] resolve files> Scanning /home/runner/work/Ansede/Ansede/benchmarks/report/.repo_cache/fastapi/tests/test_tutorial/test_events...
[2026-07-12 07:10:53] [PROGRESS] resolve files> Scanning /home/runner/work/Ansede/Ansede/benchmarks/report/.repo_cache/fastapi/tests/test_tutorial/test_body...
[2026-07-12 07:10:53] [PROGRESS] resolve files> Scanning /home/runner/work/Ansede/Ansede/benchmarks/report/.repo_cache/fastapi/tests/test_tutorial/test_body_nested_models...
[2026-07-12 07:10:53] [PROGRESS] resolve files> Scanning /home/runner/work/Ansede/Ansede/benchmarks/report/.repo_cache/fastapi/tests/test_tutorial/test_static_files...
[2026-07-12 07:10:53] [PROGRESS] resolve files> Scanning /home/runner/work/Ansede/Ansede/benchmarks/report/.repo_cache/fastapi/tests/test_tutorial/test_conditional_openapi...
[2026-07-12 07:10:53] [PROGRESS] resolve files> Scanning /home/runner/work/Ansede/Ansede/benchmarks/report/.repo_cache/fastapi/tests/test_tutorial/test_response_cookies...
[2026-07-12 07:10:53] [PROGRESS] resolve files> Scanning /home/runner/work/Ansede/Ansede/benchmarks/report/.repo_cache/fastapi/tests/test_tutorial/test_stream_data...
[2026-07-12 07:10:53] [PROGRESS] resolve files> Scanning /home/runner/work/Ansede/Ansede/benchmarks/report/.repo_cache/fastapi/tests/test_tutorial/test_body_multiple_params...
[2026-07-12 07:10:53] [PROGRESS] resolve files> Scanning /home/runner/work/Ansede/Ansede/benchmarks/report/.repo_cache/fastapi/tests/test_tutorial/test_background_tasks...
[2026-07-12 07:10:53] [PROGRESS] resolve files> Scanning /home/runner/work/Ansede/Ansede/benchmarks/report/.repo_cache/fastapi/tests/test_tutorial/test_request_files...
[2026-07-12 07:10:53] [PROGRESS] resolve files> Scanning /home/runner/work/Ansede/Ansede/benchmarks/report/.repo_cache/fastapi/tests/test_tutorial/test_openapi_webhooks...
[2026-07-12 07:10:53] [PROGRESS] resolve files> Scanning /home/runner/work/Ansede/Ansede/benchmarks/report/.repo_cache/fastapi/tests/test_tutorial/test_sql_databases...
[2026-07-12 07:10:53] [PROGRESS] resolve files> Scanning /home/runner/work/Ansede/Ansede/benchmarks/report/.repo_cache/fastapi/tests/test_tutorial/test_header_param_models...
[2026-07-12 07:10:53] [PROGRESS] resolve files> Scanning /home/runner/work/Ansede/Ansede/benchmarks/report/.repo_cache/fastapi/tests/test_tutorial/test_stream_json_lines...
[2026-07-12 07:10:53] [PROGRESS] resolve files> Scanning /home/runner/work/Ansede/Ansede/benchmarks/report/.repo_cache/fastapi/tests/test_tutorial/test_dependencies...
[2026-07-12 07:10:53] [PROGRESS] resolve files> Scanning /home/runner/work/Ansede/Ansede/benchmarks/report/.repo_cache/fastapi/tests/test_tutorial/test_testing...
[2026-07-12 07:10:53] [PROGRESS] resolve files> Scanning /home/runner/work/Ansede/Ansede/benchmarks/report/.repo_cache/fastapi/tests/test_tutorial/test_query_params_str_validations...
[2026-07-12 07:10:53] [PROGRESS] resolve files> Scanning /home/runner/work/Ansede/Ansede/benchmarks/report/.repo_cache/fastapi/tests/test_tutorial/test_query_params...
[2026-07-12 07:10:53] [PROGRESS] resolve files> Scanning /home/runner/work/Ansede/Ansede/benchmarks/report/.repo_cache/fastapi/tests/test_tutorial/test_debugging...
[2026-07-12 07:10:53] [PROGRESS] resolve files> Scanning /home/runner/work/Ansede/Ansede/benchmarks/report/.repo_cache/fastapi/tests/test_tutorial/test_async_tests...
[2026-07-12 07:10:53] [PROGRESS] resolve files> Scanning /home/runner/work/Ansede/Ansede/benchmarks/report/.repo_cache/fastapi/tests/test_tutorial/test_custom_docs_ui...
[2026-07-12 07:10:53] [PROGRESS] resolve files> Scanning /home/runner/work/Ansede/Ansede/benchmarks/report/.repo_cache/fastapi/tests/test_tutorial/test_cookie_params...
[2026-07-12 07:10:53] [PROGRESS] resolve files> Scanning /home/runner/work/Ansede/Ansede/benchmarks/report/.repo_cache/fastapi/tests/test_tutorial/test_additional_responses...
[2026-07-12 07:10:53] [PROGRESS] resolve files> Scanning /home/runner/work/Ansede/Ansede/benchmarks/report/.repo_cache/fastapi/tests/test_tutorial/test_path_operation_advanced_configurations...
[2026-07-12 07:10:53] [PROGRESS] resolve files> Scanning /home/runner/work/Ansede/Ansede/benchmarks/report/.repo_cache/fastapi/tests/test_tutorial/test_advanced_middleware...
[2026-07-12 07:10:53] [PROGRESS] resolve files> Scanning /home/runner/work/Ansede/Ansede/benchmarks/report/.repo_cache/fastapi/tests/test_tutorial/test_response_change_status_code...
[2026-07-12 07:10:53] [PROGRESS] resolve files> Scanning /home/runner/work/Ansede/Ansede/benchmarks/report/.repo_cache/fastapi/tests/test_tutorial/test_cookie_param_models...
[2026-07-12 07:10:53] [PROGRESS] resolve files> Scanning /home/runner/work/Ansede/Ansede/benchmarks/report/.repo_cache/fastapi/tests/test_tutorial/test_settings...
[2026-07-12 07:10:53] [PROGRESS] resolve files> Scanning /home/runner/work/Ansede/Ansede/benchmarks/report/.repo_cache/fastapi/tests/test_tutorial/test_response_model...
[2026-07-12 07:10:53] [PROGRESS] resolve files> Scanning /home/runner/work/Ansede/Ansede/benchmarks/report/.repo_cache/fastapi/tests/test_tutorial/test_request_form_models...
[2026-07-12 07:10:53] [PROGRESS] resolve files> Scanning /home/runner/work/Ansede/Ansede/benchmarks/report/.repo_cache/fastapi/tests/test_tutorial/test_separate_openapi_schemas...
[2026-07-12 07:10:53] [PROGRESS] resolve files> Scanning /home/runner/work/Ansede/Ansede/benchmarks/report/.repo_cache/fastapi/tests/test_tutorial/test_query_param_models...
[2026-07-12 07:10:53] [PROGRESS] resolve files> Scanning /home/runner/work/Ansede/Ansede/benchmarks/report/.repo_cache/fastapi/tests/test_tutorial/test_dataclasses...
[2026-07-12 07:10:53] [PROGRESS] resolve files> Scanning /home/runner/work/Ansede/Ansede/benchmarks/report/.repo_cache/fastapi/tests/test_tutorial/test_header_params...
[2026-07-12 07:10:53] [PROGRESS] resolve files> Scanning /home/runner/work/Ansede/Ansede/benchmarks/report/.repo_cache/fastapi/tests/test_tutorial/test_sub_applications...
[2026-07-12 07:10:53] [PROGRESS] resolve files> Scanning /home/runner/work/Ansede/Ansede/benchmarks/report/.repo_cache/fastapi/tests/test_tutorial/test_authentication_error_status_code...
[2026-07-12 07:10:53] [PROGRESS] resolve files> Scanning /home/runner/work/Ansede/Ansede/benchmarks/report/.repo_cache/fastapi/tests/test_tutorial/test_websockets...
[2026-07-12 07:10:53] [PROGRESS] resolve files> Scanning /home/runner/work/Ansede/Ansede/benchmarks/report/.repo_cache/fastapi/tests/test_tutorial/test_path_params_numeric_validations...
[2026-07-12 07:10:53] [PROGRESS] resolve files> Scanning /home/runner/work/Ansede/Ansede/benchmarks/report/.repo_cache/fastapi/tests/test_tutorial/test_python_types...
[2026-07-12 07:10:53] [PROGRESS] resolve files> Scanning /home/runner/work/Ansede/Ansede/benchmarks/report/.repo_cache/fastapi/tests/test_tutorial/test_schema_extra_example...
[2026-07-12 07:10:53] [PROGRESS] resolve files> Scanning /home/runner/work/Ansede/Ansede/benchmarks/report/.repo_cache/fastapi/tests/test_tutorial/test_configure_swagger_ui...
[2026-07-12 07:10:53] [PROGRESS] resolve files> Scanning /home/runner/work/Ansede/Ansede/benchmarks/report/.repo_cache/fastapi/tests/test_request_params...
[2026-07-12 07:10:53] [PROGRESS] resolve files> Scanning /home/runner/work/Ansede/Ansede/benchmarks/report/.repo_cache/fastapi/tests/test_request_params/test_cookie...
[2026-07-12 07:10:53] [PROGRESS] resolve files> Scanning /home/runner/work/Ansede/Ansede/benchmarks/report/.repo_cache/fastapi/tests/test_request_params/test_query...
[2026-07-12 07:10:53] [PROGRESS] resolve files> Scanning /home/runner/work/Ansede/Ansede/benchmarks/report/.repo_cache/fastapi/tests/test_request_params/test_path...
[2026-07-12 07:10:53] [PROGRESS] resolve files> Scanning /home/runner/work/Ansede/Ansede/benchmarks/report/.repo_cache/fastapi/tests/test_request_params/test_body...
[2026-07-12 07:10:53] [PROGRESS] resolve files> Scanning /home/runner/work/Ansede/Ansede/benchmarks/report/.repo_cache/fastapi/tests/test_request_params/test_header...
[2026-07-12 07:10:53] [PROGRESS] resolve files> Scanning /home/runner/work/Ansede/Ansede/benchmarks/report/.repo_cache/fastapi/tests/test_request_params/test_file...
[2026-07-12 07:10:53] [PROGRESS] resolve files> Scanning /home/runner/work/Ansede/Ansede/benchmarks/report/.repo_cache/fastapi/tests/test_request_params/test_form...
[2026-07-12 07:10:53] [PROGRESS] resolve files> Scanning /home/runner/work/Ansede/Ansede/benchmarks/report/.repo_cache/fastapi/tests/benchmarks...
[2026-07-12 07:10:53] [PROGRESS] resolve files> Scanning /home/runner/work/Ansede/Ansede/benchmarks/report/.repo_cache/fastapi/tests/test_validate_response_recursive...
[2026-07-12 07:10:53] [PROGRESS] resolve files> Scanning /home/runner/work/Ansede/Ansede/benchmarks/report/.repo_cache/fastapi/.github...
[2026-07-12 07:10:53] [PROGRESS] resolve files> Scanning /home/runner/work/Ansede/Ansede/benchmarks/report/.repo_cache/fastapi/.github/ISSUE_TEMPLATE...
[2026-07-12 07:10:53] [PROGRESS] resolve files> Scanning /home/runner/work/Ansede/Ansede/benchmarks/report/.repo_cache/fastapi/.github/DISCUSSION_TEMPLATE...
[2026-07-12 07:10:53] [PROGRESS] resolve files> Scanning /home/runner/work/Ansede/Ansede/benchmarks/report/.repo_cache/fastapi/.github/workflows...
[2026-07-12 07:10:53] Plumbing command codeql resolve files completed:
                      [
                        "/home/runner/work/Ansede/Ansede/benchmarks/report/.repo_cache/fastapi/.github/DISCUSSION_TEMPLATE/questions.yml",
                        "/home/runner/work/Ansede/Ansede/benchmarks/report/.repo_cache/fastapi/.github/DISCUSSION_TEMPLATE/translations.yml",
                        "/home/runner/work/Ansede/Ansede/benchmarks/report/.repo_cache/fastapi/.github/ISSUE_TEMPLATE/config.yml",
                        "/home/runner/work/Ansede/Ansede/benchmarks/report/.repo_cache/fastapi/.github/ISSUE_TEMPLATE/privileged.yml",
                        "/home/runner/work/Ansede/Ansede/benchmarks/report/.repo_cache/fastapi/.github/dependabot.yml",
                        "/home/runner/work/Ansede/Ansede/benchmarks/report/.repo_cache/fastapi/.github/labeler.yml",
                        "/home/runner/work/Ansede/Ansede/benchmarks/report/.repo_cache/fastapi/.github/workflows/add-to-project.yml",
                        "/home/runner/work/Ansede/Ansede/benchmarks/report/.repo_cache/fastapi/.github/workflows/build-docs.yml",
                        "/home/runner/work/Ansede/Ansede/benchmarks/report/.repo_cache/fastapi/.github/workflows/contributors.yml",
                        "/home/runner/work/Ansede/Ansede/benchmarks/report/.repo_cache/fastapi/.github/workflows/create-draft-release.yml",
                        "/home/runner/work/Ansede/Ansede/benchmarks/report/.repo_cache/fastapi/.github/workflows/deploy-docs.yml",
                        "/home/runner/work/Ansede/Ansede/benchmarks/report/.repo_cache/fastapi/.github/workflows/detect-conflicts.yml",
                        "/home/runner/work/Ansede/Ansede/benchmarks/report/.repo_cache/fastapi/.github/workflows/guard-dependencies.yml",
                        "/home/runner/work/Ansede/Ansede/benchmarks/report/.repo_cache/fastapi/.github/workflows/issue-manager.yml",
                        "/home/runner/work/Ansede/Ansede/benchmarks/report/.repo_cache/fastapi/.github/workflows/label-approved.yml",
                        "/home/runner/work/Ansede/Ansede/benchmarks/report/.repo_cache/fastapi/.github/workflows/labeler.yml",
                        "/home/runner/work/Ansede/Ansede/benchmarks/report/.repo_cache/fastapi/.github/workflows/latest-changes.yml",
                        "/home/runner/work/Ansede/Ansede/benchmarks/report/.repo_cache/fastapi/.github/workflows/notify-translations.yml",
                        "/home/runner/work/Ansede/Ansede/benchmarks/report/.repo_cache/fastapi/.github/workflows/people.yml",
                        "/home/runner/work/Ansede/Ansede/benchmarks/report/.repo_cache/fastapi/.github/workflows/pre-commit.yml",
                        "/home/runner/work/Ansede/Ansede/benchmarks/report/.repo_cache/fastapi/.github/workflows/prepare-release.yml",
                        "/home/runner/work/Ansede/Ansede/benchmarks/report/.repo_cache/fastapi/.github/workflows/publish.yml",
                        "/home/runner/work/Ansede/Ansede/benchmarks/report/.repo_cache/fastapi/.github/workflows/smokeshow.yml",
                        "/home/runner/work/Ansede/Ansede/benchmarks/report/.repo_cache/fastapi/.github/workflows/sponsors.yml",
                        "/home/runner/work/Ansede/Ansede/benchmarks/report/.repo_cache/fastapi/.github/workflows/test-redistribute.yml",
                        "/home/runner/work/Ansede/Ansede/benchmarks/report/.repo_cache/fastapi/.github/workflows/test.yml",
                        "/home/runner/work/Ansede/Ansede/benchmarks/report/.repo_cache/fastapi/.github/workflows/topic-repos.yml",
                        "/home/runner/work/Ansede/Ansede/benchmarks/report/.repo_cache/fastapi/.github/workflows/translate.yml",
                        "/home/runner/work/Ansede/Ansede/benchmarks/report/.repo_cache/fastapi/.github/workflows/zizmor.yml",
                        "/home/runner/work/Ansede/Ansede/benchmarks/report/.repo_cache/fastapi/.pre-commit-config.yaml",
                        "/home/runner/work/Ansede/Ansede/benchmarks/report/.repo_cache/fastapi/docs/en/data/contributors.yml",
                        "/home/runner/work/Ansede/Ansede/benchmarks/report/.repo_cache/fastapi/docs/en/data/github_sponsors.yml",
                        "/home/runner/work/Ansede/Ansede/benchmarks/report/.repo_cache/fastapi/docs/en/data/members.yml",
                        "/home/runner/work/Ansede/Ansede/benchmarks/report/.repo_cache/fastapi/docs/en/data/people.yml",
                        "/home/runner/work/Ansede/Ansede/benchmarks/report/.repo_cache/fastapi/docs/en/data/skip_users.yml",
                        "/home/runner/work/Ansede/Ansede/benchmarks/report/.repo_cache/fastapi/docs/en/data/sponsors.yml",
                        "/home/runner/work/Ansede/Ansede/benchmarks/report/.repo_cache/fastapi/docs/en/data/sponsors_badge.yml",
                        "/home/runner/work/Ansede/Ansede/benchmarks/report/.repo_cache/fastapi/docs/en/data/topic_repos.yml",
                        "/home/runner/work/Ansede/Ansede/benchmarks/report/.repo_cache/fastapi/docs/en/data/translation_reviewers.yml",
                        "/home/runner/work/Ansede/Ansede/benchmarks/report/.repo_cache/fastapi/docs/en/data/translators.yml",
                        "/home/runner/work/Ansede/Ansede/benchmarks/report/.repo_cache/fastapi/docs/en/mkdocs.yml",
                        "/home/runner/work/Ansede/Ansede/benchmarks/report/.repo_cache/fastapi/docs/hi/mkdocs.yml",
                        "/home/runner/work/Ansede/Ansede/benchmarks/report/.repo_cache/fastapi/docs/language_names.yml"
                      ]
[2026-07-12 07:10:53] [DETAILS] database index-files> Found 43 files.
[2026-07-12 07:10:53] [PROGRESS] database index-files> /home/runner/work/Ansede/Ansede/benchmarks/report/.codeql_dbs/fastapi: Indexing files in in /home/runner/work/Ansede/Ansede/benchmarks/report/.repo_cache/fastapi...
[2026-07-12 07:10:53] Using index-files script /home/runner/work/Ansede/Ansede/codeql/yaml/tools/index-files.sh.
[2026-07-12 07:10:53] [PROGRESS] database index-files> Running command in /home/runner/work/Ansede/Ansede/benchmarks/report/.repo_cache/fastapi: [/home/runner/work/Ansede/Ansede/codeql/yaml/tools/index-files.sh, /home/runner/work/Ansede/Ansede/benchmarks/report/.codeql_dbs/fastapi/working/files-to-index286063454739365973.list]
[2026-07-12 07:10:54] Terminating normally.
