[T 07:44:19 8758] CodeQL CLI version 2.26.0
[T 07:44:19 8758] Initializing tracer.
[T 07:44:19 8758] Initializing tags.
[T 07:44:19 8758] ID set to 0000000000002236_0000000000000001 (parent root)
[T 07:44:19 8758] Initializing tracer.
[T 07:44:19 8758] Initializing tags.
[T 07:44:19 8758] ID set to 0000000000002236_0000000000000002 (parent root)
[T 07:44:19 8758] Warning: SEMMLE_EXEC and SEMMLE_EXECP not set. Falling back to path lookup on argv[0].
[T 07:44:19 8758] ==== Candidate to intercept: /home/runner/work/Ansede/Ansede/codeql/tools/linux64/runner-linux (canonical: /home/runner/work/Ansede/Ansede/codeql/tools/linux64/runner-linux) ====
[T 07:44:19 8758] Lua: === Intercepted call to /home/runner/work/Ansede/Ansede/codeql/tools/linux64/runner-linux ===
[T 07:44:19 8758] Executing the following tracer actions:
[T 07:44:19 8758] Tracer actions:
[T 07:44:19 8758] pre_invocations(0)
[T 07:44:19 8758] post_invocations(0)
[T 07:44:19 8758] trace_languages(1): [java]
[T 07:44:19 8758] Initializing tracer.
[T 07:44:19 8758] Initializing tags.
[T 07:44:19 8758] ID set to 0000000000002236_0000000000000003 (parent 0000000000002236_0000000000000002)
[T 07:44:19 8758] ==== Candidate to intercept: /home/runner/work/Ansede/Ansede/codeql/java/tools/autobuild.sh (canonical: /home/runner/work/Ansede/Ansede/codeql/java/tools/autobuild.sh) ====
[T 07:44:19 8758] Lua: === Intercepted call to /home/runner/work/Ansede/Ansede/codeql/java/tools/autobuild.sh ===
[T 07:44:19 8758] Executing the following tracer actions:
[T 07:44:19 8758] Tracer actions:
[T 07:44:19 8758] pre_invocations(0)
[T 07:44:19 8758] post_invocations(0)
[T 07:44:19 8758] trace_languages(1): [java]
[T 07:44:19 8761] Initializing tracer.
[T 07:44:19 8761] Initializing tags.
[T 07:44:19 8761] ID set to 0000000000002239_0000000000000001 (parent 0000000000002236_0000000000000003)
[T 07:44:19 8761] ==== Candidate to intercept: /home/runner/work/Ansede/Ansede/codeql/tools/linux64/java/bin/java (canonical: /home/runner/work/Ansede/Ansede/codeql/tools/linux64/java/bin/java) ====
[T 07:44:19 8761] Lua: === Intercepted call to /home/runner/work/Ansede/Ansede/codeql/tools/linux64/java/bin/java ===
[T 07:44:19 8761] Executing the following tracer actions:
[T 07:44:19 8761] Tracer actions:
[T 07:44:19 8761] pre_invocations(0)
[T 07:44:19 8761] post_invocations(0)
[T 07:44:19 8761] trace_languages(1): [java]
[T 07:44:19 8761] Passing through -javaagent:/home/runner/work/Ansede/Ansede/codeql/java/tools/codeql-java-agent.jar=ignore-project,java,kotlin to underlying JVM.
[T 07:44:19 8761] Passing through -Xbootclasspath/a:/home/runner/work/Ansede/Ansede/codeql/java/tools/codeql-java-agent.jar to underlying JVM.
[T 07:44:19 8761] Intercepted JVM creation with extra hidden args: ['-javaagent:/home/runner/work/Ansede/Ansede/codeql/java/tools/codeql-java-agent.jar=ignore-project,java,kotlin' '-Xbootclasspath/a:/home/runner/work/Ansede/Ansede/codeql/java/tools/codeql-java-agent.jar' ] (result: 1, 0).
[T 07:44:20 8784] Initializing tracer.
[T 07:44:20 8784] Initializing tags.
[T 07:44:20 8784] ID set to 0000000000002250_0000000000000001 (parent 0000000000002239_0000000000000001)
[T 07:44:20 8784] ==== Candidate to intercept: /home/runner/work/Ansede/Ansede/codeql/tools/linux64/java/lib/jspawnhelper (canonical: /home/runner/work/Ansede/Ansede/codeql/tools/linux64/java/lib/jspawnhelper) ====
[T 07:44:20 8784] Lua: === Intercepted call to /home/runner/work/Ansede/Ansede/codeql/tools/linux64/java/lib/jspawnhelper ===
[T 07:44:20 8784] Executing the following tracer actions:
[T 07:44:20 8784] Tracer actions:
[T 07:44:20 8784] pre_invocations(0)
[T 07:44:20 8784] post_invocations(0)
[T 07:44:20 8784] trace_languages(1): [java]
[T 07:44:20 8784]   Failed to read header: Is a directory
[T 07:44:20 8784] Initializing tracer.
[T 07:44:20 8784] Initializing tags.
[T 07:44:20 8784] ID set to 0000000000002250_0000000000000002 (parent 0000000000002250_0000000000000001)
[T 07:44:20 8784] ==== Candidate to intercept: /usr/bin/java (canonical: /usr/lib/jvm/temurin-17-jdk-amd64/bin/java) ====
[T 07:44:20 8784] Lua: === Intercepted call to /usr/lib/jvm/temurin-17-jdk-amd64/bin/java ===
[T 07:44:20 8784] Executing the following tracer actions:
[T 07:44:20 8784] Tracer actions:
[T 07:44:20 8784] pre_invocations(0)
[T 07:44:20 8784] post_invocations(0)
[T 07:44:20 8784] trace_languages(1): [java]
[T 07:44:20 8784] Passing through -javaagent:/home/runner/work/Ansede/Ansede/codeql/java/tools/codeql-java-agent.jar=ignore-project,java,kotlin to underlying JVM.
[T 07:44:20 8784] Passing through -Xbootclasspath/a:/home/runner/work/Ansede/Ansede/codeql/java/tools/codeql-java-agent.jar to underlying JVM.
[T 07:44:22 8784] Intercepted JVM creation with extra hidden args: ['-javaagent:/home/runner/work/Ansede/Ansede/codeql/java/tools/codeql-java-agent.jar=ignore-project,java,kotlin' '-Xbootclasspath/a:/home/runner/work/Ansede/Ansede/codeql/java/tools/codeql-java-agent.jar' ] (result: 1, 0).
[T 07:44:22 8808] Initializing tracer.
[T 07:44:22 8808] Initializing tags.
[T 07:44:22 8808] ID set to 0000000000002268_0000000000000001 (parent 0000000000002239_0000000000000001)
[T 07:44:22 8808] ==== Candidate to intercept: /home/runner/work/Ansede/Ansede/codeql/tools/linux64/java/lib/jspawnhelper (canonical: /home/runner/work/Ansede/Ansede/codeql/tools/linux64/java/lib/jspawnhelper) ====
[T 07:44:22 8808] Lua: === Intercepted call to /home/runner/work/Ansede/Ansede/codeql/tools/linux64/java/lib/jspawnhelper ===
[T 07:44:22 8808] Executing the following tracer actions:
[T 07:44:22 8808] Tracer actions:
[T 07:44:22 8808] pre_invocations(0)
[T 07:44:22 8808] post_invocations(0)
[T 07:44:22 8808] trace_languages(1): [java]
[T 07:44:22 8808] Initializing tracer.
[T 07:44:22 8808] Initializing tags.
[T 07:44:22 8808] ID set to 0000000000002268_0000000000000002 (parent 0000000000002268_0000000000000001)
[T 07:44:22 8808] ==== Candidate to intercept: ./gradlew (canonical: /home/runner/work/Ansede/Ansede/benchmarks/report/.repo_cache/spring-petclinic/gradlew) ====
[T 07:44:22 8808] Lua: === Intercepted call to /home/runner/work/Ansede/Ansede/benchmarks/report/.repo_cache/spring-petclinic/gradlew ===
[T 07:44:22 8808] Executing the following tracer actions:
[T 07:44:22 8808] Tracer actions:
[T 07:44:22 8808] pre_invocations(0)
[T 07:44:22 8808] post_invocations(0)
[T 07:44:22 8808] trace_languages(1): [java]
[T 07:44:22 8812] Initializing tracer.
[T 07:44:22 8812] Initializing tags.
[T 07:44:22 8812] ID set to 000000000000226C_0000000000000001 (parent 0000000000002268_0000000000000002)
[T 07:44:22 8812] ==== Candidate to intercept: /usr/bin/uname (canonical: /usr/bin/uname) ====
[T 07:44:22 8812] Lua: === Intercepted call to /usr/bin/uname ===
[T 07:44:22 8812] Executing the following tracer actions:
[T 07:44:22 8812] Tracer actions:
[T 07:44:22 8812] pre_invocations(0)
[T 07:44:22 8812] post_invocations(0)
[T 07:44:22 8812] trace_languages(1): [java]
[T 07:44:22 8818] Initializing tracer.
[T 07:44:22 8818] Initializing tags.
[T 07:44:22 8817] Initializing tracer.
[T 07:44:22 8817] Initializing tags.
[T 07:44:22 8818] ID set to 0000000000002272_0000000000000001 (parent 0000000000002268_0000000000000002)
[T 07:44:22 8818] ==== Candidate to intercept: /usr/bin/tr (canonical: /usr/bin/tr) ====
[T 07:44:22 8816] Initializing tracer.
[T 07:44:22 8816] Initializing tags.
[T 07:44:22 8817] ID set to 0000000000002271_0000000000000001 (parent 0000000000002268_0000000000000002)
[T 07:44:22 8817] ==== Candidate to intercept: /usr/bin/sed (canonical: /usr/bin/sed) ====
[T 07:44:22 8816] ID set to 0000000000002270_0000000000000001 (parent 0000000000002268_0000000000000002)
[T 07:44:22 8816] ==== Candidate to intercept: /usr/bin/xargs (canonical: /usr/bin/xargs) ====
[T 07:44:22 8817] Lua: === Intercepted call to /usr/bin/sed ===
[T 07:44:22 8818] Lua: === Intercepted call to /usr/bin/tr ===
[T 07:44:22 8817] Executing the following tracer actions:
[T 07:44:22 8817] Tracer actions:
[T 07:44:22 8817] pre_invocations(0)
[T 07:44:22 8817] post_invocations(0)
[T 07:44:22 8817] trace_languages(1): [java]
[T 07:44:22 8818] Executing the following tracer actions:
[T 07:44:22 8818] Tracer actions:
[T 07:44:22 8818] pre_invocations(0)
[T 07:44:22 8818] post_invocations(0)
[T 07:44:22 8818] trace_languages(1): [java]
[T 07:44:22 8816] Lua: === Intercepted call to /usr/bin/xargs ===
[T 07:44:22 8816] Executing the following tracer actions:
[T 07:44:22 8816] Tracer actions:
[T 07:44:22 8816] pre_invocations(0)
[T 07:44:22 8816] post_invocations(0)
[T 07:44:22 8816] trace_languages(1): [java]
[T 07:44:22 8819] Initializing tracer.
[T 07:44:22 8819] Initializing tags.
[T 07:44:22 8819] ID set to 0000000000002273_0000000000000001 (parent 0000000000002270_0000000000000001)
[T 07:44:22 8819] ==== Candidate to intercept: echo (canonical: /usr/bin/echo) ====
[T 07:44:22 8819] Lua: === Intercepted call to /usr/bin/echo ===
[T 07:44:22 8819] Executing the following tracer actions:
[T 07:44:22 8819] Tracer actions:
[T 07:44:22 8819] pre_invocations(0)
[T 07:44:22 8819] post_invocations(0)
[T 07:44:22 8819] trace_languages(1): [java]
[T 07:44:22 8820] Initializing tracer.
[T 07:44:22 8820] Initializing tags.
[T 07:44:22 8820] ID set to 0000000000002274_0000000000000001 (parent 0000000000002270_0000000000000001)
[T 07:44:22 8820] ==== Candidate to intercept: echo (canonical: /usr/bin/echo) ====
[T 07:44:22 8820] Lua: === Intercepted call to /usr/bin/echo ===
[T 07:44:22 8820] Executing the following tracer actions:
[T 07:44:22 8820] Tracer actions:
[T 07:44:22 8820] pre_invocations(0)
[T 07:44:22 8820] post_invocations(0)
[T 07:44:22 8820] trace_languages(1): [java]
[T 07:44:22 8808] Initializing tracer.
[T 07:44:22 8808] Initializing tags.
[T 07:44:22 8808] ID set to 0000000000002268_0000000000000003 (parent 0000000000002268_0000000000000002)
[T 07:44:22 8808] ==== Candidate to intercept: /usr/lib/jvm/temurin-17-jdk-amd64/bin/java (canonical: /usr/lib/jvm/temurin-17-jdk-amd64/bin/java) ====
[T 07:44:22 8808] Lua: === Intercepted call to /usr/lib/jvm/temurin-17-jdk-amd64/bin/java ===
[T 07:44:22 8808] Executing the following tracer actions:
[T 07:44:22 8808] Tracer actions:
[T 07:44:22 8808] pre_invocations(0)
[T 07:44:22 8808] post_invocations(0)
[T 07:44:22 8808] trace_languages(1): [java]
[T 07:44:22 8808] Passing through -javaagent:/home/runner/work/Ansede/Ansede/codeql/java/tools/codeql-java-agent.jar=ignore-project,java,kotlin to underlying JVM.
[T 07:44:22 8808] Passing through -Xbootclasspath/a:/home/runner/work/Ansede/Ansede/codeql/java/tools/codeql-java-agent.jar to underlying JVM.
[T 07:44:22 8808] Intercepted JVM creation with extra hidden args: ['-javaagent:/home/runner/work/Ansede/Ansede/codeql/java/tools/codeql-java-agent.jar=ignore-project,java,kotlin' '-Xbootclasspath/a:/home/runner/work/Ansede/Ansede/codeql/java/tools/codeql-java-agent.jar' ] (result: 1, 0).
[T 07:44:26 8851] Initializing tracer.
[T 07:44:26 8851] Initializing tags.
[T 07:44:26 8851] ID set to 0000000000002293_0000000000000001 (parent 0000000000002268_0000000000000003)
[T 07:44:26 8851] ==== Candidate to intercept: /usr/lib/jvm/temurin-17-jdk-amd64/lib/jspawnhelper (canonical: /usr/lib/jvm/temurin-17-jdk-amd64/lib/jspawnhelper) ====
[T 07:44:26 8851] Lua: === Intercepted call to /usr/lib/jvm/temurin-17-jdk-amd64/lib/jspawnhelper ===
[T 07:44:26 8851] Executing the following tracer actions:
[T 07:44:26 8851] Tracer actions:
[T 07:44:26 8851] pre_invocations(0)
[T 07:44:26 8851] post_invocations(0)
[T 07:44:26 8851] trace_languages(1): [java]
[T 07:44:26 8851] Initializing tracer.
[T 07:44:26 8851] Initializing tags.
[T 07:44:26 8851] ID set to 0000000000002293_0000000000000002 (parent 0000000000002293_0000000000000001)
[T 07:44:26 8851] ==== Candidate to intercept: chmod (canonical: /usr/bin/chmod) ====
[T 07:44:26 8851] Lua: === Intercepted call to /usr/bin/chmod ===
[T 07:44:26 8851] Executing the following tracer actions:
[T 07:44:26 8851] Tracer actions:
[T 07:44:26 8851] pre_invocations(0)
[T 07:44:26 8851] post_invocations(0)
[T 07:44:26 8851] trace_languages(1): [java]
[T 07:44:27 8855] Initializing tracer.
[T 07:44:27 8855] Initializing tags.
[T 07:44:27 8855] ID set to 0000000000002297_0000000000000001 (parent 0000000000002268_0000000000000003)
[T 07:44:27 8855] ==== Candidate to intercept: /usr/lib/jvm/temurin-17-jdk-amd64/lib/jspawnhelper (canonical: /usr/lib/jvm/temurin-17-jdk-amd64/lib/jspawnhelper) ====
[T 07:44:27 8855] Lua: === Intercepted call to /usr/lib/jvm/temurin-17-jdk-amd64/lib/jspawnhelper ===
[T 07:44:27 8855] Executing the following tracer actions:
[T 07:44:27 8855] Tracer actions:
[T 07:44:27 8855] pre_invocations(0)
[T 07:44:27 8855] post_invocations(0)
[T 07:44:27 8855] trace_languages(1): [java]
[T 07:44:27 8855] Initializing tracer.
[T 07:44:27 8855] Initializing tags.
[T 07:44:27 8855] ID set to 0000000000002297_0000000000000002 (parent 0000000000002297_0000000000000001)
[T 07:44:27 8855] ==== Candidate to intercept: /usr/lib/jvm/temurin-17-jdk-amd64/bin/java (canonical: /usr/lib/jvm/temurin-17-jdk-amd64/bin/java) ====
[T 07:44:27 8855] Lua: === Intercepted call to /usr/lib/jvm/temurin-17-jdk-amd64/bin/java ===
[T 07:44:27 8855] Executing the following tracer actions:
[T 07:44:27 8855] Tracer actions:
[T 07:44:27 8855] pre_invocations(0)
[T 07:44:27 8855] post_invocations(0)
[T 07:44:27 8855] trace_languages(1): [java]
[T 07:44:27 8855] Passing through -javaagent:/home/runner/work/Ansede/Ansede/codeql/java/tools/codeql-java-agent.jar=ignore-project,java,kotlin to underlying JVM.
[T 07:44:27 8855] Passing through -Xbootclasspath/a:/home/runner/work/Ansede/Ansede/codeql/java/tools/codeql-java-agent.jar to underlying JVM.
[T 07:44:27 8855] Intercepted JVM creation with extra hidden args: ['-javaagent:/home/runner/work/Ansede/Ansede/codeql/java/tools/codeql-java-agent.jar=ignore-project,java,kotlin' '-Xbootclasspath/a:/home/runner/work/Ansede/Ansede/codeql/java/tools/codeql-java-agent.jar' ] (result: 1, 0).
[T 07:44:49 8987] Initializing tracer.
[T 07:44:49 8987] Initializing tags.
[T 07:44:49 8987] ID set to 000000000000231B_0000000000000001 (parent 0000000000002297_0000000000000002)
[T 07:44:49 8987] ==== Candidate to intercept: /usr/lib/jvm/temurin-17-jdk-amd64/lib/jspawnhelper (canonical: /usr/lib/jvm/temurin-17-jdk-amd64/lib/jspawnhelper) ====
[T 07:44:49 8987] Lua: === Intercepted call to /usr/lib/jvm/temurin-17-jdk-amd64/lib/jspawnhelper ===
[T 07:44:49 8987] Executing the following tracer actions:
[T 07:44:49 8987] Tracer actions:
[T 07:44:49 8987] pre_invocations(0)
[T 07:44:49 8987] post_invocations(0)
[T 07:44:49 8987] trace_languages(1): [java]
[T 07:44:49 8987] Initializing tracer.
[T 07:44:49 8987] Initializing tags.
[T 07:44:49 8987] ID set to 000000000000231B_0000000000000002 (parent 000000000000231B_0000000000000001)
[T 07:44:49 8987] ==== Candidate to intercept: /usr/lib/jvm/temurin-8-jdk-amd64/bin/java (canonical: /usr/lib/jvm/temurin-8-jdk-amd64/bin/java) ====
[T 07:44:49 8987] Lua: === Intercepted call to /usr/lib/jvm/temurin-8-jdk-amd64/bin/java ===
[T 07:44:49 8987] Executing the following tracer actions:
[T 07:44:49 8987] Tracer actions:
[T 07:44:49 8987] pre_invocations(0)
[T 07:44:49 8987] post_invocations(0)
[T 07:44:49 8987] trace_languages(1): [java]
[T 07:44:50 8987] Passing through -javaagent:/home/runner/work/Ansede/Ansede/codeql/java/tools/codeql-java-agent.jar=ignore-project,java,kotlin to underlying JVM.
[T 07:44:50 8987] Passing through -Xbootclasspath/a:/home/runner/work/Ansede/Ansede/codeql/java/tools/codeql-java-agent.jar to underlying JVM.
[T 07:44:52 8987] Intercepted JVM creation with extra hidden args: ['-javaagent:/home/runner/work/Ansede/Ansede/codeql/java/tools/codeql-java-agent.jar=ignore-project,java,kotlin' '-Xbootclasspath/a:/home/runner/work/Ansede/Ansede/codeql/java/tools/codeql-java-agent.jar' ] (result: 1, 0).
[T 07:44:52 9005] Initializing tracer.
[T 07:44:52 9005] Initializing tags.
[T 07:44:52 9005] ID set to 000000000000232D_0000000000000001 (parent 0000000000002297_0000000000000002)
[T 07:44:52 9005] ==== Candidate to intercept: /usr/lib/jvm/temurin-17-jdk-amd64/lib/jspawnhelper (canonical: /usr/lib/jvm/temurin-17-jdk-amd64/lib/jspawnhelper) ====
[T 07:44:52 9005] Lua: === Intercepted call to /usr/lib/jvm/temurin-17-jdk-amd64/lib/jspawnhelper ===
[T 07:44:52 9005] Executing the following tracer actions:
[T 07:44:52 9005] Tracer actions:
[T 07:44:52 9005] pre_invocations(0)
[T 07:44:52 9005] post_invocations(0)
[T 07:44:52 9005] trace_languages(1): [java]
[T 07:44:52 9005] Initializing tracer.
[T 07:44:52 9005] Initializing tags.
[T 07:44:52 9005] ID set to 000000000000232D_0000000000000002 (parent 000000000000232D_0000000000000001)
[T 07:44:52 9005] ==== Candidate to intercept: /usr/lib/jvm/temurin-21-jdk-amd64/bin/java (canonical: /usr/lib/jvm/temurin-21-jdk-amd64/bin/java) ====
[T 07:44:52 9005] Lua: === Intercepted call to /usr/lib/jvm/temurin-21-jdk-amd64/bin/java ===
[T 07:44:52 9005] Executing the following tracer actions:
[T 07:44:52 9005] Tracer actions:
[T 07:44:52 9005] pre_invocations(0)
[T 07:44:52 9005] post_invocations(0)
[T 07:44:52 9005] trace_languages(1): [java]
[T 07:44:52 9005] Passing through -javaagent:/home/runner/work/Ansede/Ansede/codeql/java/tools/codeql-java-agent.jar=ignore-project,java,kotlin to underlying JVM.
[T 07:44:52 9005] Passing through -Xbootclasspath/a:/home/runner/work/Ansede/Ansede/codeql/java/tools/codeql-java-agent.jar to underlying JVM.
[T 07:44:54 9005] Intercepted JVM creation with extra hidden args: ['-javaagent:/home/runner/work/Ansede/Ansede/codeql/java/tools/codeql-java-agent.jar=ignore-project,java,kotlin' '-Xbootclasspath/a:/home/runner/work/Ansede/Ansede/codeql/java/tools/codeql-java-agent.jar' ] (result: 1, 0).
[T 07:44:54 9024] Initializing tracer.
[T 07:44:54 9024] Initializing tags.
[T 07:44:54 9024] ID set to 0000000000002340_0000000000000001 (parent 0000000000002297_0000000000000002)
[T 07:44:54 9024] ==== Candidate to intercept: /usr/lib/jvm/temurin-17-jdk-amd64/lib/jspawnhelper (canonical: /usr/lib/jvm/temurin-17-jdk-amd64/lib/jspawnhelper) ====
[T 07:44:54 9024] Lua: === Intercepted call to /usr/lib/jvm/temurin-17-jdk-amd64/lib/jspawnhelper ===
[T 07:44:54 9024] Executing the following tracer actions:
[T 07:44:54 9024] Tracer actions:
[T 07:44:54 9024] pre_invocations(0)
[T 07:44:54 9024] post_invocations(0)
[T 07:44:54 9024] trace_languages(1): [java]
[T 07:44:54 9024] Initializing tracer.
[T 07:44:54 9024] Initializing tags.
[T 07:44:54 9024] ID set to 0000000000002340_0000000000000002 (parent 0000000000002340_0000000000000001)
[T 07:44:54 9024] ==== Candidate to intercept: /usr/lib/jvm/temurin-25-jdk-amd64/bin/java (canonical: /usr/lib/jvm/temurin-25-jdk-amd64/bin/java) ====
[T 07:44:54 9024] Lua: === Intercepted call to /usr/lib/jvm/temurin-25-jdk-amd64/bin/java ===
[T 07:44:54 9024] Executing the following tracer actions:
[T 07:44:54 9024] Tracer actions:
[T 07:44:54 9024] pre_invocations(0)
[T 07:44:54 9024] post_invocations(0)
[T 07:44:54 9024] trace_languages(1): [java]
[T 07:44:54 9024] Passing through -javaagent:/home/runner/work/Ansede/Ansede/codeql/java/tools/codeql-java-agent.jar=ignore-project,java,kotlin to underlying JVM.
[T 07:44:54 9024] Passing through -Xbootclasspath/a:/home/runner/work/Ansede/Ansede/codeql/java/tools/codeql-java-agent.jar to underlying JVM.
[T 07:44:56 9024] Intercepted JVM creation with extra hidden args: ['-javaagent:/home/runner/work/Ansede/Ansede/codeql/java/tools/codeql-java-agent.jar=ignore-project,java,kotlin' '-Xbootclasspath/a:/home/runner/work/Ansede/Ansede/codeql/java/tools/codeql-java-agent.jar' ] (result: 1, 0).
[T 07:44:57 9044] Initializing tracer.
[T 07:44:57 9044] Initializing tags.
[T 07:44:57 9044] ID set to 0000000000002354_0000000000000001 (parent 0000000000002297_0000000000000002)
[T 07:44:57 9044] ==== Candidate to intercept: /usr/lib/jvm/temurin-17-jdk-amd64/lib/jspawnhelper (canonical: /usr/lib/jvm/temurin-17-jdk-amd64/lib/jspawnhelper) ====
[T 07:44:57 9044] Lua: === Intercepted call to /usr/lib/jvm/temurin-17-jdk-amd64/lib/jspawnhelper ===
[T 07:44:57 9044] Executing the following tracer actions:
[T 07:44:57 9044] Tracer actions:
[T 07:44:57 9044] pre_invocations(0)
[T 07:44:57 9044] post_invocations(0)
[T 07:44:57 9044] trace_languages(1): [java]
[T 07:44:57 9044] Initializing tracer.
[T 07:44:57 9044] Initializing tags.
[T 07:44:57 9044] ID set to 0000000000002354_0000000000000002 (parent 0000000000002354_0000000000000001)
[T 07:44:57 9044] ==== Candidate to intercept: /usr/lib/jvm/temurin-11-jdk-amd64/bin/java (canonical: /usr/lib/jvm/temurin-11-jdk-amd64/bin/java) ====
[T 07:44:57 9044] Lua: === Intercepted call to /usr/lib/jvm/temurin-11-jdk-amd64/bin/java ===
[T 07:44:57 9044] Executing the following tracer actions:
[T 07:44:57 9044] Tracer actions:
[T 07:44:57 9044] pre_invocations(0)
[T 07:44:57 9044] post_invocations(0)
[T 07:44:57 9044] trace_languages(1): [java]
[T 07:44:57 9044] Passing through -javaagent:/home/runner/work/Ansede/Ansede/codeql/java/tools/codeql-java-agent.jar=ignore-project,java,kotlin to underlying JVM.
[T 07:44:57 9044] Passing through -Xbootclasspath/a:/home/runner/work/Ansede/Ansede/codeql/java/tools/codeql-java-agent.jar to underlying JVM.
[T 07:44:59 9044] Intercepted JVM creation with extra hidden args: ['-javaagent:/home/runner/work/Ansede/Ansede/codeql/java/tools/codeql-java-agent.jar=ignore-project,java,kotlin' '-Xbootclasspath/a:/home/runner/work/Ansede/Ansede/codeql/java/tools/codeql-java-agent.jar' ] (result: 1, 0).
[T 07:44:59 9072] Initializing tracer.
[T 07:44:59 9072] Initializing tags.
[T 07:44:59 9072] ID set to 0000000000002370_0000000000000001 (parent 0000000000002239_0000000000000001)
[T 07:44:59 9072] ==== Candidate to intercept: /home/runner/work/Ansede/Ansede/codeql/tools/linux64/java/lib/jspawnhelper (canonical: /home/runner/work/Ansede/Ansede/codeql/tools/linux64/java/lib/jspawnhelper) ====
[T 07:44:59 9072] Lua: === Intercepted call to /home/runner/work/Ansede/Ansede/codeql/tools/linux64/java/lib/jspawnhelper ===
[T 07:44:59 9072] Executing the following tracer actions:
[T 07:44:59 9072] Tracer actions:
[T 07:44:59 9072] pre_invocations(0)
[T 07:44:59 9072] post_invocations(0)
[T 07:44:59 9072] trace_languages(1): [java]
[T 07:44:59 9072] Initializing tracer.
[T 07:44:59 9072] Initializing tags.
[T 07:44:59 9072] ID set to 0000000000002370_0000000000000002 (parent 0000000000002370_0000000000000001)
[T 07:44:59 9072] ==== Candidate to intercept: ./gradlew (canonical: /home/runner/work/Ansede/Ansede/benchmarks/report/.repo_cache/spring-petclinic/gradlew) ====
[T 07:44:59 9072] Lua: === Intercepted call to /home/runner/work/Ansede/Ansede/benchmarks/report/.repo_cache/spring-petclinic/gradlew ===
[T 07:44:59 9072] Executing the following tracer actions:
[T 07:44:59 9072] Tracer actions:
[T 07:44:59 9072] pre_invocations(0)
[T 07:44:59 9072] post_invocations(0)
[T 07:44:59 9072] trace_languages(1): [java]
[T 07:44:59 9076] Initializing tracer.
[T 07:44:59 9076] Initializing tags.
[T 07:44:59 9076] ID set to 0000000000002374_0000000000000001 (parent 0000000000002370_0000000000000002)
[T 07:44:59 9076] ==== Candidate to intercept: /usr/bin/uname (canonical: /usr/bin/uname) ====
[T 07:44:59 9076] Lua: === Intercepted call to /usr/bin/uname ===
[T 07:44:59 9076] Executing the following tracer actions:
[T 07:44:59 9076] Tracer actions:
[T 07:44:59 9076] pre_invocations(0)
[T 07:44:59 9076] post_invocations(0)
[T 07:44:59 9076] trace_languages(1): [java]
[T 07:44:59 9080] Initializing tracer.
[T 07:44:59 9080] Initializing tags.
[T 07:44:59 9080] ID set to 0000000000002378_0000000000000001 (parent 0000000000002370_0000000000000002)
[T 07:44:59 9080] ==== Candidate to intercept: /usr/bin/xargs (canonical: /usr/bin/xargs) ====
[T 07:44:59 9082] Initializing tracer.
[T 07:44:59 9082] Initializing tags.
[T 07:44:59 9082] ID set to 000000000000237A_0000000000000001 (parent 0000000000002370_0000000000000002)
[T 07:44:59 9081] Initializing tracer.
[T 07:44:59 9081] Initializing tags.
[T 07:44:59 9082] ==== Candidate to intercept: /usr/bin/tr (canonical: /usr/bin/tr) ====
[T 07:44:59 9081] ID set to 0000000000002379_0000000000000001 (parent 0000000000002370_0000000000000002)
[T 07:44:59 9081] ==== Candidate to intercept: /usr/bin/sed (canonical: /usr/bin/sed) ====
[T 07:44:59 9080] Lua: === Intercepted call to /usr/bin/xargs ===
[T 07:44:59 9080] Executing the following tracer actions:
[T 07:44:59 9080] Tracer actions:
[T 07:44:59 9080] pre_invocations(0)
[T 07:44:59 9080] post_invocations(0)
[T 07:44:59 9080] trace_languages(1): [java]
[T 07:44:59 9082] Lua: === Intercepted call to /usr/bin/tr ===
[T 07:44:59 9082] Executing the following tracer actions:
[T 07:44:59 9082] Tracer actions:
[T 07:44:59 9082] pre_invocations(0)
[T 07:44:59 9082] post_invocations(0)
[T 07:44:59 9082] trace_languages(1): [java]
[T 07:44:59 9081] Lua: === Intercepted call to /usr/bin/sed ===
[T 07:44:59 9081] Executing the following tracer actions:
[T 07:44:59 9081] Tracer actions:
[T 07:44:59 9081] pre_invocations(0)
[T 07:44:59 9081] post_invocations(0)
[T 07:44:59 9081] trace_languages(1): [java]
[T 07:44:59 9083] Initializing tracer.
[T 07:44:59 9083] Initializing tags.
[T 07:44:59 9083] ID set to 000000000000237B_0000000000000001 (parent 0000000000002378_0000000000000001)
[T 07:44:59 9083] ==== Candidate to intercept: echo (canonical: /usr/bin/echo) ====
[T 07:44:59 9083] Lua: === Intercepted call to /usr/bin/echo ===
[T 07:44:59 9083] Executing the following tracer actions:
[T 07:44:59 9083] Tracer actions:
[T 07:44:59 9083] pre_invocations(0)
[T 07:44:59 9083] post_invocations(0)
[T 07:44:59 9083] trace_languages(1): [java]
[T 07:44:59 9084] Initializing tracer.
[T 07:44:59 9084] Initializing tags.
[T 07:44:59 9084] ID set to 000000000000237C_0000000000000001 (parent 0000000000002378_0000000000000001)
[T 07:44:59 9084] ==== Candidate to intercept: echo (canonical: /usr/bin/echo) ====
[T 07:44:59 9084] Lua: === Intercepted call to /usr/bin/echo ===
[T 07:44:59 9084] Executing the following tracer actions:
[T 07:44:59 9084] Tracer actions:
[T 07:44:59 9084] pre_invocations(0)
[T 07:44:59 9084] post_invocations(0)
[T 07:44:59 9084] trace_languages(1): [java]
[T 07:44:59 9072] Initializing tracer.
[T 07:44:59 9072] Initializing tags.
[T 07:44:59 9072] ID set to 0000000000002370_0000000000000003 (parent 0000000000002370_0000000000000002)
[T 07:44:59 9072] ==== Candidate to intercept: /usr/lib/jvm/temurin-17-jdk-amd64/bin/java (canonical: /usr/lib/jvm/temurin-17-jdk-amd64/bin/java) ====
[T 07:44:59 9072] Lua: === Intercepted call to /usr/lib/jvm/temurin-17-jdk-amd64/bin/java ===
[T 07:44:59 9072] Executing the following tracer actions:
[T 07:44:59 9072] Tracer actions:
[T 07:44:59 9072] pre_invocations(0)
[T 07:44:59 9072] post_invocations(0)
[T 07:44:59 9072] trace_languages(1): [java]
[T 07:44:59 9072] Passing through -javaagent:/home/runner/work/Ansede/Ansede/codeql/java/tools/codeql-java-agent.jar=ignore-project,java,kotlin to underlying JVM.
[T 07:44:59 9072] Passing through -Xbootclasspath/a:/home/runner/work/Ansede/Ansede/codeql/java/tools/codeql-java-agent.jar to underlying JVM.
[T 07:44:59 9072] Intercepted JVM creation with extra hidden args: ['-javaagent:/home/runner/work/Ansede/Ansede/codeql/java/tools/codeql-java-agent.jar=ignore-project,java,kotlin' '-Xbootclasspath/a:/home/runner/work/Ansede/Ansede/codeql/java/tools/codeql-java-agent.jar' ] (result: 1, 0).
[T 07:45:00 9109] Initializing tracer.
[T 07:45:00 9109] Initializing tags.
[T 07:45:00 9109] ID set to 0000000000002395_0000000000000001 (parent 0000000000002370_0000000000000003)
[T 07:45:00 9109] ==== Candidate to intercept: /usr/lib/jvm/temurin-17-jdk-amd64/lib/jspawnhelper (canonical: /usr/lib/jvm/temurin-17-jdk-amd64/lib/jspawnhelper) ====
[T 07:45:00 9109] Lua: === Intercepted call to /usr/lib/jvm/temurin-17-jdk-amd64/lib/jspawnhelper ===
[T 07:45:00 9109] Executing the following tracer actions:
[T 07:45:00 9109] Tracer actions:
[T 07:45:00 9109] pre_invocations(0)
[T 07:45:00 9109] post_invocations(0)
[T 07:45:00 9109] trace_languages(1): [java]
[T 07:45:00 9109] Initializing tracer.
[T 07:45:00 9109] Initializing tags.
[T 07:45:00 9109] ID set to 0000000000002395_0000000000000002 (parent 0000000000002395_0000000000000001)
[T 07:45:00 9109] ==== Candidate to intercept: /usr/lib/jvm/temurin-17-jdk-amd64/bin/java (canonical: /usr/lib/jvm/temurin-17-jdk-amd64/bin/java) ====
[T 07:45:00 9109] Lua: === Intercepted call to /usr/lib/jvm/temurin-17-jdk-amd64/bin/java ===
[T 07:45:00 9109] Executing the following tracer actions:
[T 07:45:00 9109] Tracer actions:
[T 07:45:00 9109] pre_invocations(0)
[T 07:45:00 9109] post_invocations(0)
[T 07:45:00 9109] trace_languages(1): [java]
[T 07:45:00 9109] Passing through -javaagent:/home/runner/work/Ansede/Ansede/codeql/java/tools/codeql-java-agent.jar=ignore-project,java,kotlin to underlying JVM.
[T 07:45:00 9109] Passing through -Xbootclasspath/a:/home/runner/work/Ansede/Ansede/codeql/java/tools/codeql-java-agent.jar to underlying JVM.
[T 07:45:00 9109] Intercepted JVM creation with extra hidden args: ['-javaagent:/home/runner/work/Ansede/Ansede/codeql/java/tools/codeql-java-agent.jar=ignore-project,java,kotlin' '-Xbootclasspath/a:/home/runner/work/Ansede/Ansede/codeql/java/tools/codeql-java-agent.jar' ] (result: 1, 0).
[T 07:45:05 9177] Initializing tracer.
[T 07:45:05 9177] Initializing tags.
[T 07:45:05 9177] ID set to 00000000000023D9_0000000000000001 (parent 0000000000002395_0000000000000002)
[T 07:45:05 9177] ==== Candidate to intercept: /usr/lib/jvm/temurin-17-jdk-amd64/lib/jspawnhelper (canonical: /usr/lib/jvm/temurin-17-jdk-amd64/lib/jspawnhelper) ====
[T 07:45:05 9177] Lua: === Intercepted call to /usr/lib/jvm/temurin-17-jdk-amd64/lib/jspawnhelper ===
[T 07:45:05 9177] Executing the following tracer actions:
[T 07:45:05 9177] Tracer actions:
[T 07:45:05 9177] pre_invocations(0)
[T 07:45:05 9177] post_invocations(0)
[T 07:45:05 9177] trace_languages(1): [java]
[T 07:45:05 9177] Initializing tracer.
[T 07:45:05 9177] Initializing tags.
[T 07:45:05 9177] ID set to 00000000000023D9_0000000000000002 (parent 00000000000023D9_0000000000000001)
[T 07:45:05 9177] ==== Candidate to intercept: /usr/lib/jvm/temurin-8-jdk-amd64/bin/java (canonical: /usr/lib/jvm/temurin-8-jdk-amd64/bin/java) ====
[T 07:45:05 9177] Lua: === Intercepted call to /usr/lib/jvm/temurin-8-jdk-amd64/bin/java ===
[T 07:45:05 9177] Executing the following tracer actions:
[T 07:45:05 9177] Tracer actions:
[T 07:45:05 9177] pre_invocations(0)
[T 07:45:05 9177] post_invocations(0)
[T 07:45:05 9177] trace_languages(1): [java]
[T 07:45:05 9177] Passing through -javaagent:/home/runner/work/Ansede/Ansede/codeql/java/tools/codeql-java-agent.jar=ignore-project,java,kotlin to underlying JVM.
[T 07:45:05 9177] Passing through -Xbootclasspath/a:/home/runner/work/Ansede/Ansede/codeql/java/tools/codeql-java-agent.jar to underlying JVM.
[T 07:45:05 9177] Intercepted JVM creation with extra hidden args: ['-javaagent:/home/runner/work/Ansede/Ansede/codeql/java/tools/codeql-java-agent.jar=ignore-project,java,kotlin' '-Xbootclasspath/a:/home/runner/work/Ansede/Ansede/codeql/java/tools/codeql-java-agent.jar' ] (result: 1, 0).
[T 07:45:05 9195] Initializing tracer.
[T 07:45:05 9195] Initializing tags.
[T 07:45:05 9195] ID set to 00000000000023EB_0000000000000001 (parent 0000000000002395_0000000000000002)
[T 07:45:05 9195] ==== Candidate to intercept: /usr/lib/jvm/temurin-17-jdk-amd64/lib/jspawnhelper (canonical: /usr/lib/jvm/temurin-17-jdk-amd64/lib/jspawnhelper) ====
[T 07:45:05 9195] Lua: === Intercepted call to /usr/lib/jvm/temurin-17-jdk-amd64/lib/jspawnhelper ===
[T 07:45:05 9195] Executing the following tracer actions:
[T 07:45:05 9195] Tracer actions:
[T 07:45:05 9195] pre_invocations(0)
[T 07:45:05 9195] post_invocations(0)
[T 07:45:05 9195] trace_languages(1): [java]
[T 07:45:05 9195] Initializing tracer.
[T 07:45:05 9195] Initializing tags.
[T 07:45:05 9195] ID set to 00000000000023EB_0000000000000002 (parent 00000000000023EB_0000000000000001)
[T 07:45:05 9195] ==== Candidate to intercept: /usr/lib/jvm/temurin-25-jdk-amd64/bin/java (canonical: /usr/lib/jvm/temurin-25-jdk-amd64/bin/java) ====
[T 07:45:05 9195] Lua: === Intercepted call to /usr/lib/jvm/temurin-25-jdk-amd64/bin/java ===
[T 07:45:05 9195] Executing the following tracer actions:
[T 07:45:05 9195] Tracer actions:
[T 07:45:05 9195] pre_invocations(0)
[T 07:45:05 9195] post_invocations(0)
[T 07:45:05 9195] trace_languages(1): [java]
[T 07:45:05 9195] Passing through -javaagent:/home/runner/work/Ansede/Ansede/codeql/java/tools/codeql-java-agent.jar=ignore-project,java,kotlin to underlying JVM.
[T 07:45:05 9195] Passing through -Xbootclasspath/a:/home/runner/work/Ansede/Ansede/codeql/java/tools/codeql-java-agent.jar to underlying JVM.
[T 07:45:06 9195] Intercepted JVM creation with extra hidden args: ['-javaagent:/home/runner/work/Ansede/Ansede/codeql/java/tools/codeql-java-agent.jar=ignore-project,java,kotlin' '-Xbootclasspath/a:/home/runner/work/Ansede/Ansede/codeql/java/tools/codeql-java-agent.jar' ] (result: 1, 0).
[T 07:45:06 9216] Initializing tracer.
[T 07:45:06 9216] Initializing tags.
[T 07:45:06 9216] ID set to 0000000000002400_0000000000000001 (parent 0000000000002395_0000000000000002)
[T 07:45:06 9216] ==== Candidate to intercept: /usr/lib/jvm/temurin-17-jdk-amd64/lib/jspawnhelper (canonical: /usr/lib/jvm/temurin-17-jdk-amd64/lib/jspawnhelper) ====
[T 07:45:06 9216] Lua: === Intercepted call to /usr/lib/jvm/temurin-17-jdk-amd64/lib/jspawnhelper ===
[T 07:45:06 9216] Executing the following tracer actions:
[T 07:45:06 9216] Tracer actions:
[T 07:45:06 9216] pre_invocations(0)
[T 07:45:06 9216] post_invocations(0)
[T 07:45:06 9216] trace_languages(1): [java]
[T 07:45:06 9216] Initializing tracer.
[T 07:45:06 9216] Initializing tags.
[T 07:45:06 9216] ID set to 0000000000002400_0000000000000002 (parent 0000000000002400_0000000000000001)
[T 07:45:06 9216] ==== Candidate to intercept: /usr/lib/jvm/temurin-11-jdk-amd64/bin/java (canonical: /usr/lib/jvm/temurin-11-jdk-amd64/bin/java) ====
[T 07:45:06 9216] Lua: === Intercepted call to /usr/lib/jvm/temurin-11-jdk-amd64/bin/java ===
[T 07:45:06 9216] Executing the following tracer actions:
[T 07:45:06 9216] Tracer actions:
[T 07:45:06 9216] pre_invocations(0)
[T 07:45:06 9216] post_invocations(0)
[T 07:45:06 9216] trace_languages(1): [java]
[T 07:45:06 9216] Passing through -javaagent:/home/runner/work/Ansede/Ansede/codeql/java/tools/codeql-java-agent.jar=ignore-project,java,kotlin to underlying JVM.
[T 07:45:06 9216] Passing through -Xbootclasspath/a:/home/runner/work/Ansede/Ansede/codeql/java/tools/codeql-java-agent.jar to underlying JVM.
[T 07:45:06 9216] Intercepted JVM creation with extra hidden args: ['-javaagent:/home/runner/work/Ansede/Ansede/codeql/java/tools/codeql-java-agent.jar=ignore-project,java,kotlin' '-Xbootclasspath/a:/home/runner/work/Ansede/Ansede/codeql/java/tools/codeql-java-agent.jar' ] (result: 1, 0).
[T 07:45:06 9233] Initializing tracer.
[T 07:45:06 9233] Initializing tags.
[T 07:45:06 9233] ID set to 0000000000002411_0000000000000001 (parent 0000000000002395_0000000000000002)
[T 07:45:06 9233] ==== Candidate to intercept: /usr/lib/jvm/temurin-17-jdk-amd64/lib/jspawnhelper (canonical: /usr/lib/jvm/temurin-17-jdk-amd64/lib/jspawnhelper) ====
[T 07:45:06 9233] Lua: === Intercepted call to /usr/lib/jvm/temurin-17-jdk-amd64/lib/jspawnhelper ===
[T 07:45:06 9233] Executing the following tracer actions:
[T 07:45:06 9233] Tracer actions:
[T 07:45:06 9233] pre_invocations(0)
[T 07:45:06 9233] post_invocations(0)
[T 07:45:06 9233] trace_languages(1): [java]
[T 07:45:06 9233] Initializing tracer.
[T 07:45:06 9233] Initializing tags.
[T 07:45:06 9233] ID set to 0000000000002411_0000000000000002 (parent 0000000000002411_0000000000000001)
[T 07:45:06 9233] ==== Candidate to intercept: /usr/lib/jvm/temurin-21-jdk-amd64/bin/java (canonical: /usr/lib/jvm/temurin-21-jdk-amd64/bin/java) ====
[T 07:45:06 9233] Lua: === Intercepted call to /usr/lib/jvm/temurin-21-jdk-amd64/bin/java ===
[T 07:45:06 9233] Executing the following tracer actions:
[T 07:45:06 9233] Tracer actions:
[T 07:45:06 9233] pre_invocations(0)
[T 07:45:06 9233] post_invocations(0)
[T 07:45:06 9233] trace_languages(1): [java]
[T 07:45:06 9233] Passing through -javaagent:/home/runner/work/Ansede/Ansede/codeql/java/tools/codeql-java-agent.jar=ignore-project,java,kotlin to underlying JVM.
[T 07:45:06 9233] Passing through -Xbootclasspath/a:/home/runner/work/Ansede/Ansede/codeql/java/tools/codeql-java-agent.jar to underlying JVM.
[T 07:45:06 9233] Intercepted JVM creation with extra hidden args: ['-javaagent:/home/runner/work/Ansede/Ansede/codeql/java/tools/codeql-java-agent.jar=ignore-project,java,kotlin' '-Xbootclasspath/a:/home/runner/work/Ansede/Ansede/codeql/java/tools/codeql-java-agent.jar' ] (result: 1, 0).
[T 07:45:23 9327] Initializing tracer.
[T 07:45:23 9327] Initializing tags.
[T 07:45:23 9327] ID set to 000000000000246F_0000000000000001 (parent 0000000000002395_0000000000000002)
[T 07:45:23 9327] ==== Candidate to intercept: /usr/lib/jvm/temurin-17-jdk-amd64/lib/jspawnhelper (canonical: /usr/lib/jvm/temurin-17-jdk-amd64/lib/jspawnhelper) ====
[T 07:45:23 9327] Lua: === Intercepted call to /usr/lib/jvm/temurin-17-jdk-amd64/lib/jspawnhelper ===
[T 07:45:23 9327] Executing the following tracer actions:
[T 07:45:23 9327] Tracer actions:
[T 07:45:23 9327] pre_invocations(0)
[T 07:45:23 9327] post_invocations(0)
[T 07:45:23 9327] trace_languages(1): [java]
[T 07:45:23 9327] Initializing tracer.
[T 07:45:23 9327] Initializing tags.
[T 07:45:23 9327] ID set to 000000000000246F_0000000000000002 (parent 000000000000246F_0000000000000001)
[T 07:45:23 9327] ==== Candidate to intercept: /usr/lib/jvm/temurin-17-jdk-amd64/bin/java (canonical: /usr/lib/jvm/temurin-17-jdk-amd64/bin/java) ====
[T 07:45:23 9327] Lua: === Intercepted call to /usr/lib/jvm/temurin-17-jdk-amd64/bin/java ===
[T 07:45:23 9327] Executing the following tracer actions:
[T 07:45:23 9327] Tracer actions:
[T 07:45:23 9327] pre_invocations(0)
[T 07:45:23 9327] post_invocations(0)
[T 07:45:23 9327] trace_languages(1): [java]
[T 07:45:23 9327] Passing through -javaagent:/home/runner/work/Ansede/Ansede/codeql/java/tools/codeql-java-agent.jar=ignore-project,java,kotlin to underlying JVM.
[T 07:45:23 9327] Passing through -Xbootclasspath/a:/home/runner/work/Ansede/Ansede/codeql/java/tools/codeql-java-agent.jar to underlying JVM.
[T 07:45:23 9327] Intercepted JVM creation with extra hidden args: ['-javaagent:/home/runner/work/Ansede/Ansede/codeql/java/tools/codeql-java-agent.jar=ignore-project,java,kotlin' '-Xbootclasspath/a:/home/runner/work/Ansede/Ansede/codeql/java/tools/codeql-java-agent.jar' ] (result: 1, 0).
[T 07:45:38 9358] Initializing tracer.
[T 07:45:38 9358] Initializing tags.
[T 07:45:38 9358] ID set to 000000000000248E_0000000000000001 (parent 0000000000002395_0000000000000002)
[T 07:45:38 9358] ==== Candidate to intercept: /usr/lib/jvm/temurin-17-jdk-amd64/lib/jspawnhelper (canonical: /usr/lib/jvm/temurin-17-jdk-amd64/lib/jspawnhelper) ====
[T 07:45:38 9358] Lua: === Intercepted call to /usr/lib/jvm/temurin-17-jdk-amd64/lib/jspawnhelper ===
[T 07:45:38 9358] Executing the following tracer actions:
[T 07:45:38 9358] Tracer actions:
[T 07:45:38 9358] pre_invocations(0)
[T 07:45:38 9358] post_invocations(0)
[T 07:45:38 9358] trace_languages(1): [java]
[T 07:45:38 9358] Initializing tracer.
[T 07:45:38 9358] Initializing tags.
[T 07:45:38 9358] ID set to 000000000000248E_0000000000000002 (parent 000000000000248E_0000000000000001)
[T 07:45:38 9358] ==== Candidate to intercept: git (canonical: /usr/bin/git) ====
[T 07:45:38 9358] Lua: === Intercepted call to /usr/bin/git ===
[T 07:45:38 9358] Executing the following tracer actions:
[T 07:45:38 9358] Tracer actions:
[T 07:45:38 9358] pre_invocations(0)
[T 07:45:38 9358] post_invocations(0)
[T 07:45:38 9358] trace_languages(1): [java]
[T 07:45:39 9360] Initializing tracer.
[T 07:45:39 9360] Initializing tags.
[T 07:45:39 9360] ID set to 0000000000002490_0000000000000001 (parent 0000000000002395_0000000000000002)
[T 07:45:39 9360] ==== Candidate to intercept: /usr/lib/jvm/temurin-17-jdk-amd64/lib/jspawnhelper (canonical: /usr/lib/jvm/temurin-17-jdk-amd64/lib/jspawnhelper) ====
[T 07:45:39 9360] Lua: === Intercepted call to /usr/lib/jvm/temurin-17-jdk-amd64/lib/jspawnhelper ===
[T 07:45:39 9360] Executing the following tracer actions:
[T 07:45:39 9360] Tracer actions:
[T 07:45:39 9360] pre_invocations(0)
[T 07:45:39 9360] post_invocations(0)
[T 07:45:39 9360] trace_languages(1): [java]
[T 07:45:39 9360] Initializing tracer.
[T 07:45:39 9360] Initializing tags.
[T 07:45:39 9360] ID set to 0000000000002490_0000000000000002 (parent 0000000000002490_0000000000000001)
[T 07:45:39 9360] ==== Candidate to intercept: git (canonical: /usr/bin/git) ====
[T 07:45:39 9360] Lua: === Intercepted call to /usr/bin/git ===
[T 07:45:39 9360] Executing the following tracer actions:
[T 07:45:39 9360] Tracer actions:
[T 07:45:39 9360] pre_invocations(0)
[T 07:45:39 9360] post_invocations(0)
[T 07:45:39 9360] trace_languages(1): [java]
[T 07:45:43 9361] Initializing tracer.
[T 07:45:43 9361] Initializing tags.
[T 07:45:43 9361] ID set to 0000000000002491_0000000000000001 (parent 0000000000002395_0000000000000002)
[T 07:45:43 9361] ==== Candidate to intercept: /usr/lib/jvm/temurin-17-jdk-amd64/lib/jspawnhelper (canonical: /usr/lib/jvm/temurin-17-jdk-amd64/lib/jspawnhelper) ====
[T 07:45:43 9361] Lua: === Intercepted call to /usr/lib/jvm/temurin-17-jdk-amd64/lib/jspawnhelper ===
[T 07:45:43 9361] Executing the following tracer actions:
[T 07:45:43 9361] Tracer actions:
[T 07:45:43 9361] pre_invocations(0)
[T 07:45:43 9361] post_invocations(0)
[T 07:45:43 9361] trace_languages(1): [java]
[T 07:45:43 9361] Initializing tracer.
[T 07:45:43 9361] Initializing tags.
[T 07:45:43 9361] ID set to 0000000000002491_0000000000000002 (parent 0000000000002491_0000000000000001)
[T 07:45:43 9361] ==== Candidate to intercept: /usr/lib/jvm/temurin-17-jdk-amd64/bin/java (canonical: /usr/lib/jvm/temurin-17-jdk-amd64/bin/java) ====
[T 07:45:43 9361] Lua: === Intercepted call to /usr/lib/jvm/temurin-17-jdk-amd64/bin/java ===
[T 07:45:43 9361] Executing the following tracer actions:
[T 07:45:43 9361] Tracer actions:
[T 07:45:43 9361] pre_invocations(0)
[T 07:45:43 9361] post_invocations(0)
[T 07:45:43 9361] trace_languages(1): [java]
[T 07:45:43 9361] Passing through -javaagent:/home/runner/work/Ansede/Ansede/codeql/java/tools/codeql-java-agent.jar=ignore-project,java,kotlin to underlying JVM.
[T 07:45:43 9361] Passing through -Xbootclasspath/a:/home/runner/work/Ansede/Ansede/codeql/java/tools/codeql-java-agent.jar to underlying JVM.
[T 07:45:44 9361] Intercepted JVM creation with extra hidden args: ['-javaagent:/home/runner/work/Ansede/Ansede/codeql/java/tools/codeql-java-agent.jar=ignore-project,java,kotlin' '-Xbootclasspath/a:/home/runner/work/Ansede/Ansede/codeql/java/tools/codeql-java-agent.jar' ] (result: 1, 0).
