[2026-07-12 07:45:24] [javac-extractor-9327] Starting extraction for:
                                             sun.java.command=com.semmle.extractor.java.JavaExtractor --jdk-version 17 --javac-args @@@/home/runner/work/Ansede/Ansede/benchmarks/report/.codeql_dbs/spring-petclinic/log/ext/javac.args
                                             user.dir=/home/runner/work/Ansede/Ansede/benchmarks/report/.repo_cache/spring-petclinic
[2026-07-12 07:45:24] [javac-extractor-9327] Compilation name /home/runner/work/Ansede/Ansede/benchmarks/report/.codeql_dbs/spring-petclinic/trap/java/diagnostics/diagnostic.trap.gz
[2026-07-12 07:45:24] [javac-extractor-9327] [WARN] Appending source destination directory /home/runner/work/Ansede/Ansede/benchmarks/report/.repo_cache/spring-petclinic/build/generated/sources/annotationProcessor/java/main to sourcepath
[2026-07-12 07:45:25] [javac-extractor-9327] 25 files will be passed to the attrib/flow phase
[2026-07-12 07:45:25] [javac-extractor-9327] Processing file /home/runner/work/Ansede/Ansede/benchmarks/report/.repo_cache/spring-petclinic/src/main/java/org/springframework/samples/petclinic/PetClinicApplication.java
[2026-07-12 07:45:28] [javac-extractor-9327] Processing module java.base
[2026-07-12 07:45:28] [javac-extractor-9327] Processing module java.desktop
[2026-07-12 07:45:28] [javac-extractor-9327] Processing module java.datatransfer
[2026-07-12 07:45:28] [javac-extractor-9327] Processing JAR file: /home/runner/.gradle/caches/modules-2/files-2.1/org.springframework.boot/spring-boot/4.1.0/bcf26d4c27ab080ef60c13220e96a37d687f9e26/spring-boot-4.1.0.jar
[2026-07-12 07:45:28] [javac-extractor-9327] Processing JAR file: /home/runner/.gradle/caches/modules-2/files-2.1/org.springframework/spring-core/7.0.8/25f5ebd179f92d7d12779e3761c96da4b0109ad/spring-core-7.0.8.jar
[2026-07-12 07:45:28] [javac-extractor-9327] Processing JAR file: /home/runner/.gradle/caches/modules-2/files-2.1/org.springframework/spring-context/7.0.8/6c58b590fd8d71afc36797cf6555e82500f1eb64/spring-context-7.0.8.jar
[2026-07-12 07:45:28] [javac-extractor-9327] Processing JAR file: /home/runner/.gradle/caches/modules-2/files-2.1/org.springframework.boot/spring-boot-autoconfigure/4.1.0/a921df4e39389e43dacac5615a1185708ee8a960/spring-boot-autoconfigure-4.1.0.jar
[2026-07-12 07:45:28] [javac-extractor-9327] Processing JAR file: /home/runner/.gradle/caches/modules-2/files-2.1/org.springframework/spring-beans/7.0.8/829cdf4c82a9409e0e10922b9e57e2ef12d5f04d/spring-beans-7.0.8.jar
[2026-07-12 07:45:28] [javac-extractor-9327] Processing JAR file: /home/runner/.gradle/caches/modules-2/files-2.1/commons-logging/commons-logging/1.3.6/63e78ca6cd446c0ad166d14f03ed99e7efb3896d/commons-logging-1.3.6.jar
[2026-07-12 07:45:28] [javac-extractor-9327] Processing file /home/runner/work/Ansede/Ansede/benchmarks/report/.repo_cache/spring-petclinic/src/main/java/org/springframework/samples/petclinic/PetClinicRuntimeHints.java
[2026-07-12 07:45:28] [javac-extractor-9327] Processing JAR file: /home/runner/.gradle/caches/modules-2/files-2.1/jakarta.persistence/jakarta.persistence-api/3.2.0/bb75a113f3fa191c2c7ee7b206d8e674251b3129/jakarta.persistence-api-3.2.0.jar
[2026-07-12 07:45:28] [javac-extractor-9327] Processing JAR file: /home/runner/.gradle/caches/modules-2/files-2.1/jakarta.xml.bind/jakarta.xml.bind-api/4.0.5/161811f36cad3c65991502e80317f2f6703361df/jakarta.xml.bind-api-4.0.5.jar
[2026-07-12 07:45:28] [javac-extractor-9327] Processing file /home/runner/work/Ansede/Ansede/benchmarks/report/.repo_cache/spring-petclinic/src/main/java/org/springframework/samples/petclinic/system/WebConfiguration.java
[2026-07-12 07:45:29] [javac-extractor-9327] Processing JAR file: /home/runner/.gradle/caches/modules-2/files-2.1/org.springframework/spring-webmvc/7.0.8/d08172cf66f9625a42935d596ca4c83d21265996/spring-webmvc-7.0.8.jar
[2026-07-12 07:45:29] [javac-extractor-9327] Processing JAR file: /home/runner/.gradle/caches/modules-2/files-2.1/org.springframework/spring-web/7.0.8/d7cddac31ee023d25d37f48e2ff0e168cf635c14/spring-web-7.0.8.jar
[2026-07-12 07:45:29] [javac-extractor-9327] Processing JAR file: /home/runner/.gradle/caches/modules-2/files-2.1/org.apache.tomcat.embed/tomcat-embed-core/11.0.22/cc7307efaa60c0d31784bf053ec4aa48a404f44b/tomcat-embed-core-11.0.22.jar
[2026-07-12 07:45:29] [javac-extractor-9327] Processing file /home/runner/work/Ansede/Ansede/benchmarks/report/.repo_cache/spring-petclinic/src/main/java/org/springframework/samples/petclinic/system/WelcomeController.java
[2026-07-12 07:45:29] [javac-extractor-9327] Processing file /home/runner/work/Ansede/Ansede/benchmarks/report/.repo_cache/spring-petclinic/src/main/java/org/springframework/samples/petclinic/system/CrashController.java
[2026-07-12 07:45:29] [javac-extractor-9327] Processing file /home/runner/work/Ansede/Ansede/benchmarks/report/.repo_cache/spring-petclinic/src/main/java/org/springframework/samples/petclinic/system/CacheConfiguration.java
[2026-07-12 07:45:29] [javac-extractor-9327] Processing JAR file: /home/runner/.gradle/caches/modules-2/files-2.1/javax.cache/cache-api/1.1.1/c56fb980eb5208bfee29a9a5b9d951aba076bd91/cache-api-1.1.1.jar
[2026-07-12 07:45:29] [javac-extractor-9327] Processing JAR file: /home/runner/.gradle/caches/modules-2/files-2.1/org.springframework.boot/spring-boot-cache/4.1.0/ed94c2d47058204b56f7ba43aed55331fb898bba/spring-boot-cache-4.1.0.jar
[2026-07-12 07:45:29] [javac-extractor-9327] Processing file /home/runner/work/Ansede/Ansede/benchmarks/report/.repo_cache/spring-petclinic/src/main/java/org/springframework/samples/petclinic/vet/Specialty.java
[2026-07-12 07:45:29] [javac-extractor-9327] Processing file /home/runner/work/Ansede/Ansede/benchmarks/report/.repo_cache/spring-petclinic/src/main/java/org/springframework/samples/petclinic/model/NamedEntity.java
[2026-07-12 07:45:29] [javac-extractor-9327] Processing JAR file: /home/runner/.gradle/caches/modules-2/files-2.1/jakarta.validation/jakarta.validation-api/3.1.1/ec8622148afc5564235d17af80ea80288d0e7f92/jakarta.validation-api-3.1.1.jar
[2026-07-12 07:45:29] [javac-extractor-9327] Processing file /home/runner/work/Ansede/Ansede/benchmarks/report/.repo_cache/spring-petclinic/src/main/java/org/springframework/samples/petclinic/model/BaseEntity.java
[2026-07-12 07:45:29] [javac-extractor-9327] Processing file /home/runner/work/Ansede/Ansede/benchmarks/report/.repo_cache/spring-petclinic/src/main/java/org/springframework/samples/petclinic/vet/Vet.java
[2026-07-12 07:45:29] [javac-extractor-9327] Processing file /home/runner/work/Ansede/Ansede/benchmarks/report/.repo_cache/spring-petclinic/src/main/java/org/springframework/samples/petclinic/model/Person.java
[2026-07-12 07:45:29] [javac-extractor-9327] Processing file /home/runner/work/Ansede/Ansede/benchmarks/report/.repo_cache/spring-petclinic/src/main/java/org/springframework/samples/petclinic/vet/Vets.java
[2026-07-12 07:45:29] [javac-extractor-9327] Processing file /home/runner/work/Ansede/Ansede/benchmarks/report/.repo_cache/spring-petclinic/src/main/java/org/springframework/samples/petclinic/vet/VetController.java
[2026-07-12 07:45:29] [javac-extractor-9327] Processing JAR file: /home/runner/.gradle/caches/modules-2/files-2.1/org.springframework.data/spring-data-commons/4.1.0/e8d1077d09c20e9ecf3574a72ce5cc90a29b902a/spring-data-commons-4.1.0.jar
[2026-07-12 07:45:29] [javac-extractor-9327] Processing JAR file: /home/runner/.gradle/caches/modules-2/files-2.1/org.springframework/spring-tx/7.0.8/96c66acfb3920457421a9cb3648a32e62f42f815/spring-tx-7.0.8.jar
[2026-07-12 07:45:29] [javac-extractor-9327] Processing file /home/runner/work/Ansede/Ansede/benchmarks/report/.repo_cache/spring-petclinic/src/main/java/org/springframework/samples/petclinic/vet/VetRepository.java
[2026-07-12 07:45:29] [javac-extractor-9327] Processing file /home/runner/work/Ansede/Ansede/benchmarks/report/.repo_cache/spring-petclinic/src/main/java/org/springframework/samples/petclinic/owner/OwnerController.java
[2026-07-12 07:45:29] [javac-extractor-9327] Processing JAR file: /home/runner/.gradle/caches/modules-2/files-2.1/org.springframework.data/spring-data-jpa/4.1.0/6387c88a4a9637f129e0ebcad50ada478ad01c3f/spring-data-jpa-4.1.0.jar
[2026-07-12 07:45:29] [javac-extractor-9327] Processing file /home/runner/work/Ansede/Ansede/benchmarks/report/.repo_cache/spring-petclinic/src/main/java/org/springframework/samples/petclinic/owner/OwnerRepository.java
[2026-07-12 07:45:29] [javac-extractor-9327] Processing file /home/runner/work/Ansede/Ansede/benchmarks/report/.repo_cache/spring-petclinic/src/main/java/org/springframework/samples/petclinic/owner/Owner.java
[2026-07-12 07:45:29] [javac-extractor-9327] Processing file /home/runner/work/Ansede/Ansede/benchmarks/report/.repo_cache/spring-petclinic/src/main/java/org/springframework/samples/petclinic/owner/Pet.java
[2026-07-12 07:45:29] [javac-extractor-9327] Processing file /home/runner/work/Ansede/Ansede/benchmarks/report/.repo_cache/spring-petclinic/src/main/java/org/springframework/samples/petclinic/owner/Visit.java
[2026-07-12 07:45:29] [javac-extractor-9327] Processing file /home/runner/work/Ansede/Ansede/benchmarks/report/.repo_cache/spring-petclinic/src/main/java/org/springframework/samples/petclinic/owner/PetType.java
[2026-07-12 07:45:29] [javac-extractor-9327] Processing file /home/runner/work/Ansede/Ansede/benchmarks/report/.repo_cache/spring-petclinic/src/main/java/org/springframework/samples/petclinic/owner/PetController.java
[2026-07-12 07:45:30] [javac-extractor-9327] Processing file /home/runner/work/Ansede/Ansede/benchmarks/report/.repo_cache/spring-petclinic/src/main/java/org/springframework/samples/petclinic/owner/PetTypeRepository.java
[2026-07-12 07:45:30] [javac-extractor-9327] Processing file /home/runner/work/Ansede/Ansede/benchmarks/report/.repo_cache/spring-petclinic/src/main/java/org/springframework/samples/petclinic/owner/PetTypeFormatter.java
[2026-07-12 07:45:30] [javac-extractor-9327] Processing file /home/runner/work/Ansede/Ansede/benchmarks/report/.repo_cache/spring-petclinic/src/main/java/org/springframework/samples/petclinic/owner/VisitController.java
[2026-07-12 07:45:30] [javac-extractor-9327] Processing file /home/runner/work/Ansede/Ansede/benchmarks/report/.repo_cache/spring-petclinic/src/main/java/org/springframework/samples/petclinic/owner/PetValidator.java
[2026-07-12 07:45:30] [javac-extractor-9327] Javac init time: 1.2s
[2026-07-12 07:45:30] [javac-extractor-9327] Javac attr time: 0.2s
[2026-07-12 07:45:30] [javac-extractor-9327] Extractor time: 4.3s
[2026-07-12 07:45:30] [javac-extractor-9327] Other time: 0.2s
[2026-07-12 07:45:30] [javac-extractor-9327] Total time: 5.9s
